#
# A fatal error has been detected by the Java Runtime Environment:
#
#  SIGSEGV (0xb) at pc=0x00007fc28ba0e817, pid=19146, tid=0x00007fc26b7fe700
#
# JRE version: Java(TM) SE Runtime Environment (8.0_221-b11) (build 1.8.0_221-b11)
# Java VM: Java HotSpot(TM) 64-Bit Server VM (25.221-b11 interpreted mode linux-amd64 compressed oops)
# Problematic frame:
# V  [libjvm.so+0x6d9817]  JNI_ArgumentPusherVaArg::JNI_ArgumentPusherVaArg(_jmethodID*, __va_list_tag*)+0x7
#
# Failed to write core dump. Core dumps have been disabled. To enable core dumping, try "ulimit -c unlimited" before starting Java again
#
# If you would like to submit a bug report, please visit:
#   http://bugreport.java.com/bugreport/crash.jsp
#

---------------  T H R E A D  ---------------

Current thread (0x00007fc23c001000):  JavaThread "Thread-1" [_thread_in_vm, id=19160, stack(0x00007fc26afff000,0x00007fc26b7ff000)]

siginfo: si_signo: 11 (SIGSEGV), si_code: 1 (SEGV_MAPERR), si_addr: 0x0000000000000000

Registers:
RAX=0x00007fc23c002998, RBX=0x00007fc23c001000, RCX=0x0000000000000003, RDX=0x00007fc26b7fddd0
RSP=0x00007fc26b7fdcf0, RBP=0x00007fc26b7fdd00, RSI=0x0000000000000000, RDI=0x00007fc26b7fdd50
R8 =0x00007fc26b7fdd50, R9 =0x0000000000000000, R10=0x0000000000000000, R11=0x00007fc28be6a89c
R12=0x00007fc23c0011f8, R13=0x00007fc23c002998, R14=0x0000000000000000, R15=0x00007fc26b7fddd0
RIP=0x00007fc28ba0e817, EFLAGS=0x0000000000010202, CSGSFS=0x002b000000000033, ERR=0x0000000000000004
  TRAPNO=0x000000000000000e

Top of Stack: (sp=0x00007fc26b7fdcf0)
0x00007fc26b7fdcf0:   00007fc23c001000 00007fc23c0011f8
0x00007fc26b7fdd00:   00007fc26b7fddc0 00007fc28ba0be99
0x00007fc26b7fdd10:   00007fc23c001b18 00007fc26b7fdd50
0x00007fc26b7fdd20:   000055730000000e 0000064e6b7fdd50
0x00007fc26b7fdd30:   00007fc23c001000 00007fc23c001b70
0x00007fc26b7fdd40:   000000000000064e 00007fc28be82220
0x00007fc26b7fdd50:   00007fc28c34f5c0 000055730b6bb800
0x00007fc26b7fdd60:   00007fc26b7fdde0 00007fc28b8a4df3
0x00007fc26b7fdd70:   0000000000000000 00007fc28b8a4dbf
0x00007fc26b7fdd80:   0000000000000000 0000000000000000
0x00007fc26b7fdd90:   00007fc28c352730 00007fc23c0011f8
0x00007fc26b7fdda0:   00007fc23c002990 00007fc2480307a0
0x00007fc26b7fddb0:   0000000000000000 00007fff897cf6d0
0x00007fc26b7fddc0:   00007fc28c2c23e0 000055730b6bb583
0x00007fc26b7fddd0:   0000003000000018 00007fc26b7fdeb0
0x00007fc26b7fdde0:   00007fc26b7fddf0 430c5295aa9e2c00
0x00007fc26b7fddf0:   000000003c001000 0000000100060028
0x00007fc26b7fde00:   00007fc279744560 0000000000000000
0x00007fc26b7fde10:   0000000000000000 0000000000000000
0x00007fc26b7fde20:   00007fc2480027f0 00007fc23c001000
0x00007fc26b7fde30:   00007fc23c002990 000055730b6bb800
0x00007fc26b7fde40:   000055730b6bb7e4 00007fc23c001000
0x00007fc26b7fde50:   00007fc26b7fdea0 00007fc28b9fc8e5
0x00007fc26b7fde60:   00007fc23c001000 0000000000000000
0x00007fc26b7fde70:   0000000000000000 00007fc23c0011f8
0x00007fc26b7fde80:   00007fc23c0011f8 00007fc23c002990
0x00007fc26b7fde90:   00007fc2480307a0 0000000000000000
0x00007fc26b7fdea0:   00007fc28c2c23e0 000055730b6bb34d
0x00007fc26b7fdeb0:   00007fc23c0011f8 430c5295aa9e2c00
0x00007fc26b7fdec0:   0000000000000000 000055730d57abc0
0x00007fc26b7fded0:   0000000000000000 00007fc26b7fdfc0
0x00007fc26b7fdee0:   0000000000000000 000055730b6baf55 

Instructions: (pc=0x00007fc28ba0e817)
0x00007fc28ba0e7f7:   66 0f 1f 84 00 00 00 00 00 31 c0 c3 66 2e 0f 1f
0x00007fc28ba0e807:   84 00 00 00 00 00 0f 1f 00 55 48 89 e5 41 54 53
0x00007fc28ba0e817:   48 8b 06 49 89 d4 48 89 fb 48 8b 40 08 0f b7 50
0x00007fc28ba0e827:   24 48 8b 40 08 48 8b 74 d0 50 e8 9a 97 30 00 48 

Register to memory mapping:

RAX=0x00007fc23c002998 is an unknown value
RBX=0x00007fc23c001000 is a thread
RCX=0x0000000000000003 is an unknown value
RDX=0x00007fc26b7fddd0 is pointing into the stack for thread: 0x00007fc23c001000
RSP=0x00007fc26b7fdcf0 is pointing into the stack for thread: 0x00007fc23c001000
RBP=0x00007fc26b7fdd00 is pointing into the stack for thread: 0x00007fc23c001000
RSI=0x0000000000000000 is an unknown value
RDI=0x00007fc26b7fdd50 is pointing into the stack for thread: 0x00007fc23c001000
R8 =0x00007fc26b7fdd50 is pointing into the stack for thread: 0x00007fc23c001000
R9 =0x0000000000000000 is an unknown value
R10=0x0000000000000000 is an unknown value
R11=0x00007fc28be6a89c: <offset 0xb3589c> in /usr/local/java/jre/lib/amd64/server/libjvm.so at 0x00007fc28b335000
R12=0x00007fc23c0011f8 is an unknown value
R13=0x00007fc23c002998 is an unknown value
R14=0x0000000000000000 is an unknown value
R15=0x00007fc26b7fddd0 is pointing into the stack for thread: 0x00007fc23c001000


Stack: [0x00007fc26afff000,0x00007fc26b7ff000],  sp=0x00007fc26b7fdcf0,  free space=8187k
Native frames: (J=compiled Java code, j=interpreted, Vv=VM code, C=native code)
V  [libjvm.so+0x6d9817]  JNI_ArgumentPusherVaArg::JNI_ArgumentPusherVaArg(_jmethodID*, __va_list_tag*)+0x7
V  [libjvm.so+0x6d6e99]  jni_NewObjectV+0xb9
C  [main+0x1583]  JNIEnv_::NewObject(_jclass*, _jmethodID*, ...)+0x93


---------------  P R O C E S S  ---------------

Java Threads: ( => current thread )
  0x00007fc230001000 JavaThread "Thread-3" [_thread_in_vm, id=19161, stack(0x00007fc26a7fe000,0x00007fc26affe000)]
  0x00007fc228001000 JavaThread "Thread-4" [_thread_in_vm, id=19157, stack(0x00007fc27097b000,0x00007fc27117b000)]
  0x00007fc234001000 JavaThread "Thread-5" [_thread_in_vm, id=19162, stack(0x00007fc269ffd000,0x00007fc26a7fd000)]
  0x00007fc240001000 JavaThread "Thread-2" [_thread_in_vm, id=19158, stack(0x00007fc27017a000,0x00007fc27097a000)]
=>0x00007fc23c001000 JavaThread "Thread-1" [_thread_in_vm, id=19160, stack(0x00007fc26afff000,0x00007fc26b7ff000)]
  0x00007fc248001000 JavaThread "Thread-0" [_thread_in_vm, id=19159, stack(0x00007fc26b800000,0x00007fc26c000000)]
  0x000055730d578000 JavaThread "Service Thread" daemon [_thread_blocked, id=19155, stack(0x00007fc27127c000,0x00007fc27137d000)]
  0x000055730d576000 JavaThread "Signal Dispatcher" daemon [_thread_blocked, id=19154, stack(0x00007fc27137d000,0x00007fc27147e000)]
  0x000055730d545800 JavaThread "Finalizer" daemon [_thread_blocked, id=19153, stack(0x00007fc271e4d000,0x00007fc271f4e000)]
  0x000055730d541000 JavaThread "Reference Handler" daemon [_thread_blocked, id=19152, stack(0x00007fc271f4e000,0x00007fc27204f000)]
  0x000055730d4c9000 JavaThread "main" [_thread_in_native, id=19146, stack(0x00007fff896d1000,0x00007fff897d1000)]

Other Threads:
  0x000055730d537000 VMThread [stack: 0x00007fc272050000,0x00007fc272150000] [id=19151]
  0x000055730d57b000 WatcherThread [stack: 0x00007fc27117c000,0x00007fc27127c000] [id=19156]

VM state:not at safepoint (normal execution)

VM Mutex/Monitor currently owned by a thread: None

heap address: 0x00000000c2a00000, size: 982 MB, Compressed Oops mode: 32-bit
Narrow klass base: 0x0000000000000000, Narrow klass shift: 3
Compressed class space size: 1073741824 Address: 0x0000000100000000

Heap:
 PSYoungGen      total 18432K, used 2541K [0x00000000eb900000, 0x00000000ecd80000, 0x0000000100000000)
  eden space 15872K, 16% used [0x00000000eb900000,0x00000000ebb7b718,0x00000000ec880000)
  from space 2560K, 0% used [0x00000000ecb00000,0x00000000ecb00000,0x00000000ecd80000)
  to   space 2560K, 0% used [0x00000000ec880000,0x00000000ec880000,0x00000000ecb00000)
 ParOldGen       total 42496K, used 0K [0x00000000c2a00000, 0x00000000c5380000, 0x00000000eb900000)
  object space 42496K, 0% used [0x00000000c2a00000,0x00000000c2a00000,0x00000000c5380000)
 Metaspace       used 2564K, capacity 4486K, committed 4864K, reserved 1056768K
  class space    used 281K, capacity 386K, committed 512K, reserved 1048576K

Card table byte_map: [0x00007fc27a133000,0x00007fc27a31f000] byte_map_base: 0x00007fc279b1e000

Marking Bits: (ParMarkBitMap*) 0x00007fc28c300d80
 Begin Bits: [0x00007fc272150000, 0x00007fc2730a8000)
 End Bits:   [0x00007fc2730a8000, 0x00007fc274000000)

Polling page: 0x00007fc28c542000

CodeCache: size=245760Kb used=473Kb max_used=473Kb free=245286Kb
 bounds [0x00007fc27a6df000, 0x00007fc27a94f000, 0x00007fc2896df000]
 total_blobs=179 nmethods=0 adapters=145
 compilation: disabled (interpreter mode)

Compilation events (0 events):
No events

GC Heap History (0 events):
No events

Deoptimization events (0 events):
No events

Classes redefined (0 events):
No events

Internal exceptions (4 events):
Event: 0.049 Thread 0x000055730d4c9000 Exception <a 'java/lang/NoSuchMethodError': Method sun.misc.Unsafe.defineClass(Ljava/lang/String;[BII)Ljava/lang/Class; name or signature does not match> (0x00000000eb907cb8) thrown at [/HUDSON/workspace/8-2-build-linux-amd64/jdk8u221/13320/hotspot/src/sh
Event: 0.050 Thread 0x000055730d4c9000 Exception <a 'java/lang/NoSuchMethodError': Method sun.misc.Unsafe.prefetchRead(Ljava/lang/Object;J)V name or signature does not match> (0x00000000eb907fa0) thrown at [/HUDSON/workspace/8-2-build-linux-amd64/jdk8u221/13320/hotspot/src/share/vm/prims/jni.c
Event: 0.105 Thread 0x00007fc23c001000 Exception <a 'java/lang/NoSuchMethodError': student> (0x00000000eb9ee680) thrown at [/HUDSON/workspace/8-2-build-linux-amd64/jdk8u221/13320/hotspot/src/share/vm/prims/jni.cpp, line 1614]
Event: 0.105 Thread 0x00007fc240001000 Exception <a 'java/lang/NoSuchMethodError': student> (0x00000000eba3ddb8) thrown at [/HUDSON/workspace/8-2-build-linux-amd64/jdk8u221/13320/hotspot/src/share/vm/prims/jni.cpp, line 1614]

Events (10 events):
Event: 0.104 loading class java/io/FilePermission$1
Event: 0.104 loading class java/io/FilePermission$1 done
Event: 0.104 loading class java/io/FilePermissionCollection
Event: 0.104 loading class java/io/FilePermissionCollection done
Event: 0.104 loading class java/security/AllPermission
Event: 0.105 loading class java/security/AllPermission done
Event: 0.105 loading class java/security/UnresolvedPermission
Event: 0.105 loading class java/security/UnresolvedPermission done
Event: 0.105 loading class java/security/BasicPermissionCollection
Event: 0.105 loading class java/security/BasicPermissionCollection done


Dynamic libraries:
c2a00000-c5380000 rw-p 00000000 00:00 0 
c5380000-eb900000 ---p 00000000 00:00 0 
eb900000-ecd80000 rw-p 00000000 00:00 0 
ecd80000-100000000 ---p 00000000 00:00 0 
100000000-100080000 rw-p 00000000 00:00 0 
100080000-140000000 ---p 00000000 00:00 0 
55730b6ba000-55730b6bc000 r-xp 00000000 08:01 7053                       /home/wanhui/CallJvm/callJvmThreadpool/cmake-build-debug/main
55730b8bb000-55730b8bc000 r--p 00001000 08:01 7053                       /home/wanhui/CallJvm/callJvmThreadpool/cmake-build-debug/main
55730b8bc000-55730b8bd000 rw-p 00002000 08:01 7053                       /home/wanhui/CallJvm/callJvmThreadpool/cmake-build-debug/main
55730d4ac000-55730d586000 rw-p 00000000 00:00 0                          [heap]
7fc228000000-7fc228021000 rw-p 00000000 00:00 0 
7fc228021000-7fc22c000000 ---p 00000000 00:00 0 
7fc230000000-7fc230021000 rw-p 00000000 00:00 0 
7fc230021000-7fc234000000 ---p 00000000 00:00 0 
7fc234000000-7fc234021000 rw-p 00000000 00:00 0 
7fc234021000-7fc238000000 ---p 00000000 00:00 0 
7fc23c000000-7fc23c021000 rw-p 00000000 00:00 0 
7fc23c021000-7fc240000000 ---p 00000000 00:00 0 
7fc240000000-7fc240021000 rw-p 00000000 00:00 0 
7fc240021000-7fc244000000 ---p 00000000 00:00 0 
7fc244000000-7fc244021000 rw-p 00000000 00:00 0 
7fc244021000-7fc248000000 ---p 00000000 00:00 0 
7fc248000000-7fc248035000 rw-p 00000000 00:00 0 
7fc248035000-7fc24c000000 ---p 00000000 00:00 0 
7fc24c000000-7fc24c021000 rw-p 00000000 00:00 0 
7fc24c021000-7fc250000000 ---p 00000000 00:00 0 
7fc250000000-7fc250021000 rw-p 00000000 00:00 0 
7fc250021000-7fc254000000 ---p 00000000 00:00 0 
7fc254000000-7fc254021000 rw-p 00000000 00:00 0 
7fc254021000-7fc258000000 ---p 00000000 00:00 0 
7fc258000000-7fc258021000 rw-p 00000000 00:00 0 
7fc258021000-7fc25c000000 ---p 00000000 00:00 0 
7fc25c000000-7fc25c021000 rw-p 00000000 00:00 0 
7fc25c021000-7fc260000000 ---p 00000000 00:00 0 
7fc260000000-7fc260021000 rw-p 00000000 00:00 0 
7fc260021000-7fc264000000 ---p 00000000 00:00 0 
7fc264000000-7fc264021000 rw-p 00000000 00:00 0 
7fc264021000-7fc268000000 ---p 00000000 00:00 0 
7fc269e5f000-7fc269ffc000 rw-p 00000000 00:00 0 
7fc269ffc000-7fc269ffd000 ---p 00000000 00:00 0 
7fc269ffd000-7fc26a000000 ---p 00000000 00:00 0 
7fc26a000000-7fc26a7fd000 rw-p 00000000 00:00 0 
7fc26a7fd000-7fc26a7fe000 ---p 00000000 00:00 0 
7fc26a7fe000-7fc26a801000 ---p 00000000 00:00 0 
7fc26a801000-7fc26affe000 rw-p 00000000 00:00 0 
7fc26affe000-7fc26afff000 ---p 00000000 00:00 0 
7fc26afff000-7fc26b002000 ---p 00000000 00:00 0 
7fc26b002000-7fc26b7ff000 rw-p 00000000 00:00 0 
7fc26b7ff000-7fc26b800000 ---p 00000000 00:00 0 
7fc26b800000-7fc26b803000 ---p 00000000 00:00 0 
7fc26b803000-7fc26c000000 rw-p 00000000 00:00 0 
7fc26c000000-7fc26c021000 rw-p 00000000 00:00 0 
7fc26c021000-7fc270000000 ---p 00000000 00:00 0 
7fc270081000-7fc270179000 rw-p 00000000 00:00 0 
7fc270179000-7fc27017a000 ---p 00000000 00:00 0 
7fc27017a000-7fc27017d000 ---p 00000000 00:00 0 
7fc27017d000-7fc27097a000 rw-p 00000000 00:00 0 
7fc27097a000-7fc27097b000 ---p 00000000 00:00 0 
7fc27097b000-7fc27097e000 ---p 00000000 00:00 0 
7fc27097e000-7fc27117b000 rw-p 00000000 00:00 0 
7fc27117b000-7fc27117c000 ---p 00000000 00:00 0 
7fc27117c000-7fc27127c000 rw-p 00000000 00:00 0 
7fc27127c000-7fc27127f000 ---p 00000000 00:00 0 
7fc27127f000-7fc27137d000 rw-p 00000000 00:00 0 
7fc27137d000-7fc271380000 ---p 00000000 00:00 0 
7fc271380000-7fc27147e000 rw-p 00000000 00:00 0 
7fc27147e000-7fc271e4d000 r--p 00000000 08:01 1186501                    /usr/lib/locale/locale-archive
7fc271e4d000-7fc271e50000 ---p 00000000 00:00 0 
7fc271e50000-7fc271f4e000 rw-p 00000000 00:00 0 
7fc271f4e000-7fc271f51000 ---p 00000000 00:00 0 
7fc271f51000-7fc27204f000 rw-p 00000000 00:00 0 
7fc27204f000-7fc272050000 ---p 00000000 00:00 0 
7fc272050000-7fc274000000 rw-p 00000000 00:00 0 
7fc274000000-7fc274021000 rw-p 00000000 00:00 0 
7fc274021000-7fc278000000 ---p 00000000 00:00 0 
7fc2780f0000-7fc2790f4000 rw-p 00000000 00:00 0 
7fc2790f4000-7fc2792ce000 r--s 03d88000 08:01 1324703                    /usr/local/java/jre/lib/rt.jar
7fc2792ce000-7fc279784000 rw-p 00000000 00:00 0 
7fc279784000-7fc279b44000 ---p 00000000 00:00 0 
7fc279b44000-7fc279d2f000 rw-p 00000000 00:00 0 
7fc279d2f000-7fc279d30000 ---p 00000000 00:00 0 
7fc279d30000-7fc279e30000 rw-p 00000000 00:00 0 
7fc279e30000-7fc279e31000 ---p 00000000 00:00 0 
7fc279e31000-7fc279f31000 rw-p 00000000 00:00 0 
7fc279f31000-7fc279f32000 ---p 00000000 00:00 0 
7fc279f32000-7fc27a032000 rw-p 00000000 00:00 0 
7fc27a032000-7fc27a033000 ---p 00000000 00:00 0 
7fc27a033000-7fc27a148000 rw-p 00000000 00:00 0 
7fc27a148000-7fc27a27a000 ---p 00000000 00:00 0 
7fc27a27a000-7fc27a285000 rw-p 00000000 00:00 0 
7fc27a285000-7fc27a31e000 ---p 00000000 00:00 0 
7fc27a31e000-7fc27a329000 rw-p 00000000 00:00 0 
7fc27a329000-7fc27a6df000 ---p 00000000 00:00 0 
7fc27a6df000-7fc27a94f000 rwxp 00000000 00:00 0 
7fc27a94f000-7fc2896df000 ---p 00000000 00:00 0 
7fc2896df000-7fc2896fa000 r-xp 00000000 08:01 1453051                    /usr/local/java/jre/lib/amd64/libzip.so
7fc2896fa000-7fc2898f9000 ---p 0001b000 08:01 1453051                    /usr/local/java/jre/lib/amd64/libzip.so
7fc2898f9000-7fc2898fa000 r--p 0001a000 08:01 1453051                    /usr/local/java/jre/lib/amd64/libzip.so
7fc2898fa000-7fc2898fb000 rw-p 0001b000 08:01 1453051                    /usr/local/java/jre/lib/amd64/libzip.so
7fc2898fb000-7fc289906000 r-xp 00000000 08:01 2233846                    /lib/x86_64-linux-gnu/libnss_files-2.27.so
7fc289906000-7fc289b05000 ---p 0000b000 08:01 2233846                    /lib/x86_64-linux-gnu/libnss_files-2.27.so
7fc289b05000-7fc289b06000 r--p 0000a000 08:01 2233846                    /lib/x86_64-linux-gnu/libnss_files-2.27.so
7fc289b06000-7fc289b07000 rw-p 0000b000 08:01 2233846                    /lib/x86_64-linux-gnu/libnss_files-2.27.so
7fc289b07000-7fc289b0d000 rw-p 00000000 00:00 0 
7fc289b0d000-7fc289b24000 r-xp 00000000 08:01 2233840                    /lib/x86_64-linux-gnu/libnsl-2.27.so
7fc289b24000-7fc289d23000 ---p 00017000 08:01 2233840                    /lib/x86_64-linux-gnu/libnsl-2.27.so
7fc289d23000-7fc289d24000 r--p 00016000 08:01 2233840                    /lib/x86_64-linux-gnu/libnsl-2.27.so
7fc289d24000-7fc289d25000 rw-p 00017000 08:01 2233840                    /lib/x86_64-linux-gnu/libnsl-2.27.so
7fc289d25000-7fc289d27000 rw-p 00000000 00:00 0 
7fc289d27000-7fc289d32000 r-xp 00000000 08:01 2233857                    /lib/x86_64-linux-gnu/libnss_nis-2.27.so
7fc289d32000-7fc289f31000 ---p 0000b000 08:01 2233857                    /lib/x86_64-linux-gnu/libnss_nis-2.27.so
7fc289f31000-7fc289f32000 r--p 0000a000 08:01 2233857                    /lib/x86_64-linux-gnu/libnss_nis-2.27.so
7fc289f32000-7fc289f33000 rw-p 0000b000 08:01 2233857                    /lib/x86_64-linux-gnu/libnss_nis-2.27.so
7fc289f33000-7fc289f3b000 r-xp 00000000 08:01 2233842                    /lib/x86_64-linux-gnu/libnss_compat-2.27.so
7fc289f3b000-7fc28a13b000 ---p 00008000 08:01 2233842                    /lib/x86_64-linux-gnu/libnss_compat-2.27.so
7fc28a13b000-7fc28a13c000 r--p 00008000 08:01 2233842                    /lib/x86_64-linux-gnu/libnss_compat-2.27.so
7fc28a13c000-7fc28a13d000 rw-p 00009000 08:01 2233842                    /lib/x86_64-linux-gnu/libnss_compat-2.27.so
7fc28a13d000-7fc28a169000 r-xp 00000000 08:01 1453042                    /usr/local/java/jre/lib/amd64/libjava.so
7fc28a169000-7fc28a369000 ---p 0002c000 08:01 1453042                    /usr/local/java/jre/lib/amd64/libjava.so
7fc28a369000-7fc28a36a000 r--p 0002c000 08:01 1453042                    /usr/local/java/jre/lib/amd64/libjava.so
7fc28a36a000-7fc28a36c000 rw-p 0002d000 08:01 1453042                    /usr/local/java/jre/lib/amd64/libjava.so
7fc28a36c000-7fc28a379000 r-xp 00000000 08:01 1453033                    /usr/local/java/jre/lib/amd64/libverify.so
7fc28a379000-7fc28a578000 ---p 0000d000 08:01 1453033                    /usr/local/java/jre/lib/amd64/libverify.so
7fc28a578000-7fc28a57a000 r--p 0000c000 08:01 1453033                    /usr/local/java/jre/lib/amd64/libverify.so
7fc28a57a000-7fc28a57b000 rw-p 0000e000 08:01 1453033                    /usr/local/java/jre/lib/amd64/libverify.so
7fc28a57b000-7fc28a582000 r-xp 00000000 08:01 2233897                    /lib/x86_64-linux-gnu/librt-2.27.so
7fc28a582000-7fc28a781000 ---p 00007000 08:01 2233897                    /lib/x86_64-linux-gnu/librt-2.27.so
7fc28a781000-7fc28a782000 r--p 00006000 08:01 2233897                    /lib/x86_64-linux-gnu/librt-2.27.so
7fc28a782000-7fc28a783000 rw-p 00007000 08:01 2233897                    /lib/x86_64-linux-gnu/librt-2.27.so
7fc28a783000-7fc28a786000 r-xp 00000000 08:01 2233779                    /lib/x86_64-linux-gnu/libdl-2.27.so
7fc28a786000-7fc28a985000 ---p 00003000 08:01 2233779                    /lib/x86_64-linux-gnu/libdl-2.27.so
7fc28a985000-7fc28a986000 r--p 00002000 08:01 2233779                    /lib/x86_64-linux-gnu/libdl-2.27.so
7fc28a986000-7fc28a987000 rw-p 00003000 08:01 2233779                    /lib/x86_64-linux-gnu/libdl-2.27.so
7fc28a987000-7fc28ab24000 r-xp 00000000 08:01 2233819                    /lib/x86_64-linux-gnu/libm-2.27.so
7fc28ab24000-7fc28ad23000 ---p 0019d000 08:01 2233819                    /lib/x86_64-linux-gnu/libm-2.27.so
7fc28ad23000-7fc28ad24000 r--p 0019c000 08:01 2233819                    /lib/x86_64-linux-gnu/libm-2.27.so
7fc28ad24000-7fc28ad25000 rw-p 0019d000 08:01 2233819                    /lib/x86_64-linux-gnu/libm-2.27.so
7fc28ad25000-7fc28af0c000 r-xp 00000000 08:01 2233756                    /lib/x86_64-linux-gnu/libc-2.27.so
7fc28af0c000-7fc28b10c000 ---p 001e7000 08:01 2233756                    /lib/x86_64-linux-gnu/libc-2.27.so
7fc28b10c000-7fc28b110000 r--p 001e7000 08:01 2233756                    /lib/x86_64-linux-gnu/libc-2.27.so
7fc28b110000-7fc28b112000 rw-p 001eb000 08:01 2233756                    /lib/x86_64-linux-gnu/libc-2.27.so
7fc28b112000-7fc28b116000 rw-p 00000000 00:00 0 
7fc28b116000-7fc28b130000 r-xp 00000000 08:01 2233889                    /lib/x86_64-linux-gnu/libpthread-2.27.so
7fc28b130000-7fc28b32f000 ---p 0001a000 08:01 2233889                    /lib/x86_64-linux-gnu/libpthread-2.27.so
7fc28b32f000-7fc28b330000 r--p 00019000 08:01 2233889                    /lib/x86_64-linux-gnu/libpthread-2.27.so
7fc28b330000-7fc28b331000 rw-p 0001a000 08:01 2233889                    /lib/x86_64-linux-gnu/libpthread-2.27.so
7fc28b331000-7fc28b335000 rw-p 00000000 00:00 0 
7fc28b335000-7fc28c01d000 r-xp 00000000 08:01 1453049                    /usr/local/java/jre/lib/amd64/server/libjvm.so
7fc28c01d000-7fc28c21c000 ---p 00ce8000 08:01 1453049                    /usr/local/java/jre/lib/amd64/server/libjvm.so
7fc28c21c000-7fc28c2b2000 r--p 00ce7000 08:01 1453049                    /usr/local/java/jre/lib/amd64/server/libjvm.so
7fc28c2b2000-7fc28c2e3000 rw-p 00d7d000 08:01 1453049                    /usr/local/java/jre/lib/amd64/server/libjvm.so
7fc28c2e3000-7fc28c31e000 rw-p 00000000 00:00 0 
7fc28c31e000-7fc28c345000 r-xp 00000000 08:01 2233728                    /lib/x86_64-linux-gnu/ld-2.27.so
7fc28c34e000-7fc28c3fa000 rw-p 00000000 00:00 0 
7fc28c3fa000-7fc28c52d000 ---p 00000000 00:00 0 
7fc28c52d000-7fc28c52f000 rw-p 00000000 00:00 0 
7fc28c538000-7fc28c539000 r--s 00000000 08:01 7072                       /home/wanhui/CallJvm/callJvmThreadpool/qin_test1.jar
7fc28c539000-7fc28c541000 rw-s 00000000 08:01 6972                       /tmp/hsperfdata_wanhui/19146
7fc28c541000-7fc28c542000 rw-p 00000000 00:00 0 
7fc28c542000-7fc28c543000 r--p 00000000 00:00 0 
7fc28c543000-7fc28c545000 rw-p 00000000 00:00 0 
7fc28c545000-7fc28c546000 r--p 00027000 08:01 2233728                    /lib/x86_64-linux-gnu/ld-2.27.so
7fc28c546000-7fc28c547000 rw-p 00028000 08:01 2233728                    /lib/x86_64-linux-gnu/ld-2.27.so
7fc28c547000-7fc28c548000 rw-p 00000000 00:00 0 
7fff896d1000-7fff896d4000 ---p 00000000 00:00 0 
7fff896d4000-7fff897d1000 rw-p 00000000 00:00 0                          [stack]
7fff897f1000-7fff897f4000 r--p 00000000 00:00 0                          [vvar]
7fff897f4000-7fff897f6000 r-xp 00000000 00:00 0                          [vdso]
ffffffffff600000-ffffffffff601000 r-xp 00000000 00:00 0                  [vsyscall]

VM Arguments:
jvm_args: -Djava.compiler=NONE -verbose:jni 
java_command: <unknown>
java_class_path (initial): .:/home/wanhui/CallJvm/callJvmThreadpool/qin_test1.jar
Launcher Type: generic

Environment Variables:
JAVA_HOME=/usr/local/java
CLASSPATH=/home/wanhui/Downloads/clion-2019.2.1/lib/bootstrap.jar:/home/wanhui/Downloads/clion-2019.2.1/lib/extensions.jar:/home/wanhui/Downloads/clion-2019.2.1/lib/util.jar:/home/wanhui/Downloads/clion-2019.2.1/lib/jdom.jar:/home/wanhui/Downloads/clion-2019.2.1/lib/log4j.jar:/home/wanhui/Downloads/clion-2019.2.1/lib/trove4j.jar:/home/wanhui/Downloads/clion-2019.2.1/lib/jna.jar
PATH=/usr/local/sbin:/usr/local/bin:/usr/sbin:/usr/bin:/sbin:/bin:/snap/bin:/usr/local/redis/redis-4.0.9.tar_files/redis-4.0.9/src:/usr/local/mysql/bin
USERNAME=wanhui
SHELL=/bin/bash
DISPLAY=:0

Signal Handlers:
SIGSEGV: [libjvm.so+0xad3d90], sa_mask[0]=11111111011111111101111111111110, sa_flags=SA_RESTART|SA_SIGINFO
SIGBUS: [libjvm.so+0xad3d90], sa_mask[0]=11111111011111111101111111111110, sa_flags=SA_RESTART|SA_SIGINFO
SIGFPE: [libjvm.so+0x90b8b0], sa_mask[0]=11111111011111111101111111111110, sa_flags=SA_RESTART|SA_SIGINFO
SIGPIPE: [libjvm.so+0x90b8b0], sa_mask[0]=11111111011111111101111111111110, sa_flags=SA_RESTART|SA_SIGINFO
SIGXFSZ: [libjvm.so+0x90b8b0], sa_mask[0]=11111111011111111101111111111110, sa_flags=SA_RESTART|SA_SIGINFO
SIGILL: [libjvm.so+0x90b8b0], sa_mask[0]=11111111011111111101111111111110, sa_flags=SA_RESTART|SA_SIGINFO
SIGUSR1: SIG_DFL, sa_mask[0]=00000000000000000000000000000000, sa_flags=none
SIGUSR2: [libjvm.so+0x90b780], sa_mask[0]=00100000000000000000000000000000, sa_flags=SA_RESTART|SA_SIGINFO
SIGHUP: [libjvm.so+0x90bda0], sa_mask[0]=11111111011111111101111111111110, sa_flags=SA_RESTART|SA_SIGINFO
SIGINT: [libjvm.so+0x90bda0], sa_mask[0]=11111111011111111101111111111110, sa_flags=SA_RESTART|SA_SIGINFO
SIGTERM: [libjvm.so+0x90bda0], sa_mask[0]=11111111011111111101111111111110, sa_flags=SA_RESTART|SA_SIGINFO
SIGQUIT: [libjvm.so+0x90bda0], sa_mask[0]=11111111011111111101111111111110, sa_flags=SA_RESTART|SA_SIGINFO


---------------  S Y S T E M  ---------------

OS:DISTRIB_ID=Ubuntu
DISTRIB_RELEASE=18.04
DISTRIB_CODENAME=bionic
DISTRIB_DESCRIPTION="Ubuntu 18.04.3 LTS"

uname:Linux 4.15.0-66-generic #75-Ubuntu SMP Tue Oct 1 05:24:09 UTC 2019 x86_64
libc:glibc 2.27 NPTL 2.27 
rlimit: STACK 8192k, CORE 0k, NPROC 15513, NOFILE 1048576, AS infinity
load average:0.63 0.41 0.39

/proc/meminfo:
MemTotal:        4015688 kB
MemFree:          112328 kB
MemAvailable:     141528 kB
Buffers:            3608 kB
Cached:           239060 kB
SwapCached:        16692 kB
Active:          2396384 kB
Inactive:         660532 kB
Active(anon):    2280044 kB
Inactive(anon):   571172 kB
Active(file):     116340 kB
Inactive(file):    89360 kB
Unevictable:          48 kB
Mlocked:              48 kB
SwapTotal:       2097148 kB
SwapFree:         489988 kB
Dirty:              2148 kB
Writeback:             0 kB
AnonPages:       2799064 kB
Mapped:           162528 kB
Shmem:             37840 kB
Slab:             135348 kB
SReclaimable:      56940 kB
SUnreclaim:        78408 kB
KernelStack:       18080 kB
PageTables:        65948 kB
NFS_Unstable:          0 kB
Bounce:                0 kB
WritebackTmp:          0 kB
CommitLimit:     4104992 kB
Committed_AS:   10229176 kB
VmallocTotal:   34359738367 kB
VmallocUsed:           0 kB
VmallocChunk:          0 kB
HardwareCorrupted:     0 kB
AnonHugePages:         0 kB
ShmemHugePages:        0 kB
ShmemPmdMapped:        0 kB
CmaTotal:              0 kB
CmaFree:               0 kB
HugePages_Total:       0
HugePages_Free:        0
HugePages_Rsvd:        0
HugePages_Surp:        0
Hugepagesize:       2048 kB
DirectMap4k:      374592 kB
DirectMap2M:     3819520 kB
DirectMap1G:     2097152 kB

container (cgroup) information:
container_type: cgroupv1
cpu_cpuset_cpus: 0-3
cpu_memory_nodes: 0
active_processor_count: 4
cpu_quota: -1
cpu_period: 100000
cpu_shares: -1
memory_limit_in_bytes: -1
memory_and_swap_limit_in_bytes: -2
memory_soft_limit_in_bytes: -1
memory_usage_in_bytes: 3119935488
memory_max_usage_in_bytes: 812437504


CPU:total 4 (initial active 4) (2 cores per cpu, 1 threads per core) family 6 model 158 stepping 13, cmov, cx8, fxsr, mmx, sse, sse2, sse3, ssse3, sse4.1, sse4.2, popcnt, avx, avx2, aes, clmul, erms, rtm, 3dnowpref, lzcnt, tsc, tscinvbit, bmi1, bmi2, adx

/proc/cpuinfo:
processor	: 0
vendor_id	: GenuineIntel
cpu family	: 6
model		: 158
model name	: Intel(R) Core(TM) i7-9700 CPU @ 3.00GHz
stepping	: 13
microcode	: 0xb4
cpu MHz		: 2999.999
cache size	: 12288 KB
physical id	: 0
siblings	: 2
core id		: 0
cpu cores	: 2
apicid		: 0
initial apicid	: 0
fpu		: yes
fpu_exception	: yes
cpuid level	: 22
wp		: yes
flags		: fpu vme de pse tsc msr pae mce cx8 apic sep mtrr pge mca cmov pat pse36 clflush mmx fxsr sse sse2 ss ht syscall nx pdpe1gb rdtscp lm constant_tsc arch_perfmon nopl xtopology tsc_reliable nonstop_tsc cpuid pni pclmulqdq vmx ssse3 fma cx16 pcid sse4_1 sse4_2 x2apic movbe popcnt tsc_deadline_timer aes xsave avx f16c rdrand hypervisor lahf_lm abm 3dnowprefetch cpuid_fault invpcid_single ssbd ibrs ibpb stibp ibrs_enhanced tpr_shadow vnmi ept vpid fsgsbase tsc_adjust bmi1 hle avx2 smep bmi2 invpcid rtm mpx rdseed adx smap clflushopt xsaveopt xsavec xsaves arat md_clear flush_l1d arch_capabilities
bugs		: spectre_v1 spectre_v2 spec_store_bypass swapgs
bogomips	: 5999.99
clflush size	: 64
cache_alignment	: 64
address sizes	: 43 bits physical, 48 bits virtual
power management:

processor	: 1
vendor_id	: GenuineIntel
cpu family	: 6
model		: 158
model name	: Intel(R) Core(TM) i7-9700 CPU @ 3.00GHz
stepping	: 13
microcode	: 0xb4
cpu MHz		: 2999.999
cache size	: 12288 KB
physical id	: 0
siblings	: 2
core id		: 1
cpu cores	: 2
apicid		: 1
initial apicid	: 1
fpu		: yes
fpu_exception	: yes
cpuid level	: 22
wp		: yes
flags		: fpu vme de pse tsc msr pae mce cx8 apic sep mtrr pge mca cmov pat pse36 clflush mmx fxsr sse sse2 ss ht syscall nx pdpe1gb rdtscp lm constant_tsc arch_perfmon nopl xtopology tsc_reliable nonstop_tsc cpuid pni pclmulqdq vmx ssse3 fma cx16 pcid sse4_1 sse4_2 x2apic movbe popcnt tsc_deadline_timer aes xsave avx f16c rdrand hypervisor lahf_lm abm 3dnowprefetch cpuid_fault invpcid_single ssbd ibrs ibpb stibp ibrs_enhanced tpr_shadow vnmi ept vpid fsgsbase tsc_adjust bmi1 hle avx2 smep bmi2 invpcid rtm mpx rdseed adx smap clflushopt xsaveopt xsavec xsaves arat md_clear flush_l1d arch_capabilities
bugs		: spectre_v1 spectre_v2 spec_store_bypass swapgs
bogomips	: 5999.99
clflush size	: 64
cache_alignment	: 64
address sizes	: 43 bits physical, 48 bits virtual
power management:

processor	: 2
vendor_id	: GenuineIntel
cpu family	: 6
model		: 158
model name	: Intel(R) Core(TM) i7-9700 CPU @ 3.00GHz
stepping	: 13
microcode	: 0xb4
cpu MHz		: 2999.999
cache size	: 12288 KB
physical id	: 1
siblings	: 2
core id		: 0
cpu cores	: 2
apicid		: 2
initial apicid	: 2
fpu		: yes
fpu_exception	: yes
cpuid level	: 22
wp		: yes
flags		: fpu vme de pse tsc msr pae mce cx8 apic sep mtrr pge mca cmov pat pse36 clflush mmx fxsr sse sse2 ss ht syscall nx pdpe1gb rdtscp lm constant_tsc arch_perfmon nopl xtopology tsc_reliable nonstop_tsc cpuid pni pclmulqdq vmx ssse3 fma cx16 pcid sse4_1 sse4_2 x2apic movbe popcnt tsc_deadline_timer aes xsave avx f16c rdrand hypervisor lahf_lm abm 3dnowprefetch cpuid_fault invpcid_single ssbd ibrs ibpb stibp ibrs_enhanced tpr_shadow vnmi ept vpid fsgsbase tsc_adjust bmi1 hle avx2 smep bmi2 invpcid rtm mpx rdseed adx smap clflushopt xsaveopt xsavec xsaves arat md_clear flush_l1d arch_capabilities
bugs		: spectre_v1 spectre_v2 spec_store_bypass swapgs
bogomips	: 5999.99
clflush size	: 64
cache_alignment	: 64
address sizes	: 43 bits physical, 48 bits virtual
power management:

processor	: 3
vendor_id	: GenuineIntel
cpu family	: 6
model		: 158
model name	: Intel(R) Core(TM) i7-9700 CPU @ 3.00GHz
stepping	: 13
microcode	: 0xb4
cpu MHz		: 2999.999
cache size	: 12288 KB
physical id	: 1
siblings	: 2
core id		: 1
cpu cores	: 2
apicid		: 3
initial apicid	: 3
fpu		: yes
fpu_exception	: yes
cpuid level	: 22
wp		: yes
flags		: fpu vme de pse tsc msr pae mce cx8 apic sep mtrr pge mca cmov pat pse36 clflush mmx fxsr sse sse2 ss ht syscall nx pdpe1gb rdtscp lm constant_tsc arch_perfmon nopl xtopology tsc_reliable nonstop_tsc cpuid pni pclmulqdq vmx ssse3 fma cx16 pcid sse4_1 sse4_2 x2apic movbe popcnt tsc_deadline_timer aes xsave avx f16c rdrand hypervisor lahf_lm abm 3dnowprefetch cpuid_fault invpcid_single ssbd ibrs ibpb stibp ibrs_enhanced tpr_shadow vnmi ept vpid fsgsbase tsc_adjust bmi1 hle avx2 smep bmi2 invpcid rtm mpx rdseed adx smap clflushopt xsaveopt xsavec xsaves arat md_clear flush_l1d arch_capabilities
bugs		: spectre_v1 spectre_v2 spec_store_bypass swapgs
bogomips	: 5999.99
clflush size	: 64
cache_alignment	: 64
address sizes	: 43 bits physical, 48 bits virtual
power management:



Memory: 4k page, physical 4015688k(112328k free), swap 2097148k(489988k free)

vm_info: Java HotSpot(TM) 64-Bit Server VM (25.221-b11) for linux-amd64 JRE (1.8.0_221-b11), built on Jul  4 2019 04:27:00 by "java_re" with gcc 7.3.0

time: Sat Nov  2 12:42:49 2019
timezone: CST
elapsed time: 0 seconds (0d 0h 0m 0s)

