#
# A fatal error has been detected by the Java Runtime Environment:
#
#  SIGSEGV (0xb) at pc=0x00007fac12cf6d80, pid=14438, tid=0x00007fac13814740
#
# JRE version: Java(TM) SE Runtime Environment (8.0_221-b11) (build 1.8.0_221-b11)
# Java VM: Java HotSpot(TM) 64-Bit Server VM (25.221-b11 interpreted mode linux-amd64 compressed oops)
# Problematic frame:
# V  [libjvm.so+0x6d7d80]  JNI_CreateJavaVM+0xb0
#
# Failed to write core dump. Core dumps have been disabled. To enable core dumping, try "ulimit -c unlimited" before starting Java again
#
# If you would like to submit a bug report, please visit:
#   http://bugreport.java.com/bugreport/crash.jsp
#

---------------  T H R E A D  ---------------

Current thread (0x000055d9c7e4b000):  JavaThread "main" [_thread_in_vm, id=14438, stack(0x00007ffd49945000,0x00007ffd49a45000)]

siginfo: si_signo: 11 (SIGSEGV), si_code: 1 (SEGV_MAPERR), si_addr: 0x0000000000000000

Registers:
RAX=0x00007fac135ac3e0, RBX=0x0000000000000000, RCX=0x00007fac1261a320, RDX=0x00007fac13814a60
RSP=0x00007ffd49a43e70, RBP=0x00007ffd49a43ec0, RSI=0x0000000000000001, RDI=0x0000000000000010
R8 =0x0000000000000000, R9 =0x000055d9c7efe250, R10=0x00007ffd49a43c90, R11=0x0000000000000001
R12=0x0000000000000000, R13=0x00007ffd49a43ed8, R14=0x000055d9c7e4b000, R15=0x0000000000000000
RIP=0x00007fac12cf6d80, EFLAGS=0x0000000000010246, CSGSFS=0x002b000000000033, ERR=0x0000000000000006
  TRAPNO=0x000000000000000e

Top of Stack: (sp=0x00007ffd49a43e70)
0x00007ffd49a43e70:   0000000000000000 01007fac11afb403
0x00007ffd49a43e80:   0000000000000004 00007fac11e5a760
0x00007ffd49a43e90:   000055d9c62cf24b 00007fac11aeeb62
0x00007ffd49a43ea0:   0000000000000000 000055d9c62ce2c0
0x00007ffd49a43eb0:   00007ffd49a44050 0000000000000000
0x00007ffd49a43ec0:   000055d9c62cf080 000055d9c62ceab8
0x00007ffd49a43ed0:   ffffffffffffff80 00000000000011bf
0x00007ffd49a43ee0:   0000000300010008 00007ffd49a43f00
0x00007ffd49a43ef0:   0000000000000001 00007fac11b02ff0
0x00007ffd49a43f00:   000055d9c62cf29a 0000000000011c00
0x00007ffd49a43f10:   000055d9c62cf300 0000000000000000
0x00007ffd49a43f20:   000055d9c62cf2af 000055d9c7e24e08
0x00007ffd49a43f30:   0000000000000001 e058f560bb1c2400
0x00007ffd49a43f40:   0000000000000000 000055d9c62ce210
0x00007ffd49a43f50:   000055d9c62cf080 e058f560bb1c2400
0x00007ffd49a43f60:   00007ffd49a44050 0000000000000000
0x00007ffd49a43f70:   000055d9c62cf080 00007fac11a8fb97
0x00007ffd49a43f80:   00007ffd49a43fd0 00007ffd49a44058
0x00007ffd49a43f90:   00000001ffffff80 000055d9c62ce1f0
0x00007ffd49a43fa0:   0000000000000000 f0ef28d933e4ad8a
0x00007ffd49a43fb0:   000055d9c62ce2c0 00007ffd49a44050
0x00007ffd49a43fc0:   0000000000000000 0000000000000000
0x00007ffd49a43fd0:   a4a637c8ade4ad8a a40487d1247aad8a
0x00007ffd49a43fe0:   0000000000000000 0000000000000000
0x00007ffd49a43ff0:   0000000000000000 00007fac13618733
0x00007ffd49a44000:   00007fac13506b38 00007fac12619bb0
0x00007ffd49a44010:   0000000000000000 0000000000000000
0x00007ffd49a44020:   0000000000000000 000055d9c62ce2c0
0x00007ffd49a44030:   00007ffd49a44050 000055d9c62ce2ea
0x00007ffd49a44040:   00007ffd49a44048 000000000000001c
0x00007ffd49a44050:   0000000000000001 00007ffd49a447dc
0x00007ffd49a44060:   0000000000000000 00007ffd49a4481a 

Instructions: (pc=0x00007fac12cf6d80)
0x00007fac12cf6d60:   00 00 eb c7 0f 1f 40 00 48 8d 05 39 9b 8b 00 8b
0x00007fac12cf6d70:   38 e8 62 66 b2 ff 49 89 c6 48 8d 05 60 56 8b 00
0x00007fac12cf6d80:   49 89 04 24 49 8d 86 f8 01 00 00 49 89 45 00 e8
0x00007fac12cf6d90:   ac 14 2e 00 48 8d 05 89 bf 8e 00 80 38 00 75 70 

Register to memory mapping:

RAX=0x00007fac135ac3e0: <offset 0xf8d3e0> in /usr/local/java/jre/lib/amd64/server/libjvm.so at 0x00007fac1261f000
RBX=0x0000000000000000 is an unknown value
RCX=0x00007fac1261a320: <offset 0x21a320> in /lib/x86_64-linux-gnu/libpthread.so.0 at 0x00007fac12400000
RDX=0x00007fac13814a60 is an unknown value
RSP=0x00007ffd49a43e70 is pointing into the stack for thread: 0x000055d9c7e4b000
RBP=0x00007ffd49a43ec0 is pointing into the stack for thread: 0x000055d9c7e4b000
RSI=0x0000000000000001 is an unknown value
RDI=0x0000000000000010 is an unknown value
R8 =0x0000000000000000 is an unknown value
R9 =0x000055d9c7efe250 is an unknown value
R10=0x00007ffd49a43c90 is pointing into the stack for thread: 0x000055d9c7e4b000
R11=0x0000000000000001 is an unknown value
R12=0x0000000000000000 is an unknown value
R13=0x00007ffd49a43ed8 is pointing into the stack for thread: 0x000055d9c7e4b000
R14=0x000055d9c7e4b000 is a thread
R15=0x0000000000000000 is an unknown value


Stack: [0x00007ffd49945000,0x00007ffd49a45000],  sp=0x00007ffd49a43e70,  free space=1019k
Native frames: (J=compiled Java code, j=interpreted, Vv=VM code, C=native code)
V  [libjvm.so+0x6d7d80]  JNI_CreateJavaVM+0xb0
C  [main+0x1ab8]  create_vm(JVM*)+0x78


---------------  P R O C E S S  ---------------

Java Threads: ( => current thread )
  0x000055d9c7efa000 JavaThread "Service Thread" daemon [_thread_blocked, id=14447, stack(0x00007fabf809e000,0x00007fabf819f000)]
  0x000055d9c7ef8000 JavaThread "Signal Dispatcher" daemon [_thread_blocked, id=14446, stack(0x00007fabf819f000,0x00007fabf82a0000)]
  0x000055d9c7ec7800 JavaThread "Finalizer" daemon [_thread_blocked, id=14445, stack(0x00007fabf8c6f000,0x00007fabf8d70000)]
  0x000055d9c7ec3000 JavaThread "Reference Handler" daemon [_thread_blocked, id=14444, stack(0x00007fabf8d70000,0x00007fabf8e71000)]
=>0x000055d9c7e4b000 JavaThread "main" [_thread_in_vm, id=14438, stack(0x00007ffd49945000,0x00007ffd49a45000)]

Other Threads:
  0x000055d9c7eb9000 VMThread [stack: 0x00007fabf8e72000,0x00007fabf8f72000] [id=14443]
  0x000055d9c7efd000 WatcherThread [stack: 0x00007fabf3f00000,0x00007fabf4000000] [id=14448]

VM state:not at safepoint (normal execution)

VM Mutex/Monitor currently owned by a thread: None

heap address: 0x00000000c2a00000, size: 982 MB, Compressed Oops mode: 32-bit
Narrow klass base: 0x0000000000000000, Narrow klass shift: 3
Compressed class space size: 1073741824 Address: 0x0000000100000000

Heap:
 PSYoungGen      total 18432K, used 634K [0x00000000eb900000, 0x00000000ecd80000, 0x0000000100000000)
  eden space 15872K, 4% used [0x00000000eb900000,0x00000000eb99ebc8,0x00000000ec880000)
  from space 2560K, 0% used [0x00000000ecb00000,0x00000000ecb00000,0x00000000ecd80000)
  to   space 2560K, 0% used [0x00000000ec880000,0x00000000ec880000,0x00000000ecb00000)
 ParOldGen       total 42496K, used 0K [0x00000000c2a00000, 0x00000000c5380000, 0x00000000eb900000)
  object space 42496K, 0% used [0x00000000c2a00000,0x00000000c2a00000,0x00000000c5380000)
 Metaspace       used 2176K, capacity 4480K, committed 4480K, reserved 1056768K
  class space    used 240K, capacity 384K, committed 384K, reserved 1048576K

Card table byte_map: [0x00007fac00e7c000,0x00007fac01068000] byte_map_base: 0x00007fac00867000

Marking Bits: (ParMarkBitMap*) 0x00007fac135ead80
 Begin Bits: [0x00007fabfa150000, 0x00007fabfb0a8000)
 End Bits:   [0x00007fabfb0a8000, 0x00007fabfc000000)

Polling page: 0x00007fac1382c000

CodeCache: size=245760Kb used=469Kb max_used=469Kb free=245290Kb
 bounds [0x00007fac01428000, 0x00007fac01698000, 0x00007fac10428000]
 total_blobs=171 nmethods=0 adapters=137
 compilation: disabled (interpreter mode)

Compilation events (0 events):
No events

GC Heap History (0 events):
No events

Deoptimization events (0 events):
No events

Classes redefined (0 events):
No events

Internal exceptions (2 events):
Event: 0.029 Thread 0x000055d9c7e4b000 Exception <a 'java/lang/NoSuchMethodError': Method sun.misc.Unsafe.defineClass(Ljava/lang/String;[BII)Ljava/lang/Class; name or signature does not match> (0x00000000eb907cb8) thrown at [/HUDSON/workspace/8-2-build-linux-amd64/jdk8u221/13320/hotspot/src/sh
Event: 0.029 Thread 0x000055d9c7e4b000 Exception <a 'java/lang/NoSuchMethodError': Method sun.misc.Unsafe.prefetchRead(Ljava/lang/Object;J)V name or signature does not match> (0x00000000eb907fa0) thrown at [/HUDSON/workspace/8-2-build-linux-amd64/jdk8u221/13320/hotspot/src/share/vm/prims/jni.c

Events (10 events):
Event: 0.045 loading class java/lang/invoke/MemberName$Factory done
Event: 0.045 loading class java/lang/invoke/MethodHandleStatics
Event: 0.045 loading class java/lang/invoke/MethodHandleStatics done
Event: 0.045 loading class java/lang/invoke/MethodHandleStatics$1
Event: 0.045 loading class java/lang/invoke/MethodHandleStatics$1 done
Event: 0.046 Thread 0x000055d9c7efa000 Thread added: 0x000055d9c7efa000
Event: 0.046 loading class sun/misc/PostVMInitHook
Event: 0.046 loading class sun/misc/PostVMInitHook done
Event: 0.046 loading class sun/misc/PostVMInitHook$1
Event: 0.046 loading class sun/misc/PostVMInitHook$1 done


Dynamic libraries:
c2a00000-c5380000 rw-p 00000000 00:00 0 
c5380000-eb900000 ---p 00000000 00:00 0 
eb900000-ecd80000 rw-p 00000000 00:00 0 
ecd80000-100000000 ---p 00000000 00:00 0 
100000000-100060000 rw-p 00000000 00:00 0 
100060000-140000000 ---p 00000000 00:00 0 
55d9c62cd000-55d9c62d0000 r-xp 00000000 08:01 27                         /home/wanhui/CallJvm/callJvmThreadpool/cmake-build-debug/main
55d9c64cf000-55d9c64d0000 r--p 00002000 08:01 27                         /home/wanhui/CallJvm/callJvmThreadpool/cmake-build-debug/main
55d9c64d0000-55d9c64d1000 rw-p 00003000 08:01 27                         /home/wanhui/CallJvm/callJvmThreadpool/cmake-build-debug/main
55d9c7e1c000-55d9c7f08000 rw-p 00000000 00:00 0                          [heap]
7fabcc000000-7fabcc021000 rw-p 00000000 00:00 0 
7fabcc021000-7fabd0000000 ---p 00000000 00:00 0 
7fabd4000000-7fabd4021000 rw-p 00000000 00:00 0 
7fabd4021000-7fabd8000000 ---p 00000000 00:00 0 
7fabd8000000-7fabd8021000 rw-p 00000000 00:00 0 
7fabd8021000-7fabdc000000 ---p 00000000 00:00 0 
7fabdc000000-7fabdc021000 rw-p 00000000 00:00 0 
7fabdc021000-7fabe0000000 ---p 00000000 00:00 0 
7fabe0000000-7fabe0021000 rw-p 00000000 00:00 0 
7fabe0021000-7fabe4000000 ---p 00000000 00:00 0 
7fabe4000000-7fabe4021000 rw-p 00000000 00:00 0 
7fabe4021000-7fabe8000000 ---p 00000000 00:00 0 
7fabe8000000-7fabe8021000 rw-p 00000000 00:00 0 
7fabe8021000-7fabec000000 ---p 00000000 00:00 0 
7fabec000000-7fabec021000 rw-p 00000000 00:00 0 
7fabec021000-7fabf0000000 ---p 00000000 00:00 0 
7fabf3eff000-7fabf3f00000 ---p 00000000 00:00 0 
7fabf3f00000-7fabf4000000 rw-p 00000000 00:00 0 
7fabf4000000-7fabf4021000 rw-p 00000000 00:00 0 
7fabf4021000-7fabf8000000 ---p 00000000 00:00 0 
7fabf809e000-7fabf80a1000 ---p 00000000 00:00 0 
7fabf80a1000-7fabf819f000 rw-p 00000000 00:00 0 
7fabf819f000-7fabf81a2000 ---p 00000000 00:00 0 
7fabf81a2000-7fabf82a0000 rw-p 00000000 00:00 0 
7fabf82a0000-7fabf8c6f000 r--p 00000000 08:01 1186501                    /usr/lib/locale/locale-archive
7fabf8c6f000-7fabf8c72000 ---p 00000000 00:00 0 
7fabf8c72000-7fabf8d70000 rw-p 00000000 00:00 0 
7fabf8d70000-7fabf8d73000 ---p 00000000 00:00 0 
7fabf8d73000-7fabf8e71000 rw-p 00000000 00:00 0 
7fabf8e71000-7fabf8e72000 ---p 00000000 00:00 0 
7fabf8e72000-7fabf9f76000 rw-p 00000000 00:00 0 
7fabf9f76000-7fabfa150000 r--s 03d88000 08:01 1324703                    /usr/local/java/jre/lib/rt.jar
7fabfa150000-7fabfc000000 rw-p 00000000 00:00 0 
7fabfc000000-7fabfc021000 rw-p 00000000 00:00 0 
7fabfc021000-7fac00000000 ---p 00000000 00:00 0 
7fac00017000-7fac0048d000 rw-p 00000000 00:00 0 
7fac0048d000-7fac0088d000 ---p 00000000 00:00 0 
7fac0088d000-7fac00a78000 rw-p 00000000 00:00 0 
7fac00a78000-7fac00a79000 ---p 00000000 00:00 0 
7fac00a79000-7fac00b79000 rw-p 00000000 00:00 0 
7fac00b79000-7fac00b7a000 ---p 00000000 00:00 0 
7fac00b7a000-7fac00c7a000 rw-p 00000000 00:00 0 
7fac00c7a000-7fac00c7b000 ---p 00000000 00:00 0 
7fac00c7b000-7fac00d7b000 rw-p 00000000 00:00 0 
7fac00d7b000-7fac00d7c000 ---p 00000000 00:00 0 
7fac00d7c000-7fac00e91000 rw-p 00000000 00:00 0 
7fac00e91000-7fac00fc3000 ---p 00000000 00:00 0 
7fac00fc3000-7fac00fce000 rw-p 00000000 00:00 0 
7fac00fce000-7fac01067000 ---p 00000000 00:00 0 
7fac01067000-7fac01072000 rw-p 00000000 00:00 0 
7fac01072000-7fac01428000 ---p 00000000 00:00 0 
7fac01428000-7fac01698000 rwxp 00000000 00:00 0 
7fac01698000-7fac10428000 ---p 00000000 00:00 0 
7fac10428000-7fac10443000 r-xp 00000000 08:01 1453051                    /usr/local/java/jre/lib/amd64/libzip.so
7fac10443000-7fac10642000 ---p 0001b000 08:01 1453051                    /usr/local/java/jre/lib/amd64/libzip.so
7fac10642000-7fac10643000 r--p 0001a000 08:01 1453051                    /usr/local/java/jre/lib/amd64/libzip.so
7fac10643000-7fac10644000 rw-p 0001b000 08:01 1453051                    /usr/local/java/jre/lib/amd64/libzip.so
7fac10644000-7fac1064f000 r-xp 00000000 08:01 2233846                    /lib/x86_64-linux-gnu/libnss_files-2.27.so
7fac1064f000-7fac1084e000 ---p 0000b000 08:01 2233846                    /lib/x86_64-linux-gnu/libnss_files-2.27.so
7fac1084e000-7fac1084f000 r--p 0000a000 08:01 2233846                    /lib/x86_64-linux-gnu/libnss_files-2.27.so
7fac1084f000-7fac10850000 rw-p 0000b000 08:01 2233846                    /lib/x86_64-linux-gnu/libnss_files-2.27.so
7fac10850000-7fac10856000 rw-p 00000000 00:00 0 
7fac10856000-7fac1086d000 r-xp 00000000 08:01 2233840                    /lib/x86_64-linux-gnu/libnsl-2.27.so
7fac1086d000-7fac10a6c000 ---p 00017000 08:01 2233840                    /lib/x86_64-linux-gnu/libnsl-2.27.so
7fac10a6c000-7fac10a6d000 r--p 00016000 08:01 2233840                    /lib/x86_64-linux-gnu/libnsl-2.27.so
7fac10a6d000-7fac10a6e000 rw-p 00017000 08:01 2233840                    /lib/x86_64-linux-gnu/libnsl-2.27.so
7fac10a6e000-7fac10a70000 rw-p 00000000 00:00 0 
7fac10a70000-7fac10a7b000 r-xp 00000000 08:01 2233857                    /lib/x86_64-linux-gnu/libnss_nis-2.27.so
7fac10a7b000-7fac10c7a000 ---p 0000b000 08:01 2233857                    /lib/x86_64-linux-gnu/libnss_nis-2.27.so
7fac10c7a000-7fac10c7b000 r--p 0000a000 08:01 2233857                    /lib/x86_64-linux-gnu/libnss_nis-2.27.so
7fac10c7b000-7fac10c7c000 rw-p 0000b000 08:01 2233857                    /lib/x86_64-linux-gnu/libnss_nis-2.27.so
7fac10c7c000-7fac10c84000 r-xp 00000000 08:01 2233842                    /lib/x86_64-linux-gnu/libnss_compat-2.27.so
7fac10c84000-7fac10e84000 ---p 00008000 08:01 2233842                    /lib/x86_64-linux-gnu/libnss_compat-2.27.so
7fac10e84000-7fac10e85000 r--p 00008000 08:01 2233842                    /lib/x86_64-linux-gnu/libnss_compat-2.27.so
7fac10e85000-7fac10e86000 rw-p 00009000 08:01 2233842                    /lib/x86_64-linux-gnu/libnss_compat-2.27.so
7fac10e86000-7fac10eb2000 r-xp 00000000 08:01 1453042                    /usr/local/java/jre/lib/amd64/libjava.so
7fac10eb2000-7fac110b2000 ---p 0002c000 08:01 1453042                    /usr/local/java/jre/lib/amd64/libjava.so
7fac110b2000-7fac110b3000 r--p 0002c000 08:01 1453042                    /usr/local/java/jre/lib/amd64/libjava.so
7fac110b3000-7fac110b5000 rw-p 0002d000 08:01 1453042                    /usr/local/java/jre/lib/amd64/libjava.so
7fac110b5000-7fac110c2000 r-xp 00000000 08:01 1453033                    /usr/local/java/jre/lib/amd64/libverify.so
7fac110c2000-7fac112c1000 ---p 0000d000 08:01 1453033                    /usr/local/java/jre/lib/amd64/libverify.so
7fac112c1000-7fac112c3000 r--p 0000c000 08:01 1453033                    /usr/local/java/jre/lib/amd64/libverify.so
7fac112c3000-7fac112c4000 rw-p 0000e000 08:01 1453033                    /usr/local/java/jre/lib/amd64/libverify.so
7fac112c4000-7fac112cb000 r-xp 00000000 08:01 2233897                    /lib/x86_64-linux-gnu/librt-2.27.so
7fac112cb000-7fac114ca000 ---p 00007000 08:01 2233897                    /lib/x86_64-linux-gnu/librt-2.27.so
7fac114ca000-7fac114cb000 r--p 00006000 08:01 2233897                    /lib/x86_64-linux-gnu/librt-2.27.so
7fac114cb000-7fac114cc000 rw-p 00007000 08:01 2233897                    /lib/x86_64-linux-gnu/librt-2.27.so
7fac114cc000-7fac114cf000 r-xp 00000000 08:01 2233779                    /lib/x86_64-linux-gnu/libdl-2.27.so
7fac114cf000-7fac116ce000 ---p 00003000 08:01 2233779                    /lib/x86_64-linux-gnu/libdl-2.27.so
7fac116ce000-7fac116cf000 r--p 00002000 08:01 2233779                    /lib/x86_64-linux-gnu/libdl-2.27.so
7fac116cf000-7fac116d0000 rw-p 00003000 08:01 2233779                    /lib/x86_64-linux-gnu/libdl-2.27.so
7fac116d0000-7fac1186d000 r-xp 00000000 08:01 2233819                    /lib/x86_64-linux-gnu/libm-2.27.so
7fac1186d000-7fac11a6c000 ---p 0019d000 08:01 2233819                    /lib/x86_64-linux-gnu/libm-2.27.so
7fac11a6c000-7fac11a6d000 r--p 0019c000 08:01 2233819                    /lib/x86_64-linux-gnu/libm-2.27.so
7fac11a6d000-7fac11a6e000 rw-p 0019d000 08:01 2233819                    /lib/x86_64-linux-gnu/libm-2.27.so
7fac11a6e000-7fac11c55000 r-xp 00000000 08:01 2233756                    /lib/x86_64-linux-gnu/libc-2.27.so
7fac11c55000-7fac11e55000 ---p 001e7000 08:01 2233756                    /lib/x86_64-linux-gnu/libc-2.27.so
7fac11e55000-7fac11e59000 r--p 001e7000 08:01 2233756                    /lib/x86_64-linux-gnu/libc-2.27.so
7fac11e59000-7fac11e5b000 rw-p 001eb000 08:01 2233756                    /lib/x86_64-linux-gnu/libc-2.27.so
7fac11e5b000-7fac11e5f000 rw-p 00000000 00:00 0 
7fac11e5f000-7fac11e76000 r-xp 00000000 08:01 2233339                    /lib/x86_64-linux-gnu/libgcc_s.so.1
7fac11e76000-7fac12075000 ---p 00017000 08:01 2233339                    /lib/x86_64-linux-gnu/libgcc_s.so.1
7fac12075000-7fac12076000 r--p 00016000 08:01 2233339                    /lib/x86_64-linux-gnu/libgcc_s.so.1
7fac12076000-7fac12077000 rw-p 00017000 08:01 2233339                    /lib/x86_64-linux-gnu/libgcc_s.so.1
7fac12077000-7fac121f0000 r-xp 00000000 08:01 1188276                    /usr/lib/x86_64-linux-gnu/libstdc++.so.6.0.25
7fac121f0000-7fac123f0000 ---p 00179000 08:01 1188276                    /usr/lib/x86_64-linux-gnu/libstdc++.so.6.0.25
7fac123f0000-7fac123fa000 r--p 00179000 08:01 1188276                    /usr/lib/x86_64-linux-gnu/libstdc++.so.6.0.25
7fac123fa000-7fac123fc000 rw-p 00183000 08:01 1188276                    /usr/lib/x86_64-linux-gnu/libstdc++.so.6.0.25
7fac123fc000-7fac12400000 rw-p 00000000 00:00 0 
7fac12400000-7fac1241a000 r-xp 00000000 08:01 2233889                    /lib/x86_64-linux-gnu/libpthread-2.27.so
7fac1241a000-7fac12619000 ---p 0001a000 08:01 2233889                    /lib/x86_64-linux-gnu/libpthread-2.27.so
7fac12619000-7fac1261a000 r--p 00019000 08:01 2233889                    /lib/x86_64-linux-gnu/libpthread-2.27.so
7fac1261a000-7fac1261b000 rw-p 0001a000 08:01 2233889                    /lib/x86_64-linux-gnu/libpthread-2.27.so
7fac1261b000-7fac1261f000 rw-p 00000000 00:00 0 
7fac1261f000-7fac13307000 r-xp 00000000 08:01 1453049                    /usr/local/java/jre/lib/amd64/server/libjvm.so
7fac13307000-7fac13506000 ---p 00ce8000 08:01 1453049                    /usr/local/java/jre/lib/amd64/server/libjvm.so
7fac13506000-7fac1359c000 r--p 00ce7000 08:01 1453049                    /usr/local/java/jre/lib/amd64/server/libjvm.so
7fac1359c000-7fac135cd000 rw-p 00d7d000 08:01 1453049                    /usr/local/java/jre/lib/amd64/server/libjvm.so
7fac135cd000-7fac13608000 rw-p 00000000 00:00 0 
7fac13608000-7fac1362f000 r-xp 00000000 08:01 2233728                    /lib/x86_64-linux-gnu/ld-2.27.so
7fac13635000-7fac136e1000 rw-p 00000000 00:00 0 
7fac136e1000-7fac13814000 ---p 00000000 00:00 0 
7fac13814000-7fac13819000 rw-p 00000000 00:00 0 
7fac13823000-7fac1382b000 rw-s 00000000 08:01 1327340                    /tmp/hsperfdata_wanhui/14438
7fac1382b000-7fac1382c000 rw-p 00000000 00:00 0 
7fac1382c000-7fac1382d000 r--p 00000000 00:00 0 
7fac1382d000-7fac1382f000 rw-p 00000000 00:00 0 
7fac1382f000-7fac13830000 r--p 00027000 08:01 2233728                    /lib/x86_64-linux-gnu/ld-2.27.so
7fac13830000-7fac13831000 rw-p 00028000 08:01 2233728                    /lib/x86_64-linux-gnu/ld-2.27.so
7fac13831000-7fac13832000 rw-p 00000000 00:00 0 
7ffd49945000-7ffd49948000 ---p 00000000 00:00 0 
7ffd49948000-7ffd49a45000 rw-p 00000000 00:00 0                          [stack]
7ffd49bdf000-7ffd49be2000 r--p 00000000 00:00 0                          [vvar]
7ffd49be2000-7ffd49be4000 r-xp 00000000 00:00 0                          [vdso]
ffffffffff600000-ffffffffff601000 r-xp 00000000 00:00 0                  [vsyscall]

VM Arguments:
jvm_args: -Djava.compiler=NONE -verbose:jni 
java_command: <unknown>
java_class_path (initial): .:/home/wanhui/CallJvm/callJvmThreadpool/qin_test1.jar
Launcher Type: generic

Environment Variables:
JAVA_HOME=/usr/local/java
CLASSPATH=/home/wanhui/Downloads/clion-2019.2.1/lib/bootstrap.jar:/home/wanhui/Downloads/clion-2019.2.1/lib/extensions.jar:/home/wanhui/Downloads/clion-2019.2.1/lib/util.jar:/home/wanhui/Downloads/clion-2019.2.1/lib/jdom.jar:/home/wanhui/Downloads/clion-2019.2.1/lib/log4j.jar:/home/wanhui/Downloads/clion-2019.2.1/lib/trove4j.jar:/home/wanhui/Downloads/clion-2019.2.1/lib/jna.jar
PATH=/usr/local/sbin:/usr/local/bin:/usr/sbin:/usr/bin:/sbin:/bin:/snap/bin:/usr/local/redis/redis-4.0.9.tar_files/redis-4.0.9/src:/usr/local/mysql/bin
USERNAME=wanhui
SHELL=/bin/bash
DISPLAY=:0

Signal Handlers:
SIGSEGV: [libjvm.so+0xad3d90], sa_mask[0]=11111111011111111101111111111110, sa_flags=SA_RESTART|SA_SIGINFO
SIGBUS: [libjvm.so+0xad3d90], sa_mask[0]=11111111011111111101111111111110, sa_flags=SA_RESTART|SA_SIGINFO
SIGFPE: [libjvm.so+0x90b8b0], sa_mask[0]=11111111011111111101111111111110, sa_flags=SA_RESTART|SA_SIGINFO
SIGPIPE: [libjvm.so+0x90b8b0], sa_mask[0]=11111111011111111101111111111110, sa_flags=SA_RESTART|SA_SIGINFO
SIGXFSZ: [libjvm.so+0x90b8b0], sa_mask[0]=11111111011111111101111111111110, sa_flags=SA_RESTART|SA_SIGINFO
SIGILL: [libjvm.so+0x90b8b0], sa_mask[0]=11111111011111111101111111111110, sa_flags=SA_RESTART|SA_SIGINFO
SIGUSR1: SIG_DFL, sa_mask[0]=00000000000000000000000000000000, sa_flags=none
SIGUSR2: [libjvm.so+0x90b780], sa_mask[0]=00100000000000000000000000000000, sa_flags=SA_RESTART|SA_SIGINFO
SIGHUP: [libjvm.so+0x90bda0], sa_mask[0]=11111111011111111101111111111110, sa_flags=SA_RESTART|SA_SIGINFO
SIGINT: [libjvm.so+0x90bda0], sa_mask[0]=11111111011111111101111111111110, sa_flags=SA_RESTART|SA_SIGINFO
SIGTERM: [libjvm.so+0x90bda0], sa_mask[0]=11111111011111111101111111111110, sa_flags=SA_RESTART|SA_SIGINFO
SIGQUIT: [libjvm.so+0x90bda0], sa_mask[0]=11111111011111111101111111111110, sa_flags=SA_RESTART|SA_SIGINFO


---------------  S Y S T E M  ---------------

OS:DISTRIB_ID=Ubuntu
DISTRIB_RELEASE=18.04
DISTRIB_CODENAME=bionic
DISTRIB_DESCRIPTION="Ubuntu 18.04.3 LTS"

uname:Linux 4.15.0-66-generic #75-Ubuntu SMP Tue Oct 1 05:24:09 UTC 2019 x86_64
libc:glibc 2.27 NPTL 2.27 
rlimit: STACK 8192k, CORE 0k, NPROC 15513, NOFILE 1048576, AS infinity
load average:0.25 0.28 0.26

/proc/meminfo:
MemTotal:        4015688 kB
MemFree:          153856 kB
MemAvailable:     464092 kB
Buffers:           72308 kB
Cached:           389232 kB
SwapCached:       155792 kB
Active:          2410328 kB
Inactive:         734156 kB
Active(anon):    2155300 kB
Inactive(anon):   544840 kB
Active(file):     255028 kB
Inactive(file):   189316 kB
Unevictable:          16 kB
Mlocked:              16 kB
SwapTotal:       2097148 kB
SwapFree:        1428368 kB
Dirty:              2484 kB
Writeback:             0 kB
AnonPages:       2637712 kB
Mapped:           191544 kB
Shmem:             16980 kB
Slab:             209656 kB
SReclaimable:     141552 kB
SUnreclaim:        68104 kB
KernelStack:       13420 kB
PageTables:        47868 kB
NFS_Unstable:          0 kB
Bounce:                0 kB
WritebackTmp:          0 kB
CommitLimit:     4104992 kB
Committed_AS:    6894544 kB
VmallocTotal:   34359738367 kB
VmallocUsed:           0 kB
VmallocChunk:          0 kB
HardwareCorrupted:     0 kB
AnonHugePages:         0 kB
ShmemHugePages:        0 kB
ShmemPmdMapped:        0 kB
CmaTotal:              0 kB
CmaFree:               0 kB
HugePages_Total:       0
HugePages_Free:        0
HugePages_Rsvd:        0
HugePages_Surp:        0
Hugepagesize:       2048 kB
DirectMap4k:      198464 kB
DirectMap2M:     3995648 kB
DirectMap1G:     2097152 kB

container (cgroup) information:
container_type: cgroupv1
cpu_cpuset_cpus: 0-3
cpu_memory_nodes: 0
active_processor_count: 4
cpu_quota: -1
cpu_period: 100000
cpu_shares: -1
memory_limit_in_bytes: -1
memory_and_swap_limit_in_bytes: -2
memory_soft_limit_in_bytes: -1
memory_usage_in_bytes: 3175104512
memory_max_usage_in_bytes: 41361408


CPU:total 4 (initial active 4) (2 cores per cpu, 1 threads per core) family 6 model 158 stepping 13, cmov, cx8, fxsr, mmx, sse, sse2, sse3, ssse3, sse4.1, sse4.2, popcnt, avx, avx2, aes, clmul, erms, rtm, 3dnowpref, lzcnt, tsc, tscinvbit, bmi1, bmi2, adx

/proc/cpuinfo:
processor	: 0
vendor_id	: GenuineIntel
cpu family	: 6
model		: 158
model name	: Intel(R) Core(TM) i7-9700 CPU @ 3.00GHz
stepping	: 13
microcode	: 0xb4
cpu MHz		: 2999.999
cache size	: 12288 KB
physical id	: 0
siblings	: 2
core id		: 0
cpu cores	: 2
apicid		: 0
initial apicid	: 0
fpu		: yes
fpu_exception	: yes
cpuid level	: 22
wp		: yes
flags		: fpu vme de pse tsc msr pae mce cx8 apic sep mtrr pge mca cmov pat pse36 clflush mmx fxsr sse sse2 ss ht syscall nx pdpe1gb rdtscp lm constant_tsc arch_perfmon nopl xtopology tsc_reliable nonstop_tsc cpuid pni pclmulqdq vmx ssse3 fma cx16 pcid sse4_1 sse4_2 x2apic movbe popcnt tsc_deadline_timer aes xsave avx f16c rdrand hypervisor lahf_lm abm 3dnowprefetch cpuid_fault invpcid_single ssbd ibrs ibpb stibp ibrs_enhanced tpr_shadow vnmi ept vpid fsgsbase tsc_adjust bmi1 hle avx2 smep bmi2 invpcid rtm mpx rdseed adx smap clflushopt xsaveopt xsavec xsaves arat md_clear flush_l1d arch_capabilities
bugs		: spectre_v1 spectre_v2 spec_store_bypass swapgs
bogomips	: 5999.99
clflush size	: 64
cache_alignment	: 64
address sizes	: 43 bits physical, 48 bits virtual
power management:

processor	: 1
vendor_id	: GenuineIntel
cpu family	: 6
model		: 158
model name	: Intel(R) Core(TM) i7-9700 CPU @ 3.00GHz
stepping	: 13
microcode	: 0xb4
cpu MHz		: 2999.999
cache size	: 12288 KB
physical id	: 0
siblings	: 2
core id		: 1
cpu cores	: 2
apicid		: 1
initial apicid	: 1
fpu		: yes
fpu_exception	: yes
cpuid level	: 22
wp		: yes
flags		: fpu vme de pse tsc msr pae mce cx8 apic sep mtrr pge mca cmov pat pse36 clflush mmx fxsr sse sse2 ss ht syscall nx pdpe1gb rdtscp lm constant_tsc arch_perfmon nopl xtopology tsc_reliable nonstop_tsc cpuid pni pclmulqdq vmx ssse3 fma cx16 pcid sse4_1 sse4_2 x2apic movbe popcnt tsc_deadline_timer aes xsave avx f16c rdrand hypervisor lahf_lm abm 3dnowprefetch cpuid_fault invpcid_single ssbd ibrs ibpb stibp ibrs_enhanced tpr_shadow vnmi ept vpid fsgsbase tsc_adjust bmi1 hle avx2 smep bmi2 invpcid rtm mpx rdseed adx smap clflushopt xsaveopt xsavec xsaves arat md_clear flush_l1d arch_capabilities
bugs		: spectre_v1 spectre_v2 spec_store_bypass swapgs
bogomips	: 5999.99
clflush size	: 64
cache_alignment	: 64
address sizes	: 43 bits physical, 48 bits virtual
power management:

processor	: 2
vendor_id	: GenuineIntel
cpu family	: 6
model		: 158
model name	: Intel(R) Core(TM) i7-9700 CPU @ 3.00GHz
stepping	: 13
microcode	: 0xb4
cpu MHz		: 2999.999
cache size	: 12288 KB
physical id	: 1
siblings	: 2
core id		: 0
cpu cores	: 2
apicid		: 2
initial apicid	: 2
fpu		: yes
fpu_exception	: yes
cpuid level	: 22
wp		: yes
flags		: fpu vme de pse tsc msr pae mce cx8 apic sep mtrr pge mca cmov pat pse36 clflush mmx fxsr sse sse2 ss ht syscall nx pdpe1gb rdtscp lm constant_tsc arch_perfmon nopl xtopology tsc_reliable nonstop_tsc cpuid pni pclmulqdq vmx ssse3 fma cx16 pcid sse4_1 sse4_2 x2apic movbe popcnt tsc_deadline_timer aes xsave avx f16c rdrand hypervisor lahf_lm abm 3dnowprefetch cpuid_fault invpcid_single ssbd ibrs ibpb stibp ibrs_enhanced tpr_shadow vnmi ept vpid fsgsbase tsc_adjust bmi1 hle avx2 smep bmi2 invpcid rtm mpx rdseed adx smap clflushopt xsaveopt xsavec xsaves arat md_clear flush_l1d arch_capabilities
bugs		: spectre_v1 spectre_v2 spec_store_bypass swapgs
bogomips	: 5999.99
clflush size	: 64
cache_alignment	: 64
address sizes	: 43 bits physical, 48 bits virtual
power management:

processor	: 3
vendor_id	: GenuineIntel
cpu family	: 6
model		: 158
model name	: Intel(R) Core(TM) i7-9700 CPU @ 3.00GHz
stepping	: 13
microcode	: 0xb4
cpu MHz		: 2999.999
cache size	: 12288 KB
physical id	: 1
siblings	: 2
core id		: 1
cpu cores	: 2
apicid		: 3
initial apicid	: 3
fpu		: yes
fpu_exception	: yes
cpuid level	: 22
wp		: yes
flags		: fpu vme de pse tsc msr pae mce cx8 apic sep mtrr pge mca cmov pat pse36 clflush mmx fxsr sse sse2 ss ht syscall nx pdpe1gb rdtscp lm constant_tsc arch_perfmon nopl xtopology tsc_reliable nonstop_tsc cpuid pni pclmulqdq vmx ssse3 fma cx16 pcid sse4_1 sse4_2 x2apic movbe popcnt tsc_deadline_timer aes xsave avx f16c rdrand hypervisor lahf_lm abm 3dnowprefetch cpuid_fault invpcid_single ssbd ibrs ibpb stibp ibrs_enhanced tpr_shadow vnmi ept vpid fsgsbase tsc_adjust bmi1 hle avx2 smep bmi2 invpcid rtm mpx rdseed adx smap clflushopt xsaveopt xsavec xsaves arat md_clear flush_l1d arch_capabilities
bugs		: spectre_v1 spectre_v2 spec_store_bypass swapgs
bogomips	: 5999.99
clflush size	: 64
cache_alignment	: 64
address sizes	: 43 bits physical, 48 bits virtual
power management:



Memory: 4k page, physical 4015688k(153696k free), swap 2097148k(1428368k free)

vm_info: Java HotSpot(TM) 64-Bit Server VM (25.221-b11) for linux-amd64 JRE (1.8.0_221-b11), built on Jul  4 2019 04:27:00 by "java_re" with gcc 7.3.0

time: Mon Nov  4 19:55:06 2019
timezone: CST
elapsed time: 0 seconds (0d 0h 0m 0s)

