#
# A fatal error has been detected by the Java Runtime Environment:
#
#  SIGSEGV (0xb) at pc=0x00005610653c7e65, pid=12468, tid=0x00007fb013fff700
#
# JRE version: Java(TM) SE Runtime Environment (8.0_221-b11) (build 1.8.0_221-b11)
# Java VM: Java HotSpot(TM) 64-Bit Server VM (25.221-b11 interpreted mode linux-amd64 compressed oops)
# Problematic frame:
# C  [main+0x1e65]  handle_stream(void*)+0x115
#
# Failed to write core dump. Core dumps have been disabled. To enable core dumping, try "ulimit -c unlimited" before starting Java again
#
# If you would like to submit a bug report, please visit:
#   http://bugreport.java.com/bugreport/crash.jsp
#

---------------  T H R E A D  ---------------

Current thread is native thread

siginfo: si_signo: 11 (SIGSEGV), si_code: 1 (SEGV_MAPERR), si_addr: 0x0000000000000000

Registers:
RAX=0x0000000000000000, RBX=0x00007fb013ffea8e, RCX=0x00007fb035061384, RDX=0x00007fb034aaba68
RSP=0x00007fb013ffea60, RBP=0x00007fb0361fc3e0, RSI=0x00007fb013ffea8e, RDI=0x00007fb013ffeab0
R8 =0x0000000000000000, R9 =0x0000000000000000, R10=0x0000000000000000, R11=0x0000000000000000
R12=0x0000000000000005, R13=0x00007fb013ffeab0, R14=0x0000000000000000, R15=0x00007fff23281f80
RIP=0x00005610653c7e65, EFLAGS=0x0000000000010246, CSGSFS=0x002b000000000033, ERR=0x0000000000000004
  TRAPNO=0x000000000000000e

Top of Stack: (sp=0x00007fb013ffea60)
0x00007fb013ffea60:   0000000000000000 0000000000000000
0x00007fb013ffea70:   0000000000000000 0000000000000000
0x00007fb013ffea80:   0000000000000000 0024000000000000
0x00007fb013ffea90:   7266206f6c6c6548 6576726573206d6f
0x00007fb013ffeaa0:   0000000000000072 0000000000000000
0x00007fb013ffeab0:   0000000000000000 0000000000000000
0x00007fb013ffeac0:   0000000000000000 0000000000000000
0x00007fb013ffead0:   0000000000000000 0000000000000000
0x00007fb013ffeae0:   0000000000000000 0000000000000000
0x00007fb013ffeaf0:   0000000000000000 0000000000000000
0x00007fb013ffeb00:   0000000000000000 0000000000000000
0x00007fb013ffeb10:   0000000000000000 0000000000000000
0x00007fb013ffeb20:   0000000000000000 0000000000000000
0x00007fb013ffeb30:   0000000000000000 0000000000000000
0x00007fb013ffeb40:   0000000000000000 0000000000000000
0x00007fb013ffeb50:   0000000000000000 0000000000000000
0x00007fb013ffeb60:   0000000000000000 0000000000000000
0x00007fb013ffeb70:   0000000000000000 0000000000000000
0x00007fb013ffeb80:   0000000000000000 0000000000000000
0x00007fb013ffeb90:   0000000000000000 0000000000000000
0x00007fb013ffeba0:   0000000000000000 0000000000000000
0x00007fb013ffebb0:   0000000000000000 0000000000000000
0x00007fb013ffebc0:   0000000000000000 0000000000000000
0x00007fb013ffebd0:   0000000000000000 0000000000000000
0x00007fb013ffebe0:   0000000000000000 0000000000000000
0x00007fb013ffebf0:   0000000000000000 0000000000000000
0x00007fb013ffec00:   0000000000000000 0000000000000000
0x00007fb013ffec10:   0000000000000000 0000000000000000
0x00007fb013ffec20:   0000000000000000 0000000000000000
0x00007fb013ffec30:   0000000000000000 0000000000000000
0x00007fb013ffec40:   0000000000000000 0000000000000000
0x00007fb013ffec50:   0000000000000000 0000000000000000 

Instructions: (pc=0x00005610653c7e65)
0x00005610653c7e45:   8b 74 24 18 48 3b 74 24 20 75 d0 4c 89 ea 4c 89
0x00005610653c7e55:   f7 e8 75 02 00 00 eb d4 0f 1f 00 48 8b 44 24 10
0x00005610653c7e65:   48 8b 18 4c 8b 68 08 48 89 df e8 cc f3 ff ff 4c
0x00005610653c7e75:   89 ef e8 c4 f3 ff ff 48 8d 35 25 05 00 00 bf 01 

Register to memory mapping:

RAX=0x0000000000000000 is an unknown value
RBX=0x00007fb013ffea8e is an unknown value
RCX=0x00007fb035061384: read+0x44 in /lib/x86_64-linux-gnu/libpthread.so.0 at 0x00007fb035050000
RDX=0x00007fb034aaba68: <offset 0x3eda68> in /lib/x86_64-linux-gnu/libc.so.6 at 0x00007fb0346be000
RSP=0x00007fb013ffea60 is an unknown value
RBP=0x00007fb0361fc3e0: <offset 0xf8d3e0> in /usr/local/java/jre/lib/amd64/server/libjvm.so at 0x00007fb03526f000
RSI=0x00007fb013ffea8e is an unknown value
RDI=0x00007fb013ffeab0 is an unknown value
R8 =0x0000000000000000 is an unknown value
R9 =0x0000000000000000 is an unknown value
R10=0x0000000000000000 is an unknown value
R11=0x0000000000000000 is an unknown value
R12=0x0000000000000005 is an unknown value
R13=0x00007fb013ffeab0 is an unknown value
R14=0x0000000000000000 is an unknown value
R15=0x00007fff23281f80 is pointing into the stack for thread: 0x0000561065ea4000


Stack: [0x00007fb013800000,0x00007fb014000000],  sp=0x00007fb013ffea60,  free space=8186k
Native frames: (J=compiled Java code, j=interpreted, Vv=VM code, C=native code)
C  [main+0x1e65]  handle_stream(void*)+0x115


---------------  P R O C E S S  ---------------

VM state:not at safepoint (normal execution)

VM Mutex/Monitor currently owned by a thread: None

heap address: 0x00000000c2a00000, size: 982 MB, Compressed Oops mode: 32-bit
Narrow klass base: 0x0000000000000000, Narrow klass shift: 3
Compressed class space size: 1073741824 Address: 0x0000000100000000

Heap:
 PSYoungGen      total 18432K, used 952K [0x00000000eb900000, 0x00000000ecd80000, 0x0000000100000000)
  eden space 15872K, 6% used [0x00000000eb900000,0x00000000eb9ee300,0x00000000ec880000)
  from space 2560K, 0% used [0x00000000ecb00000,0x00000000ecb00000,0x00000000ecd80000)
  to   space 2560K, 0% used [0x00000000ec880000,0x00000000ec880000,0x00000000ecb00000)
 ParOldGen       total 42496K, used 0K [0x00000000c2a00000, 0x00000000c5380000, 0x00000000eb900000)
  object space 42496K, 0% used [0x00000000c2a00000,0x00000000c2a00000,0x00000000c5380000)
 Metaspace       used 2564K, capacity 4486K, committed 4864K, reserved 1056768K
  class space    used 281K, capacity 386K, committed 512K, reserved 1048576K

Card table byte_map: [0x00007fb023acc000,0x00007fb023cb8000] byte_map_base: 0x00007fb0234b7000

Marking Bits: (ParMarkBitMap*) 0x00007fb03623ad80
 Begin Bits: [0x00007fb021818000, 0x00007fb022770000)
 End Bits:   [0x00007fb022770000, 0x00007fb0236c8000)

Polling page: 0x00007fb03647c000

CodeCache: size=245760Kb used=473Kb max_used=473Kb free=245286Kb
 bounds [0x00007fb024078000, 0x00007fb0242e8000, 0x00007fb033078000]
 total_blobs=179 nmethods=0 adapters=145
 compilation: disabled (interpreter mode)

Compilation events (0 events):
No events

GC Heap History (0 events):
No events

Deoptimization events (0 events):
No events

Classes redefined (0 events):
No events

Internal exceptions (2 events):
Event: 0.022 Thread 0x0000561065ea4000 Exception <a 'java/lang/NoSuchMethodError': Method sun.misc.Unsafe.defineClass(Ljava/lang/String;[BII)Ljava/lang/Class; name or signature does not match> (0x00000000eb907cb8) thrown at [/HUDSON/workspace/8-2-build-linux-amd64/jdk8u221/13320/hotspot/src/sh
Event: 0.022 Thread 0x0000561065ea4000 Exception <a 'java/lang/NoSuchMethodError': Method sun.misc.Unsafe.prefetchRead(Ljava/lang/Object;J)V name or signature does not match> (0x00000000eb907fa0) thrown at [/HUDSON/workspace/8-2-build-linux-amd64/jdk8u221/13320/hotspot/src/share/vm/prims/jni.c

Events (10 events):
Event: 3.126 loading class java/io/FilePermission$1 done
Event: 3.127 loading class java/io/FilePermissionCollection
Event: 3.127 loading class java/io/FilePermissionCollection done
Event: 3.127 loading class java/security/AllPermission
Event: 3.127 loading class java/security/AllPermission done
Event: 3.127 loading class java/security/UnresolvedPermission
Event: 3.128 loading class java/security/UnresolvedPermission done
Event: 3.128 loading class java/security/BasicPermissionCollection
Event: 3.128 loading class java/security/BasicPermissionCollection done
Event: 3.129 Thread 0x00007faff0001000 Thread exited: 0x00007faff0001000


Dynamic libraries:
c2a00000-c5380000 rw-p 00000000 00:00 0 
c5380000-eb900000 ---p 00000000 00:00 0 
eb900000-ecd80000 rw-p 00000000 00:00 0 
ecd80000-100000000 ---p 00000000 00:00 0 
100000000-100080000 rw-p 00000000 00:00 0 
100080000-140000000 ---p 00000000 00:00 0 
5610653c6000-5610653c9000 r-xp 00000000 08:01 70                         /home/wanhui/CallJvm/callJvmThreadpool/cmake-build-debug/main
5610655c8000-5610655c9000 r--p 00002000 08:01 70                         /home/wanhui/CallJvm/callJvmThreadpool/cmake-build-debug/main
5610655c9000-5610655ca000 rw-p 00003000 08:01 70                         /home/wanhui/CallJvm/callJvmThreadpool/cmake-build-debug/main
561065e75000-561065fa3000 rw-p 00000000 00:00 0                          [heap]
7fafe4000000-7fafe4021000 rw-p 00000000 00:00 0 
7fafe4021000-7fafe8000000 ---p 00000000 00:00 0 
7fafec000000-7fafec021000 rw-p 00000000 00:00 0 
7fafec021000-7faff0000000 ---p 00000000 00:00 0 
7faff0000000-7faff0036000 rw-p 00000000 00:00 0 
7faff0036000-7faff4000000 ---p 00000000 00:00 0 
7faff4000000-7faff4021000 rw-p 00000000 00:00 0 
7faff4021000-7faff8000000 ---p 00000000 00:00 0 
7faff8000000-7faff8021000 rw-p 00000000 00:00 0 
7faff8021000-7faffc000000 ---p 00000000 00:00 0 
7faffc000000-7faffc021000 rw-p 00000000 00:00 0 
7faffc021000-7fb000000000 ---p 00000000 00:00 0 
7fb000000000-7fb000021000 rw-p 00000000 00:00 0 
7fb000021000-7fb004000000 ---p 00000000 00:00 0 
7fb004000000-7fb004021000 rw-p 00000000 00:00 0 
7fb004021000-7fb008000000 ---p 00000000 00:00 0 
7fb008000000-7fb008021000 rw-p 00000000 00:00 0 
7fb008021000-7fb00c000000 ---p 00000000 00:00 0 
7fb00c000000-7fb00c021000 rw-p 00000000 00:00 0 
7fb00c021000-7fb010000000 ---p 00000000 00:00 0 
7fb012ffe000-7fb012fff000 ---p 00000000 00:00 0 
7fb012fff000-7fb0137ff000 rw-p 00000000 00:00 0 
7fb0137ff000-7fb013800000 ---p 00000000 00:00 0 
7fb013800000-7fb014000000 rw-p 00000000 00:00 0 
7fb014000000-7fb014021000 rw-p 00000000 00:00 0 
7fb014021000-7fb018000000 ---p 00000000 00:00 0 
7fb01862c000-7fb01862d000 ---p 00000000 00:00 0 
7fb01862d000-7fb01926d000 rw-p 00000000 00:00 0 
7fb01926d000-7fb01962d000 ---p 00000000 00:00 0 
7fb019b2b000-7fb019b2c000 ---p 00000000 00:00 0 
7fb019b2c000-7fb01a32c000 rw-p 00000000 00:00 0 
7fb01a32c000-7fb01a32d000 ---p 00000000 00:00 0 
7fb01a32d000-7fb01ab2d000 rw-p 00000000 00:00 0 
7fb01ab2d000-7fb01ab2e000 ---p 00000000 00:00 0 
7fb01ab2e000-7fb01ab31000 ---p 00000000 00:00 0 
7fb01ab31000-7fb01b32e000 rw-p 00000000 00:00 0 
7fb01b32e000-7fb01b32f000 ---p 00000000 00:00 0 
7fb01b32f000-7fb01b42f000 rw-p 00000000 00:00 0 
7fb01b42f000-7fb01b432000 ---p 00000000 00:00 0 
7fb01b432000-7fb01b530000 rw-p 00000000 00:00 0 
7fb01b530000-7fb01b533000 ---p 00000000 00:00 0 
7fb01b533000-7fb01b631000 rw-p 00000000 00:00 0 
7fb01b631000-7fb01c000000 r--p 00000000 08:01 1186501                    /usr/lib/locale/locale-archive
7fb01c000000-7fb01c021000 rw-p 00000000 00:00 0 
7fb01c021000-7fb020000000 ---p 00000000 00:00 0 
7fb0200d6000-7fb0200d9000 ---p 00000000 00:00 0 
7fb0200d9000-7fb0201d7000 rw-p 00000000 00:00 0 
7fb0201d7000-7fb0201da000 ---p 00000000 00:00 0 
7fb0201da000-7fb0202d8000 rw-p 00000000 00:00 0 
7fb0202d8000-7fb0202d9000 ---p 00000000 00:00 0 
7fb0202d9000-7fb0213dd000 rw-p 00000000 00:00 0 
7fb0213dd000-7fb0215b7000 r--s 03d88000 08:01 1324703                    /usr/local/java/jre/lib/rt.jar
7fb0215b7000-7fb0236c8000 rw-p 00000000 00:00 0 
7fb0236c8000-7fb0236c9000 ---p 00000000 00:00 0 
7fb0236c9000-7fb0237c9000 rw-p 00000000 00:00 0 
7fb0237c9000-7fb0237ca000 ---p 00000000 00:00 0 
7fb0237ca000-7fb0238ca000 rw-p 00000000 00:00 0 
7fb0238ca000-7fb0238cb000 ---p 00000000 00:00 0 
7fb0238cb000-7fb0239cb000 rw-p 00000000 00:00 0 
7fb0239cb000-7fb0239cc000 ---p 00000000 00:00 0 
7fb0239cc000-7fb023ae1000 rw-p 00000000 00:00 0 
7fb023ae1000-7fb023c13000 ---p 00000000 00:00 0 
7fb023c13000-7fb023c1e000 rw-p 00000000 00:00 0 
7fb023c1e000-7fb023cb7000 ---p 00000000 00:00 0 
7fb023cb7000-7fb023cc2000 rw-p 00000000 00:00 0 
7fb023cc2000-7fb024078000 ---p 00000000 00:00 0 
7fb024078000-7fb0242e8000 rwxp 00000000 00:00 0 
7fb0242e8000-7fb033078000 ---p 00000000 00:00 0 
7fb033078000-7fb033093000 r-xp 00000000 08:01 1453051                    /usr/local/java/jre/lib/amd64/libzip.so
7fb033093000-7fb033292000 ---p 0001b000 08:01 1453051                    /usr/local/java/jre/lib/amd64/libzip.so
7fb033292000-7fb033293000 r--p 0001a000 08:01 1453051                    /usr/local/java/jre/lib/amd64/libzip.so
7fb033293000-7fb033294000 rw-p 0001b000 08:01 1453051                    /usr/local/java/jre/lib/amd64/libzip.so
7fb033294000-7fb03329f000 r-xp 00000000 08:01 2233846                    /lib/x86_64-linux-gnu/libnss_files-2.27.so
7fb03329f000-7fb03349e000 ---p 0000b000 08:01 2233846                    /lib/x86_64-linux-gnu/libnss_files-2.27.so
7fb03349e000-7fb03349f000 r--p 0000a000 08:01 2233846                    /lib/x86_64-linux-gnu/libnss_files-2.27.so
7fb03349f000-7fb0334a0000 rw-p 0000b000 08:01 2233846                    /lib/x86_64-linux-gnu/libnss_files-2.27.so
7fb0334a0000-7fb0334a6000 rw-p 00000000 00:00 0 
7fb0334a6000-7fb0334bd000 r-xp 00000000 08:01 2233840                    /lib/x86_64-linux-gnu/libnsl-2.27.so
7fb0334bd000-7fb0336bc000 ---p 00017000 08:01 2233840                    /lib/x86_64-linux-gnu/libnsl-2.27.so
7fb0336bc000-7fb0336bd000 r--p 00016000 08:01 2233840                    /lib/x86_64-linux-gnu/libnsl-2.27.so
7fb0336bd000-7fb0336be000 rw-p 00017000 08:01 2233840                    /lib/x86_64-linux-gnu/libnsl-2.27.so
7fb0336be000-7fb0336c0000 rw-p 00000000 00:00 0 
7fb0336c0000-7fb0336cb000 r-xp 00000000 08:01 2233857                    /lib/x86_64-linux-gnu/libnss_nis-2.27.so
7fb0336cb000-7fb0338ca000 ---p 0000b000 08:01 2233857                    /lib/x86_64-linux-gnu/libnss_nis-2.27.so
7fb0338ca000-7fb0338cb000 r--p 0000a000 08:01 2233857                    /lib/x86_64-linux-gnu/libnss_nis-2.27.so
7fb0338cb000-7fb0338cc000 rw-p 0000b000 08:01 2233857                    /lib/x86_64-linux-gnu/libnss_nis-2.27.so
7fb0338cc000-7fb0338d4000 r-xp 00000000 08:01 2233842                    /lib/x86_64-linux-gnu/libnss_compat-2.27.so
7fb0338d4000-7fb033ad4000 ---p 00008000 08:01 2233842                    /lib/x86_64-linux-gnu/libnss_compat-2.27.so
7fb033ad4000-7fb033ad5000 r--p 00008000 08:01 2233842                    /lib/x86_64-linux-gnu/libnss_compat-2.27.so
7fb033ad5000-7fb033ad6000 rw-p 00009000 08:01 2233842                    /lib/x86_64-linux-gnu/libnss_compat-2.27.so
7fb033ad6000-7fb033b02000 r-xp 00000000 08:01 1453042                    /usr/local/java/jre/lib/amd64/libjava.so
7fb033b02000-7fb033d02000 ---p 0002c000 08:01 1453042                    /usr/local/java/jre/lib/amd64/libjava.so
7fb033d02000-7fb033d03000 r--p 0002c000 08:01 1453042                    /usr/local/java/jre/lib/amd64/libjava.so
7fb033d03000-7fb033d05000 rw-p 0002d000 08:01 1453042                    /usr/local/java/jre/lib/amd64/libjava.so
7fb033d05000-7fb033d12000 r-xp 00000000 08:01 1453033                    /usr/local/java/jre/lib/amd64/libverify.so
7fb033d12000-7fb033f11000 ---p 0000d000 08:01 1453033                    /usr/local/java/jre/lib/amd64/libverify.so
7fb033f11000-7fb033f13000 r--p 0000c000 08:01 1453033                    /usr/local/java/jre/lib/amd64/libverify.so
7fb033f13000-7fb033f14000 rw-p 0000e000 08:01 1453033                    /usr/local/java/jre/lib/amd64/libverify.so
7fb033f14000-7fb033f1b000 r-xp 00000000 08:01 2233897                    /lib/x86_64-linux-gnu/librt-2.27.so
7fb033f1b000-7fb03411a000 ---p 00007000 08:01 2233897                    /lib/x86_64-linux-gnu/librt-2.27.so
7fb03411a000-7fb03411b000 r--p 00006000 08:01 2233897                    /lib/x86_64-linux-gnu/librt-2.27.so
7fb03411b000-7fb03411c000 rw-p 00007000 08:01 2233897                    /lib/x86_64-linux-gnu/librt-2.27.so
7fb03411c000-7fb03411f000 r-xp 00000000 08:01 2233779                    /lib/x86_64-linux-gnu/libdl-2.27.so
7fb03411f000-7fb03431e000 ---p 00003000 08:01 2233779                    /lib/x86_64-linux-gnu/libdl-2.27.so
7fb03431e000-7fb03431f000 r--p 00002000 08:01 2233779                    /lib/x86_64-linux-gnu/libdl-2.27.so
7fb03431f000-7fb034320000 rw-p 00003000 08:01 2233779                    /lib/x86_64-linux-gnu/libdl-2.27.so
7fb034320000-7fb0344bd000 r-xp 00000000 08:01 2233819                    /lib/x86_64-linux-gnu/libm-2.27.so
7fb0344bd000-7fb0346bc000 ---p 0019d000 08:01 2233819                    /lib/x86_64-linux-gnu/libm-2.27.so
7fb0346bc000-7fb0346bd000 r--p 0019c000 08:01 2233819                    /lib/x86_64-linux-gnu/libm-2.27.so
7fb0346bd000-7fb0346be000 rw-p 0019d000 08:01 2233819                    /lib/x86_64-linux-gnu/libm-2.27.so
7fb0346be000-7fb0348a5000 r-xp 00000000 08:01 2233756                    /lib/x86_64-linux-gnu/libc-2.27.so
7fb0348a5000-7fb034aa5000 ---p 001e7000 08:01 2233756                    /lib/x86_64-linux-gnu/libc-2.27.so
7fb034aa5000-7fb034aa9000 r--p 001e7000 08:01 2233756                    /lib/x86_64-linux-gnu/libc-2.27.so
7fb034aa9000-7fb034aab000 rw-p 001eb000 08:01 2233756                    /lib/x86_64-linux-gnu/libc-2.27.so
7fb034aab000-7fb034aaf000 rw-p 00000000 00:00 0 
7fb034aaf000-7fb034ac6000 r-xp 00000000 08:01 2233339                    /lib/x86_64-linux-gnu/libgcc_s.so.1
7fb034ac6000-7fb034cc5000 ---p 00017000 08:01 2233339                    /lib/x86_64-linux-gnu/libgcc_s.so.1
7fb034cc5000-7fb034cc6000 r--p 00016000 08:01 2233339                    /lib/x86_64-linux-gnu/libgcc_s.so.1
7fb034cc6000-7fb034cc7000 rw-p 00017000 08:01 2233339                    /lib/x86_64-linux-gnu/libgcc_s.so.1
7fb034cc7000-7fb034e40000 r-xp 00000000 08:01 1188276                    /usr/lib/x86_64-linux-gnu/libstdc++.so.6.0.25
7fb034e40000-7fb035040000 ---p 00179000 08:01 1188276                    /usr/lib/x86_64-linux-gnu/libstdc++.so.6.0.25
7fb035040000-7fb03504a000 r--p 00179000 08:01 1188276                    /usr/lib/x86_64-linux-gnu/libstdc++.so.6.0.25
7fb03504a000-7fb03504c000 rw-p 00183000 08:01 1188276                    /usr/lib/x86_64-linux-gnu/libstdc++.so.6.0.25
7fb03504c000-7fb035050000 rw-p 00000000 00:00 0 
7fb035050000-7fb03506a000 r-xp 00000000 08:01 2233889                    /lib/x86_64-linux-gnu/libpthread-2.27.so
7fb03506a000-7fb035269000 ---p 0001a000 08:01 2233889                    /lib/x86_64-linux-gnu/libpthread-2.27.so
7fb035269000-7fb03526a000 r--p 00019000 08:01 2233889                    /lib/x86_64-linux-gnu/libpthread-2.27.so
7fb03526a000-7fb03526b000 rw-p 0001a000 08:01 2233889                    /lib/x86_64-linux-gnu/libpthread-2.27.so
7fb03526b000-7fb03526f000 rw-p 00000000 00:00 0 
7fb03526f000-7fb035f57000 r-xp 00000000 08:01 1453049                    /usr/local/java/jre/lib/amd64/server/libjvm.so
7fb035f57000-7fb036156000 ---p 00ce8000 08:01 1453049                    /usr/local/java/jre/lib/amd64/server/libjvm.so
7fb036156000-7fb0361ec000 r--p 00ce7000 08:01 1453049                    /usr/local/java/jre/lib/amd64/server/libjvm.so
7fb0361ec000-7fb03621d000 rw-p 00d7d000 08:01 1453049                    /usr/local/java/jre/lib/amd64/server/libjvm.so
7fb03621d000-7fb036258000 rw-p 00000000 00:00 0 
7fb036258000-7fb03627f000 r-xp 00000000 08:01 2233728                    /lib/x86_64-linux-gnu/ld-2.27.so
7fb036285000-7fb036331000 rw-p 00000000 00:00 0 
7fb036331000-7fb036464000 ---p 00000000 00:00 0 
7fb036464000-7fb036469000 rw-p 00000000 00:00 0 
7fb036472000-7fb036473000 r--s 00000000 08:01 7072                       /home/wanhui/CallJvm/callJvmThreadpool/qin_test1.jar
7fb036473000-7fb03647b000 rw-s 00000000 08:01 1327340                    /tmp/hsperfdata_wanhui/12468
7fb03647b000-7fb03647c000 rw-p 00000000 00:00 0 
7fb03647c000-7fb03647d000 r--p 00000000 00:00 0 
7fb03647d000-7fb03647f000 rw-p 00000000 00:00 0 
7fb03647f000-7fb036480000 r--p 00027000 08:01 2233728                    /lib/x86_64-linux-gnu/ld-2.27.so
7fb036480000-7fb036481000 rw-p 00028000 08:01 2233728                    /lib/x86_64-linux-gnu/ld-2.27.so
7fb036481000-7fb036482000 rw-p 00000000 00:00 0 
7fff23184000-7fff23187000 ---p 00000000 00:00 0 
7fff23187000-7fff23284000 rw-p 00000000 00:00 0                          [stack]
7fff23343000-7fff23346000 r--p 00000000 00:00 0                          [vvar]
7fff23346000-7fff23348000 r-xp 00000000 00:00 0                          [vdso]
ffffffffff600000-ffffffffff601000 r-xp 00000000 00:00 0                  [vsyscall]

VM Arguments:
jvm_args: -Djava.compiler=NONE -verbose:jni 
java_command: <unknown>
java_class_path (initial): .:/home/wanhui/CallJvm/callJvmThreadpool/qin_test1.jar
Launcher Type: generic

Environment Variables:
JAVA_HOME=/usr/local/java
CLASSPATH=/home/wanhui/Downloads/clion-2019.2.1/lib/bootstrap.jar:/home/wanhui/Downloads/clion-2019.2.1/lib/extensions.jar:/home/wanhui/Downloads/clion-2019.2.1/lib/util.jar:/home/wanhui/Downloads/clion-2019.2.1/lib/jdom.jar:/home/wanhui/Downloads/clion-2019.2.1/lib/log4j.jar:/home/wanhui/Downloads/clion-2019.2.1/lib/trove4j.jar:/home/wanhui/Downloads/clion-2019.2.1/lib/jna.jar
PATH=/usr/local/sbin:/usr/local/bin:/usr/sbin:/usr/bin:/sbin:/bin:/snap/bin:/usr/local/redis/redis-4.0.9.tar_files/redis-4.0.9/src:/usr/local/mysql/bin
USERNAME=wanhui
SHELL=/bin/bash
DISPLAY=:0

Signal Handlers:
SIGSEGV: [libjvm.so+0xad3d90], sa_mask[0]=11111111011111111101111111111110, sa_flags=SA_RESTART|SA_SIGINFO
SIGBUS: [libjvm.so+0xad3d90], sa_mask[0]=11111111011111111101111111111110, sa_flags=SA_RESTART|SA_SIGINFO
SIGFPE: [libjvm.so+0x90b8b0], sa_mask[0]=11111111011111111101111111111110, sa_flags=SA_RESTART|SA_SIGINFO
SIGPIPE: [libjvm.so+0x90b8b0], sa_mask[0]=11111111011111111101111111111110, sa_flags=SA_RESTART|SA_SIGINFO
SIGXFSZ: [libjvm.so+0x90b8b0], sa_mask[0]=11111111011111111101111111111110, sa_flags=SA_RESTART|SA_SIGINFO
SIGILL: [libjvm.so+0x90b8b0], sa_mask[0]=11111111011111111101111111111110, sa_flags=SA_RESTART|SA_SIGINFO
SIGUSR1: SIG_DFL, sa_mask[0]=00000000000000000000000000000000, sa_flags=none
SIGUSR2: [libjvm.so+0x90b780], sa_mask[0]=00100000000000000000000000000000, sa_flags=SA_RESTART|SA_SIGINFO
SIGHUP: [libjvm.so+0x90bda0], sa_mask[0]=11111111011111111101111111111110, sa_flags=SA_RESTART|SA_SIGINFO
SIGINT: [libjvm.so+0x90bda0], sa_mask[0]=11111111011111111101111111111110, sa_flags=SA_RESTART|SA_SIGINFO
SIGTERM: [libjvm.so+0x90bda0], sa_mask[0]=11111111011111111101111111111110, sa_flags=SA_RESTART|SA_SIGINFO
SIGQUIT: [libjvm.so+0x90bda0], sa_mask[0]=11111111011111111101111111111110, sa_flags=SA_RESTART|SA_SIGINFO


---------------  S Y S T E M  ---------------

OS:DISTRIB_ID=Ubuntu
DISTRIB_RELEASE=18.04
DISTRIB_CODENAME=bionic
DISTRIB_DESCRIPTION="Ubuntu 18.04.3 LTS"

uname:Linux 4.15.0-66-generic #75-Ubuntu SMP Tue Oct 1 05:24:09 UTC 2019 x86_64
libc:glibc 2.27 NPTL 2.27 
rlimit: STACK 8192k, CORE 0k, NPROC 15513, NOFILE 1048576, AS infinity
load average:0.17 0.20 0.14

/proc/meminfo:
MemTotal:        4015688 kB
MemFree:          184268 kB
MemAvailable:     905156 kB
Buffers:          225184 kB
Cached:           645240 kB
SwapCached:       156804 kB
Active:          2149672 kB
Inactive:         956220 kB
Active(anon):    1758392 kB
Inactive(anon):   494140 kB
Active(file):     391280 kB
Inactive(file):   462080 kB
Unevictable:          16 kB
Mlocked:              16 kB
SwapTotal:       2097148 kB
SwapFree:        1427344 kB
Dirty:              1184 kB
Writeback:             0 kB
AnonPages:       2190380 kB
Mapped:           195652 kB
Shmem:             16980 kB
Slab:             213052 kB
SReclaimable:     144520 kB
SUnreclaim:        68532 kB
KernelStack:       13584 kB
PageTables:        47116 kB
NFS_Unstable:          0 kB
Bounce:                0 kB
WritebackTmp:          0 kB
CommitLimit:     4104992 kB
Committed_AS:    6513164 kB
VmallocTotal:   34359738367 kB
VmallocUsed:           0 kB
VmallocChunk:          0 kB
HardwareCorrupted:     0 kB
AnonHugePages:         0 kB
ShmemHugePages:        0 kB
ShmemPmdMapped:        0 kB
CmaTotal:              0 kB
CmaFree:               0 kB
HugePages_Total:       0
HugePages_Free:        0
HugePages_Rsvd:        0
HugePages_Surp:        0
Hugepagesize:       2048 kB
DirectMap4k:      198464 kB
DirectMap2M:     3995648 kB
DirectMap1G:     2097152 kB

container (cgroup) information:
container_type: cgroupv1
cpu_cpuset_cpus: 0-3
cpu_memory_nodes: 0
active_processor_count: 4
cpu_quota: -1
cpu_period: 100000
cpu_shares: -1
memory_limit_in_bytes: -1
memory_and_swap_limit_in_bytes: -2
memory_soft_limit_in_bytes: -1
memory_usage_in_bytes: 3135623168
memory_max_usage_in_bytes: 41361408


CPU:total 4 (initial active 4) (2 cores per cpu, 1 threads per core) family 6 model 158 stepping 13, cmov, cx8, fxsr, mmx, sse, sse2, sse3, ssse3, sse4.1, sse4.2, popcnt, avx, avx2, aes, clmul, erms, rtm, 3dnowpref, lzcnt, tsc, tscinvbit, bmi1, bmi2, adx

/proc/cpuinfo:
processor	: 0
vendor_id	: GenuineIntel
cpu family	: 6
model		: 158
model name	: Intel(R) Core(TM) i7-9700 CPU @ 3.00GHz
stepping	: 13
microcode	: 0xb4
cpu MHz		: 2999.999
cache size	: 12288 KB
physical id	: 0
siblings	: 2
core id		: 0
cpu cores	: 2
apicid		: 0
initial apicid	: 0
fpu		: yes
fpu_exception	: yes
cpuid level	: 22
wp		: yes
flags		: fpu vme de pse tsc msr pae mce cx8 apic sep mtrr pge mca cmov pat pse36 clflush mmx fxsr sse sse2 ss ht syscall nx pdpe1gb rdtscp lm constant_tsc arch_perfmon nopl xtopology tsc_reliable nonstop_tsc cpuid pni pclmulqdq vmx ssse3 fma cx16 pcid sse4_1 sse4_2 x2apic movbe popcnt tsc_deadline_timer aes xsave avx f16c rdrand hypervisor lahf_lm abm 3dnowprefetch cpuid_fault invpcid_single ssbd ibrs ibpb stibp ibrs_enhanced tpr_shadow vnmi ept vpid fsgsbase tsc_adjust bmi1 hle avx2 smep bmi2 invpcid rtm mpx rdseed adx smap clflushopt xsaveopt xsavec xsaves arat md_clear flush_l1d arch_capabilities
bugs		: spectre_v1 spectre_v2 spec_store_bypass swapgs
bogomips	: 5999.99
clflush size	: 64
cache_alignment	: 64
address sizes	: 43 bits physical, 48 bits virtual
power management:

processor	: 1
vendor_id	: GenuineIntel
cpu family	: 6
model		: 158
model name	: Intel(R) Core(TM) i7-9700 CPU @ 3.00GHz
stepping	: 13
microcode	: 0xb4
cpu MHz		: 2999.999
cache size	: 12288 KB
physical id	: 0
siblings	: 2
core id		: 1
cpu cores	: 2
apicid		: 1
initial apicid	: 1
fpu		: yes
fpu_exception	: yes
cpuid level	: 22
wp		: yes
flags		: fpu vme de pse tsc msr pae mce cx8 apic sep mtrr pge mca cmov pat pse36 clflush mmx fxsr sse sse2 ss ht syscall nx pdpe1gb rdtscp lm constant_tsc arch_perfmon nopl xtopology tsc_reliable nonstop_tsc cpuid pni pclmulqdq vmx ssse3 fma cx16 pcid sse4_1 sse4_2 x2apic movbe popcnt tsc_deadline_timer aes xsave avx f16c rdrand hypervisor lahf_lm abm 3dnowprefetch cpuid_fault invpcid_single ssbd ibrs ibpb stibp ibrs_enhanced tpr_shadow vnmi ept vpid fsgsbase tsc_adjust bmi1 hle avx2 smep bmi2 invpcid rtm mpx rdseed adx smap clflushopt xsaveopt xsavec xsaves arat md_clear flush_l1d arch_capabilities
bugs		: spectre_v1 spectre_v2 spec_store_bypass swapgs
bogomips	: 5999.99
clflush size	: 64
cache_alignment	: 64
address sizes	: 43 bits physical, 48 bits virtual
power management:

processor	: 2
vendor_id	: GenuineIntel
cpu family	: 6
model		: 158
model name	: Intel(R) Core(TM) i7-9700 CPU @ 3.00GHz
stepping	: 13
microcode	: 0xb4
cpu MHz		: 2999.999
cache size	: 12288 KB
physical id	: 1
siblings	: 2
core id		: 0
cpu cores	: 2
apicid		: 2
initial apicid	: 2
fpu		: yes
fpu_exception	: yes
cpuid level	: 22
wp		: yes
flags		: fpu vme de pse tsc msr pae mce cx8 apic sep mtrr pge mca cmov pat pse36 clflush mmx fxsr sse sse2 ss ht syscall nx pdpe1gb rdtscp lm constant_tsc arch_perfmon nopl xtopology tsc_reliable nonstop_tsc cpuid pni pclmulqdq vmx ssse3 fma cx16 pcid sse4_1 sse4_2 x2apic movbe popcnt tsc_deadline_timer aes xsave avx f16c rdrand hypervisor lahf_lm abm 3dnowprefetch cpuid_fault invpcid_single ssbd ibrs ibpb stibp ibrs_enhanced tpr_shadow vnmi ept vpid fsgsbase tsc_adjust bmi1 hle avx2 smep bmi2 invpcid rtm mpx rdseed adx smap clflushopt xsaveopt xsavec xsaves arat md_clear flush_l1d arch_capabilities
bugs		: spectre_v1 spectre_v2 spec_store_bypass swapgs
bogomips	: 5999.99
clflush size	: 64
cache_alignment	: 64
address sizes	: 43 bits physical, 48 bits virtual
power management:

processor	: 3
vendor_id	: GenuineIntel
cpu family	: 6
model		: 158
model name	: Intel(R) Core(TM) i7-9700 CPU @ 3.00GHz
stepping	: 13
microcode	: 0xb4
cpu MHz		: 2999.999
cache size	: 12288 KB
physical id	: 1
siblings	: 2
core id		: 1
cpu cores	: 2
apicid		: 3
initial apicid	: 3
fpu		: yes
fpu_exception	: yes
cpuid level	: 22
wp		: yes
flags		: fpu vme de pse tsc msr pae mce cx8 apic sep mtrr pge mca cmov pat pse36 clflush mmx fxsr sse sse2 ss ht syscall nx pdpe1gb rdtscp lm constant_tsc arch_perfmon nopl xtopology tsc_reliable nonstop_tsc cpuid pni pclmulqdq vmx ssse3 fma cx16 pcid sse4_1 sse4_2 x2apic movbe popcnt tsc_deadline_timer aes xsave avx f16c rdrand hypervisor lahf_lm abm 3dnowprefetch cpuid_fault invpcid_single ssbd ibrs ibpb stibp ibrs_enhanced tpr_shadow vnmi ept vpid fsgsbase tsc_adjust bmi1 hle avx2 smep bmi2 invpcid rtm mpx rdseed adx smap clflushopt xsaveopt xsavec xsaves arat md_clear flush_l1d arch_capabilities
bugs		: spectre_v1 spectre_v2 spec_store_bypass swapgs
bogomips	: 5999.99
clflush size	: 64
cache_alignment	: 64
address sizes	: 43 bits physical, 48 bits virtual
power management:



Memory: 4k page, physical 4015688k(184268k free), swap 2097148k(1427344k free)

vm_info: Java HotSpot(TM) 64-Bit Server VM (25.221-b11) for linux-amd64 JRE (1.8.0_221-b11), built on Jul  4 2019 04:27:00 by "java_re" with gcc 7.3.0

time: Mon Nov  4 18:04:52 2019
timezone: CST
elapsed time: 3 seconds (0d 0h 0m 3s)

