#
# A fatal error has been detected by the Java Runtime Environment:
#
#  SIGSEGV (0xb) at pc=0x00007fd45f29c817, pid=20071, tid=0x00007fd4427fc700
#
# JRE version: Java(TM) SE Runtime Environment (8.0_221-b11) (build 1.8.0_221-b11)
# Java VM: Java HotSpot(TM) 64-Bit Server VM (25.221-b11 interpreted mode linux-amd64 compressed oops)
# Problematic frame:
# V  [libjvm.so+0x6d9817]  JNI_ArgumentPusherVaArg::JNI_ArgumentPusherVaArg(_jmethodID*, __va_list_tag*)+0x7
#
# Failed to write core dump. Core dumps have been disabled. To enable core dumping, try "ulimit -c unlimited" before starting Java again
#
# If you would like to submit a bug report, please visit:
#   http://bugreport.java.com/bugreport/crash.jsp
#

---------------  T H R E A D  ---------------

Current thread (0x00007fd408001000):  JavaThread "Thread-0" [_thread_in_vm, id=20087, stack(0x00007fd441ffd000,0x00007fd4427fd000)]

siginfo: si_signo: 11 (SIGSEGV), si_code: 1 (SEGV_MAPERR), si_addr: 0x0000000000000000

Registers:
RAX=0x00007fd4080029a0, RBX=0x00007fd408001000, RCX=0x0000000000000003, RDX=0x00007fd4427fbdc0
RSP=0x00007fd4427fbce0, RBP=0x00007fd4427fbcf0, RSI=0x0000000000000000, RDI=0x00007fd4427fbd40
R8 =0x00007fd4427fbd40, R9 =0x0000000000000003, R10=0x00007fd408030778, R11=0x0000000000000008
R12=0x00007fd4080011f8, R13=0x00007fd4080029a0, R14=0x0000000000000000, R15=0x00007fd4427fbdc0
RIP=0x00007fd45f29c817, EFLAGS=0x0000000000010206, CSGSFS=0x002b000000000033, ERR=0x0000000000000004
  TRAPNO=0x000000000000000e

Top of Stack: (sp=0x00007fd4427fbce0)
0x00007fd4427fbce0:   00007fd408001000 00007fd4080011f8
0x00007fd4427fbcf0:   00007fd4427fbdb0 00007fd45f299e99
0x00007fd4427fbd00:   00007fd4427fbd30 00007fd4427fbd40
0x00007fd4427fbd10:   000000000000000e 00007fd4080307a0
0x00007fd4427fbd20:   00007fd408001000 00007fd408001b70
0x00007fd4427fbd30:   00007fd40000062e 00007fd45f710220
0x00007fd4427fbd40:   00007fd45fbdd5c0 00007fd4427fbe00
0x00007fd4427fbd50:   00007fd400000000 0000000000000028
0x00007fd4427fbd60:   0000000000000000 00007fd45f6560bd
0x00007fd4427fbd70:   0000000300000000 0000000000000000
0x00007fd4427fbd80:   00007fd45fb80301 00007fd4080011f8
0x00007fd4427fbd90:   00007fd408002990 00007fd4080307a0
0x00007fd4427fbda0:   00007fd408002998 0000000000000000
0x00007fd4427fbdb0:   00007fd45fb503e0 0000560b458435b3
0x00007fd4427fbdc0:   0000003000000018 00007fd4427fbea0
0x00007fd4427fbdd0:   00007fd4427fbde0 63f0873a6a68bf00
0x00007fd4427fbde0:   0000000008001000 00007fd408001b78
0x00007fd4427fbdf0:   0000560b45843833 000000000000062e
0x00007fd4427fbe00:   0000560b45843836 0000000000000003
0x00007fd4427fbe10:   00007fd4427fbe40 00007fd408001b78
0x00007fd4427fbe20:   00007fd408002990 00007fd408001000
0x00007fd4427fbe30:   00007fd4080011f8 00007fd408001000
0x00007fd4427fbe40:   00007fd4427fbe90 00007fd45f28892f
0x00007fd4427fbe50:   00007fd408001000 00007fd408001b70
0x00007fd4427fbe60:   000000000000062e 00007fd45f710220
0x00007fd4427fbe70:   00007fd4080011f8 00007fd408002990
0x00007fd4427fbe80:   00007fd4080307a0 0000000000000000
0x00007fd4427fbe90:   00007fd45fb503e0 0000560b4584336a
0x00007fd4427fbea0:   00007fd4080011f8 63f0873a6a68bf00
0x00007fd4427fbeb0:   0000000000000000 0000560b45e8cfe0
0x00007fd4427fbec0:   0000000000000000 00007fd4427fbfc0
0x00007fd4427fbed0:   0000000000000000 0000000000000000 

Instructions: (pc=0x00007fd45f29c817)
0x00007fd45f29c7f7:   66 0f 1f 84 00 00 00 00 00 31 c0 c3 66 2e 0f 1f
0x00007fd45f29c807:   84 00 00 00 00 00 0f 1f 00 55 48 89 e5 41 54 53
0x00007fd45f29c817:   48 8b 06 49 89 d4 48 89 fb 48 8b 40 08 0f b7 50
0x00007fd45f29c827:   24 48 8b 40 08 48 8b 74 d0 50 e8 9a 97 30 00 48 

Register to memory mapping:

RAX=0x00007fd4080029a0 is an unknown value
RBX=0x00007fd408001000 is a thread
RCX=0x0000000000000003 is an unknown value
RDX=0x00007fd4427fbdc0 is pointing into the stack for thread: 0x00007fd408001000
RSP=0x00007fd4427fbce0 is pointing into the stack for thread: 0x00007fd408001000
RBP=0x00007fd4427fbcf0 is pointing into the stack for thread: 0x00007fd408001000
RSI=0x0000000000000000 is an unknown value
RDI=0x00007fd4427fbd40 is pointing into the stack for thread: 0x00007fd408001000
R8 =0x00007fd4427fbd40 is pointing into the stack for thread: 0x00007fd408001000
R9 =0x0000000000000003 is an unknown value
R10=0x00007fd408030778 is an unknown value
R11=0x0000000000000008 is an unknown value
R12=0x00007fd4080011f8 is an unknown value
R13=0x00007fd4080029a0 is an unknown value
R14=0x0000000000000000 is an unknown value
R15=0x00007fd4427fbdc0 is pointing into the stack for thread: 0x00007fd408001000


Stack: [0x00007fd441ffd000,0x00007fd4427fd000],  sp=0x00007fd4427fbce0,  free space=8187k
Native frames: (J=compiled Java code, j=interpreted, Vv=VM code, C=native code)
V  [libjvm.so+0x6d9817]  JNI_ArgumentPusherVaArg::JNI_ArgumentPusherVaArg(_jmethodID*, __va_list_tag*)+0x7
V  [libjvm.so+0x6d6e99]  jni_NewObjectV+0xb9
C  [main+0x15b3]  JNIEnv_::NewObject(_jclass*, _jmethodID*, ...)+0x93


---------------  P R O C E S S  ---------------

Java Threads: ( => current thread )
=>0x00007fd408001000 JavaThread "Thread-0" [_thread_in_vm, id=20087, stack(0x00007fd441ffd000,0x00007fd4427fd000)]
  0x00007fd404001000 JavaThread "Thread-3" [_thread_in_vm, id=20085, stack(0x00007fd442fff000,0x00007fd4437ff000)]
  0x00007fd3fc001000 JavaThread "Thread-4" [_thread_in_vm, id=20086, stack(0x00007fd4427fe000,0x00007fd442ffe000)]
  0x00007fd40c001000 JavaThread "Thread-2" [_thread_in_vm, id=20083, stack(0x00007fd4482f8000,0x00007fd448af8000)]
  0x00007fd418001000 JavaThread "Thread-5" [_thread_in_vm, id=20082, stack(0x00007fd448af9000,0x00007fd4492f9000)]
  0x00007fd410001000 JavaThread "Thread-1" [_thread_in_vm, id=20084, stack(0x00007fd443800000,0x00007fd444000000)]
  0x0000560b45e88000 JavaThread "Service Thread" daemon [_thread_blocked, id=20080, stack(0x00007fd4493fa000,0x00007fd4494fb000)]
  0x0000560b45e86000 JavaThread "Signal Dispatcher" daemon [_thread_blocked, id=20079, stack(0x00007fd4494fb000,0x00007fd4495fc000)]
  0x0000560b45e55800 JavaThread "Finalizer" daemon [_thread_blocked, id=20078, stack(0x00007fd449fcb000,0x00007fd44a0cc000)]
  0x0000560b45e51000 JavaThread "Reference Handler" daemon [_thread_blocked, id=20077, stack(0x00007fd44a0cc000,0x00007fd44a1cd000)]
  0x0000560b45dd9000 JavaThread "main" [_thread_in_native, id=20071, stack(0x00007ffccc708000,0x00007ffccc808000)]

Other Threads:
  0x0000560b45e47000 VMThread [stack: 0x00007fd44a1ce000,0x00007fd44a2ce000] [id=20076]
  0x0000560b45e8b000 WatcherThread [stack: 0x00007fd4492fa000,0x00007fd4493fa000] [id=20081]

VM state:not at safepoint (normal execution)

VM Mutex/Monitor currently owned by a thread: None

heap address: 0x00000000c2a00000, size: 982 MB, Compressed Oops mode: 32-bit
Narrow klass base: 0x0000000000000000, Narrow klass shift: 3
Compressed class space size: 1073741824 Address: 0x0000000100000000

Heap:
 PSYoungGen      total 18432K, used 2541K [0x00000000eb900000, 0x00000000ecd80000, 0x0000000100000000)
  eden space 15872K, 16% used [0x00000000eb900000,0x00000000ebb7b718,0x00000000ec880000)
  from space 2560K, 0% used [0x00000000ecb00000,0x00000000ecb00000,0x00000000ecd80000)
  to   space 2560K, 0% used [0x00000000ec880000,0x00000000ec880000,0x00000000ecb00000)
 ParOldGen       total 42496K, used 0K [0x00000000c2a00000, 0x00000000c5380000, 0x00000000eb900000)
  object space 42496K, 0% used [0x00000000c2a00000,0x00000000c2a00000,0x00000000c5380000)
 Metaspace       used 2564K, capacity 4486K, committed 4864K, reserved 1056768K
  class space    used 281K, capacity 386K, committed 512K, reserved 1048576K

Card table byte_map: [0x00007fd44d9c1000,0x00007fd44dbad000] byte_map_base: 0x00007fd44d3ac000

Marking Bits: (ParMarkBitMap*) 0x00007fd45fb8ed80
 Begin Bits: [0x00007fd44b70d000, 0x00007fd44c665000)
 End Bits:   [0x00007fd44c665000, 0x00007fd44d5bd000)

Polling page: 0x00007fd45fdd0000

CodeCache: size=245760Kb used=473Kb max_used=473Kb free=245286Kb
 bounds [0x00007fd44df6d000, 0x00007fd44e1dd000, 0x00007fd45cf6d000]
 total_blobs=179 nmethods=0 adapters=145
 compilation: disabled (interpreter mode)

Compilation events (0 events):
No events

GC Heap History (0 events):
No events

Deoptimization events (0 events):
No events

Classes redefined (0 events):
No events

Internal exceptions (4 events):
Event: 0.049 Thread 0x0000560b45dd9000 Exception <a 'java/lang/NoSuchMethodError': Method sun.misc.Unsafe.defineClass(Ljava/lang/String;[BII)Ljava/lang/Class; name or signature does not match> (0x00000000eb907cb8) thrown at [/HUDSON/workspace/8-2-build-linux-amd64/jdk8u221/13320/hotspot/src/sh
Event: 0.049 Thread 0x0000560b45dd9000 Exception <a 'java/lang/NoSuchMethodError': Method sun.misc.Unsafe.prefetchRead(Ljava/lang/Object;J)V name or signature does not match> (0x00000000eb907fa0) thrown at [/HUDSON/workspace/8-2-build-linux-amd64/jdk8u221/13320/hotspot/src/share/vm/prims/jni.c
Event: 0.112 Thread 0x00007fd408001000 Exception <a 'java/lang/NoSuchMethodError': Helloworld> (0x00000000ebb3f650) thrown at [/HUDSON/workspace/8-2-build-linux-amd64/jdk8u221/13320/hotspot/src/share/vm/prims/jni.cpp, line 1582]
Event: 0.112 Thread 0x00007fd3fc001000 Exception <a 'java/lang/NoSuchMethodError': Helloworld> (0x00000000eba8d4f8) thrown at [/HUDSON/workspace/8-2-build-linux-amd64/jdk8u221/13320/hotspot/src/share/vm/prims/jni.cpp, line 1582]

Events (10 events):
Event: 0.110 loading class java/io/FilePermission$1
Event: 0.110 loading class java/io/FilePermission$1 done
Event: 0.110 loading class java/io/FilePermissionCollection
Event: 0.111 loading class java/io/FilePermissionCollection done
Event: 0.111 loading class java/security/AllPermission
Event: 0.111 loading class java/security/AllPermission done
Event: 0.111 loading class java/security/UnresolvedPermission
Event: 0.111 loading class java/security/UnresolvedPermission done
Event: 0.111 loading class java/security/BasicPermissionCollection
Event: 0.112 loading class java/security/BasicPermissionCollection done


Dynamic libraries:
c2a00000-c5380000 rw-p 00000000 00:00 0 
c5380000-eb900000 ---p 00000000 00:00 0 
eb900000-ecd80000 rw-p 00000000 00:00 0 
ecd80000-100000000 ---p 00000000 00:00 0 
100000000-100080000 rw-p 00000000 00:00 0 
100080000-140000000 ---p 00000000 00:00 0 
560b45842000-560b45844000 r-xp 00000000 08:01 7053                       /home/wanhui/CallJvm/callJvmThreadpool/cmake-build-debug/main
560b45a43000-560b45a44000 r--p 00001000 08:01 7053                       /home/wanhui/CallJvm/callJvmThreadpool/cmake-build-debug/main
560b45a44000-560b45a45000 rw-p 00002000 08:01 7053                       /home/wanhui/CallJvm/callJvmThreadpool/cmake-build-debug/main
560b45dbc000-560b45e96000 rw-p 00000000 00:00 0                          [heap]
7fd3fc000000-7fd3fc021000 rw-p 00000000 00:00 0 
7fd3fc021000-7fd400000000 ---p 00000000 00:00 0 
7fd404000000-7fd404021000 rw-p 00000000 00:00 0 
7fd404021000-7fd408000000 ---p 00000000 00:00 0 
7fd408000000-7fd40803e000 rw-p 00000000 00:00 0 
7fd40803e000-7fd40c000000 ---p 00000000 00:00 0 
7fd40c000000-7fd40c021000 rw-p 00000000 00:00 0 
7fd40c021000-7fd410000000 ---p 00000000 00:00 0 
7fd410000000-7fd410021000 rw-p 00000000 00:00 0 
7fd410021000-7fd414000000 ---p 00000000 00:00 0 
7fd414000000-7fd414021000 rw-p 00000000 00:00 0 
7fd414021000-7fd418000000 ---p 00000000 00:00 0 
7fd418000000-7fd418021000 rw-p 00000000 00:00 0 
7fd418021000-7fd41c000000 ---p 00000000 00:00 0 
7fd41c000000-7fd41c021000 rw-p 00000000 00:00 0 
7fd41c021000-7fd420000000 ---p 00000000 00:00 0 
7fd420000000-7fd420021000 rw-p 00000000 00:00 0 
7fd420021000-7fd424000000 ---p 00000000 00:00 0 
7fd424000000-7fd424021000 rw-p 00000000 00:00 0 
7fd424021000-7fd428000000 ---p 00000000 00:00 0 
7fd428000000-7fd428021000 rw-p 00000000 00:00 0 
7fd428021000-7fd42c000000 ---p 00000000 00:00 0 
7fd42c000000-7fd42c021000 rw-p 00000000 00:00 0 
7fd42c021000-7fd430000000 ---p 00000000 00:00 0 
7fd430000000-7fd430021000 rw-p 00000000 00:00 0 
7fd430021000-7fd434000000 ---p 00000000 00:00 0 
7fd434000000-7fd434021000 rw-p 00000000 00:00 0 
7fd434021000-7fd438000000 ---p 00000000 00:00 0 
7fd43ad22000-7fd43b162000 rw-p 00000000 00:00 0 
7fd43b162000-7fd43b522000 ---p 00000000 00:00 0 
7fd43c000000-7fd43c021000 rw-p 00000000 00:00 0 
7fd43c021000-7fd440000000 ---p 00000000 00:00 0 
7fd441ffc000-7fd441ffd000 ---p 00000000 00:00 0 
7fd441ffd000-7fd442000000 ---p 00000000 00:00 0 
7fd442000000-7fd4427fd000 rw-p 00000000 00:00 0 
7fd4427fd000-7fd4427fe000 ---p 00000000 00:00 0 
7fd4427fe000-7fd442801000 ---p 00000000 00:00 0 
7fd442801000-7fd442ffe000 rw-p 00000000 00:00 0 
7fd442ffe000-7fd442fff000 ---p 00000000 00:00 0 
7fd442fff000-7fd443002000 ---p 00000000 00:00 0 
7fd443002000-7fd4437ff000 rw-p 00000000 00:00 0 
7fd4437ff000-7fd443800000 ---p 00000000 00:00 0 
7fd443800000-7fd443803000 ---p 00000000 00:00 0 
7fd443803000-7fd444000000 rw-p 00000000 00:00 0 
7fd444000000-7fd444021000 rw-p 00000000 00:00 0 
7fd444021000-7fd448000000 ---p 00000000 00:00 0 
7fd448062000-7fd4482f7000 rw-p 00000000 00:00 0 
7fd4482f7000-7fd4482f8000 ---p 00000000 00:00 0 
7fd4482f8000-7fd4482fb000 ---p 00000000 00:00 0 
7fd4482fb000-7fd448af8000 rw-p 00000000 00:00 0 
7fd448af8000-7fd448af9000 ---p 00000000 00:00 0 
7fd448af9000-7fd448afc000 ---p 00000000 00:00 0 
7fd448afc000-7fd4492f9000 rw-p 00000000 00:00 0 
7fd4492f9000-7fd4492fa000 ---p 00000000 00:00 0 
7fd4492fa000-7fd4493fa000 rw-p 00000000 00:00 0 
7fd4493fa000-7fd4493fd000 ---p 00000000 00:00 0 
7fd4493fd000-7fd4494fb000 rw-p 00000000 00:00 0 
7fd4494fb000-7fd4494fe000 ---p 00000000 00:00 0 
7fd4494fe000-7fd4495fc000 rw-p 00000000 00:00 0 
7fd4495fc000-7fd449fcb000 r--p 00000000 08:01 1186501                    /usr/lib/locale/locale-archive
7fd449fcb000-7fd449fce000 ---p 00000000 00:00 0 
7fd449fce000-7fd44a0cc000 rw-p 00000000 00:00 0 
7fd44a0cc000-7fd44a0cf000 ---p 00000000 00:00 0 
7fd44a0cf000-7fd44a1cd000 rw-p 00000000 00:00 0 
7fd44a1cd000-7fd44a1ce000 ---p 00000000 00:00 0 
7fd44a1ce000-7fd44b2d2000 rw-p 00000000 00:00 0 
7fd44b2d2000-7fd44b4ac000 r--s 03d88000 08:01 1324703                    /usr/local/java/jre/lib/rt.jar
7fd44b4ac000-7fd44d5bd000 rw-p 00000000 00:00 0 
7fd44d5bd000-7fd44d5be000 ---p 00000000 00:00 0 
7fd44d5be000-7fd44d6be000 rw-p 00000000 00:00 0 
7fd44d6be000-7fd44d6bf000 ---p 00000000 00:00 0 
7fd44d6bf000-7fd44d7bf000 rw-p 00000000 00:00 0 
7fd44d7bf000-7fd44d7c0000 ---p 00000000 00:00 0 
7fd44d7c0000-7fd44d8c0000 rw-p 00000000 00:00 0 
7fd44d8c0000-7fd44d8c1000 ---p 00000000 00:00 0 
7fd44d8c1000-7fd44d9d6000 rw-p 00000000 00:00 0 
7fd44d9d6000-7fd44db08000 ---p 00000000 00:00 0 
7fd44db08000-7fd44db13000 rw-p 00000000 00:00 0 
7fd44db13000-7fd44dbac000 ---p 00000000 00:00 0 
7fd44dbac000-7fd44dbb7000 rw-p 00000000 00:00 0 
7fd44dbb7000-7fd44df6d000 ---p 00000000 00:00 0 
7fd44df6d000-7fd44e1dd000 rwxp 00000000 00:00 0 
7fd44e1dd000-7fd45cf6d000 ---p 00000000 00:00 0 
7fd45cf6d000-7fd45cf88000 r-xp 00000000 08:01 1453051                    /usr/local/java/jre/lib/amd64/libzip.so
7fd45cf88000-7fd45d187000 ---p 0001b000 08:01 1453051                    /usr/local/java/jre/lib/amd64/libzip.so
7fd45d187000-7fd45d188000 r--p 0001a000 08:01 1453051                    /usr/local/java/jre/lib/amd64/libzip.so
7fd45d188000-7fd45d189000 rw-p 0001b000 08:01 1453051                    /usr/local/java/jre/lib/amd64/libzip.so
7fd45d189000-7fd45d194000 r-xp 00000000 08:01 2233846                    /lib/x86_64-linux-gnu/libnss_files-2.27.so
7fd45d194000-7fd45d393000 ---p 0000b000 08:01 2233846                    /lib/x86_64-linux-gnu/libnss_files-2.27.so
7fd45d393000-7fd45d394000 r--p 0000a000 08:01 2233846                    /lib/x86_64-linux-gnu/libnss_files-2.27.so
7fd45d394000-7fd45d395000 rw-p 0000b000 08:01 2233846                    /lib/x86_64-linux-gnu/libnss_files-2.27.so
7fd45d395000-7fd45d39b000 rw-p 00000000 00:00 0 
7fd45d39b000-7fd45d3b2000 r-xp 00000000 08:01 2233840                    /lib/x86_64-linux-gnu/libnsl-2.27.so
7fd45d3b2000-7fd45d5b1000 ---p 00017000 08:01 2233840                    /lib/x86_64-linux-gnu/libnsl-2.27.so
7fd45d5b1000-7fd45d5b2000 r--p 00016000 08:01 2233840                    /lib/x86_64-linux-gnu/libnsl-2.27.so
7fd45d5b2000-7fd45d5b3000 rw-p 00017000 08:01 2233840                    /lib/x86_64-linux-gnu/libnsl-2.27.so
7fd45d5b3000-7fd45d5b5000 rw-p 00000000 00:00 0 
7fd45d5b5000-7fd45d5c0000 r-xp 00000000 08:01 2233857                    /lib/x86_64-linux-gnu/libnss_nis-2.27.so
7fd45d5c0000-7fd45d7bf000 ---p 0000b000 08:01 2233857                    /lib/x86_64-linux-gnu/libnss_nis-2.27.so
7fd45d7bf000-7fd45d7c0000 r--p 0000a000 08:01 2233857                    /lib/x86_64-linux-gnu/libnss_nis-2.27.so
7fd45d7c0000-7fd45d7c1000 rw-p 0000b000 08:01 2233857                    /lib/x86_64-linux-gnu/libnss_nis-2.27.so
7fd45d7c1000-7fd45d7c9000 r-xp 00000000 08:01 2233842                    /lib/x86_64-linux-gnu/libnss_compat-2.27.so
7fd45d7c9000-7fd45d9c9000 ---p 00008000 08:01 2233842                    /lib/x86_64-linux-gnu/libnss_compat-2.27.so
7fd45d9c9000-7fd45d9ca000 r--p 00008000 08:01 2233842                    /lib/x86_64-linux-gnu/libnss_compat-2.27.so
7fd45d9ca000-7fd45d9cb000 rw-p 00009000 08:01 2233842                    /lib/x86_64-linux-gnu/libnss_compat-2.27.so
7fd45d9cb000-7fd45d9f7000 r-xp 00000000 08:01 1453042                    /usr/local/java/jre/lib/amd64/libjava.so
7fd45d9f7000-7fd45dbf7000 ---p 0002c000 08:01 1453042                    /usr/local/java/jre/lib/amd64/libjava.so
7fd45dbf7000-7fd45dbf8000 r--p 0002c000 08:01 1453042                    /usr/local/java/jre/lib/amd64/libjava.so
7fd45dbf8000-7fd45dbfa000 rw-p 0002d000 08:01 1453042                    /usr/local/java/jre/lib/amd64/libjava.so
7fd45dbfa000-7fd45dc07000 r-xp 00000000 08:01 1453033                    /usr/local/java/jre/lib/amd64/libverify.so
7fd45dc07000-7fd45de06000 ---p 0000d000 08:01 1453033                    /usr/local/java/jre/lib/amd64/libverify.so
7fd45de06000-7fd45de08000 r--p 0000c000 08:01 1453033                    /usr/local/java/jre/lib/amd64/libverify.so
7fd45de08000-7fd45de09000 rw-p 0000e000 08:01 1453033                    /usr/local/java/jre/lib/amd64/libverify.so
7fd45de09000-7fd45de10000 r-xp 00000000 08:01 2233897                    /lib/x86_64-linux-gnu/librt-2.27.so
7fd45de10000-7fd45e00f000 ---p 00007000 08:01 2233897                    /lib/x86_64-linux-gnu/librt-2.27.so
7fd45e00f000-7fd45e010000 r--p 00006000 08:01 2233897                    /lib/x86_64-linux-gnu/librt-2.27.so
7fd45e010000-7fd45e011000 rw-p 00007000 08:01 2233897                    /lib/x86_64-linux-gnu/librt-2.27.so
7fd45e011000-7fd45e014000 r-xp 00000000 08:01 2233779                    /lib/x86_64-linux-gnu/libdl-2.27.so
7fd45e014000-7fd45e213000 ---p 00003000 08:01 2233779                    /lib/x86_64-linux-gnu/libdl-2.27.so
7fd45e213000-7fd45e214000 r--p 00002000 08:01 2233779                    /lib/x86_64-linux-gnu/libdl-2.27.so
7fd45e214000-7fd45e215000 rw-p 00003000 08:01 2233779                    /lib/x86_64-linux-gnu/libdl-2.27.so
7fd45e215000-7fd45e3b2000 r-xp 00000000 08:01 2233819                    /lib/x86_64-linux-gnu/libm-2.27.so
7fd45e3b2000-7fd45e5b1000 ---p 0019d000 08:01 2233819                    /lib/x86_64-linux-gnu/libm-2.27.so
7fd45e5b1000-7fd45e5b2000 r--p 0019c000 08:01 2233819                    /lib/x86_64-linux-gnu/libm-2.27.so
7fd45e5b2000-7fd45e5b3000 rw-p 0019d000 08:01 2233819                    /lib/x86_64-linux-gnu/libm-2.27.so
7fd45e5b3000-7fd45e79a000 r-xp 00000000 08:01 2233756                    /lib/x86_64-linux-gnu/libc-2.27.so
7fd45e79a000-7fd45e99a000 ---p 001e7000 08:01 2233756                    /lib/x86_64-linux-gnu/libc-2.27.so
7fd45e99a000-7fd45e99e000 r--p 001e7000 08:01 2233756                    /lib/x86_64-linux-gnu/libc-2.27.so
7fd45e99e000-7fd45e9a0000 rw-p 001eb000 08:01 2233756                    /lib/x86_64-linux-gnu/libc-2.27.so
7fd45e9a0000-7fd45e9a4000 rw-p 00000000 00:00 0 
7fd45e9a4000-7fd45e9be000 r-xp 00000000 08:01 2233889                    /lib/x86_64-linux-gnu/libpthread-2.27.so
7fd45e9be000-7fd45ebbd000 ---p 0001a000 08:01 2233889                    /lib/x86_64-linux-gnu/libpthread-2.27.so
7fd45ebbd000-7fd45ebbe000 r--p 00019000 08:01 2233889                    /lib/x86_64-linux-gnu/libpthread-2.27.so
7fd45ebbe000-7fd45ebbf000 rw-p 0001a000 08:01 2233889                    /lib/x86_64-linux-gnu/libpthread-2.27.so
7fd45ebbf000-7fd45ebc3000 rw-p 00000000 00:00 0 
7fd45ebc3000-7fd45f8ab000 r-xp 00000000 08:01 1453049                    /usr/local/java/jre/lib/amd64/server/libjvm.so
7fd45f8ab000-7fd45faaa000 ---p 00ce8000 08:01 1453049                    /usr/local/java/jre/lib/amd64/server/libjvm.so
7fd45faaa000-7fd45fb40000 r--p 00ce7000 08:01 1453049                    /usr/local/java/jre/lib/amd64/server/libjvm.so
7fd45fb40000-7fd45fb71000 rw-p 00d7d000 08:01 1453049                    /usr/local/java/jre/lib/amd64/server/libjvm.so
7fd45fb71000-7fd45fbac000 rw-p 00000000 00:00 0 
7fd45fbac000-7fd45fbd3000 r-xp 00000000 08:01 2233728                    /lib/x86_64-linux-gnu/ld-2.27.so
7fd45fbdc000-7fd45fc88000 rw-p 00000000 00:00 0 
7fd45fc88000-7fd45fdbb000 ---p 00000000 00:00 0 
7fd45fdbb000-7fd45fdbd000 rw-p 00000000 00:00 0 
7fd45fdc6000-7fd45fdc7000 r--s 00000000 08:01 7072                       /home/wanhui/CallJvm/callJvmThreadpool/qin_test1.jar
7fd45fdc7000-7fd45fdcf000 rw-s 00000000 08:01 7080                       /tmp/hsperfdata_wanhui/20071
7fd45fdcf000-7fd45fdd0000 rw-p 00000000 00:00 0 
7fd45fdd0000-7fd45fdd1000 r--p 00000000 00:00 0 
7fd45fdd1000-7fd45fdd3000 rw-p 00000000 00:00 0 
7fd45fdd3000-7fd45fdd4000 r--p 00027000 08:01 2233728                    /lib/x86_64-linux-gnu/ld-2.27.so
7fd45fdd4000-7fd45fdd5000 rw-p 00028000 08:01 2233728                    /lib/x86_64-linux-gnu/ld-2.27.so
7fd45fdd5000-7fd45fdd6000 rw-p 00000000 00:00 0 
7ffccc708000-7ffccc70b000 ---p 00000000 00:00 0 
7ffccc70b000-7ffccc808000 rw-p 00000000 00:00 0                          [stack]
7ffccc942000-7ffccc945000 r--p 00000000 00:00 0                          [vvar]
7ffccc945000-7ffccc947000 r-xp 00000000 00:00 0                          [vdso]
ffffffffff600000-ffffffffff601000 r-xp 00000000 00:00 0                  [vsyscall]

VM Arguments:
jvm_args: -Djava.compiler=NONE -verbose:jni 
java_command: <unknown>
java_class_path (initial): .:/home/wanhui/CallJvm/callJvmThreadpool/qin_test1.jar
Launcher Type: generic

Environment Variables:
JAVA_HOME=/usr/local/java
CLASSPATH=/home/wanhui/Downloads/clion-2019.2.1/lib/bootstrap.jar:/home/wanhui/Downloads/clion-2019.2.1/lib/extensions.jar:/home/wanhui/Downloads/clion-2019.2.1/lib/util.jar:/home/wanhui/Downloads/clion-2019.2.1/lib/jdom.jar:/home/wanhui/Downloads/clion-2019.2.1/lib/log4j.jar:/home/wanhui/Downloads/clion-2019.2.1/lib/trove4j.jar:/home/wanhui/Downloads/clion-2019.2.1/lib/jna.jar
PATH=/usr/local/sbin:/usr/local/bin:/usr/sbin:/usr/bin:/sbin:/bin:/snap/bin:/usr/local/redis/redis-4.0.9.tar_files/redis-4.0.9/src:/usr/local/mysql/bin
USERNAME=wanhui
SHELL=/bin/bash
DISPLAY=:0

Signal Handlers:
SIGSEGV: [libjvm.so+0xad3d90], sa_mask[0]=11111111011111111101111111111110, sa_flags=SA_RESTART|SA_SIGINFO
SIGBUS: [libjvm.so+0xad3d90], sa_mask[0]=11111111011111111101111111111110, sa_flags=SA_RESTART|SA_SIGINFO
SIGFPE: [libjvm.so+0x90b8b0], sa_mask[0]=11111111011111111101111111111110, sa_flags=SA_RESTART|SA_SIGINFO
SIGPIPE: [libjvm.so+0x90b8b0], sa_mask[0]=11111111011111111101111111111110, sa_flags=SA_RESTART|SA_SIGINFO
SIGXFSZ: [libjvm.so+0x90b8b0], sa_mask[0]=11111111011111111101111111111110, sa_flags=SA_RESTART|SA_SIGINFO
SIGILL: [libjvm.so+0x90b8b0], sa_mask[0]=11111111011111111101111111111110, sa_flags=SA_RESTART|SA_SIGINFO
SIGUSR1: SIG_DFL, sa_mask[0]=00000000000000000000000000000000, sa_flags=none
SIGUSR2: [libjvm.so+0x90b780], sa_mask[0]=00100000000000000000000000000000, sa_flags=SA_RESTART|SA_SIGINFO
SIGHUP: [libjvm.so+0x90bda0], sa_mask[0]=11111111011111111101111111111110, sa_flags=SA_RESTART|SA_SIGINFO
SIGINT: [libjvm.so+0x90bda0], sa_mask[0]=11111111011111111101111111111110, sa_flags=SA_RESTART|SA_SIGINFO
SIGTERM: [libjvm.so+0x90bda0], sa_mask[0]=11111111011111111101111111111110, sa_flags=SA_RESTART|SA_SIGINFO
SIGQUIT: [libjvm.so+0x90bda0], sa_mask[0]=11111111011111111101111111111110, sa_flags=SA_RESTART|SA_SIGINFO


---------------  S Y S T E M  ---------------

OS:DISTRIB_ID=Ubuntu
DISTRIB_RELEASE=18.04
DISTRIB_CODENAME=bionic
DISTRIB_DESCRIPTION="Ubuntu 18.04.3 LTS"

uname:Linux 4.15.0-66-generic #75-Ubuntu SMP Tue Oct 1 05:24:09 UTC 2019 x86_64
libc:glibc 2.27 NPTL 2.27 
rlimit: STACK 8192k, CORE 0k, NPROC 15513, NOFILE 1048576, AS infinity
load average:0.91 0.47 0.22

/proc/meminfo:
MemTotal:        4015688 kB
MemFree:          137968 kB
MemAvailable:     136904 kB
Buffers:            4560 kB
Cached:           206764 kB
SwapCached:        35976 kB
Active:          2408932 kB
Inactive:         656460 kB
Active(anon):    2330344 kB
Inactive(anon):   559676 kB
Active(file):      78588 kB
Inactive(file):    96784 kB
Unevictable:          48 kB
Mlocked:              48 kB
SwapTotal:       2097148 kB
SwapFree:         483220 kB
Dirty:              1832 kB
Writeback:             0 kB
AnonPages:       2819552 kB
Mapped:           152916 kB
Shmem:             36908 kB
Slab:             135616 kB
SReclaimable:      57068 kB
SUnreclaim:        78548 kB
KernelStack:       18032 kB
PageTables:        66012 kB
NFS_Unstable:          0 kB
Bounce:                0 kB
WritebackTmp:          0 kB
CommitLimit:     4104992 kB
Committed_AS:   10277616 kB
VmallocTotal:   34359738367 kB
VmallocUsed:           0 kB
VmallocChunk:          0 kB
HardwareCorrupted:     0 kB
AnonHugePages:         0 kB
ShmemHugePages:        0 kB
ShmemPmdMapped:        0 kB
CmaTotal:              0 kB
CmaFree:               0 kB
HugePages_Total:       0
HugePages_Free:        0
HugePages_Rsvd:        0
HugePages_Surp:        0
Hugepagesize:       2048 kB
DirectMap4k:      384832 kB
DirectMap2M:     3809280 kB
DirectMap1G:     2097152 kB

container (cgroup) information:
container_type: cgroupv1
cpu_cpuset_cpus: 0-3
cpu_memory_nodes: 0
active_processor_count: 4
cpu_quota: -1
cpu_period: 100000
cpu_shares: -1
memory_limit_in_bytes: -1
memory_and_swap_limit_in_bytes: -2
memory_soft_limit_in_bytes: -1
memory_usage_in_bytes: 3111239680
memory_max_usage_in_bytes: 876109824


CPU:total 4 (initial active 4) (2 cores per cpu, 1 threads per core) family 6 model 158 stepping 13, cmov, cx8, fxsr, mmx, sse, sse2, sse3, ssse3, sse4.1, sse4.2, popcnt, avx, avx2, aes, clmul, erms, rtm, 3dnowpref, lzcnt, tsc, tscinvbit, bmi1, bmi2, adx

/proc/cpuinfo:
processor	: 0
vendor_id	: GenuineIntel
cpu family	: 6
model		: 158
model name	: Intel(R) Core(TM) i7-9700 CPU @ 3.00GHz
stepping	: 13
microcode	: 0xb4
cpu MHz		: 2999.999
cache size	: 12288 KB
physical id	: 0
siblings	: 2
core id		: 0
cpu cores	: 2
apicid		: 0
initial apicid	: 0
fpu		: yes
fpu_exception	: yes
cpuid level	: 22
wp		: yes
flags		: fpu vme de pse tsc msr pae mce cx8 apic sep mtrr pge mca cmov pat pse36 clflush mmx fxsr sse sse2 ss ht syscall nx pdpe1gb rdtscp lm constant_tsc arch_perfmon nopl xtopology tsc_reliable nonstop_tsc cpuid pni pclmulqdq vmx ssse3 fma cx16 pcid sse4_1 sse4_2 x2apic movbe popcnt tsc_deadline_timer aes xsave avx f16c rdrand hypervisor lahf_lm abm 3dnowprefetch cpuid_fault invpcid_single ssbd ibrs ibpb stibp ibrs_enhanced tpr_shadow vnmi ept vpid fsgsbase tsc_adjust bmi1 hle avx2 smep bmi2 invpcid rtm mpx rdseed adx smap clflushopt xsaveopt xsavec xsaves arat md_clear flush_l1d arch_capabilities
bugs		: spectre_v1 spectre_v2 spec_store_bypass swapgs
bogomips	: 5999.99
clflush size	: 64
cache_alignment	: 64
address sizes	: 43 bits physical, 48 bits virtual
power management:

processor	: 1
vendor_id	: GenuineIntel
cpu family	: 6
model		: 158
model name	: Intel(R) Core(TM) i7-9700 CPU @ 3.00GHz
stepping	: 13
microcode	: 0xb4
cpu MHz		: 2999.999
cache size	: 12288 KB
physical id	: 0
siblings	: 2
core id		: 1
cpu cores	: 2
apicid		: 1
initial apicid	: 1
fpu		: yes
fpu_exception	: yes
cpuid level	: 22
wp		: yes
flags		: fpu vme de pse tsc msr pae mce cx8 apic sep mtrr pge mca cmov pat pse36 clflush mmx fxsr sse sse2 ss ht syscall nx pdpe1gb rdtscp lm constant_tsc arch_perfmon nopl xtopology tsc_reliable nonstop_tsc cpuid pni pclmulqdq vmx ssse3 fma cx16 pcid sse4_1 sse4_2 x2apic movbe popcnt tsc_deadline_timer aes xsave avx f16c rdrand hypervisor lahf_lm abm 3dnowprefetch cpuid_fault invpcid_single ssbd ibrs ibpb stibp ibrs_enhanced tpr_shadow vnmi ept vpid fsgsbase tsc_adjust bmi1 hle avx2 smep bmi2 invpcid rtm mpx rdseed adx smap clflushopt xsaveopt xsavec xsaves arat md_clear flush_l1d arch_capabilities
bugs		: spectre_v1 spectre_v2 spec_store_bypass swapgs
bogomips	: 5999.99
clflush size	: 64
cache_alignment	: 64
address sizes	: 43 bits physical, 48 bits virtual
power management:

processor	: 2
vendor_id	: GenuineIntel
cpu family	: 6
model		: 158
model name	: Intel(R) Core(TM) i7-9700 CPU @ 3.00GHz
stepping	: 13
microcode	: 0xb4
cpu MHz		: 2999.999
cache size	: 12288 KB
physical id	: 1
siblings	: 2
core id		: 0
cpu cores	: 2
apicid		: 2
initial apicid	: 2
fpu		: yes
fpu_exception	: yes
cpuid level	: 22
wp		: yes
flags		: fpu vme de pse tsc msr pae mce cx8 apic sep mtrr pge mca cmov pat pse36 clflush mmx fxsr sse sse2 ss ht syscall nx pdpe1gb rdtscp lm constant_tsc arch_perfmon nopl xtopology tsc_reliable nonstop_tsc cpuid pni pclmulqdq vmx ssse3 fma cx16 pcid sse4_1 sse4_2 x2apic movbe popcnt tsc_deadline_timer aes xsave avx f16c rdrand hypervisor lahf_lm abm 3dnowprefetch cpuid_fault invpcid_single ssbd ibrs ibpb stibp ibrs_enhanced tpr_shadow vnmi ept vpid fsgsbase tsc_adjust bmi1 hle avx2 smep bmi2 invpcid rtm mpx rdseed adx smap clflushopt xsaveopt xsavec xsaves arat md_clear flush_l1d arch_capabilities
bugs		: spectre_v1 spectre_v2 spec_store_bypass swapgs
bogomips	: 5999.99
clflush size	: 64
cache_alignment	: 64
address sizes	: 43 bits physical, 48 bits virtual
power management:

processor	: 3
vendor_id	: GenuineIntel
cpu family	: 6
model		: 158
model name	: Intel(R) Core(TM) i7-9700 CPU @ 3.00GHz
stepping	: 13
microcode	: 0xb4
cpu MHz		: 2999.999
cache size	: 12288 KB
physical id	: 1
siblings	: 2
core id		: 1
cpu cores	: 2
apicid		: 3
initial apicid	: 3
fpu		: yes
fpu_exception	: yes
cpuid level	: 22
wp		: yes
flags		: fpu vme de pse tsc msr pae mce cx8 apic sep mtrr pge mca cmov pat pse36 clflush mmx fxsr sse sse2 ss ht syscall nx pdpe1gb rdtscp lm constant_tsc arch_perfmon nopl xtopology tsc_reliable nonstop_tsc cpuid pni pclmulqdq vmx ssse3 fma cx16 pcid sse4_1 sse4_2 x2apic movbe popcnt tsc_deadline_timer aes xsave avx f16c rdrand hypervisor lahf_lm abm 3dnowprefetch cpuid_fault invpcid_single ssbd ibrs ibpb stibp ibrs_enhanced tpr_shadow vnmi ept vpid fsgsbase tsc_adjust bmi1 hle avx2 smep bmi2 invpcid rtm mpx rdseed adx smap clflushopt xsaveopt xsavec xsaves arat md_clear flush_l1d arch_capabilities
bugs		: spectre_v1 spectre_v2 spec_store_bypass swapgs
bogomips	: 5999.99
clflush size	: 64
cache_alignment	: 64
address sizes	: 43 bits physical, 48 bits virtual
power management:



Memory: 4k page, physical 4015688k(137968k free), swap 2097148k(483220k free)

vm_info: Java HotSpot(TM) 64-Bit Server VM (25.221-b11) for linux-amd64 JRE (1.8.0_221-b11), built on Jul  4 2019 04:27:00 by "java_re" with gcc 7.3.0

time: Sat Nov  2 14:14:29 2019
timezone: CST
elapsed time: 0 seconds (0d 0h 0m 0s)

