#
# A fatal error has been detected by the Java Runtime Environment:
#
#  SIGSEGV (0xb) at pc=0x00007f0b03cfb76c, pid=17821, tid=0x00007f0ae8d55700
#
# JRE version: Java(TM) SE Runtime Environment (8.0_221-b11) (build 1.8.0_221-b11)
# Java VM: Java HotSpot(TM) 64-Bit Server VM (25.221-b11 interpreted mode linux-amd64 compressed oops)
# Problematic frame:
# V  [libjvm.so+0x6d576c]  jni_CallStaticVoidMethodV+0x6c
#
# Failed to write core dump. Core dumps have been disabled. To enable core dumping, try "ulimit -c unlimited" before starting Java again
#
# If you would like to submit a bug report, please visit:
#   http://bugreport.java.com/bugreport/crash.jsp
#

---------------  T H R E A D  ---------------

Current thread (0x00007f0aac001000):  JavaThread "Thread-2" [_thread_in_vm, id=17833, stack(0x00007f0ae8556000,0x00007f0ae8d56000)]

siginfo: si_signo: 11 (SIGSEGV), si_code: 1 (SEGV_MAPERR), si_addr: 0x0000000000000000

Registers:
RAX=0x00007f0b04173220, RBX=0x00007f0aac001000, RCX=0x00007f0ae8d54dd0, RDX=0x00007f0aac001b78
RSP=0x00007f0ae8d54d20, RBP=0x00007f0ae8d54dc0, RSI=0x00007f0aac001000, RDI=0x00007f0aac001000
R8 =0x0000000000000000, R9 =0x0000000000001381, R10=0xfffffffffffff000, R11=0x0000000000035000
R12=0x00007f0aac002990, R13=0x00007f0aac0011f8, R14=0x0000000000000000, R15=0x00007f0ae8d54dd0
RIP=0x00007f0b03cfb76c, EFLAGS=0x0000000000010202, CSGSFS=0x002b000000000033, ERR=0x0000000000000004
  TRAPNO=0x000000000000000e

Top of Stack: (sp=0x00007f0ae8d54d20)
0x00007f0ae8d54d20:   0000561c6db0272b 0000064ee8d54d50
0x00007f0ae8d54d30:   00007f0aac001000 00007f0aac001b70
0x00007f0ae8d54d40:   000000000000064e 00007f0b04173220
0x00007f0ae8d54d50:   00007f0b046405c0 0000561c6db0272b
0x00007f0ae8d54d60:   00007f0ae8d54de0 00007f0b03b95df3
0x00007f0ae8d54d70:   0000000000000000 7cb1a3c248b50900
0x00007f0ae8d54d80:   0000000000000000 00007f0b03402760
0x00007f0ae8d54d90:   0000000000000001 00007f0aac0011f8
0x00007f0ae8d54da0:   00007f0aac002990 0000000000000000
0x00007f0ae8d54db0:   0000000000000000 00007ffc1acdecf0
0x00007f0ae8d54dc0:   00007f0b045b33e0 0000561c6db02563
0x00007f0ae8d54dd0:   0000003000000018 00007f0ae8d54eb0
0x00007f0ae8d54de0:   00007f0ae8d54df0 7cb1a3c248b50900
0x00007f0ae8d54df0:   00007f0b045edf98 0000000000000000
0x00007f0ae8d54e00:   0000000000000000 0000000000000000
0x00007f0ae8d54e10:   0000000000000000 0000000000001381
0x00007f0ae8d54e20:   00007f0aac0027f0 00007f0aac001000
0x00007f0ae8d54e30:   00007f0aac002990 0000561c6db0272b
0x00007f0ae8d54e40:   0000561c6db02714 00007f0aac001000
0x00007f0ae8d54e50:   00007f0ae8d54ea0 00007f0b03ced7e8
0x00007f0ae8d54e60:   00007f0aac001000 0000000000000000
0x00007f0ae8d54e70:   0000000000000000 00007f0aac0011f8
0x00007f0ae8d54e80:   00007f0aac0011f8 00007f0aac002990
0x00007f0ae8d54e90:   00007f0aac0011f8 00007f0b045b33e0
0x00007f0ae8d54ea0:   00007f0aac002990 0000561c6db02343
0x00007f0ae8d54eb0:   00007f0aac0011f8 7cb1a3c248b50900
0x00007f0ae8d54ec0:   0000000000000000 0000561c6e3cefc0
0x00007f0ae8d54ed0:   0000000000000000 00007f0ae8d54fc0
0x00007f0ae8d54ee0:   0000000000000000 0000561c6db01f55
0x00007f0ae8d54ef0:   0000000000000000 00007f0b0340e6db
0x00007f0ae8d54f00:   0000000000000000 00007f0ae8d55700
0x00007f0ae8d54f10:   00007f0ae8d55700 91472f150f54a8f7 

Instructions: (pc=0x00007f0b03cfb76c)
0x00007f0b03cfb74c:   48 89 9d 70 ff ff ff 48 c7 85 78 ff ff ff 00 00
0x00007f0b03cfb75c:   00 00 74 0c 48 8d bd 70 ff ff ff e8 a4 87 29 00
0x00007f0b03cfb76c:   49 8b 06 c7 85 60 ff ff ff 0e 00 00 00 4c 8d 65
0x00007f0b03cfb77c:   90 4c 89 e7 48 8b 40 08 0f b7 50 24 48 8b 40 08 

Register to memory mapping:

RAX=0x00007f0b04173220: <offset 0xb4d220> in /usr/local/java/jre/lib/amd64/server/libjvm.so at 0x00007f0b03626000
RBX=0x00007f0aac001000 is a thread
RCX=0x00007f0ae8d54dd0 is pointing into the stack for thread: 0x00007f0aac001000
RDX=0x00007f0aac001b78 is an unknown value
RSP=0x00007f0ae8d54d20 is pointing into the stack for thread: 0x00007f0aac001000
RBP=0x00007f0ae8d54dc0 is pointing into the stack for thread: 0x00007f0aac001000
RSI=0x00007f0aac001000 is a thread
RDI=0x00007f0aac001000 is a thread
R8 =0x0000000000000000 is an unknown value
R9 =0x0000000000001381 is an unknown value
R10=0xfffffffffffff000 is an unknown value
R11=0x0000000000035000 is an unknown value
R12=0x00007f0aac002990 is an unknown value
R13=0x00007f0aac0011f8 is an unknown value
R14=0x0000000000000000 is an unknown value
R15=0x00007f0ae8d54dd0 is pointing into the stack for thread: 0x00007f0aac001000


Stack: [0x00007f0ae8556000,0x00007f0ae8d56000],  sp=0x00007f0ae8d54d20,  free space=8187k
Native frames: (J=compiled Java code, j=interpreted, Vv=VM code, C=native code)
V  [libjvm.so+0x6d576c]  jni_CallStaticVoidMethodV+0x6c
C  [main+0x1563]  JNIEnv_::CallStaticVoidMethod(_jclass*, _jmethodID*, ...)+0x93


---------------  P R O C E S S  ---------------

Java Threads: ( => current thread )
=>0x00007f0aac001000 JavaThread "Thread-2" [_thread_in_vm, id=17833, stack(0x00007f0ae8556000,0x00007f0ae8d56000)]
  0x00007f0ab4001000 JavaThread "Thread-5" [_thread_in_vm, id=17837, stack(0x00007f0ae1ffd000,0x00007f0ae27fd000)]
  0x00007f0aa8001000 JavaThread "Thread-1" [_thread_in_vm, id=17834, stack(0x00007f0ae3800000,0x00007f0ae4000000)]
  0x00007f0ab0001000 JavaThread "Thread-4" [_thread_in_vm, id=17836, stack(0x00007f0ae27fe000,0x00007f0ae2ffe000)]
  0x00007f0abc001000 JavaThread "Thread-3" [_thread_in_vm, id=17832, stack(0x00007f0ae8d57000,0x00007f0ae9557000)]
  0x00007f0ab8001000 JavaThread "Thread-0" [_thread_in_vm, id=17835, stack(0x00007f0ae2fff000,0x00007f0ae37ff000)]
  0x0000561c6e3ca000 JavaThread "Service Thread" daemon [_thread_blocked, id=17830, stack(0x00007f0ae9658000,0x00007f0ae9759000)]
  0x0000561c6e3c8000 JavaThread "Signal Dispatcher" daemon [_thread_blocked, id=17829, stack(0x00007f0ae9759000,0x00007f0ae985a000)]
  0x0000561c6e397800 JavaThread "Finalizer" daemon [_thread_blocked, id=17828, stack(0x00007f0aea229000,0x00007f0aea32a000)]
  0x0000561c6e393000 JavaThread "Reference Handler" daemon [_thread_blocked, id=17827, stack(0x00007f0aea32a000,0x00007f0aea42b000)]
  0x0000561c6e31b000 JavaThread "main" [_thread_in_native, id=17821, stack(0x00007ffc1abe1000,0x00007ffc1ace1000)]

Other Threads:
  0x0000561c6e389000 VMThread [stack: 0x00007f0aea42c000,0x00007f0aea52c000] [id=17826]
  0x0000561c6e3cd000 WatcherThread [stack: 0x00007f0ae9558000,0x00007f0ae9658000] [id=17831]

VM state:not at safepoint (normal execution)

VM Mutex/Monitor currently owned by a thread: None

heap address: 0x00000000c2a00000, size: 982 MB, Compressed Oops mode: 32-bit
Narrow klass base: 0x0000000000000000, Narrow klass shift: 3
Compressed class space size: 1073741824 Address: 0x0000000100000000

Heap:
 PSYoungGen      total 18432K, used 2541K [0x00000000eb900000, 0x00000000ecd80000, 0x0000000100000000)
  eden space 15872K, 16% used [0x00000000eb900000,0x00000000ebb7b718,0x00000000ec880000)
  from space 2560K, 0% used [0x00000000ecb00000,0x00000000ecb00000,0x00000000ecd80000)
  to   space 2560K, 0% used [0x00000000ec880000,0x00000000ec880000,0x00000000ecb00000)
 ParOldGen       total 42496K, used 0K [0x00000000c2a00000, 0x00000000c5380000, 0x00000000eb900000)
  object space 42496K, 0% used [0x00000000c2a00000,0x00000000c2a00000,0x00000000c5380000)
 Metaspace       used 2564K, capacity 4486K, committed 4864K, reserved 1056768K
  class space    used 281K, capacity 386K, committed 512K, reserved 1048576K

Card table byte_map: [0x00007f0af2424000,0x00007f0af2610000] byte_map_base: 0x00007f0af1e0f000

Marking Bits: (ParMarkBitMap*) 0x00007f0b045f1d80
 Begin Bits: [0x00007f0af0170000, 0x00007f0af10c8000)
 End Bits:   [0x00007f0af10c8000, 0x00007f0af2020000)

Polling page: 0x00007f0b04833000

CodeCache: size=245760Kb used=473Kb max_used=473Kb free=245286Kb
 bounds [0x00007f0af29d0000, 0x00007f0af2c40000, 0x00007f0b019d0000]
 total_blobs=179 nmethods=0 adapters=145
 compilation: disabled (interpreter mode)

Compilation events (0 events):
No events

GC Heap History (0 events):
No events

Deoptimization events (0 events):
No events

Classes redefined (0 events):
No events

Internal exceptions (3 events):
Event: 0.023 Thread 0x0000561c6e31b000 Exception <a 'java/lang/NoSuchMethodError': Method sun.misc.Unsafe.defineClass(Ljava/lang/String;[BII)Ljava/lang/Class; name or signature does not match> (0x00000000eb907cb8) thrown at [/HUDSON/workspace/8-2-build-linux-amd64/jdk8u221/13320/hotspot/src/sh
Event: 0.023 Thread 0x0000561c6e31b000 Exception <a 'java/lang/NoSuchMethodError': Method sun.misc.Unsafe.prefetchRead(Ljava/lang/Object;J)V name or signature does not match> (0x00000000eb907fa0) thrown at [/HUDSON/workspace/8-2-build-linux-amd64/jdk8u221/13320/hotspot/src/share/vm/prims/jni.c
Event: 0.051 Thread 0x00007f0aac001000 Exception <a 'java/lang/NoSuchMethodError': name> (0x00000000ebb3f608) thrown at [/HUDSON/workspace/8-2-build-linux-amd64/jdk8u221/13320/hotspot/src/share/vm/prims/jni.cpp, line 1614]

Events (10 events):
Event: 0.051 loading class java/io/FilePermission$1
Event: 0.051 loading class java/io/FilePermission$1 done
Event: 0.051 loading class java/io/FilePermissionCollection
Event: 0.051 loading class java/io/FilePermissionCollection done
Event: 0.051 loading class java/security/AllPermission
Event: 0.051 loading class java/security/AllPermission done
Event: 0.051 loading class java/security/UnresolvedPermission
Event: 0.051 loading class java/security/UnresolvedPermission done
Event: 0.051 loading class java/security/BasicPermissionCollection
Event: 0.051 loading class java/security/BasicPermissionCollection done


Dynamic libraries:
c2a00000-c5380000 rw-p 00000000 00:00 0 
c5380000-eb900000 ---p 00000000 00:00 0 
eb900000-ecd80000 rw-p 00000000 00:00 0 
ecd80000-100000000 ---p 00000000 00:00 0 
100000000-100080000 rw-p 00000000 00:00 0 
100080000-140000000 ---p 00000000 00:00 0 
561c6db01000-561c6db03000 r-xp 00000000 08:01 7053                       /home/wanhui/CallJvm/callJvmThreadpool/cmake-build-debug/main
561c6dd02000-561c6dd03000 r--p 00001000 08:01 7053                       /home/wanhui/CallJvm/callJvmThreadpool/cmake-build-debug/main
561c6dd03000-561c6dd04000 rw-p 00002000 08:01 7053                       /home/wanhui/CallJvm/callJvmThreadpool/cmake-build-debug/main
561c6e2fe000-561c6e3d8000 rw-p 00000000 00:00 0                          [heap]
7f0aa8000000-7f0aa8021000 rw-p 00000000 00:00 0 
7f0aa8021000-7f0aac000000 ---p 00000000 00:00 0 
7f0aac000000-7f0aac03e000 rw-p 00000000 00:00 0 
7f0aac03e000-7f0ab0000000 ---p 00000000 00:00 0 
7f0ab0000000-7f0ab0021000 rw-p 00000000 00:00 0 
7f0ab0021000-7f0ab4000000 ---p 00000000 00:00 0 
7f0ab4000000-7f0ab4021000 rw-p 00000000 00:00 0 
7f0ab4021000-7f0ab8000000 ---p 00000000 00:00 0 
7f0ab8000000-7f0ab8021000 rw-p 00000000 00:00 0 
7f0ab8021000-7f0abc000000 ---p 00000000 00:00 0 
7f0abc000000-7f0abc021000 rw-p 00000000 00:00 0 
7f0abc021000-7f0ac0000000 ---p 00000000 00:00 0 
7f0ac0000000-7f0ac0021000 rw-p 00000000 00:00 0 
7f0ac0021000-7f0ac4000000 ---p 00000000 00:00 0 
7f0ac4000000-7f0ac4021000 rw-p 00000000 00:00 0 
7f0ac4021000-7f0ac8000000 ---p 00000000 00:00 0 
7f0ac8000000-7f0ac8021000 rw-p 00000000 00:00 0 
7f0ac8021000-7f0acc000000 ---p 00000000 00:00 0 
7f0acc000000-7f0acc021000 rw-p 00000000 00:00 0 
7f0acc021000-7f0ad0000000 ---p 00000000 00:00 0 
7f0ad0000000-7f0ad0021000 rw-p 00000000 00:00 0 
7f0ad0021000-7f0ad4000000 ---p 00000000 00:00 0 
7f0ad4000000-7f0ad4021000 rw-p 00000000 00:00 0 
7f0ad4021000-7f0ad8000000 ---p 00000000 00:00 0 
7f0ad8000000-7f0ad8021000 rw-p 00000000 00:00 0 
7f0ad8021000-7f0adc000000 ---p 00000000 00:00 0 
7f0adc000000-7f0adc021000 rw-p 00000000 00:00 0 
7f0adc021000-7f0ae0000000 ---p 00000000 00:00 0 
7f0ae1ffc000-7f0ae1ffd000 ---p 00000000 00:00 0 
7f0ae1ffd000-7f0ae2000000 ---p 00000000 00:00 0 
7f0ae2000000-7f0ae27fd000 rw-p 00000000 00:00 0 
7f0ae27fd000-7f0ae27fe000 ---p 00000000 00:00 0 
7f0ae27fe000-7f0ae2801000 ---p 00000000 00:00 0 
7f0ae2801000-7f0ae2ffe000 rw-p 00000000 00:00 0 
7f0ae2ffe000-7f0ae2fff000 ---p 00000000 00:00 0 
7f0ae2fff000-7f0ae3002000 ---p 00000000 00:00 0 
7f0ae3002000-7f0ae37ff000 rw-p 00000000 00:00 0 
7f0ae37ff000-7f0ae3800000 ---p 00000000 00:00 0 
7f0ae3800000-7f0ae3803000 ---p 00000000 00:00 0 
7f0ae3803000-7f0ae4000000 rw-p 00000000 00:00 0 
7f0ae4000000-7f0ae4021000 rw-p 00000000 00:00 0 
7f0ae4021000-7f0ae8000000 ---p 00000000 00:00 0 
7f0ae82c0000-7f0ae8555000 rw-p 00000000 00:00 0 
7f0ae8555000-7f0ae8556000 ---p 00000000 00:00 0 
7f0ae8556000-7f0ae8559000 ---p 00000000 00:00 0 
7f0ae8559000-7f0ae8d56000 rw-p 00000000 00:00 0 
7f0ae8d56000-7f0ae8d57000 ---p 00000000 00:00 0 
7f0ae8d57000-7f0ae8d5a000 ---p 00000000 00:00 0 
7f0ae8d5a000-7f0ae9557000 rw-p 00000000 00:00 0 
7f0ae9557000-7f0ae9558000 ---p 00000000 00:00 0 
7f0ae9558000-7f0ae9658000 rw-p 00000000 00:00 0 
7f0ae9658000-7f0ae965b000 ---p 00000000 00:00 0 
7f0ae965b000-7f0ae9759000 rw-p 00000000 00:00 0 
7f0ae9759000-7f0ae975c000 ---p 00000000 00:00 0 
7f0ae975c000-7f0ae985a000 rw-p 00000000 00:00 0 
7f0ae985a000-7f0aea229000 r--p 00000000 08:01 1186501                    /usr/lib/locale/locale-archive
7f0aea229000-7f0aea22c000 ---p 00000000 00:00 0 
7f0aea22c000-7f0aea32a000 rw-p 00000000 00:00 0 
7f0aea32a000-7f0aea32d000 ---p 00000000 00:00 0 
7f0aea32d000-7f0aea42b000 rw-p 00000000 00:00 0 
7f0aea42b000-7f0aea42c000 ---p 00000000 00:00 0 
7f0aea42c000-7f0aeb43b000 rw-p 00000000 00:00 0 
7f0aeb43b000-7f0aeb615000 r--s 03d88000 08:01 1324703                    /usr/local/java/jre/lib/rt.jar
7f0aeb615000-7f0aeba55000 rw-p 00000000 00:00 0 
7f0aeba55000-7f0aebe15000 ---p 00000000 00:00 0 
7f0aebe15000-7f0aec000000 rw-p 00000000 00:00 0 
7f0aec000000-7f0aec021000 rw-p 00000000 00:00 0 
7f0aec021000-7f0af0000000 ---p 00000000 00:00 0 
7f0af0005000-7f0af2020000 rw-p 00000000 00:00 0 
7f0af2020000-7f0af2021000 ---p 00000000 00:00 0 
7f0af2021000-7f0af2121000 rw-p 00000000 00:00 0 
7f0af2121000-7f0af2122000 ---p 00000000 00:00 0 
7f0af2122000-7f0af2222000 rw-p 00000000 00:00 0 
7f0af2222000-7f0af2223000 ---p 00000000 00:00 0 
7f0af2223000-7f0af2323000 rw-p 00000000 00:00 0 
7f0af2323000-7f0af2324000 ---p 00000000 00:00 0 
7f0af2324000-7f0af2439000 rw-p 00000000 00:00 0 
7f0af2439000-7f0af256b000 ---p 00000000 00:00 0 
7f0af256b000-7f0af2576000 rw-p 00000000 00:00 0 
7f0af2576000-7f0af260f000 ---p 00000000 00:00 0 
7f0af260f000-7f0af261a000 rw-p 00000000 00:00 0 
7f0af261a000-7f0af29d0000 ---p 00000000 00:00 0 
7f0af29d0000-7f0af2c40000 rwxp 00000000 00:00 0 
7f0af2c40000-7f0b019d0000 ---p 00000000 00:00 0 
7f0b019d0000-7f0b019eb000 r-xp 00000000 08:01 1453051                    /usr/local/java/jre/lib/amd64/libzip.so
7f0b019eb000-7f0b01bea000 ---p 0001b000 08:01 1453051                    /usr/local/java/jre/lib/amd64/libzip.so
7f0b01bea000-7f0b01beb000 r--p 0001a000 08:01 1453051                    /usr/local/java/jre/lib/amd64/libzip.so
7f0b01beb000-7f0b01bec000 rw-p 0001b000 08:01 1453051                    /usr/local/java/jre/lib/amd64/libzip.so
7f0b01bec000-7f0b01bf7000 r-xp 00000000 08:01 2233846                    /lib/x86_64-linux-gnu/libnss_files-2.27.so
7f0b01bf7000-7f0b01df6000 ---p 0000b000 08:01 2233846                    /lib/x86_64-linux-gnu/libnss_files-2.27.so
7f0b01df6000-7f0b01df7000 r--p 0000a000 08:01 2233846                    /lib/x86_64-linux-gnu/libnss_files-2.27.so
7f0b01df7000-7f0b01df8000 rw-p 0000b000 08:01 2233846                    /lib/x86_64-linux-gnu/libnss_files-2.27.so
7f0b01df8000-7f0b01dfe000 rw-p 00000000 00:00 0 
7f0b01dfe000-7f0b01e15000 r-xp 00000000 08:01 2233840                    /lib/x86_64-linux-gnu/libnsl-2.27.so
7f0b01e15000-7f0b02014000 ---p 00017000 08:01 2233840                    /lib/x86_64-linux-gnu/libnsl-2.27.so
7f0b02014000-7f0b02015000 r--p 00016000 08:01 2233840                    /lib/x86_64-linux-gnu/libnsl-2.27.so
7f0b02015000-7f0b02016000 rw-p 00017000 08:01 2233840                    /lib/x86_64-linux-gnu/libnsl-2.27.so
7f0b02016000-7f0b02018000 rw-p 00000000 00:00 0 
7f0b02018000-7f0b02023000 r-xp 00000000 08:01 2233857                    /lib/x86_64-linux-gnu/libnss_nis-2.27.so
7f0b02023000-7f0b02222000 ---p 0000b000 08:01 2233857                    /lib/x86_64-linux-gnu/libnss_nis-2.27.so
7f0b02222000-7f0b02223000 r--p 0000a000 08:01 2233857                    /lib/x86_64-linux-gnu/libnss_nis-2.27.so
7f0b02223000-7f0b02224000 rw-p 0000b000 08:01 2233857                    /lib/x86_64-linux-gnu/libnss_nis-2.27.so
7f0b02224000-7f0b0222c000 r-xp 00000000 08:01 2233842                    /lib/x86_64-linux-gnu/libnss_compat-2.27.so
7f0b0222c000-7f0b0242c000 ---p 00008000 08:01 2233842                    /lib/x86_64-linux-gnu/libnss_compat-2.27.so
7f0b0242c000-7f0b0242d000 r--p 00008000 08:01 2233842                    /lib/x86_64-linux-gnu/libnss_compat-2.27.so
7f0b0242d000-7f0b0242e000 rw-p 00009000 08:01 2233842                    /lib/x86_64-linux-gnu/libnss_compat-2.27.so
7f0b0242e000-7f0b0245a000 r-xp 00000000 08:01 1453042                    /usr/local/java/jre/lib/amd64/libjava.so
7f0b0245a000-7f0b0265a000 ---p 0002c000 08:01 1453042                    /usr/local/java/jre/lib/amd64/libjava.so
7f0b0265a000-7f0b0265b000 r--p 0002c000 08:01 1453042                    /usr/local/java/jre/lib/amd64/libjava.so
7f0b0265b000-7f0b0265d000 rw-p 0002d000 08:01 1453042                    /usr/local/java/jre/lib/amd64/libjava.so
7f0b0265d000-7f0b0266a000 r-xp 00000000 08:01 1453033                    /usr/local/java/jre/lib/amd64/libverify.so
7f0b0266a000-7f0b02869000 ---p 0000d000 08:01 1453033                    /usr/local/java/jre/lib/amd64/libverify.so
7f0b02869000-7f0b0286b000 r--p 0000c000 08:01 1453033                    /usr/local/java/jre/lib/amd64/libverify.so
7f0b0286b000-7f0b0286c000 rw-p 0000e000 08:01 1453033                    /usr/local/java/jre/lib/amd64/libverify.so
7f0b0286c000-7f0b02873000 r-xp 00000000 08:01 2233897                    /lib/x86_64-linux-gnu/librt-2.27.so
7f0b02873000-7f0b02a72000 ---p 00007000 08:01 2233897                    /lib/x86_64-linux-gnu/librt-2.27.so
7f0b02a72000-7f0b02a73000 r--p 00006000 08:01 2233897                    /lib/x86_64-linux-gnu/librt-2.27.so
7f0b02a73000-7f0b02a74000 rw-p 00007000 08:01 2233897                    /lib/x86_64-linux-gnu/librt-2.27.so
7f0b02a74000-7f0b02a77000 r-xp 00000000 08:01 2233779                    /lib/x86_64-linux-gnu/libdl-2.27.so
7f0b02a77000-7f0b02c76000 ---p 00003000 08:01 2233779                    /lib/x86_64-linux-gnu/libdl-2.27.so
7f0b02c76000-7f0b02c77000 r--p 00002000 08:01 2233779                    /lib/x86_64-linux-gnu/libdl-2.27.so
7f0b02c77000-7f0b02c78000 rw-p 00003000 08:01 2233779                    /lib/x86_64-linux-gnu/libdl-2.27.so
7f0b02c78000-7f0b02e15000 r-xp 00000000 08:01 2233819                    /lib/x86_64-linux-gnu/libm-2.27.so
7f0b02e15000-7f0b03014000 ---p 0019d000 08:01 2233819                    /lib/x86_64-linux-gnu/libm-2.27.so
7f0b03014000-7f0b03015000 r--p 0019c000 08:01 2233819                    /lib/x86_64-linux-gnu/libm-2.27.so
7f0b03015000-7f0b03016000 rw-p 0019d000 08:01 2233819                    /lib/x86_64-linux-gnu/libm-2.27.so
7f0b03016000-7f0b031fd000 r-xp 00000000 08:01 2233756                    /lib/x86_64-linux-gnu/libc-2.27.so
7f0b031fd000-7f0b033fd000 ---p 001e7000 08:01 2233756                    /lib/x86_64-linux-gnu/libc-2.27.so
7f0b033fd000-7f0b03401000 r--p 001e7000 08:01 2233756                    /lib/x86_64-linux-gnu/libc-2.27.so
7f0b03401000-7f0b03403000 rw-p 001eb000 08:01 2233756                    /lib/x86_64-linux-gnu/libc-2.27.so
7f0b03403000-7f0b03407000 rw-p 00000000 00:00 0 
7f0b03407000-7f0b03421000 r-xp 00000000 08:01 2233889                    /lib/x86_64-linux-gnu/libpthread-2.27.so
7f0b03421000-7f0b03620000 ---p 0001a000 08:01 2233889                    /lib/x86_64-linux-gnu/libpthread-2.27.so
7f0b03620000-7f0b03621000 r--p 00019000 08:01 2233889                    /lib/x86_64-linux-gnu/libpthread-2.27.so
7f0b03621000-7f0b03622000 rw-p 0001a000 08:01 2233889                    /lib/x86_64-linux-gnu/libpthread-2.27.so
7f0b03622000-7f0b03626000 rw-p 00000000 00:00 0 
7f0b03626000-7f0b0430e000 r-xp 00000000 08:01 1453049                    /usr/local/java/jre/lib/amd64/server/libjvm.so
7f0b0430e000-7f0b0450d000 ---p 00ce8000 08:01 1453049                    /usr/local/java/jre/lib/amd64/server/libjvm.so
7f0b0450d000-7f0b045a3000 r--p 00ce7000 08:01 1453049                    /usr/local/java/jre/lib/amd64/server/libjvm.so
7f0b045a3000-7f0b045d4000 rw-p 00d7d000 08:01 1453049                    /usr/local/java/jre/lib/amd64/server/libjvm.so
7f0b045d4000-7f0b0460f000 rw-p 00000000 00:00 0 
7f0b0460f000-7f0b04636000 r-xp 00000000 08:01 2233728                    /lib/x86_64-linux-gnu/ld-2.27.so
7f0b0463f000-7f0b046eb000 rw-p 00000000 00:00 0 
7f0b046eb000-7f0b0481e000 ---p 00000000 00:00 0 
7f0b0481e000-7f0b04820000 rw-p 00000000 00:00 0 
7f0b04829000-7f0b0482a000 r--s 00000000 08:01 7072                       /home/wanhui/CallJvm/callJvmThreadpool/qin_test1.jar
7f0b0482a000-7f0b04832000 rw-s 00000000 08:01 4417                       /tmp/hsperfdata_wanhui/17821
7f0b04832000-7f0b04833000 rw-p 00000000 00:00 0 
7f0b04833000-7f0b04834000 r--p 00000000 00:00 0 
7f0b04834000-7f0b04836000 rw-p 00000000 00:00 0 
7f0b04836000-7f0b04837000 r--p 00027000 08:01 2233728                    /lib/x86_64-linux-gnu/ld-2.27.so
7f0b04837000-7f0b04838000 rw-p 00028000 08:01 2233728                    /lib/x86_64-linux-gnu/ld-2.27.so
7f0b04838000-7f0b04839000 rw-p 00000000 00:00 0 
7ffc1abe1000-7ffc1abe4000 ---p 00000000 00:00 0 
7ffc1abe4000-7ffc1ace1000 rw-p 00000000 00:00 0                          [stack]
7ffc1ad95000-7ffc1ad98000 r--p 00000000 00:00 0                          [vvar]
7ffc1ad98000-7ffc1ad9a000 r-xp 00000000 00:00 0                          [vdso]
ffffffffff600000-ffffffffff601000 r-xp 00000000 00:00 0                  [vsyscall]

VM Arguments:
jvm_args: -Djava.compiler=NONE -verbose:jni 
java_command: <unknown>
java_class_path (initial): .:/home/wanhui/CallJvm/callJvmThreadpool/qin_test1.jar
Launcher Type: generic

Environment Variables:
JAVA_HOME=/usr/local/java
CLASSPATH=/home/wanhui/Downloads/clion-2019.2.1/lib/bootstrap.jar:/home/wanhui/Downloads/clion-2019.2.1/lib/extensions.jar:/home/wanhui/Downloads/clion-2019.2.1/lib/util.jar:/home/wanhui/Downloads/clion-2019.2.1/lib/jdom.jar:/home/wanhui/Downloads/clion-2019.2.1/lib/log4j.jar:/home/wanhui/Downloads/clion-2019.2.1/lib/trove4j.jar:/home/wanhui/Downloads/clion-2019.2.1/lib/jna.jar
PATH=/usr/local/sbin:/usr/local/bin:/usr/sbin:/usr/bin:/sbin:/bin:/snap/bin:/usr/local/redis/redis-4.0.9.tar_files/redis-4.0.9/src:/usr/local/mysql/bin
USERNAME=wanhui
SHELL=/bin/bash
DISPLAY=:0

Signal Handlers:
SIGSEGV: [libjvm.so+0xad3d90], sa_mask[0]=11111111011111111101111111111110, sa_flags=SA_RESTART|SA_SIGINFO
SIGBUS: [libjvm.so+0xad3d90], sa_mask[0]=11111111011111111101111111111110, sa_flags=SA_RESTART|SA_SIGINFO
SIGFPE: [libjvm.so+0x90b8b0], sa_mask[0]=11111111011111111101111111111110, sa_flags=SA_RESTART|SA_SIGINFO
SIGPIPE: [libjvm.so+0x90b8b0], sa_mask[0]=11111111011111111101111111111110, sa_flags=SA_RESTART|SA_SIGINFO
SIGXFSZ: [libjvm.so+0x90b8b0], sa_mask[0]=11111111011111111101111111111110, sa_flags=SA_RESTART|SA_SIGINFO
SIGILL: [libjvm.so+0x90b8b0], sa_mask[0]=11111111011111111101111111111110, sa_flags=SA_RESTART|SA_SIGINFO
SIGUSR1: SIG_DFL, sa_mask[0]=00000000000000000000000000000000, sa_flags=none
SIGUSR2: [libjvm.so+0x90b780], sa_mask[0]=00100000000000000000000000000000, sa_flags=SA_RESTART|SA_SIGINFO
SIGHUP: [libjvm.so+0x90bda0], sa_mask[0]=11111111011111111101111111111110, sa_flags=SA_RESTART|SA_SIGINFO
SIGINT: [libjvm.so+0x90bda0], sa_mask[0]=11111111011111111101111111111110, sa_flags=SA_RESTART|SA_SIGINFO
SIGTERM: [libjvm.so+0x90bda0], sa_mask[0]=11111111011111111101111111111110, sa_flags=SA_RESTART|SA_SIGINFO
SIGQUIT: [libjvm.so+0x90bda0], sa_mask[0]=11111111011111111101111111111110, sa_flags=SA_RESTART|SA_SIGINFO


---------------  S Y S T E M  ---------------

OS:DISTRIB_ID=Ubuntu
DISTRIB_RELEASE=18.04
DISTRIB_CODENAME=bionic
DISTRIB_DESCRIPTION="Ubuntu 18.04.3 LTS"

uname:Linux 4.15.0-66-generic #75-Ubuntu SMP Tue Oct 1 05:24:09 UTC 2019 x86_64
libc:glibc 2.27 NPTL 2.27 
rlimit: STACK 8192k, CORE 0k, NPROC 15513, NOFILE 1048576, AS infinity
load average:1.42 0.59 0.41

/proc/meminfo:
MemTotal:        4015688 kB
MemFree:          124436 kB
MemAvailable:     163024 kB
Buffers:            7604 kB
Cached:           242496 kB
SwapCached:        19980 kB
Active:          2441784 kB
Inactive:         625996 kB
Active(anon):    2287420 kB
Inactive(anon):   567428 kB
Active(file):     154364 kB
Inactive(file):    58568 kB
Unevictable:          48 kB
Mlocked:              48 kB
SwapTotal:       2097148 kB
SwapFree:         651580 kB
Dirty:              3400 kB
Writeback:             0 kB
AnonPages:       2799920 kB
Mapped:           167592 kB
Shmem:             37052 kB
Slab:             139412 kB
SReclaimable:      61256 kB
SUnreclaim:        78156 kB
KernelStack:       17924 kB
PageTables:        65452 kB
NFS_Unstable:          0 kB
Bounce:                0 kB
WritebackTmp:          0 kB
CommitLimit:     4104992 kB
Committed_AS:   10061240 kB
VmallocTotal:   34359738367 kB
VmallocUsed:           0 kB
VmallocChunk:          0 kB
HardwareCorrupted:     0 kB
AnonHugePages:         0 kB
ShmemHugePages:        0 kB
ShmemPmdMapped:        0 kB
CmaTotal:              0 kB
CmaFree:               0 kB
HugePages_Total:       0
HugePages_Free:        0
HugePages_Rsvd:        0
HugePages_Surp:        0
Hugepagesize:       2048 kB
DirectMap4k:      374592 kB
DirectMap2M:     3819520 kB
DirectMap1G:     2097152 kB

container (cgroup) information:
container_type: cgroupv1
cpu_cpuset_cpus: 0-3
cpu_memory_nodes: 0
active_processor_count: 4
cpu_quota: -1
cpu_period: 100000
cpu_shares: -1
memory_limit_in_bytes: -1
memory_and_swap_limit_in_bytes: -2
memory_soft_limit_in_bytes: -1
memory_usage_in_bytes: 3131310080
memory_max_usage_in_bytes: 682409984


CPU:total 4 (initial active 4) (2 cores per cpu, 1 threads per core) family 6 model 158 stepping 13, cmov, cx8, fxsr, mmx, sse, sse2, sse3, ssse3, sse4.1, sse4.2, popcnt, avx, avx2, aes, clmul, erms, rtm, 3dnowpref, lzcnt, tsc, tscinvbit, bmi1, bmi2, adx

/proc/cpuinfo:
processor	: 0
vendor_id	: GenuineIntel
cpu family	: 6
model		: 158
model name	: Intel(R) Core(TM) i7-9700 CPU @ 3.00GHz
stepping	: 13
microcode	: 0xb4
cpu MHz		: 2999.999
cache size	: 12288 KB
physical id	: 0
siblings	: 2
core id		: 0
cpu cores	: 2
apicid		: 0
initial apicid	: 0
fpu		: yes
fpu_exception	: yes
cpuid level	: 22
wp		: yes
flags		: fpu vme de pse tsc msr pae mce cx8 apic sep mtrr pge mca cmov pat pse36 clflush mmx fxsr sse sse2 ss ht syscall nx pdpe1gb rdtscp lm constant_tsc arch_perfmon nopl xtopology tsc_reliable nonstop_tsc cpuid pni pclmulqdq vmx ssse3 fma cx16 pcid sse4_1 sse4_2 x2apic movbe popcnt tsc_deadline_timer aes xsave avx f16c rdrand hypervisor lahf_lm abm 3dnowprefetch cpuid_fault invpcid_single ssbd ibrs ibpb stibp ibrs_enhanced tpr_shadow vnmi ept vpid fsgsbase tsc_adjust bmi1 hle avx2 smep bmi2 invpcid rtm mpx rdseed adx smap clflushopt xsaveopt xsavec xsaves arat md_clear flush_l1d arch_capabilities
bugs		: spectre_v1 spectre_v2 spec_store_bypass swapgs
bogomips	: 5999.99
clflush size	: 64
cache_alignment	: 64
address sizes	: 43 bits physical, 48 bits virtual
power management:

processor	: 1
vendor_id	: GenuineIntel
cpu family	: 6
model		: 158
model name	: Intel(R) Core(TM) i7-9700 CPU @ 3.00GHz
stepping	: 13
microcode	: 0xb4
cpu MHz		: 2999.999
cache size	: 12288 KB
physical id	: 0
siblings	: 2
core id		: 1
cpu cores	: 2
apicid		: 1
initial apicid	: 1
fpu		: yes
fpu_exception	: yes
cpuid level	: 22
wp		: yes
flags		: fpu vme de pse tsc msr pae mce cx8 apic sep mtrr pge mca cmov pat pse36 clflush mmx fxsr sse sse2 ss ht syscall nx pdpe1gb rdtscp lm constant_tsc arch_perfmon nopl xtopology tsc_reliable nonstop_tsc cpuid pni pclmulqdq vmx ssse3 fma cx16 pcid sse4_1 sse4_2 x2apic movbe popcnt tsc_deadline_timer aes xsave avx f16c rdrand hypervisor lahf_lm abm 3dnowprefetch cpuid_fault invpcid_single ssbd ibrs ibpb stibp ibrs_enhanced tpr_shadow vnmi ept vpid fsgsbase tsc_adjust bmi1 hle avx2 smep bmi2 invpcid rtm mpx rdseed adx smap clflushopt xsaveopt xsavec xsaves arat md_clear flush_l1d arch_capabilities
bugs		: spectre_v1 spectre_v2 spec_store_bypass swapgs
bogomips	: 5999.99
clflush size	: 64
cache_alignment	: 64
address sizes	: 43 bits physical, 48 bits virtual
power management:

processor	: 2
vendor_id	: GenuineIntel
cpu family	: 6
model		: 158
model name	: Intel(R) Core(TM) i7-9700 CPU @ 3.00GHz
stepping	: 13
microcode	: 0xb4
cpu MHz		: 2999.999
cache size	: 12288 KB
physical id	: 1
siblings	: 2
core id		: 0
cpu cores	: 2
apicid		: 2
initial apicid	: 2
fpu		: yes
fpu_exception	: yes
cpuid level	: 22
wp		: yes
flags		: fpu vme de pse tsc msr pae mce cx8 apic sep mtrr pge mca cmov pat pse36 clflush mmx fxsr sse sse2 ss ht syscall nx pdpe1gb rdtscp lm constant_tsc arch_perfmon nopl xtopology tsc_reliable nonstop_tsc cpuid pni pclmulqdq vmx ssse3 fma cx16 pcid sse4_1 sse4_2 x2apic movbe popcnt tsc_deadline_timer aes xsave avx f16c rdrand hypervisor lahf_lm abm 3dnowprefetch cpuid_fault invpcid_single ssbd ibrs ibpb stibp ibrs_enhanced tpr_shadow vnmi ept vpid fsgsbase tsc_adjust bmi1 hle avx2 smep bmi2 invpcid rtm mpx rdseed adx smap clflushopt xsaveopt xsavec xsaves arat md_clear flush_l1d arch_capabilities
bugs		: spectre_v1 spectre_v2 spec_store_bypass swapgs
bogomips	: 5999.99
clflush size	: 64
cache_alignment	: 64
address sizes	: 43 bits physical, 48 bits virtual
power management:

processor	: 3
vendor_id	: GenuineIntel
cpu family	: 6
model		: 158
model name	: Intel(R) Core(TM) i7-9700 CPU @ 3.00GHz
stepping	: 13
microcode	: 0xb4
cpu MHz		: 2999.999
cache size	: 12288 KB
physical id	: 1
siblings	: 2
core id		: 1
cpu cores	: 2
apicid		: 3
initial apicid	: 3
fpu		: yes
fpu_exception	: yes
cpuid level	: 22
wp		: yes
flags		: fpu vme de pse tsc msr pae mce cx8 apic sep mtrr pge mca cmov pat pse36 clflush mmx fxsr sse sse2 ss ht syscall nx pdpe1gb rdtscp lm constant_tsc arch_perfmon nopl xtopology tsc_reliable nonstop_tsc cpuid pni pclmulqdq vmx ssse3 fma cx16 pcid sse4_1 sse4_2 x2apic movbe popcnt tsc_deadline_timer aes xsave avx f16c rdrand hypervisor lahf_lm abm 3dnowprefetch cpuid_fault invpcid_single ssbd ibrs ibpb stibp ibrs_enhanced tpr_shadow vnmi ept vpid fsgsbase tsc_adjust bmi1 hle avx2 smep bmi2 invpcid rtm mpx rdseed adx smap clflushopt xsaveopt xsavec xsaves arat md_clear flush_l1d arch_capabilities
bugs		: spectre_v1 spectre_v2 spec_store_bypass swapgs
bogomips	: 5999.99
clflush size	: 64
cache_alignment	: 64
address sizes	: 43 bits physical, 48 bits virtual
power management:



Memory: 4k page, physical 4015688k(124436k free), swap 2097148k(651580k free)

vm_info: Java HotSpot(TM) 64-Bit Server VM (25.221-b11) for linux-amd64 JRE (1.8.0_221-b11), built on Jul  4 2019 04:27:00 by "java_re" with gcc 7.3.0

time: Sat Nov  2 12:04:58 2019
timezone: CST
elapsed time: 0 seconds (0d 0h 0m 0s)

