#
# A fatal error has been detected by the Java Runtime Environment:
#
#  SIGSEGV (0xb) at pc=0x000055d4bf53dc98, pid=14858, tid=0x00007f25fe3bb700
#
# JRE version: Java(TM) SE Runtime Environment (8.0_221-b11) (build 1.8.0_221-b11)
# Java VM: Java HotSpot(TM) 64-Bit Server VM (25.221-b11 interpreted mode linux-amd64 compressed oops)
# Problematic frame:
# C  [main+0x1c98]  handle_stream(void*)+0xf8
#
# Failed to write core dump. Core dumps have been disabled. To enable core dumping, try "ulimit -c unlimited" before starting Java again
#
# If you would like to submit a bug report, please visit:
#   http://bugreport.java.com/bugreport/crash.jsp
#

---------------  T H R E A D  ---------------

Current thread is native thread

siginfo: si_signo: 11 (SIGSEGV), si_code: 1 (SEGV_MAPERR), si_addr: 0x0000000000000008

Registers:
RAX=0x0000000000000000, RBX=0x00007f25fe3baace, RCX=0x00007f261882d384, RDX=0x00007f2618277a68
RSP=0x00007f25fe3baaa0, RBP=0x00007f25fe3baad0, RSI=0x00007f25fe3baace, RDI=0x00007f25fe3baaa0
R8 =0x0000000000000000, R9 =0x00007f25fe3bb700, R10=0x000055d4bf53e199, R11=0x0000000000000000
R12=0x00007f25fe3bafc0, R13=0x0000000000000000, R14=0x00007fff776f2a10, R15=0x00007fff776f2980
RIP=0x000055d4bf53dc98, EFLAGS=0x0000000000010246, CSGSFS=0x002b000000000033, ERR=0x0000000000000004
  TRAPNO=0x000000000000000e

Top of Stack: (sp=0x00007f25fe3baaa0)
0x00007f25fe3baaa0:   000055d4bfc5e790 0000000000000000
0x00007f25fe3baab0:   0000000000000000 0000000000000000
0x00007f25fe3baac0:   0000000000000000 0024000000000000
0x00007f25fe3baad0:   0000000000000000 0000000000000000
0x00007f25fe3baae0:   0000000000000000 0000000000000000
0x00007f25fe3baaf0:   0000000000000000 0000000000000000
0x00007f25fe3bab00:   0000000000000000 0000000000000000
0x00007f25fe3bab10:   0000000000000000 0000000000000000
0x00007f25fe3bab20:   0000000000000000 0000000000000000
0x00007f25fe3bab30:   0000000000000000 0000000000000000
0x00007f25fe3bab40:   0000000000000000 0000000000000000
0x00007f25fe3bab50:   0000000000000000 0000000000000000
0x00007f25fe3bab60:   0000000000000000 0000000000000000
0x00007f25fe3bab70:   0000000000000000 0000000000000000
0x00007f25fe3bab80:   0000000000000000 0000000000000000
0x00007f25fe3bab90:   0000000000000000 0000000000000000
0x00007f25fe3baba0:   0000000000000000 0000000000000000
0x00007f25fe3babb0:   0000000000000000 0000000000000000
0x00007f25fe3babc0:   0000000000000000 0000000000000000
0x00007f25fe3babd0:   0000000000000000 0000000000000000
0x00007f25fe3babe0:   0000000000000000 0000000000000000
0x00007f25fe3babf0:   0000000000000000 0000000000000000
0x00007f25fe3bac00:   0000000000000000 0000000000000000
0x00007f25fe3bac10:   0000000000000000 0000000000000000
0x00007f25fe3bac20:   0000000000000000 0000000000000000
0x00007f25fe3bac30:   0000000000000000 0000000000000000
0x00007f25fe3bac40:   0000000000000000 0000000000000000
0x00007f25fe3bac50:   0000000000000000 0000000000000000
0x00007f25fe3bac60:   0000000000000000 0000000000000000
0x00007f25fe3bac70:   0000000000000000 0000000000000000
0x00007f25fe3bac80:   0000000000000000 0000000000000000
0x00007f25fe3bac90:   0000000000000000 0000000000000000 

Instructions: (pc=0x000055d4bf53dc98)
0x000055d4bf53dc78:   24 18 48 3b 74 24 20 75 cf 48 89 ea 4c 89 e7 e8
0x000055d4bf53dc88:   94 01 00 00 eb d3 66 90 48 8b 44 24 10 48 89 e7
0x000055d4bf53dc98:   48 8b 50 08 48 8b 30 e8 2c fd ff ff 48 8b 7c 24
0x000055d4bf53dca8:   10 48 89 c3 48 85 ff 74 05 e8 5a f4 ff ff 48 89 

Register to memory mapping:

RAX=0x0000000000000000 is an unknown value
RBX=0x00007f25fe3baace is an unknown value
RCX=0x00007f261882d384: read+0x44 in /lib/x86_64-linux-gnu/libpthread.so.0 at 0x00007f261881c000
RDX=0x00007f2618277a68: <offset 0x3eda68> in /lib/x86_64-linux-gnu/libc.so.6 at 0x00007f2617e8a000
RSP=0x00007f25fe3baaa0 is an unknown value
RBP=0x00007f25fe3baad0 is an unknown value
RSI=0x00007f25fe3baace is an unknown value
RDI=0x00007f25fe3baaa0 is an unknown value
R8 =0x0000000000000000 is an unknown value
R9 =0x00007f25fe3bb700 is an unknown value
R10=0x000055d4bf53e199: <offset 0x2199> in /home/wanhui/CallJvm/callJvmThreadpool/cmake-build-debug/main at 0x000055d4bf53c000
R11=0x0000000000000000 is an unknown value
R12=0x00007f25fe3bafc0 is an unknown value
R13=0x0000000000000000 is an unknown value
R14=0x00007fff776f2a10 is pointing into the stack for thread: 0x000055d4bfbad000
R15=0x00007fff776f2980 is pointing into the stack for thread: 0x000055d4bfbad000


Stack: [0x00007f25fdbbc000,0x00007f25fe3bc000],  sp=0x00007f25fe3baaa0,  free space=8186k
Native frames: (J=compiled Java code, j=interpreted, Vv=VM code, C=native code)
C  [main+0x1c98]  handle_stream(void*)+0xf8


---------------  P R O C E S S  ---------------

VM state:not at safepoint (normal execution)

VM Mutex/Monitor currently owned by a thread: None

heap address: 0x00000000c2a00000, size: 982 MB, Compressed Oops mode: 32-bit
Narrow klass base: 0x0000000000000000, Narrow klass shift: 3
Compressed class space size: 1073741824 Address: 0x0000000100000000

Heap:
 PSYoungGen      total 18432K, used 634K [0x00000000eb900000, 0x00000000ecd80000, 0x0000000100000000)
  eden space 15872K, 4% used [0x00000000eb900000,0x00000000eb99ebc8,0x00000000ec880000)
  from space 2560K, 0% used [0x00000000ecb00000,0x00000000ecb00000,0x00000000ecd80000)
  to   space 2560K, 0% used [0x00000000ec880000,0x00000000ec880000,0x00000000ecb00000)
 ParOldGen       total 42496K, used 0K [0x00000000c2a00000, 0x00000000c5380000, 0x00000000eb900000)
  object space 42496K, 0% used [0x00000000c2a00000,0x00000000c2a00000,0x00000000c5380000)
 Metaspace       used 2176K, capacity 4480K, committed 4480K, reserved 1056768K
  class space    used 240K, capacity 384K, committed 384K, reserved 1048576K

Card table byte_map: [0x00007f2607298000,0x00007f2607484000] byte_map_base: 0x00007f2606c83000

Marking Bits: (ParMarkBitMap*) 0x00007f2619a06d80
 Begin Bits: [0x00007f2604fe4000, 0x00007f2605f3c000)
 End Bits:   [0x00007f2605f3c000, 0x00007f2606e94000)

Polling page: 0x00007f2619c48000

CodeCache: size=245760Kb used=469Kb max_used=469Kb free=245290Kb
 bounds [0x00007f2607844000, 0x00007f2607ab4000, 0x00007f2616844000]
 total_blobs=171 nmethods=0 adapters=137
 compilation: disabled (interpreter mode)

Compilation events (0 events):
No events

GC Heap History (0 events):
No events

Deoptimization events (0 events):
No events

Classes redefined (0 events):
No events

Internal exceptions (2 events):
Event: 0.016 Thread 0x000055d4bfbad000 Exception <a 'java/lang/NoSuchMethodError': Method sun.misc.Unsafe.defineClass(Ljava/lang/String;[BII)Ljava/lang/Class; name or signature does not match> (0x00000000eb907cb8) thrown at [/HUDSON/workspace/8-2-build-linux-amd64/jdk8u221/13320/hotspot/src/sh
Event: 0.017 Thread 0x000055d4bfbad000 Exception <a 'java/lang/NoSuchMethodError': Method sun.misc.Unsafe.prefetchRead(Ljava/lang/Object;J)V name or signature does not match> (0x00000000eb907fa0) thrown at [/HUDSON/workspace/8-2-build-linux-amd64/jdk8u221/13320/hotspot/src/share/vm/prims/jni.c

Events (10 events):
Event: 0.030 loading class java/lang/invoke/MemberName$Factory done
Event: 0.030 loading class java/lang/invoke/MethodHandleStatics
Event: 0.030 loading class java/lang/invoke/MethodHandleStatics done
Event: 0.030 loading class java/lang/invoke/MethodHandleStatics$1
Event: 0.030 loading class java/lang/invoke/MethodHandleStatics$1 done
Event: 0.031 Thread 0x000055d4bfc5c000 Thread added: 0x000055d4bfc5c000
Event: 0.031 loading class sun/misc/PostVMInitHook
Event: 0.031 loading class sun/misc/PostVMInitHook done
Event: 0.031 loading class sun/misc/PostVMInitHook$1
Event: 0.031 loading class sun/misc/PostVMInitHook$1 done


Dynamic libraries:
c2a00000-c5380000 rw-p 00000000 00:00 0 
c5380000-eb900000 ---p 00000000 00:00 0 
eb900000-ecd80000 rw-p 00000000 00:00 0 
ecd80000-100000000 ---p 00000000 00:00 0 
100000000-100060000 rw-p 00000000 00:00 0 
100060000-140000000 ---p 00000000 00:00 0 
55d4bf53c000-55d4bf53f000 r-xp 00000000 08:01 27                         /home/wanhui/CallJvm/callJvmThreadpool/cmake-build-debug/main
55d4bf73e000-55d4bf73f000 r--p 00002000 08:01 27                         /home/wanhui/CallJvm/callJvmThreadpool/cmake-build-debug/main
55d4bf73f000-55d4bf740000 rw-p 00003000 08:01 27                         /home/wanhui/CallJvm/callJvmThreadpool/cmake-build-debug/main
55d4bfb7e000-55d4bfc6a000 rw-p 00000000 00:00 0                          [heap]
7f25d0000000-7f25d0021000 rw-p 00000000 00:00 0 
7f25d0021000-7f25d4000000 ---p 00000000 00:00 0 
7f25d4000000-7f25d4021000 rw-p 00000000 00:00 0 
7f25d4021000-7f25d8000000 ---p 00000000 00:00 0 
7f25d8000000-7f25d8021000 rw-p 00000000 00:00 0 
7f25d8021000-7f25dc000000 ---p 00000000 00:00 0 
7f25dc000000-7f25dc021000 rw-p 00000000 00:00 0 
7f25dc021000-7f25e0000000 ---p 00000000 00:00 0 
7f25e0000000-7f25e0021000 rw-p 00000000 00:00 0 
7f25e0021000-7f25e4000000 ---p 00000000 00:00 0 
7f25e4000000-7f25e4021000 rw-p 00000000 00:00 0 
7f25e4021000-7f25e8000000 ---p 00000000 00:00 0 
7f25e8000000-7f25e8021000 rw-p 00000000 00:00 0 
7f25e8021000-7f25ec000000 ---p 00000000 00:00 0 
7f25ec000000-7f25ec021000 rw-p 00000000 00:00 0 
7f25ec021000-7f25f0000000 ---p 00000000 00:00 0 
7f25f0000000-7f25f0021000 rw-p 00000000 00:00 0 
7f25f0021000-7f25f4000000 ---p 00000000 00:00 0 
7f25f8000000-7f25f8021000 rw-p 00000000 00:00 0 
7f25f8021000-7f25fc000000 ---p 00000000 00:00 0 
7f25fdbbb000-7f25fdbbc000 ---p 00000000 00:00 0 
7f25fdbbc000-7f25fe3bc000 rw-p 00000000 00:00 0 
7f25fe3bc000-7f25fe3bd000 ---p 00000000 00:00 0 
7f25fe3bd000-7f25fe4bd000 rw-p 00000000 00:00 0 
7f25fe4bd000-7f25fe4c0000 ---p 00000000 00:00 0 
7f25fe4c0000-7f25fe5be000 rw-p 00000000 00:00 0 
7f25fe5be000-7f25fe5c1000 ---p 00000000 00:00 0 
7f25fe5c1000-7f25fe6bf000 rw-p 00000000 00:00 0 
7f25fe6bf000-7f25ff08e000 r--p 00000000 08:01 1186501                    /usr/lib/locale/locale-archive
7f25ff08e000-7f25ff091000 ---p 00000000 00:00 0 
7f25ff091000-7f25ff18f000 rw-p 00000000 00:00 0 
7f25ff18f000-7f25ff192000 ---p 00000000 00:00 0 
7f25ff192000-7f25ff290000 rw-p 00000000 00:00 0 
7f25ff290000-7f25ff291000 ---p 00000000 00:00 0 
7f25ff291000-7f2600000000 rw-p 00000000 00:00 0 
7f2600000000-7f2600021000 rw-p 00000000 00:00 0 
7f2600021000-7f2604000000 ---p 00000000 00:00 0 
7f2604014000-7f26043a9000 rw-p 00000000 00:00 0 
7f26043a9000-7f2604583000 r--s 03d88000 08:01 1324703                    /usr/local/java/jre/lib/rt.jar
7f2604583000-7f26049f9000 rw-p 00000000 00:00 0 
7f26049f9000-7f2604df9000 ---p 00000000 00:00 0 
7f2604df9000-7f2606e94000 rw-p 00000000 00:00 0 
7f2606e94000-7f2606e95000 ---p 00000000 00:00 0 
7f2606e95000-7f2606f95000 rw-p 00000000 00:00 0 
7f2606f95000-7f2606f96000 ---p 00000000 00:00 0 
7f2606f96000-7f2607096000 rw-p 00000000 00:00 0 
7f2607096000-7f2607097000 ---p 00000000 00:00 0 
7f2607097000-7f2607197000 rw-p 00000000 00:00 0 
7f2607197000-7f2607198000 ---p 00000000 00:00 0 
7f2607198000-7f26072ad000 rw-p 00000000 00:00 0 
7f26072ad000-7f26073df000 ---p 00000000 00:00 0 
7f26073df000-7f26073ea000 rw-p 00000000 00:00 0 
7f26073ea000-7f2607483000 ---p 00000000 00:00 0 
7f2607483000-7f260748e000 rw-p 00000000 00:00 0 
7f260748e000-7f2607844000 ---p 00000000 00:00 0 
7f2607844000-7f2607ab4000 rwxp 00000000 00:00 0 
7f2607ab4000-7f2616844000 ---p 00000000 00:00 0 
7f2616844000-7f261685f000 r-xp 00000000 08:01 1453051                    /usr/local/java/jre/lib/amd64/libzip.so
7f261685f000-7f2616a5e000 ---p 0001b000 08:01 1453051                    /usr/local/java/jre/lib/amd64/libzip.so
7f2616a5e000-7f2616a5f000 r--p 0001a000 08:01 1453051                    /usr/local/java/jre/lib/amd64/libzip.so
7f2616a5f000-7f2616a60000 rw-p 0001b000 08:01 1453051                    /usr/local/java/jre/lib/amd64/libzip.so
7f2616a60000-7f2616a6b000 r-xp 00000000 08:01 2233846                    /lib/x86_64-linux-gnu/libnss_files-2.27.so
7f2616a6b000-7f2616c6a000 ---p 0000b000 08:01 2233846                    /lib/x86_64-linux-gnu/libnss_files-2.27.so
7f2616c6a000-7f2616c6b000 r--p 0000a000 08:01 2233846                    /lib/x86_64-linux-gnu/libnss_files-2.27.so
7f2616c6b000-7f2616c6c000 rw-p 0000b000 08:01 2233846                    /lib/x86_64-linux-gnu/libnss_files-2.27.so
7f2616c6c000-7f2616c72000 rw-p 00000000 00:00 0 
7f2616c72000-7f2616c89000 r-xp 00000000 08:01 2233840                    /lib/x86_64-linux-gnu/libnsl-2.27.so
7f2616c89000-7f2616e88000 ---p 00017000 08:01 2233840                    /lib/x86_64-linux-gnu/libnsl-2.27.so
7f2616e88000-7f2616e89000 r--p 00016000 08:01 2233840                    /lib/x86_64-linux-gnu/libnsl-2.27.so
7f2616e89000-7f2616e8a000 rw-p 00017000 08:01 2233840                    /lib/x86_64-linux-gnu/libnsl-2.27.so
7f2616e8a000-7f2616e8c000 rw-p 00000000 00:00 0 
7f2616e8c000-7f2616e97000 r-xp 00000000 08:01 2233857                    /lib/x86_64-linux-gnu/libnss_nis-2.27.so
7f2616e97000-7f2617096000 ---p 0000b000 08:01 2233857                    /lib/x86_64-linux-gnu/libnss_nis-2.27.so
7f2617096000-7f2617097000 r--p 0000a000 08:01 2233857                    /lib/x86_64-linux-gnu/libnss_nis-2.27.so
7f2617097000-7f2617098000 rw-p 0000b000 08:01 2233857                    /lib/x86_64-linux-gnu/libnss_nis-2.27.so
7f2617098000-7f26170a0000 r-xp 00000000 08:01 2233842                    /lib/x86_64-linux-gnu/libnss_compat-2.27.so
7f26170a0000-7f26172a0000 ---p 00008000 08:01 2233842                    /lib/x86_64-linux-gnu/libnss_compat-2.27.so
7f26172a0000-7f26172a1000 r--p 00008000 08:01 2233842                    /lib/x86_64-linux-gnu/libnss_compat-2.27.so
7f26172a1000-7f26172a2000 rw-p 00009000 08:01 2233842                    /lib/x86_64-linux-gnu/libnss_compat-2.27.so
7f26172a2000-7f26172ce000 r-xp 00000000 08:01 1453042                    /usr/local/java/jre/lib/amd64/libjava.so
7f26172ce000-7f26174ce000 ---p 0002c000 08:01 1453042                    /usr/local/java/jre/lib/amd64/libjava.so
7f26174ce000-7f26174cf000 r--p 0002c000 08:01 1453042                    /usr/local/java/jre/lib/amd64/libjava.so
7f26174cf000-7f26174d1000 rw-p 0002d000 08:01 1453042                    /usr/local/java/jre/lib/amd64/libjava.so
7f26174d1000-7f26174de000 r-xp 00000000 08:01 1453033                    /usr/local/java/jre/lib/amd64/libverify.so
7f26174de000-7f26176dd000 ---p 0000d000 08:01 1453033                    /usr/local/java/jre/lib/amd64/libverify.so
7f26176dd000-7f26176df000 r--p 0000c000 08:01 1453033                    /usr/local/java/jre/lib/amd64/libverify.so
7f26176df000-7f26176e0000 rw-p 0000e000 08:01 1453033                    /usr/local/java/jre/lib/amd64/libverify.so
7f26176e0000-7f26176e7000 r-xp 00000000 08:01 2233897                    /lib/x86_64-linux-gnu/librt-2.27.so
7f26176e7000-7f26178e6000 ---p 00007000 08:01 2233897                    /lib/x86_64-linux-gnu/librt-2.27.so
7f26178e6000-7f26178e7000 r--p 00006000 08:01 2233897                    /lib/x86_64-linux-gnu/librt-2.27.so
7f26178e7000-7f26178e8000 rw-p 00007000 08:01 2233897                    /lib/x86_64-linux-gnu/librt-2.27.so
7f26178e8000-7f26178eb000 r-xp 00000000 08:01 2233779                    /lib/x86_64-linux-gnu/libdl-2.27.so
7f26178eb000-7f2617aea000 ---p 00003000 08:01 2233779                    /lib/x86_64-linux-gnu/libdl-2.27.so
7f2617aea000-7f2617aeb000 r--p 00002000 08:01 2233779                    /lib/x86_64-linux-gnu/libdl-2.27.so
7f2617aeb000-7f2617aec000 rw-p 00003000 08:01 2233779                    /lib/x86_64-linux-gnu/libdl-2.27.so
7f2617aec000-7f2617c89000 r-xp 00000000 08:01 2233819                    /lib/x86_64-linux-gnu/libm-2.27.so
7f2617c89000-7f2617e88000 ---p 0019d000 08:01 2233819                    /lib/x86_64-linux-gnu/libm-2.27.so
7f2617e88000-7f2617e89000 r--p 0019c000 08:01 2233819                    /lib/x86_64-linux-gnu/libm-2.27.so
7f2617e89000-7f2617e8a000 rw-p 0019d000 08:01 2233819                    /lib/x86_64-linux-gnu/libm-2.27.so
7f2617e8a000-7f2618071000 r-xp 00000000 08:01 2233756                    /lib/x86_64-linux-gnu/libc-2.27.so
7f2618071000-7f2618271000 ---p 001e7000 08:01 2233756                    /lib/x86_64-linux-gnu/libc-2.27.so
7f2618271000-7f2618275000 r--p 001e7000 08:01 2233756                    /lib/x86_64-linux-gnu/libc-2.27.so
7f2618275000-7f2618277000 rw-p 001eb000 08:01 2233756                    /lib/x86_64-linux-gnu/libc-2.27.so
7f2618277000-7f261827b000 rw-p 00000000 00:00 0 
7f261827b000-7f2618292000 r-xp 00000000 08:01 2233339                    /lib/x86_64-linux-gnu/libgcc_s.so.1
7f2618292000-7f2618491000 ---p 00017000 08:01 2233339                    /lib/x86_64-linux-gnu/libgcc_s.so.1
7f2618491000-7f2618492000 r--p 00016000 08:01 2233339                    /lib/x86_64-linux-gnu/libgcc_s.so.1
7f2618492000-7f2618493000 rw-p 00017000 08:01 2233339                    /lib/x86_64-linux-gnu/libgcc_s.so.1
7f2618493000-7f261860c000 r-xp 00000000 08:01 1188276                    /usr/lib/x86_64-linux-gnu/libstdc++.so.6.0.25
7f261860c000-7f261880c000 ---p 00179000 08:01 1188276                    /usr/lib/x86_64-linux-gnu/libstdc++.so.6.0.25
7f261880c000-7f2618816000 r--p 00179000 08:01 1188276                    /usr/lib/x86_64-linux-gnu/libstdc++.so.6.0.25
7f2618816000-7f2618818000 rw-p 00183000 08:01 1188276                    /usr/lib/x86_64-linux-gnu/libstdc++.so.6.0.25
7f2618818000-7f261881c000 rw-p 00000000 00:00 0 
7f261881c000-7f2618836000 r-xp 00000000 08:01 2233889                    /lib/x86_64-linux-gnu/libpthread-2.27.so
7f2618836000-7f2618a35000 ---p 0001a000 08:01 2233889                    /lib/x86_64-linux-gnu/libpthread-2.27.so
7f2618a35000-7f2618a36000 r--p 00019000 08:01 2233889                    /lib/x86_64-linux-gnu/libpthread-2.27.so
7f2618a36000-7f2618a37000 rw-p 0001a000 08:01 2233889                    /lib/x86_64-linux-gnu/libpthread-2.27.so
7f2618a37000-7f2618a3b000 rw-p 00000000 00:00 0 
7f2618a3b000-7f2619723000 r-xp 00000000 08:01 1453049                    /usr/local/java/jre/lib/amd64/server/libjvm.so
7f2619723000-7f2619922000 ---p 00ce8000 08:01 1453049                    /usr/local/java/jre/lib/amd64/server/libjvm.so
7f2619922000-7f26199b8000 r--p 00ce7000 08:01 1453049                    /usr/local/java/jre/lib/amd64/server/libjvm.so
7f26199b8000-7f26199e9000 rw-p 00d7d000 08:01 1453049                    /usr/local/java/jre/lib/amd64/server/libjvm.so
7f26199e9000-7f2619a24000 rw-p 00000000 00:00 0 
7f2619a24000-7f2619a4b000 r-xp 00000000 08:01 2233728                    /lib/x86_64-linux-gnu/ld-2.27.so
7f2619a51000-7f2619afd000 rw-p 00000000 00:00 0 
7f2619afd000-7f2619c30000 ---p 00000000 00:00 0 
7f2619c30000-7f2619c35000 rw-p 00000000 00:00 0 
7f2619c3f000-7f2619c47000 rw-s 00000000 08:01 1327340                    /tmp/hsperfdata_wanhui/14858
7f2619c47000-7f2619c48000 rw-p 00000000 00:00 0 
7f2619c48000-7f2619c49000 r--p 00000000 00:00 0 
7f2619c49000-7f2619c4b000 rw-p 00000000 00:00 0 
7f2619c4b000-7f2619c4c000 r--p 00027000 08:01 2233728                    /lib/x86_64-linux-gnu/ld-2.27.so
7f2619c4c000-7f2619c4d000 rw-p 00028000 08:01 2233728                    /lib/x86_64-linux-gnu/ld-2.27.so
7f2619c4d000-7f2619c4e000 rw-p 00000000 00:00 0 
7fff775f5000-7fff775f8000 ---p 00000000 00:00 0 
7fff775f8000-7fff776f5000 rw-p 00000000 00:00 0                          [stack]
7fff77722000-7fff77725000 r--p 00000000 00:00 0                          [vvar]
7fff77725000-7fff77727000 r-xp 00000000 00:00 0                          [vdso]
ffffffffff600000-ffffffffff601000 r-xp 00000000 00:00 0                  [vsyscall]

VM Arguments:
jvm_args: -Djava.compiler=NONE -verbose:jni 
java_command: <unknown>
java_class_path (initial): .:/home/wanhui/CallJvm/callJvmThreadpool/qin_test1.jar
Launcher Type: generic

Environment Variables:
JAVA_HOME=/usr/local/java
CLASSPATH=/home/wanhui/Downloads/clion-2019.2.1/lib/bootstrap.jar:/home/wanhui/Downloads/clion-2019.2.1/lib/extensions.jar:/home/wanhui/Downloads/clion-2019.2.1/lib/util.jar:/home/wanhui/Downloads/clion-2019.2.1/lib/jdom.jar:/home/wanhui/Downloads/clion-2019.2.1/lib/log4j.jar:/home/wanhui/Downloads/clion-2019.2.1/lib/trove4j.jar:/home/wanhui/Downloads/clion-2019.2.1/lib/jna.jar
PATH=/usr/local/sbin:/usr/local/bin:/usr/sbin:/usr/bin:/sbin:/bin:/snap/bin:/usr/local/redis/redis-4.0.9.tar_files/redis-4.0.9/src:/usr/local/mysql/bin
USERNAME=wanhui
SHELL=/bin/bash
DISPLAY=:0

Signal Handlers:
SIGSEGV: [libjvm.so+0xad3d90], sa_mask[0]=11111111011111111101111111111110, sa_flags=SA_RESTART|SA_SIGINFO
SIGBUS: [libjvm.so+0xad3d90], sa_mask[0]=11111111011111111101111111111110, sa_flags=SA_RESTART|SA_SIGINFO
SIGFPE: [libjvm.so+0x90b8b0], sa_mask[0]=11111111011111111101111111111110, sa_flags=SA_RESTART|SA_SIGINFO
SIGPIPE: [libjvm.so+0x90b8b0], sa_mask[0]=11111111011111111101111111111110, sa_flags=SA_RESTART|SA_SIGINFO
SIGXFSZ: [libjvm.so+0x90b8b0], sa_mask[0]=11111111011111111101111111111110, sa_flags=SA_RESTART|SA_SIGINFO
SIGILL: [libjvm.so+0x90b8b0], sa_mask[0]=11111111011111111101111111111110, sa_flags=SA_RESTART|SA_SIGINFO
SIGUSR1: SIG_DFL, sa_mask[0]=00000000000000000000000000000000, sa_flags=none
SIGUSR2: [libjvm.so+0x90b780], sa_mask[0]=00100000000000000000000000000000, sa_flags=SA_RESTART|SA_SIGINFO
SIGHUP: [libjvm.so+0x90bda0], sa_mask[0]=11111111011111111101111111111110, sa_flags=SA_RESTART|SA_SIGINFO
SIGINT: [libjvm.so+0x90bda0], sa_mask[0]=11111111011111111101111111111110, sa_flags=SA_RESTART|SA_SIGINFO
SIGTERM: [libjvm.so+0x90bda0], sa_mask[0]=11111111011111111101111111111110, sa_flags=SA_RESTART|SA_SIGINFO
SIGQUIT: [libjvm.so+0x90bda0], sa_mask[0]=11111111011111111101111111111110, sa_flags=SA_RESTART|SA_SIGINFO


---------------  S Y S T E M  ---------------

OS:DISTRIB_ID=Ubuntu
DISTRIB_RELEASE=18.04
DISTRIB_CODENAME=bionic
DISTRIB_DESCRIPTION="Ubuntu 18.04.3 LTS"

uname:Linux 4.15.0-66-generic #75-Ubuntu SMP Tue Oct 1 05:24:09 UTC 2019 x86_64
libc:glibc 2.27 NPTL 2.27 
rlimit: STACK 8192k, CORE 0k, NPROC 15513, NOFILE 1048576, AS infinity
load average:0.37 0.28 0.27

/proc/meminfo:
MemTotal:        4015688 kB
MemFree:          191328 kB
MemAvailable:     445404 kB
Buffers:           60216 kB
Cached:           346808 kB
SwapCached:       155708 kB
Active:          2359828 kB
Inactive:         750040 kB
Active(anon):    2162460 kB
Inactive(anon):   557364 kB
Active(file):     197368 kB
Inactive(file):   192676 kB
Unevictable:          16 kB
Mlocked:              16 kB
SwapTotal:       2097148 kB
SwapFree:        1428220 kB
Dirty:              2296 kB
Writeback:             0 kB
AnonPages:       2657620 kB
Mapped:           191892 kB
Shmem:             16980 kB
Slab:             206076 kB
SReclaimable:     137832 kB
SUnreclaim:        68244 kB
KernelStack:       13488 kB
PageTables:        48112 kB
NFS_Unstable:          0 kB
Bounce:                0 kB
WritebackTmp:          0 kB
CommitLimit:     4104992 kB
Committed_AS:    6902804 kB
VmallocTotal:   34359738367 kB
VmallocUsed:           0 kB
VmallocChunk:          0 kB
HardwareCorrupted:     0 kB
AnonHugePages:         0 kB
ShmemHugePages:        0 kB
ShmemPmdMapped:        0 kB
CmaTotal:              0 kB
CmaFree:               0 kB
HugePages_Total:       0
HugePages_Free:        0
HugePages_Rsvd:        0
HugePages_Surp:        0
Hugepagesize:       2048 kB
DirectMap4k:      198464 kB
DirectMap2M:     3995648 kB
DirectMap1G:     2097152 kB

container (cgroup) information:
container_type: cgroupv1
cpu_cpuset_cpus: 0-3
cpu_memory_nodes: 0
active_processor_count: 4
cpu_quota: -1
cpu_period: 100000
cpu_shares: -1
memory_limit_in_bytes: -1
memory_and_swap_limit_in_bytes: -2
memory_soft_limit_in_bytes: -1
memory_usage_in_bytes: 3139637248
memory_max_usage_in_bytes: 41361408


CPU:total 4 (initial active 4) (2 cores per cpu, 1 threads per core) family 6 model 158 stepping 13, cmov, cx8, fxsr, mmx, sse, sse2, sse3, ssse3, sse4.1, sse4.2, popcnt, avx, avx2, aes, clmul, erms, rtm, 3dnowpref, lzcnt, tsc, tscinvbit, bmi1, bmi2, adx

/proc/cpuinfo:
processor	: 0
vendor_id	: GenuineIntel
cpu family	: 6
model		: 158
model name	: Intel(R) Core(TM) i7-9700 CPU @ 3.00GHz
stepping	: 13
microcode	: 0xb4
cpu MHz		: 2999.999
cache size	: 12288 KB
physical id	: 0
siblings	: 2
core id		: 0
cpu cores	: 2
apicid		: 0
initial apicid	: 0
fpu		: yes
fpu_exception	: yes
cpuid level	: 22
wp		: yes
flags		: fpu vme de pse tsc msr pae mce cx8 apic sep mtrr pge mca cmov pat pse36 clflush mmx fxsr sse sse2 ss ht syscall nx pdpe1gb rdtscp lm constant_tsc arch_perfmon nopl xtopology tsc_reliable nonstop_tsc cpuid pni pclmulqdq vmx ssse3 fma cx16 pcid sse4_1 sse4_2 x2apic movbe popcnt tsc_deadline_timer aes xsave avx f16c rdrand hypervisor lahf_lm abm 3dnowprefetch cpuid_fault invpcid_single ssbd ibrs ibpb stibp ibrs_enhanced tpr_shadow vnmi ept vpid fsgsbase tsc_adjust bmi1 hle avx2 smep bmi2 invpcid rtm mpx rdseed adx smap clflushopt xsaveopt xsavec xsaves arat md_clear flush_l1d arch_capabilities
bugs		: spectre_v1 spectre_v2 spec_store_bypass swapgs
bogomips	: 5999.99
clflush size	: 64
cache_alignment	: 64
address sizes	: 43 bits physical, 48 bits virtual
power management:

processor	: 1
vendor_id	: GenuineIntel
cpu family	: 6
model		: 158
model name	: Intel(R) Core(TM) i7-9700 CPU @ 3.00GHz
stepping	: 13
microcode	: 0xb4
cpu MHz		: 2999.999
cache size	: 12288 KB
physical id	: 0
siblings	: 2
core id		: 1
cpu cores	: 2
apicid		: 1
initial apicid	: 1
fpu		: yes
fpu_exception	: yes
cpuid level	: 22
wp		: yes
flags		: fpu vme de pse tsc msr pae mce cx8 apic sep mtrr pge mca cmov pat pse36 clflush mmx fxsr sse sse2 ss ht syscall nx pdpe1gb rdtscp lm constant_tsc arch_perfmon nopl xtopology tsc_reliable nonstop_tsc cpuid pni pclmulqdq vmx ssse3 fma cx16 pcid sse4_1 sse4_2 x2apic movbe popcnt tsc_deadline_timer aes xsave avx f16c rdrand hypervisor lahf_lm abm 3dnowprefetch cpuid_fault invpcid_single ssbd ibrs ibpb stibp ibrs_enhanced tpr_shadow vnmi ept vpid fsgsbase tsc_adjust bmi1 hle avx2 smep bmi2 invpcid rtm mpx rdseed adx smap clflushopt xsaveopt xsavec xsaves arat md_clear flush_l1d arch_capabilities
bugs		: spectre_v1 spectre_v2 spec_store_bypass swapgs
bogomips	: 5999.99
clflush size	: 64
cache_alignment	: 64
address sizes	: 43 bits physical, 48 bits virtual
power management:

processor	: 2
vendor_id	: GenuineIntel
cpu family	: 6
model		: 158
model name	: Intel(R) Core(TM) i7-9700 CPU @ 3.00GHz
stepping	: 13
microcode	: 0xb4
cpu MHz		: 2999.999
cache size	: 12288 KB
physical id	: 1
siblings	: 2
core id		: 0
cpu cores	: 2
apicid		: 2
initial apicid	: 2
fpu		: yes
fpu_exception	: yes
cpuid level	: 22
wp		: yes
flags		: fpu vme de pse tsc msr pae mce cx8 apic sep mtrr pge mca cmov pat pse36 clflush mmx fxsr sse sse2 ss ht syscall nx pdpe1gb rdtscp lm constant_tsc arch_perfmon nopl xtopology tsc_reliable nonstop_tsc cpuid pni pclmulqdq vmx ssse3 fma cx16 pcid sse4_1 sse4_2 x2apic movbe popcnt tsc_deadline_timer aes xsave avx f16c rdrand hypervisor lahf_lm abm 3dnowprefetch cpuid_fault invpcid_single ssbd ibrs ibpb stibp ibrs_enhanced tpr_shadow vnmi ept vpid fsgsbase tsc_adjust bmi1 hle avx2 smep bmi2 invpcid rtm mpx rdseed adx smap clflushopt xsaveopt xsavec xsaves arat md_clear flush_l1d arch_capabilities
bugs		: spectre_v1 spectre_v2 spec_store_bypass swapgs
bogomips	: 5999.99
clflush size	: 64
cache_alignment	: 64
address sizes	: 43 bits physical, 48 bits virtual
power management:

processor	: 3
vendor_id	: GenuineIntel
cpu family	: 6
model		: 158
model name	: Intel(R) Core(TM) i7-9700 CPU @ 3.00GHz
stepping	: 13
microcode	: 0xb4
cpu MHz		: 2999.999
cache size	: 12288 KB
physical id	: 1
siblings	: 2
core id		: 1
cpu cores	: 2
apicid		: 3
initial apicid	: 3
fpu		: yes
fpu_exception	: yes
cpuid level	: 22
wp		: yes
flags		: fpu vme de pse tsc msr pae mce cx8 apic sep mtrr pge mca cmov pat pse36 clflush mmx fxsr sse sse2 ss ht syscall nx pdpe1gb rdtscp lm constant_tsc arch_perfmon nopl xtopology tsc_reliable nonstop_tsc cpuid pni pclmulqdq vmx ssse3 fma cx16 pcid sse4_1 sse4_2 x2apic movbe popcnt tsc_deadline_timer aes xsave avx f16c rdrand hypervisor lahf_lm abm 3dnowprefetch cpuid_fault invpcid_single ssbd ibrs ibpb stibp ibrs_enhanced tpr_shadow vnmi ept vpid fsgsbase tsc_adjust bmi1 hle avx2 smep bmi2 invpcid rtm mpx rdseed adx smap clflushopt xsaveopt xsavec xsaves arat md_clear flush_l1d arch_capabilities
bugs		: spectre_v1 spectre_v2 spec_store_bypass swapgs
bogomips	: 5999.99
clflush size	: 64
cache_alignment	: 64
address sizes	: 43 bits physical, 48 bits virtual
power management:



Memory: 4k page, physical 4015688k(191328k free), swap 2097148k(1428220k free)

vm_info: Java HotSpot(TM) 64-Bit Server VM (25.221-b11) for linux-amd64 JRE (1.8.0_221-b11), built on Jul  4 2019 04:27:00 by "java_re" with gcc 7.3.0

time: Mon Nov  4 20:05:28 2019
timezone: CST
elapsed time: 2 seconds (0d 0h 0m 2s)

