#
# A fatal error has been detected by the Java Runtime Environment:
#
#  SIGSEGV (0xb) at pc=0x0000563cc83d1e2d, pid=16564, tid=0x00007f8bf2ffd700
#
# JRE version: Java(TM) SE Runtime Environment (8.0_221-b11) (build 1.8.0_221-b11)
# Java VM: Java HotSpot(TM) 64-Bit Server VM (25.221-b11 interpreted mode linux-amd64 compressed oops)
# Problematic frame:
# C  [main+0x1e2d]  handle_stream(void*)+0xed
#
# Failed to write core dump. Core dumps have been disabled. To enable core dumping, try "ulimit -c unlimited" before starting Java again
#
# If you would like to submit a bug report, please visit:
#   http://bugreport.java.com/bugreport/crash.jsp
#

---------------  T H R E A D  ---------------

Current thread is native thread

siginfo: si_signo: 11 (SIGSEGV), si_code: 1 (SEGV_MAPERR), si_addr: 0x0000000000000000

Registers:
RAX=0x0000000000000000, RBX=0x00007f8bf2ffcaa3, RCX=0x00007f8c33544384, RDX=0x00007f8c32f8ea68
RSP=0x00007f8bf2ffca70, RBP=0x0000000000000005, RSI=0x00007f8bf2ffcaa3, RDI=0x00007f8bf2ffcab0
R8 =0x0000000000000000, R9 =0x0000000000000000, R10=0x0000000000000000, R11=0x0000000000000000
R12=0x00007ffcd6cf8660, R13=0x00007f8bf2ffcab0, R14=0x0000000000000000, R15=0x00007ffcd6cf85c0
RIP=0x0000563cc83d1e2d, EFLAGS=0x0000000000010246, CSGSFS=0x002b000000000033, ERR=0x0000000000000004
  TRAPNO=0x000000000000000e

Top of Stack: (sp=0x00007f8bf2ffca70)
0x00007f8bf2ffca70:   0000000000000000 0000000000000000
0x00007f8bf2ffca80:   0000000000000000 0000000000000000
0x00007f8bf2ffca90:   0000000000000000 0000000000000000
0x00007f8bf2ffcaa0:   0000000024000000 0000000000000000
0x00007f8bf2ffcab0:   0000000000000000 0000000000000000
0x00007f8bf2ffcac0:   0000000000000000 0000000000000000
0x00007f8bf2ffcad0:   0000000000000000 0000000000000000
0x00007f8bf2ffcae0:   0000000000000000 0000000000000000
0x00007f8bf2ffcaf0:   0000000000000000 0000000000000000
0x00007f8bf2ffcb00:   0000000000000000 0000000000000000
0x00007f8bf2ffcb10:   0000000000000000 0000000000000000
0x00007f8bf2ffcb20:   0000000000000000 0000000000000000
0x00007f8bf2ffcb30:   0000000000000000 0000000000000000
0x00007f8bf2ffcb40:   0000000000000000 0000000000000000
0x00007f8bf2ffcb50:   0000000000000000 0000000000000000
0x00007f8bf2ffcb60:   0000000000000000 0000000000000000
0x00007f8bf2ffcb70:   0000000000000000 0000000000000000
0x00007f8bf2ffcb80:   0000000000000000 0000000000000000
0x00007f8bf2ffcb90:   0000000000000000 0000000000000000
0x00007f8bf2ffcba0:   0000000000000000 0000000000000000
0x00007f8bf2ffcbb0:   0000000000000000 0000000000000000
0x00007f8bf2ffcbc0:   0000000000000000 0000000000000000
0x00007f8bf2ffcbd0:   0000000000000000 0000000000000000
0x00007f8bf2ffcbe0:   0000000000000000 0000000000000000
0x00007f8bf2ffcbf0:   0000000000000000 0000000000000000
0x00007f8bf2ffcc00:   0000000000000000 0000000000000000
0x00007f8bf2ffcc10:   0000000000000000 0000000000000000
0x00007f8bf2ffcc20:   0000000000000000 0000000000000000
0x00007f8bf2ffcc30:   0000000000000000 0000000000000000
0x00007f8bf2ffcc40:   0000000000000000 0000000000000000
0x00007f8bf2ffcc50:   0000000000000000 0000000000000000
0x00007f8bf2ffcc60:   0000000000000000 0000000000000000 

Instructions: (pc=0x0000563cc83d1e2d)
0x0000563cc83d1e0d:   8b 74 24 18 48 3b 74 24 20 75 d0 4c 89 ea 4c 89
0x0000563cc83d1e1d:   f7 e8 5d 02 00 00 eb d4 0f 1f 00 48 8b 44 24 10
0x0000563cc83d1e2d:   4c 8b 28 4c 8b 70 08 4c 89 ef e8 44 f4 ff ff 4c
0x0000563cc83d1e3d:   89 f7 e8 3c f4 ff ff 48 8d 3d 5d 05 00 00 49 8b 

Register to memory mapping:

RAX=0x0000000000000000 is an unknown value
RBX=0x00007f8bf2ffcaa3 is an unknown value
RCX=0x00007f8c33544384: read+0x44 in /lib/x86_64-linux-gnu/libpthread.so.0 at 0x00007f8c33533000
RDX=0x00007f8c32f8ea68: <offset 0x3eda68> in /lib/x86_64-linux-gnu/libc.so.6 at 0x00007f8c32ba1000
RSP=0x00007f8bf2ffca70 is an unknown value
RBP=0x0000000000000005 is an unknown value
RSI=0x00007f8bf2ffcaa3 is an unknown value
RDI=0x00007f8bf2ffcab0 is an unknown value
R8 =0x0000000000000000 is an unknown value
R9 =0x0000000000000000 is an unknown value
R10=0x0000000000000000 is an unknown value
R11=0x0000000000000000 is an unknown value
R12=0x00007ffcd6cf8660 is pointing into the stack for thread: 0x0000563cc8da9000
R13=0x00007f8bf2ffcab0 is an unknown value
R14=0x0000000000000000 is an unknown value
R15=0x00007ffcd6cf85c0 is pointing into the stack for thread: 0x0000563cc8da9000


Stack: [0x00007f8bf27fe000,0x00007f8bf2ffe000],  sp=0x00007f8bf2ffca70,  free space=8186k
Native frames: (J=compiled Java code, j=interpreted, Vv=VM code, C=native code)
C  [main+0x1e2d]  handle_stream(void*)+0xed


---------------  P R O C E S S  ---------------

VM state:not at safepoint (normal execution)

VM Mutex/Monitor currently owned by a thread: None

heap address: 0x00000000c2a00000, size: 982 MB, Compressed Oops mode: 32-bit
Narrow klass base: 0x0000000000000000, Narrow klass shift: 3
Compressed class space size: 1073741824 Address: 0x0000000100000000

Heap:
 PSYoungGen      total 18432K, used 952K [0x00000000eb900000, 0x00000000ecd80000, 0x0000000100000000)
  eden space 15872K, 6% used [0x00000000eb900000,0x00000000eb9ee300,0x00000000ec880000)
  from space 2560K, 0% used [0x00000000ecb00000,0x00000000ecb00000,0x00000000ecd80000)
  to   space 2560K, 0% used [0x00000000ec880000,0x00000000ec880000,0x00000000ecb00000)
 ParOldGen       total 42496K, used 0K [0x00000000c2a00000, 0x00000000c5380000, 0x00000000eb900000)
  object space 42496K, 0% used [0x00000000c2a00000,0x00000000c2a00000,0x00000000c5380000)
 Metaspace       used 2564K, capacity 4486K, committed 4864K, reserved 1056768K
  class space    used 281K, capacity 386K, committed 512K, reserved 1048576K

Card table byte_map: [0x00007f8c21faf000,0x00007f8c2219b000] byte_map_base: 0x00007f8c2199a000

Marking Bits: (ParMarkBitMap*) 0x00007f8c3471dd80
 Begin Bits: [0x00007f8c12150000, 0x00007f8c130a8000)
 End Bits:   [0x00007f8c130a8000, 0x00007f8c14000000)

Polling page: 0x00007f8c3495f000

CodeCache: size=245760Kb used=473Kb max_used=473Kb free=245286Kb
 bounds [0x00007f8c2255b000, 0x00007f8c227cb000, 0x00007f8c3155b000]
 total_blobs=179 nmethods=0 adapters=145
 compilation: disabled (interpreter mode)

Compilation events (0 events):
No events

GC Heap History (0 events):
No events

Deoptimization events (0 events):
No events

Classes redefined (0 events):
No events

Internal exceptions (2 events):
Event: 0.041 Thread 0x0000563cc8da9000 Exception <a 'java/lang/NoSuchMethodError': Method sun.misc.Unsafe.defineClass(Ljava/lang/String;[BII)Ljava/lang/Class; name or signature does not match> (0x00000000eb907cb8) thrown at [/HUDSON/workspace/8-2-build-linux-amd64/jdk8u221/13320/hotspot/src/sh
Event: 0.042 Thread 0x0000563cc8da9000 Exception <a 'java/lang/NoSuchMethodError': Method sun.misc.Unsafe.prefetchRead(Ljava/lang/Object;J)V name or signature does not match> (0x00000000eb907fa0) thrown at [/HUDSON/workspace/8-2-build-linux-amd64/jdk8u221/13320/hotspot/src/share/vm/prims/jni.c

Events (10 events):
Event: 3.409 loading class java/io/FilePermission$1 done
Event: 3.409 loading class java/io/FilePermissionCollection
Event: 3.409 loading class java/io/FilePermissionCollection done
Event: 3.410 loading class java/security/AllPermission
Event: 3.410 loading class java/security/AllPermission done
Event: 3.410 loading class java/security/UnresolvedPermission
Event: 3.410 loading class java/security/UnresolvedPermission done
Event: 3.410 loading class java/security/BasicPermissionCollection
Event: 3.411 loading class java/security/BasicPermissionCollection done
Event: 3.411 Thread 0x00007f8bec001000 Thread exited: 0x00007f8bec001000


Dynamic libraries:
c2a00000-c5380000 rw-p 00000000 00:00 0 
c5380000-eb900000 ---p 00000000 00:00 0 
eb900000-ecd80000 rw-p 00000000 00:00 0 
ecd80000-100000000 ---p 00000000 00:00 0 
100000000-100080000 rw-p 00000000 00:00 0 
100080000-140000000 ---p 00000000 00:00 0 
563cc83d0000-563cc83d3000 r-xp 00000000 08:01 27                         /home/wanhui/CallJvm/callJvmThreadpool/cmake-build-debug/main
563cc85d2000-563cc85d3000 r--p 00002000 08:01 27                         /home/wanhui/CallJvm/callJvmThreadpool/cmake-build-debug/main
563cc85d3000-563cc85d4000 rw-p 00003000 08:01 27                         /home/wanhui/CallJvm/callJvmThreadpool/cmake-build-debug/main
563cc8d7a000-563cc8e66000 rw-p 00000000 00:00 0                          [heap]
7f8be4000000-7f8be4021000 rw-p 00000000 00:00 0 
7f8be4021000-7f8be8000000 ---p 00000000 00:00 0 
7f8bec000000-7f8bec036000 rw-p 00000000 00:00 0 
7f8bec036000-7f8bf0000000 ---p 00000000 00:00 0 
7f8bf1ffc000-7f8bf1ffd000 ---p 00000000 00:00 0 
7f8bf1ffd000-7f8bf27fd000 rw-p 00000000 00:00 0 
7f8bf27fd000-7f8bf27fe000 ---p 00000000 00:00 0 
7f8bf27fe000-7f8bf2ffe000 rw-p 00000000 00:00 0 
7f8bf2ffe000-7f8bf2fff000 ---p 00000000 00:00 0 
7f8bf2fff000-7f8bf37ff000 rw-p 00000000 00:00 0 
7f8bf37ff000-7f8bf3800000 ---p 00000000 00:00 0 
7f8bf3800000-7f8bf4000000 rw-p 00000000 00:00 0 
7f8bf4000000-7f8bf4021000 rw-p 00000000 00:00 0 
7f8bf4021000-7f8bf8000000 ---p 00000000 00:00 0 
7f8bf8000000-7f8bf8021000 rw-p 00000000 00:00 0 
7f8bf8021000-7f8bfc000000 ---p 00000000 00:00 0 
7f8bfc000000-7f8bfc021000 rw-p 00000000 00:00 0 
7f8bfc021000-7f8c00000000 ---p 00000000 00:00 0 
7f8c00000000-7f8c00021000 rw-p 00000000 00:00 0 
7f8c00021000-7f8c04000000 ---p 00000000 00:00 0 
7f8c04000000-7f8c04021000 rw-p 00000000 00:00 0 
7f8c04021000-7f8c08000000 ---p 00000000 00:00 0 
7f8c08000000-7f8c08021000 rw-p 00000000 00:00 0 
7f8c08021000-7f8c0c000000 ---p 00000000 00:00 0 
7f8c0c000000-7f8c0c021000 rw-p 00000000 00:00 0 
7f8c0c021000-7f8c10000000 ---p 00000000 00:00 0 
7f8c10078000-7f8c10079000 ---p 00000000 00:00 0 
7f8c10079000-7f8c10879000 rw-p 00000000 00:00 0 
7f8c10879000-7f8c1087a000 ---p 00000000 00:00 0 
7f8c1087a000-7f8c1087d000 ---p 00000000 00:00 0 
7f8c1087d000-7f8c1107a000 rw-p 00000000 00:00 0 
7f8c1107a000-7f8c1107b000 ---p 00000000 00:00 0 
7f8c1107b000-7f8c1117b000 rw-p 00000000 00:00 0 
7f8c1117b000-7f8c1117e000 ---p 00000000 00:00 0 
7f8c1117e000-7f8c1127c000 rw-p 00000000 00:00 0 
7f8c1127c000-7f8c1127f000 ---p 00000000 00:00 0 
7f8c1127f000-7f8c1137d000 rw-p 00000000 00:00 0 
7f8c1137d000-7f8c11d4c000 r--p 00000000 08:01 1186501                    /usr/lib/locale/locale-archive
7f8c11d4c000-7f8c11d4f000 ---p 00000000 00:00 0 
7f8c11d4f000-7f8c11e4d000 rw-p 00000000 00:00 0 
7f8c11e4d000-7f8c11e50000 ---p 00000000 00:00 0 
7f8c11e50000-7f8c11f4e000 rw-p 00000000 00:00 0 
7f8c11f4e000-7f8c11f4f000 ---p 00000000 00:00 0 
7f8c11f4f000-7f8c14000000 rw-p 00000000 00:00 0 
7f8c14000000-7f8c14021000 rw-p 00000000 00:00 0 
7f8c14021000-7f8c18000000 ---p 00000000 00:00 0 
7f8c18000000-7f8c18021000 rw-p 00000000 00:00 0 
7f8c18021000-7f8c1c000000 ---p 00000000 00:00 0 
7f8c1c000000-7f8c1c021000 rw-p 00000000 00:00 0 
7f8c1c021000-7f8c20000000 ---p 00000000 00:00 0 
7f8c2006d000-7f8c20f70000 rw-p 00000000 00:00 0 
7f8c20f70000-7f8c2114a000 r--s 03d88000 08:01 1324703                    /usr/local/java/jre/lib/rt.jar
7f8c2114a000-7f8c21600000 rw-p 00000000 00:00 0 
7f8c21600000-7f8c219c0000 ---p 00000000 00:00 0 
7f8c219c0000-7f8c21bab000 rw-p 00000000 00:00 0 
7f8c21bab000-7f8c21bac000 ---p 00000000 00:00 0 
7f8c21bac000-7f8c21cac000 rw-p 00000000 00:00 0 
7f8c21cac000-7f8c21cad000 ---p 00000000 00:00 0 
7f8c21cad000-7f8c21dad000 rw-p 00000000 00:00 0 
7f8c21dad000-7f8c21dae000 ---p 00000000 00:00 0 
7f8c21dae000-7f8c21eae000 rw-p 00000000 00:00 0 
7f8c21eae000-7f8c21eaf000 ---p 00000000 00:00 0 
7f8c21eaf000-7f8c21fc4000 rw-p 00000000 00:00 0 
7f8c21fc4000-7f8c220f6000 ---p 00000000 00:00 0 
7f8c220f6000-7f8c22101000 rw-p 00000000 00:00 0 
7f8c22101000-7f8c2219a000 ---p 00000000 00:00 0 
7f8c2219a000-7f8c221a5000 rw-p 00000000 00:00 0 
7f8c221a5000-7f8c2255b000 ---p 00000000 00:00 0 
7f8c2255b000-7f8c227cb000 rwxp 00000000 00:00 0 
7f8c227cb000-7f8c3155b000 ---p 00000000 00:00 0 
7f8c3155b000-7f8c31576000 r-xp 00000000 08:01 1453051                    /usr/local/java/jre/lib/amd64/libzip.so
7f8c31576000-7f8c31775000 ---p 0001b000 08:01 1453051                    /usr/local/java/jre/lib/amd64/libzip.so
7f8c31775000-7f8c31776000 r--p 0001a000 08:01 1453051                    /usr/local/java/jre/lib/amd64/libzip.so
7f8c31776000-7f8c31777000 rw-p 0001b000 08:01 1453051                    /usr/local/java/jre/lib/amd64/libzip.so
7f8c31777000-7f8c31782000 r-xp 00000000 08:01 2233846                    /lib/x86_64-linux-gnu/libnss_files-2.27.so
7f8c31782000-7f8c31981000 ---p 0000b000 08:01 2233846                    /lib/x86_64-linux-gnu/libnss_files-2.27.so
7f8c31981000-7f8c31982000 r--p 0000a000 08:01 2233846                    /lib/x86_64-linux-gnu/libnss_files-2.27.so
7f8c31982000-7f8c31983000 rw-p 0000b000 08:01 2233846                    /lib/x86_64-linux-gnu/libnss_files-2.27.so
7f8c31983000-7f8c31989000 rw-p 00000000 00:00 0 
7f8c31989000-7f8c319a0000 r-xp 00000000 08:01 2233840                    /lib/x86_64-linux-gnu/libnsl-2.27.so
7f8c319a0000-7f8c31b9f000 ---p 00017000 08:01 2233840                    /lib/x86_64-linux-gnu/libnsl-2.27.so
7f8c31b9f000-7f8c31ba0000 r--p 00016000 08:01 2233840                    /lib/x86_64-linux-gnu/libnsl-2.27.so
7f8c31ba0000-7f8c31ba1000 rw-p 00017000 08:01 2233840                    /lib/x86_64-linux-gnu/libnsl-2.27.so
7f8c31ba1000-7f8c31ba3000 rw-p 00000000 00:00 0 
7f8c31ba3000-7f8c31bae000 r-xp 00000000 08:01 2233857                    /lib/x86_64-linux-gnu/libnss_nis-2.27.so
7f8c31bae000-7f8c31dad000 ---p 0000b000 08:01 2233857                    /lib/x86_64-linux-gnu/libnss_nis-2.27.so
7f8c31dad000-7f8c31dae000 r--p 0000a000 08:01 2233857                    /lib/x86_64-linux-gnu/libnss_nis-2.27.so
7f8c31dae000-7f8c31daf000 rw-p 0000b000 08:01 2233857                    /lib/x86_64-linux-gnu/libnss_nis-2.27.so
7f8c31daf000-7f8c31db7000 r-xp 00000000 08:01 2233842                    /lib/x86_64-linux-gnu/libnss_compat-2.27.so
7f8c31db7000-7f8c31fb7000 ---p 00008000 08:01 2233842                    /lib/x86_64-linux-gnu/libnss_compat-2.27.so
7f8c31fb7000-7f8c31fb8000 r--p 00008000 08:01 2233842                    /lib/x86_64-linux-gnu/libnss_compat-2.27.so
7f8c31fb8000-7f8c31fb9000 rw-p 00009000 08:01 2233842                    /lib/x86_64-linux-gnu/libnss_compat-2.27.so
7f8c31fb9000-7f8c31fe5000 r-xp 00000000 08:01 1453042                    /usr/local/java/jre/lib/amd64/libjava.so
7f8c31fe5000-7f8c321e5000 ---p 0002c000 08:01 1453042                    /usr/local/java/jre/lib/amd64/libjava.so
7f8c321e5000-7f8c321e6000 r--p 0002c000 08:01 1453042                    /usr/local/java/jre/lib/amd64/libjava.so
7f8c321e6000-7f8c321e8000 rw-p 0002d000 08:01 1453042                    /usr/local/java/jre/lib/amd64/libjava.so
7f8c321e8000-7f8c321f5000 r-xp 00000000 08:01 1453033                    /usr/local/java/jre/lib/amd64/libverify.so
7f8c321f5000-7f8c323f4000 ---p 0000d000 08:01 1453033                    /usr/local/java/jre/lib/amd64/libverify.so
7f8c323f4000-7f8c323f6000 r--p 0000c000 08:01 1453033                    /usr/local/java/jre/lib/amd64/libverify.so
7f8c323f6000-7f8c323f7000 rw-p 0000e000 08:01 1453033                    /usr/local/java/jre/lib/amd64/libverify.so
7f8c323f7000-7f8c323fe000 r-xp 00000000 08:01 2233897                    /lib/x86_64-linux-gnu/librt-2.27.so
7f8c323fe000-7f8c325fd000 ---p 00007000 08:01 2233897                    /lib/x86_64-linux-gnu/librt-2.27.so
7f8c325fd000-7f8c325fe000 r--p 00006000 08:01 2233897                    /lib/x86_64-linux-gnu/librt-2.27.so
7f8c325fe000-7f8c325ff000 rw-p 00007000 08:01 2233897                    /lib/x86_64-linux-gnu/librt-2.27.so
7f8c325ff000-7f8c32602000 r-xp 00000000 08:01 2233779                    /lib/x86_64-linux-gnu/libdl-2.27.so
7f8c32602000-7f8c32801000 ---p 00003000 08:01 2233779                    /lib/x86_64-linux-gnu/libdl-2.27.so
7f8c32801000-7f8c32802000 r--p 00002000 08:01 2233779                    /lib/x86_64-linux-gnu/libdl-2.27.so
7f8c32802000-7f8c32803000 rw-p 00003000 08:01 2233779                    /lib/x86_64-linux-gnu/libdl-2.27.so
7f8c32803000-7f8c329a0000 r-xp 00000000 08:01 2233819                    /lib/x86_64-linux-gnu/libm-2.27.so
7f8c329a0000-7f8c32b9f000 ---p 0019d000 08:01 2233819                    /lib/x86_64-linux-gnu/libm-2.27.so
7f8c32b9f000-7f8c32ba0000 r--p 0019c000 08:01 2233819                    /lib/x86_64-linux-gnu/libm-2.27.so
7f8c32ba0000-7f8c32ba1000 rw-p 0019d000 08:01 2233819                    /lib/x86_64-linux-gnu/libm-2.27.so
7f8c32ba1000-7f8c32d88000 r-xp 00000000 08:01 2233756                    /lib/x86_64-linux-gnu/libc-2.27.so
7f8c32d88000-7f8c32f88000 ---p 001e7000 08:01 2233756                    /lib/x86_64-linux-gnu/libc-2.27.so
7f8c32f88000-7f8c32f8c000 r--p 001e7000 08:01 2233756                    /lib/x86_64-linux-gnu/libc-2.27.so
7f8c32f8c000-7f8c32f8e000 rw-p 001eb000 08:01 2233756                    /lib/x86_64-linux-gnu/libc-2.27.so
7f8c32f8e000-7f8c32f92000 rw-p 00000000 00:00 0 
7f8c32f92000-7f8c32fa9000 r-xp 00000000 08:01 2233339                    /lib/x86_64-linux-gnu/libgcc_s.so.1
7f8c32fa9000-7f8c331a8000 ---p 00017000 08:01 2233339                    /lib/x86_64-linux-gnu/libgcc_s.so.1
7f8c331a8000-7f8c331a9000 r--p 00016000 08:01 2233339                    /lib/x86_64-linux-gnu/libgcc_s.so.1
7f8c331a9000-7f8c331aa000 rw-p 00017000 08:01 2233339                    /lib/x86_64-linux-gnu/libgcc_s.so.1
7f8c331aa000-7f8c33323000 r-xp 00000000 08:01 1188276                    /usr/lib/x86_64-linux-gnu/libstdc++.so.6.0.25
7f8c33323000-7f8c33523000 ---p 00179000 08:01 1188276                    /usr/lib/x86_64-linux-gnu/libstdc++.so.6.0.25
7f8c33523000-7f8c3352d000 r--p 00179000 08:01 1188276                    /usr/lib/x86_64-linux-gnu/libstdc++.so.6.0.25
7f8c3352d000-7f8c3352f000 rw-p 00183000 08:01 1188276                    /usr/lib/x86_64-linux-gnu/libstdc++.so.6.0.25
7f8c3352f000-7f8c33533000 rw-p 00000000 00:00 0 
7f8c33533000-7f8c3354d000 r-xp 00000000 08:01 2233889                    /lib/x86_64-linux-gnu/libpthread-2.27.so
7f8c3354d000-7f8c3374c000 ---p 0001a000 08:01 2233889                    /lib/x86_64-linux-gnu/libpthread-2.27.so
7f8c3374c000-7f8c3374d000 r--p 00019000 08:01 2233889                    /lib/x86_64-linux-gnu/libpthread-2.27.so
7f8c3374d000-7f8c3374e000 rw-p 0001a000 08:01 2233889                    /lib/x86_64-linux-gnu/libpthread-2.27.so
7f8c3374e000-7f8c33752000 rw-p 00000000 00:00 0 
7f8c33752000-7f8c3443a000 r-xp 00000000 08:01 1453049                    /usr/local/java/jre/lib/amd64/server/libjvm.so
7f8c3443a000-7f8c34639000 ---p 00ce8000 08:01 1453049                    /usr/local/java/jre/lib/amd64/server/libjvm.so
7f8c34639000-7f8c346cf000 r--p 00ce7000 08:01 1453049                    /usr/local/java/jre/lib/amd64/server/libjvm.so
7f8c346cf000-7f8c34700000 rw-p 00d7d000 08:01 1453049                    /usr/local/java/jre/lib/amd64/server/libjvm.so
7f8c34700000-7f8c3473b000 rw-p 00000000 00:00 0 
7f8c3473b000-7f8c34762000 r-xp 00000000 08:01 2233728                    /lib/x86_64-linux-gnu/ld-2.27.so
7f8c34768000-7f8c34814000 rw-p 00000000 00:00 0 
7f8c34814000-7f8c34947000 ---p 00000000 00:00 0 
7f8c34947000-7f8c3494c000 rw-p 00000000 00:00 0 
7f8c34955000-7f8c34956000 r--s 00000000 08:01 7072                       /home/wanhui/CallJvm/callJvmThreadpool/qin_test1.jar
7f8c34956000-7f8c3495e000 rw-s 00000000 08:01 1327397                    /tmp/hsperfdata_wanhui/16564
7f8c3495e000-7f8c3495f000 rw-p 00000000 00:00 0 
7f8c3495f000-7f8c34960000 r--p 00000000 00:00 0 
7f8c34960000-7f8c34962000 rw-p 00000000 00:00 0 
7f8c34962000-7f8c34963000 r--p 00027000 08:01 2233728                    /lib/x86_64-linux-gnu/ld-2.27.so
7f8c34963000-7f8c34964000 rw-p 00028000 08:01 2233728                    /lib/x86_64-linux-gnu/ld-2.27.so
7f8c34964000-7f8c34965000 rw-p 00000000 00:00 0 
7ffcd6bfa000-7ffcd6bfd000 ---p 00000000 00:00 0 
7ffcd6bfd000-7ffcd6cfa000 rw-p 00000000 00:00 0                          [stack]
7ffcd6dc8000-7ffcd6dcb000 r--p 00000000 00:00 0                          [vvar]
7ffcd6dcb000-7ffcd6dcd000 r-xp 00000000 00:00 0                          [vdso]
ffffffffff600000-ffffffffff601000 r-xp 00000000 00:00 0                  [vsyscall]

VM Arguments:
jvm_args: -Djava.compiler=NONE -verbose:jni 
java_command: <unknown>
java_class_path (initial): .:/home/wanhui/CallJvm/callJvmThreadpool/qin_test1.jar
Launcher Type: generic

Environment Variables:
JAVA_HOME=/usr/local/java
CLASSPATH=/home/wanhui/Downloads/clion-2019.2.1/lib/bootstrap.jar:/home/wanhui/Downloads/clion-2019.2.1/lib/extensions.jar:/home/wanhui/Downloads/clion-2019.2.1/lib/util.jar:/home/wanhui/Downloads/clion-2019.2.1/lib/jdom.jar:/home/wanhui/Downloads/clion-2019.2.1/lib/log4j.jar:/home/wanhui/Downloads/clion-2019.2.1/lib/trove4j.jar:/home/wanhui/Downloads/clion-2019.2.1/lib/jna.jar
PATH=/usr/local/sbin:/usr/local/bin:/usr/sbin:/usr/bin:/sbin:/bin:/snap/bin:/usr/local/redis/redis-4.0.9.tar_files/redis-4.0.9/src:/usr/local/mysql/bin
USERNAME=wanhui
SHELL=/bin/bash
DISPLAY=:0

Signal Handlers:
SIGSEGV: [libjvm.so+0xad3d90], sa_mask[0]=11111111011111111101111111111110, sa_flags=SA_RESTART|SA_SIGINFO
SIGBUS: [libjvm.so+0xad3d90], sa_mask[0]=11111111011111111101111111111110, sa_flags=SA_RESTART|SA_SIGINFO
SIGFPE: [libjvm.so+0x90b8b0], sa_mask[0]=11111111011111111101111111111110, sa_flags=SA_RESTART|SA_SIGINFO
SIGPIPE: [libjvm.so+0x90b8b0], sa_mask[0]=11111111011111111101111111111110, sa_flags=SA_RESTART|SA_SIGINFO
SIGXFSZ: [libjvm.so+0x90b8b0], sa_mask[0]=11111111011111111101111111111110, sa_flags=SA_RESTART|SA_SIGINFO
SIGILL: [libjvm.so+0x90b8b0], sa_mask[0]=11111111011111111101111111111110, sa_flags=SA_RESTART|SA_SIGINFO
SIGUSR1: SIG_DFL, sa_mask[0]=00000000000000000000000000000000, sa_flags=none
SIGUSR2: [libjvm.so+0x90b780], sa_mask[0]=00100000000000000000000000000000, sa_flags=SA_RESTART|SA_SIGINFO
SIGHUP: [libjvm.so+0x90bda0], sa_mask[0]=11111111011111111101111111111110, sa_flags=SA_RESTART|SA_SIGINFO
SIGINT: [libjvm.so+0x90bda0], sa_mask[0]=11111111011111111101111111111110, sa_flags=SA_RESTART|SA_SIGINFO
SIGTERM: [libjvm.so+0x90bda0], sa_mask[0]=11111111011111111101111111111110, sa_flags=SA_RESTART|SA_SIGINFO
SIGQUIT: [libjvm.so+0x90bda0], sa_mask[0]=11111111011111111101111111111110, sa_flags=SA_RESTART|SA_SIGINFO


---------------  S Y S T E M  ---------------

OS:DISTRIB_ID=Ubuntu
DISTRIB_RELEASE=18.04
DISTRIB_CODENAME=bionic
DISTRIB_DESCRIPTION="Ubuntu 18.04.3 LTS"

uname:Linux 4.15.0-66-generic #75-Ubuntu SMP Tue Oct 1 05:24:09 UTC 2019 x86_64
libc:glibc 2.27 NPTL 2.27 
rlimit: STACK 8192k, CORE 0k, NPROC 15513, NOFILE 1048576, AS infinity
load average:0.15 0.03 0.01

/proc/meminfo:
MemTotal:        4015688 kB
MemFree:          142276 kB
MemAvailable:     146480 kB
Buffers:            5964 kB
Cached:           174800 kB
SwapCached:       138740 kB
Active:          2401016 kB
Inactive:         670496 kB
Active(anon):    2309164 kB
Inactive(anon):   586828 kB
Active(file):      91852 kB
Inactive(file):    83668 kB
Unevictable:          16 kB
Mlocked:              16 kB
SwapTotal:       2097148 kB
SwapFree:        1112952 kB
Dirty:              4724 kB
Writeback:             0 kB
AnonPages:       2868668 kB
Mapped:            96552 kB
Shmem:              5032 kB
Slab:             137116 kB
SReclaimable:      67268 kB
SUnreclaim:        69848 kB
KernelStack:       14352 kB
PageTables:        50064 kB
NFS_Unstable:          0 kB
Bounce:                0 kB
WritebackTmp:          0 kB
CommitLimit:     4104992 kB
Committed_AS:    7514700 kB
VmallocTotal:   34359738367 kB
VmallocUsed:           0 kB
VmallocChunk:          0 kB
HardwareCorrupted:     0 kB
AnonHugePages:         0 kB
ShmemHugePages:        0 kB
ShmemPmdMapped:        0 kB
CmaTotal:              0 kB
CmaFree:               0 kB
HugePages_Total:       0
HugePages_Free:        0
HugePages_Rsvd:        0
HugePages_Surp:        0
Hugepagesize:       2048 kB
DirectMap4k:      200512 kB
DirectMap2M:     3993600 kB
DirectMap1G:     2097152 kB

container (cgroup) information:
container_type: cgroupv1
cpu_cpuset_cpus: 0-3
cpu_memory_nodes: 0
active_processor_count: 4
cpu_quota: -1
cpu_period: 100000
cpu_shares: -1
memory_limit_in_bytes: -1
memory_and_swap_limit_in_bytes: -2
memory_soft_limit_in_bytes: -1
memory_usage_in_bytes: 3135135744
memory_max_usage_in_bytes: 139915264


CPU:total 4 (initial active 4) (2 cores per cpu, 1 threads per core) family 6 model 158 stepping 13, cmov, cx8, fxsr, mmx, sse, sse2, sse3, ssse3, sse4.1, sse4.2, popcnt, avx, avx2, aes, clmul, erms, rtm, 3dnowpref, lzcnt, tsc, tscinvbit, bmi1, bmi2, adx

/proc/cpuinfo:
processor	: 0
vendor_id	: GenuineIntel
cpu family	: 6
model		: 158
model name	: Intel(R) Core(TM) i7-9700 CPU @ 3.00GHz
stepping	: 13
microcode	: 0xb4
cpu MHz		: 2999.999
cache size	: 12288 KB
physical id	: 0
siblings	: 2
core id		: 0
cpu cores	: 2
apicid		: 0
initial apicid	: 0
fpu		: yes
fpu_exception	: yes
cpuid level	: 22
wp		: yes
flags		: fpu vme de pse tsc msr pae mce cx8 apic sep mtrr pge mca cmov pat pse36 clflush mmx fxsr sse sse2 ss ht syscall nx pdpe1gb rdtscp lm constant_tsc arch_perfmon nopl xtopology tsc_reliable nonstop_tsc cpuid pni pclmulqdq vmx ssse3 fma cx16 pcid sse4_1 sse4_2 x2apic movbe popcnt tsc_deadline_timer aes xsave avx f16c rdrand hypervisor lahf_lm abm 3dnowprefetch cpuid_fault invpcid_single ssbd ibrs ibpb stibp ibrs_enhanced tpr_shadow vnmi ept vpid fsgsbase tsc_adjust bmi1 hle avx2 smep bmi2 invpcid rtm mpx rdseed adx smap clflushopt xsaveopt xsavec xsaves arat md_clear flush_l1d arch_capabilities
bugs		: spectre_v1 spectre_v2 spec_store_bypass swapgs
bogomips	: 5999.99
clflush size	: 64
cache_alignment	: 64
address sizes	: 43 bits physical, 48 bits virtual
power management:

processor	: 1
vendor_id	: GenuineIntel
cpu family	: 6
model		: 158
model name	: Intel(R) Core(TM) i7-9700 CPU @ 3.00GHz
stepping	: 13
microcode	: 0xb4
cpu MHz		: 2999.999
cache size	: 12288 KB
physical id	: 0
siblings	: 2
core id		: 1
cpu cores	: 2
apicid		: 1
initial apicid	: 1
fpu		: yes
fpu_exception	: yes
cpuid level	: 22
wp		: yes
flags		: fpu vme de pse tsc msr pae mce cx8 apic sep mtrr pge mca cmov pat pse36 clflush mmx fxsr sse sse2 ss ht syscall nx pdpe1gb rdtscp lm constant_tsc arch_perfmon nopl xtopology tsc_reliable nonstop_tsc cpuid pni pclmulqdq vmx ssse3 fma cx16 pcid sse4_1 sse4_2 x2apic movbe popcnt tsc_deadline_timer aes xsave avx f16c rdrand hypervisor lahf_lm abm 3dnowprefetch cpuid_fault invpcid_single ssbd ibrs ibpb stibp ibrs_enhanced tpr_shadow vnmi ept vpid fsgsbase tsc_adjust bmi1 hle avx2 smep bmi2 invpcid rtm mpx rdseed adx smap clflushopt xsaveopt xsavec xsaves arat md_clear flush_l1d arch_capabilities
bugs		: spectre_v1 spectre_v2 spec_store_bypass swapgs
bogomips	: 5999.99
clflush size	: 64
cache_alignment	: 64
address sizes	: 43 bits physical, 48 bits virtual
power management:

processor	: 2
vendor_id	: GenuineIntel
cpu family	: 6
model		: 158
model name	: Intel(R) Core(TM) i7-9700 CPU @ 3.00GHz
stepping	: 13
microcode	: 0xb4
cpu MHz		: 2999.999
cache size	: 12288 KB
physical id	: 1
siblings	: 2
core id		: 0
cpu cores	: 2
apicid		: 2
initial apicid	: 2
fpu		: yes
fpu_exception	: yes
cpuid level	: 22
wp		: yes
flags		: fpu vme de pse tsc msr pae mce cx8 apic sep mtrr pge mca cmov pat pse36 clflush mmx fxsr sse sse2 ss ht syscall nx pdpe1gb rdtscp lm constant_tsc arch_perfmon nopl xtopology tsc_reliable nonstop_tsc cpuid pni pclmulqdq vmx ssse3 fma cx16 pcid sse4_1 sse4_2 x2apic movbe popcnt tsc_deadline_timer aes xsave avx f16c rdrand hypervisor lahf_lm abm 3dnowprefetch cpuid_fault invpcid_single ssbd ibrs ibpb stibp ibrs_enhanced tpr_shadow vnmi ept vpid fsgsbase tsc_adjust bmi1 hle avx2 smep bmi2 invpcid rtm mpx rdseed adx smap clflushopt xsaveopt xsavec xsaves arat md_clear flush_l1d arch_capabilities
bugs		: spectre_v1 spectre_v2 spec_store_bypass swapgs
bogomips	: 5999.99
clflush size	: 64
cache_alignment	: 64
address sizes	: 43 bits physical, 48 bits virtual
power management:

processor	: 3
vendor_id	: GenuineIntel
cpu family	: 6
model		: 158
model name	: Intel(R) Core(TM) i7-9700 CPU @ 3.00GHz
stepping	: 13
microcode	: 0xb4
cpu MHz		: 2999.999
cache size	: 12288 KB
physical id	: 1
siblings	: 2
core id		: 1
cpu cores	: 2
apicid		: 3
initial apicid	: 3
fpu		: yes
fpu_exception	: yes
cpuid level	: 22
wp		: yes
flags		: fpu vme de pse tsc msr pae mce cx8 apic sep mtrr pge mca cmov pat pse36 clflush mmx fxsr sse sse2 ss ht syscall nx pdpe1gb rdtscp lm constant_tsc arch_perfmon nopl xtopology tsc_reliable nonstop_tsc cpuid pni pclmulqdq vmx ssse3 fma cx16 pcid sse4_1 sse4_2 x2apic movbe popcnt tsc_deadline_timer aes xsave avx f16c rdrand hypervisor lahf_lm abm 3dnowprefetch cpuid_fault invpcid_single ssbd ibrs ibpb stibp ibrs_enhanced tpr_shadow vnmi ept vpid fsgsbase tsc_adjust bmi1 hle avx2 smep bmi2 invpcid rtm mpx rdseed adx smap clflushopt xsaveopt xsavec xsaves arat md_clear flush_l1d arch_capabilities
bugs		: spectre_v1 spectre_v2 spec_store_bypass swapgs
bogomips	: 5999.99
clflush size	: 64
cache_alignment	: 64
address sizes	: 43 bits physical, 48 bits virtual
power management:



Memory: 4k page, physical 4015688k(142276k free), swap 2097148k(1112952k free)

vm_info: Java HotSpot(TM) 64-Bit Server VM (25.221-b11) for linux-amd64 JRE (1.8.0_221-b11), built on Jul  4 2019 04:27:00 by "java_re" with gcc 7.3.0

time: Mon Nov  4 21:19:47 2019
timezone: CST
elapsed time: 3 seconds (0d 0h 0m 3s)

