#
# A fatal error has been detected by the Java Runtime Environment:
#
#  SIGSEGV (0xb) at pc=0x000055b705575d50, pid=16752, tid=0x00007f0b84825700
#
# JRE version: Java(TM) SE Runtime Environment (8.0_221-b11) (build 1.8.0_221-b11)
# Java VM: Java HotSpot(TM) 64-Bit Server VM (25.221-b11 interpreted mode linux-amd64 compressed oops)
# Problematic frame:
# C  [main+0x1d50]  handle_stream(void*)+0xe0
#
# Failed to write core dump. Core dumps have been disabled. To enable core dumping, try "ulimit -c unlimited" before starting Java again
#
# If you would like to submit a bug report, please visit:
#   http://bugreport.java.com/bugreport/crash.jsp
#

---------------  T H R E A D  ---------------

Current thread is native thread

siginfo: si_signo: 11 (SIGSEGV), si_code: 1 (SEGV_MAPERR), si_addr: 0x0000000000000000

Registers:
RAX=0x0000000000000000, RBX=0x00007f0ba26d73e0, RCX=0x00007f0ba153c384, RDX=0x0000000000000000
RSP=0x00007f0b84824a70, RBP=0x0000000000000005, RSI=0x00007f0b84824a78, RDI=0x00007f0b84824ab0
R8 =0x0000000000000000, R9 =0x0000000000000000, R10=0x0000000000000000, R11=0x0000000000000000
R12=0x00007ffed21e4dc0, R13=0x00007f0b84824ab0, R14=0x0000000000000000, R15=0x00007ffed21e4d20
RIP=0x000055b705575d50, EFLAGS=0x0000000000010246, CSGSFS=0x002b000000000033, ERR=0x0000000000000004
  TRAPNO=0x000000000000000e

Top of Stack: (sp=0x00007f0b84824a70)
0x00007f0b84824a70:   0000000000000000 0000000000000000
0x00007f0b84824a80:   0000000000000000 0000000000000000
0x00007f0b84824a90:   0000000000000000 0000000000000000
0x00007f0b84824aa0:   0000000024000000 0000000000000000
0x00007f0b84824ab0:   0000000000000000 0000000000000000
0x00007f0b84824ac0:   0000000000000000 0000000000000000
0x00007f0b84824ad0:   0000000000000000 0000000000000000
0x00007f0b84824ae0:   0000000000000000 0000000000000000
0x00007f0b84824af0:   0000000000000000 0000000000000000
0x00007f0b84824b00:   0000000000000000 0000000000000000
0x00007f0b84824b10:   0000000000000000 0000000000000000
0x00007f0b84824b20:   0000000000000000 0000000000000000
0x00007f0b84824b30:   0000000000000000 0000000000000000
0x00007f0b84824b40:   0000000000000000 0000000000000000
0x00007f0b84824b50:   0000000000000000 0000000000000000
0x00007f0b84824b60:   0000000000000000 0000000000000000
0x00007f0b84824b70:   0000000000000000 0000000000000000
0x00007f0b84824b80:   0000000000000000 0000000000000000
0x00007f0b84824b90:   0000000000000000 0000000000000000
0x00007f0b84824ba0:   0000000000000000 0000000000000000
0x00007f0b84824bb0:   0000000000000000 0000000000000000
0x00007f0b84824bc0:   0000000000000000 0000000000000000
0x00007f0b84824bd0:   0000000000000000 0000000000000000
0x00007f0b84824be0:   0000000000000000 0000000000000000
0x00007f0b84824bf0:   0000000000000000 0000000000000000
0x00007f0b84824c00:   0000000000000000 0000000000000000
0x00007f0b84824c10:   0000000000000000 0000000000000000
0x00007f0b84824c20:   0000000000000000 0000000000000000
0x00007f0b84824c30:   0000000000000000 0000000000000000
0x00007f0b84824c40:   0000000000000000 0000000000000000
0x00007f0b84824c50:   0000000000000000 0000000000000000
0x00007f0b84824c60:   0000000000000000 0000000000000000 

Instructions: (pc=0x000055b705575d50)
0x000055b705575d30:   4c 89 ea 4c 89 f7 e8 35 02 00 00 eb d4 0f 1f 00
0x000055b705575d40:   48 8b 44 24 10 49 8b 1c 24 48 8d 74 24 08 31 d2
0x000055b705575d50:   4c 8b 28 4c 8b 70 08 48 89 df 48 8b 03 48 c7 44
0x000055b705575d60:   24 08 00 00 00 00 ff 50 20 48 8b 7c 24 08 4c 89 

Register to memory mapping:

RAX=0x0000000000000000 is an unknown value
RBX=0x00007f0ba26d73e0: <offset 0xf8d3e0> in /usr/local/java/jre/lib/amd64/server/libjvm.so at 0x00007f0ba174a000
RCX=0x00007f0ba153c384: read+0x44 in /lib/x86_64-linux-gnu/libpthread.so.0 at 0x00007f0ba152b000
RDX=0x0000000000000000 is an unknown value
RSP=0x00007f0b84824a70 is an unknown value
RBP=0x0000000000000005 is an unknown value
RSI=0x00007f0b84824a78 is an unknown value
RDI=0x00007f0b84824ab0 is an unknown value
R8 =0x0000000000000000 is an unknown value
R9 =0x0000000000000000 is an unknown value
R10=0x0000000000000000 is an unknown value
R11=0x0000000000000000 is an unknown value
R12=0x00007ffed21e4dc0 is pointing into the stack for thread: 0x000055b70588c000
R13=0x00007f0b84824ab0 is an unknown value
R14=0x0000000000000000 is an unknown value
R15=0x00007ffed21e4d20 is pointing into the stack for thread: 0x000055b70588c000


Stack: [0x00007f0b84026000,0x00007f0b84826000],  sp=0x00007f0b84824a70,  free space=8186k
Native frames: (J=compiled Java code, j=interpreted, Vv=VM code, C=native code)
C  [main+0x1d50]  handle_stream(void*)+0xe0


---------------  P R O C E S S  ---------------

VM state:not at safepoint (normal execution)

VM Mutex/Monitor currently owned by a thread: None

heap address: 0x00000000c2a00000, size: 982 MB, Compressed Oops mode: 32-bit
Narrow klass base: 0x0000000000000000, Narrow klass shift: 3
Compressed class space size: 1073741824 Address: 0x0000000100000000

Heap:
 PSYoungGen      total 18432K, used 952K [0x00000000eb900000, 0x00000000ecd80000, 0x0000000100000000)
  eden space 15872K, 6% used [0x00000000eb900000,0x00000000eb9ee300,0x00000000ec880000)
  from space 2560K, 0% used [0x00000000ecb00000,0x00000000ecb00000,0x00000000ecd80000)
  to   space 2560K, 0% used [0x00000000ec880000,0x00000000ec880000,0x00000000ecb00000)
 ParOldGen       total 42496K, used 0K [0x00000000c2a00000, 0x00000000c5380000, 0x00000000eb900000)
  object space 42496K, 0% used [0x00000000c2a00000,0x00000000c2a00000,0x00000000c5380000)
 Metaspace       used 2564K, capacity 4486K, committed 4864K, reserved 1056768K
  class space    used 281K, capacity 386K, committed 512K, reserved 1048576K

Card table byte_map: [0x00007f0b8ffa7000,0x00007f0b90193000] byte_map_base: 0x00007f0b8f992000

Marking Bits: (ParMarkBitMap*) 0x00007f0ba2715d80
 Begin Bits: [0x00007f0b8dcf3000, 0x00007f0b8ec4b000)
 End Bits:   [0x00007f0b8ec4b000, 0x00007f0b8fba3000)

Polling page: 0x00007f0ba2957000

CodeCache: size=245760Kb used=473Kb max_used=473Kb free=245286Kb
 bounds [0x00007f0b90553000, 0x00007f0b907c3000, 0x00007f0b9f553000]
 total_blobs=179 nmethods=0 adapters=145
 compilation: disabled (interpreter mode)

Compilation events (0 events):
No events

GC Heap History (0 events):
No events

Deoptimization events (0 events):
No events

Classes redefined (0 events):
No events

Internal exceptions (2 events):
Event: 0.017 Thread 0x000055b70588c000 Exception <a 'java/lang/NoSuchMethodError': Method sun.misc.Unsafe.defineClass(Ljava/lang/String;[BII)Ljava/lang/Class; name or signature does not match> (0x00000000eb907cb8) thrown at [/HUDSON/workspace/8-2-build-linux-amd64/jdk8u221/13320/hotspot/src/sh
Event: 0.018 Thread 0x000055b70588c000 Exception <a 'java/lang/NoSuchMethodError': Method sun.misc.Unsafe.prefetchRead(Ljava/lang/Object;J)V name or signature does not match> (0x00000000eb907fa0) thrown at [/HUDSON/workspace/8-2-build-linux-amd64/jdk8u221/13320/hotspot/src/share/vm/prims/jni.c

Events (10 events):
Event: 2.793 loading class java/io/FilePermission$1 done
Event: 2.793 loading class java/io/FilePermissionCollection
Event: 2.793 loading class java/io/FilePermissionCollection done
Event: 2.793 loading class java/security/AllPermission
Event: 2.793 loading class java/security/AllPermission done
Event: 2.793 loading class java/security/UnresolvedPermission
Event: 2.793 loading class java/security/UnresolvedPermission done
Event: 2.793 loading class java/security/BasicPermissionCollection
Event: 2.793 loading class java/security/BasicPermissionCollection done
Event: 2.794 Thread 0x00007f0b5c001000 Thread exited: 0x00007f0b5c001000


Dynamic libraries:
c2a00000-c5380000 rw-p 00000000 00:00 0 
c5380000-eb900000 ---p 00000000 00:00 0 
eb900000-ecd80000 rw-p 00000000 00:00 0 
ecd80000-100000000 ---p 00000000 00:00 0 
100000000-100080000 rw-p 00000000 00:00 0 
100080000-140000000 ---p 00000000 00:00 0 
55b705574000-55b705577000 r-xp 00000000 08:01 27                         /home/wanhui/CallJvm/callJvmThreadpool/cmake-build-debug/main
55b705776000-55b705777000 r--p 00002000 08:01 27                         /home/wanhui/CallJvm/callJvmThreadpool/cmake-build-debug/main
55b705777000-55b705778000 rw-p 00003000 08:01 27                         /home/wanhui/CallJvm/callJvmThreadpool/cmake-build-debug/main
55b70585d000-55b70596a000 rw-p 00000000 00:00 0                          [heap]
7f0b50000000-7f0b50021000 rw-p 00000000 00:00 0 
7f0b50021000-7f0b54000000 ---p 00000000 00:00 0 
7f0b58000000-7f0b58021000 rw-p 00000000 00:00 0 
7f0b58021000-7f0b5c000000 ---p 00000000 00:00 0 
7f0b5c000000-7f0b5c036000 rw-p 00000000 00:00 0 
7f0b5c036000-7f0b60000000 ---p 00000000 00:00 0 
7f0b60000000-7f0b60021000 rw-p 00000000 00:00 0 
7f0b60021000-7f0b64000000 ---p 00000000 00:00 0 
7f0b64000000-7f0b64021000 rw-p 00000000 00:00 0 
7f0b64021000-7f0b68000000 ---p 00000000 00:00 0 
7f0b68000000-7f0b68021000 rw-p 00000000 00:00 0 
7f0b68021000-7f0b6c000000 ---p 00000000 00:00 0 
7f0b6c000000-7f0b6c021000 rw-p 00000000 00:00 0 
7f0b6c021000-7f0b70000000 ---p 00000000 00:00 0 
7f0b70000000-7f0b70021000 rw-p 00000000 00:00 0 
7f0b70021000-7f0b74000000 ---p 00000000 00:00 0 
7f0b74000000-7f0b74021000 rw-p 00000000 00:00 0 
7f0b74021000-7f0b78000000 ---p 00000000 00:00 0 
7f0b78000000-7f0b78021000 rw-p 00000000 00:00 0 
7f0b78021000-7f0b7c000000 ---p 00000000 00:00 0 
7f0b80000000-7f0b80021000 rw-p 00000000 00:00 0 
7f0b80021000-7f0b84000000 ---p 00000000 00:00 0 
7f0b84025000-7f0b84026000 ---p 00000000 00:00 0 
7f0b84026000-7f0b84826000 rw-p 00000000 00:00 0 
7f0b84826000-7f0b84827000 ---p 00000000 00:00 0 
7f0b84827000-7f0b85027000 rw-p 00000000 00:00 0 
7f0b85027000-7f0b85028000 ---p 00000000 00:00 0 
7f0b85028000-7f0b85828000 rw-p 00000000 00:00 0 
7f0b85828000-7f0b85829000 ---p 00000000 00:00 0 
7f0b85829000-7f0b86029000 rw-p 00000000 00:00 0 
7f0b86029000-7f0b8602a000 ---p 00000000 00:00 0 
7f0b8602a000-7f0b8682a000 rw-p 00000000 00:00 0 
7f0b8682a000-7f0b8682b000 ---p 00000000 00:00 0 
7f0b8682b000-7f0b8682e000 ---p 00000000 00:00 0 
7f0b8682e000-7f0b8702b000 rw-p 00000000 00:00 0 
7f0b8702b000-7f0b8702c000 ---p 00000000 00:00 0 
7f0b8702c000-7f0b8712c000 rw-p 00000000 00:00 0 
7f0b8712c000-7f0b8712f000 ---p 00000000 00:00 0 
7f0b8712f000-7f0b8722d000 rw-p 00000000 00:00 0 
7f0b8722d000-7f0b87230000 ---p 00000000 00:00 0 
7f0b87230000-7f0b8732e000 rw-p 00000000 00:00 0 
7f0b8732e000-7f0b87cfd000 r--p 00000000 08:01 1186501                    /usr/lib/locale/locale-archive
7f0b87cfd000-7f0b87d00000 ---p 00000000 00:00 0 
7f0b87d00000-7f0b87dfe000 rw-p 00000000 00:00 0 
7f0b87dfe000-7f0b87e01000 ---p 00000000 00:00 0 
7f0b87e01000-7f0b87eff000 rw-p 00000000 00:00 0 
7f0b87eff000-7f0b87f00000 ---p 00000000 00:00 0 
7f0b87f00000-7f0b88000000 rw-p 00000000 00:00 0 
7f0b88000000-7f0b88021000 rw-p 00000000 00:00 0 
7f0b88021000-7f0b8c000000 ---p 00000000 00:00 0 
7f0b8c0b4000-7f0b8d0b8000 rw-p 00000000 00:00 0 
7f0b8d0b8000-7f0b8d292000 r--s 03d88000 08:01 1324703                    /usr/local/java/jre/lib/rt.jar
7f0b8d292000-7f0b8d748000 rw-p 00000000 00:00 0 
7f0b8d748000-7f0b8db08000 ---p 00000000 00:00 0 
7f0b8db08000-7f0b8fba3000 rw-p 00000000 00:00 0 
7f0b8fba3000-7f0b8fba4000 ---p 00000000 00:00 0 
7f0b8fba4000-7f0b8fca4000 rw-p 00000000 00:00 0 
7f0b8fca4000-7f0b8fca5000 ---p 00000000 00:00 0 
7f0b8fca5000-7f0b8fda5000 rw-p 00000000 00:00 0 
7f0b8fda5000-7f0b8fda6000 ---p 00000000 00:00 0 
7f0b8fda6000-7f0b8fea6000 rw-p 00000000 00:00 0 
7f0b8fea6000-7f0b8fea7000 ---p 00000000 00:00 0 
7f0b8fea7000-7f0b8ffbc000 rw-p 00000000 00:00 0 
7f0b8ffbc000-7f0b900ee000 ---p 00000000 00:00 0 
7f0b900ee000-7f0b900f9000 rw-p 00000000 00:00 0 
7f0b900f9000-7f0b90192000 ---p 00000000 00:00 0 
7f0b90192000-7f0b9019d000 rw-p 00000000 00:00 0 
7f0b9019d000-7f0b90553000 ---p 00000000 00:00 0 
7f0b90553000-7f0b907c3000 rwxp 00000000 00:00 0 
7f0b907c3000-7f0b9f553000 ---p 00000000 00:00 0 
7f0b9f553000-7f0b9f56e000 r-xp 00000000 08:01 1453051                    /usr/local/java/jre/lib/amd64/libzip.so
7f0b9f56e000-7f0b9f76d000 ---p 0001b000 08:01 1453051                    /usr/local/java/jre/lib/amd64/libzip.so
7f0b9f76d000-7f0b9f76e000 r--p 0001a000 08:01 1453051                    /usr/local/java/jre/lib/amd64/libzip.so
7f0b9f76e000-7f0b9f76f000 rw-p 0001b000 08:01 1453051                    /usr/local/java/jre/lib/amd64/libzip.so
7f0b9f76f000-7f0b9f77a000 r-xp 00000000 08:01 2233846                    /lib/x86_64-linux-gnu/libnss_files-2.27.so
7f0b9f77a000-7f0b9f979000 ---p 0000b000 08:01 2233846                    /lib/x86_64-linux-gnu/libnss_files-2.27.so
7f0b9f979000-7f0b9f97a000 r--p 0000a000 08:01 2233846                    /lib/x86_64-linux-gnu/libnss_files-2.27.so
7f0b9f97a000-7f0b9f97b000 rw-p 0000b000 08:01 2233846                    /lib/x86_64-linux-gnu/libnss_files-2.27.so
7f0b9f97b000-7f0b9f981000 rw-p 00000000 00:00 0 
7f0b9f981000-7f0b9f998000 r-xp 00000000 08:01 2233840                    /lib/x86_64-linux-gnu/libnsl-2.27.so
7f0b9f998000-7f0b9fb97000 ---p 00017000 08:01 2233840                    /lib/x86_64-linux-gnu/libnsl-2.27.so
7f0b9fb97000-7f0b9fb98000 r--p 00016000 08:01 2233840                    /lib/x86_64-linux-gnu/libnsl-2.27.so
7f0b9fb98000-7f0b9fb99000 rw-p 00017000 08:01 2233840                    /lib/x86_64-linux-gnu/libnsl-2.27.so
7f0b9fb99000-7f0b9fb9b000 rw-p 00000000 00:00 0 
7f0b9fb9b000-7f0b9fba6000 r-xp 00000000 08:01 2233857                    /lib/x86_64-linux-gnu/libnss_nis-2.27.so
7f0b9fba6000-7f0b9fda5000 ---p 0000b000 08:01 2233857                    /lib/x86_64-linux-gnu/libnss_nis-2.27.so
7f0b9fda5000-7f0b9fda6000 r--p 0000a000 08:01 2233857                    /lib/x86_64-linux-gnu/libnss_nis-2.27.so
7f0b9fda6000-7f0b9fda7000 rw-p 0000b000 08:01 2233857                    /lib/x86_64-linux-gnu/libnss_nis-2.27.so
7f0b9fda7000-7f0b9fdaf000 r-xp 00000000 08:01 2233842                    /lib/x86_64-linux-gnu/libnss_compat-2.27.so
7f0b9fdaf000-7f0b9ffaf000 ---p 00008000 08:01 2233842                    /lib/x86_64-linux-gnu/libnss_compat-2.27.so
7f0b9ffaf000-7f0b9ffb0000 r--p 00008000 08:01 2233842                    /lib/x86_64-linux-gnu/libnss_compat-2.27.so
7f0b9ffb0000-7f0b9ffb1000 rw-p 00009000 08:01 2233842                    /lib/x86_64-linux-gnu/libnss_compat-2.27.so
7f0b9ffb1000-7f0b9ffdd000 r-xp 00000000 08:01 1453042                    /usr/local/java/jre/lib/amd64/libjava.so
7f0b9ffdd000-7f0ba01dd000 ---p 0002c000 08:01 1453042                    /usr/local/java/jre/lib/amd64/libjava.so
7f0ba01dd000-7f0ba01de000 r--p 0002c000 08:01 1453042                    /usr/local/java/jre/lib/amd64/libjava.so
7f0ba01de000-7f0ba01e0000 rw-p 0002d000 08:01 1453042                    /usr/local/java/jre/lib/amd64/libjava.so
7f0ba01e0000-7f0ba01ed000 r-xp 00000000 08:01 1453033                    /usr/local/java/jre/lib/amd64/libverify.so
7f0ba01ed000-7f0ba03ec000 ---p 0000d000 08:01 1453033                    /usr/local/java/jre/lib/amd64/libverify.so
7f0ba03ec000-7f0ba03ee000 r--p 0000c000 08:01 1453033                    /usr/local/java/jre/lib/amd64/libverify.so
7f0ba03ee000-7f0ba03ef000 rw-p 0000e000 08:01 1453033                    /usr/local/java/jre/lib/amd64/libverify.so
7f0ba03ef000-7f0ba03f6000 r-xp 00000000 08:01 2233897                    /lib/x86_64-linux-gnu/librt-2.27.so
7f0ba03f6000-7f0ba05f5000 ---p 00007000 08:01 2233897                    /lib/x86_64-linux-gnu/librt-2.27.so
7f0ba05f5000-7f0ba05f6000 r--p 00006000 08:01 2233897                    /lib/x86_64-linux-gnu/librt-2.27.so
7f0ba05f6000-7f0ba05f7000 rw-p 00007000 08:01 2233897                    /lib/x86_64-linux-gnu/librt-2.27.so
7f0ba05f7000-7f0ba05fa000 r-xp 00000000 08:01 2233779                    /lib/x86_64-linux-gnu/libdl-2.27.so
7f0ba05fa000-7f0ba07f9000 ---p 00003000 08:01 2233779                    /lib/x86_64-linux-gnu/libdl-2.27.so
7f0ba07f9000-7f0ba07fa000 r--p 00002000 08:01 2233779                    /lib/x86_64-linux-gnu/libdl-2.27.so
7f0ba07fa000-7f0ba07fb000 rw-p 00003000 08:01 2233779                    /lib/x86_64-linux-gnu/libdl-2.27.so
7f0ba07fb000-7f0ba0998000 r-xp 00000000 08:01 2233819                    /lib/x86_64-linux-gnu/libm-2.27.so
7f0ba0998000-7f0ba0b97000 ---p 0019d000 08:01 2233819                    /lib/x86_64-linux-gnu/libm-2.27.so
7f0ba0b97000-7f0ba0b98000 r--p 0019c000 08:01 2233819                    /lib/x86_64-linux-gnu/libm-2.27.so
7f0ba0b98000-7f0ba0b99000 rw-p 0019d000 08:01 2233819                    /lib/x86_64-linux-gnu/libm-2.27.so
7f0ba0b99000-7f0ba0d80000 r-xp 00000000 08:01 2233756                    /lib/x86_64-linux-gnu/libc-2.27.so
7f0ba0d80000-7f0ba0f80000 ---p 001e7000 08:01 2233756                    /lib/x86_64-linux-gnu/libc-2.27.so
7f0ba0f80000-7f0ba0f84000 r--p 001e7000 08:01 2233756                    /lib/x86_64-linux-gnu/libc-2.27.so
7f0ba0f84000-7f0ba0f86000 rw-p 001eb000 08:01 2233756                    /lib/x86_64-linux-gnu/libc-2.27.so
7f0ba0f86000-7f0ba0f8a000 rw-p 00000000 00:00 0 
7f0ba0f8a000-7f0ba0fa1000 r-xp 00000000 08:01 2233339                    /lib/x86_64-linux-gnu/libgcc_s.so.1
7f0ba0fa1000-7f0ba11a0000 ---p 00017000 08:01 2233339                    /lib/x86_64-linux-gnu/libgcc_s.so.1
7f0ba11a0000-7f0ba11a1000 r--p 00016000 08:01 2233339                    /lib/x86_64-linux-gnu/libgcc_s.so.1
7f0ba11a1000-7f0ba11a2000 rw-p 00017000 08:01 2233339                    /lib/x86_64-linux-gnu/libgcc_s.so.1
7f0ba11a2000-7f0ba131b000 r-xp 00000000 08:01 1188276                    /usr/lib/x86_64-linux-gnu/libstdc++.so.6.0.25
7f0ba131b000-7f0ba151b000 ---p 00179000 08:01 1188276                    /usr/lib/x86_64-linux-gnu/libstdc++.so.6.0.25
7f0ba151b000-7f0ba1525000 r--p 00179000 08:01 1188276                    /usr/lib/x86_64-linux-gnu/libstdc++.so.6.0.25
7f0ba1525000-7f0ba1527000 rw-p 00183000 08:01 1188276                    /usr/lib/x86_64-linux-gnu/libstdc++.so.6.0.25
7f0ba1527000-7f0ba152b000 rw-p 00000000 00:00 0 
7f0ba152b000-7f0ba1545000 r-xp 00000000 08:01 2233889                    /lib/x86_64-linux-gnu/libpthread-2.27.so
7f0ba1545000-7f0ba1744000 ---p 0001a000 08:01 2233889                    /lib/x86_64-linux-gnu/libpthread-2.27.so
7f0ba1744000-7f0ba1745000 r--p 00019000 08:01 2233889                    /lib/x86_64-linux-gnu/libpthread-2.27.so
7f0ba1745000-7f0ba1746000 rw-p 0001a000 08:01 2233889                    /lib/x86_64-linux-gnu/libpthread-2.27.so
7f0ba1746000-7f0ba174a000 rw-p 00000000 00:00 0 
7f0ba174a000-7f0ba2432000 r-xp 00000000 08:01 1453049                    /usr/local/java/jre/lib/amd64/server/libjvm.so
7f0ba2432000-7f0ba2631000 ---p 00ce8000 08:01 1453049                    /usr/local/java/jre/lib/amd64/server/libjvm.so
7f0ba2631000-7f0ba26c7000 r--p 00ce7000 08:01 1453049                    /usr/local/java/jre/lib/amd64/server/libjvm.so
7f0ba26c7000-7f0ba26f8000 rw-p 00d7d000 08:01 1453049                    /usr/local/java/jre/lib/amd64/server/libjvm.so
7f0ba26f8000-7f0ba2733000 rw-p 00000000 00:00 0 
7f0ba2733000-7f0ba275a000 r-xp 00000000 08:01 2233728                    /lib/x86_64-linux-gnu/ld-2.27.so
7f0ba2760000-7f0ba280c000 rw-p 00000000 00:00 0 
7f0ba280c000-7f0ba293f000 ---p 00000000 00:00 0 
7f0ba293f000-7f0ba2944000 rw-p 00000000 00:00 0 
7f0ba294d000-7f0ba294e000 r--s 00000000 08:01 7072                       /home/wanhui/CallJvm/callJvmThreadpool/qin_test1.jar
7f0ba294e000-7f0ba2956000 rw-s 00000000 08:01 1327397                    /tmp/hsperfdata_wanhui/16752
7f0ba2956000-7f0ba2957000 rw-p 00000000 00:00 0 
7f0ba2957000-7f0ba2958000 r--p 00000000 00:00 0 
7f0ba2958000-7f0ba295a000 rw-p 00000000 00:00 0 
7f0ba295a000-7f0ba295b000 r--p 00027000 08:01 2233728                    /lib/x86_64-linux-gnu/ld-2.27.so
7f0ba295b000-7f0ba295c000 rw-p 00028000 08:01 2233728                    /lib/x86_64-linux-gnu/ld-2.27.so
7f0ba295c000-7f0ba295d000 rw-p 00000000 00:00 0 
7ffed20e6000-7ffed20e9000 ---p 00000000 00:00 0 
7ffed20e9000-7ffed21e6000 rw-p 00000000 00:00 0                          [stack]
7ffed21f6000-7ffed21f9000 r--p 00000000 00:00 0                          [vvar]
7ffed21f9000-7ffed21fb000 r-xp 00000000 00:00 0                          [vdso]
ffffffffff600000-ffffffffff601000 r-xp 00000000 00:00 0                  [vsyscall]

VM Arguments:
jvm_args: -Djava.compiler=NONE -verbose:jni 
java_command: <unknown>
java_class_path (initial): .:/home/wanhui/CallJvm/callJvmThreadpool/qin_test1.jar
Launcher Type: generic

Environment Variables:
JAVA_HOME=/usr/local/java
CLASSPATH=/home/wanhui/Downloads/clion-2019.2.1/lib/bootstrap.jar:/home/wanhui/Downloads/clion-2019.2.1/lib/extensions.jar:/home/wanhui/Downloads/clion-2019.2.1/lib/util.jar:/home/wanhui/Downloads/clion-2019.2.1/lib/jdom.jar:/home/wanhui/Downloads/clion-2019.2.1/lib/log4j.jar:/home/wanhui/Downloads/clion-2019.2.1/lib/trove4j.jar:/home/wanhui/Downloads/clion-2019.2.1/lib/jna.jar
PATH=/usr/local/sbin:/usr/local/bin:/usr/sbin:/usr/bin:/sbin:/bin:/snap/bin:/usr/local/redis/redis-4.0.9.tar_files/redis-4.0.9/src:/usr/local/mysql/bin
USERNAME=wanhui
SHELL=/bin/bash
DISPLAY=:0

Signal Handlers:
SIGSEGV: [libjvm.so+0xad3d90], sa_mask[0]=11111111011111111101111111111110, sa_flags=SA_RESTART|SA_SIGINFO
SIGBUS: [libjvm.so+0xad3d90], sa_mask[0]=11111111011111111101111111111110, sa_flags=SA_RESTART|SA_SIGINFO
SIGFPE: [libjvm.so+0x90b8b0], sa_mask[0]=11111111011111111101111111111110, sa_flags=SA_RESTART|SA_SIGINFO
SIGPIPE: [libjvm.so+0x90b8b0], sa_mask[0]=11111111011111111101111111111110, sa_flags=SA_RESTART|SA_SIGINFO
SIGXFSZ: [libjvm.so+0x90b8b0], sa_mask[0]=11111111011111111101111111111110, sa_flags=SA_RESTART|SA_SIGINFO
SIGILL: [libjvm.so+0x90b8b0], sa_mask[0]=11111111011111111101111111111110, sa_flags=SA_RESTART|SA_SIGINFO
SIGUSR1: SIG_DFL, sa_mask[0]=00000000000000000000000000000000, sa_flags=none
SIGUSR2: [libjvm.so+0x90b780], sa_mask[0]=00100000000000000000000000000000, sa_flags=SA_RESTART|SA_SIGINFO
SIGHUP: [libjvm.so+0x90bda0], sa_mask[0]=11111111011111111101111111111110, sa_flags=SA_RESTART|SA_SIGINFO
SIGINT: [libjvm.so+0x90bda0], sa_mask[0]=11111111011111111101111111111110, sa_flags=SA_RESTART|SA_SIGINFO
SIGTERM: [libjvm.so+0x90bda0], sa_mask[0]=11111111011111111101111111111110, sa_flags=SA_RESTART|SA_SIGINFO
SIGQUIT: [libjvm.so+0x90bda0], sa_mask[0]=11111111011111111101111111111110, sa_flags=SA_RESTART|SA_SIGINFO


---------------  S Y S T E M  ---------------

OS:DISTRIB_ID=Ubuntu
DISTRIB_RELEASE=18.04
DISTRIB_CODENAME=bionic
DISTRIB_DESCRIPTION="Ubuntu 18.04.3 LTS"

uname:Linux 4.15.0-66-generic #75-Ubuntu SMP Tue Oct 1 05:24:09 UTC 2019 x86_64
libc:glibc 2.27 NPTL 2.27 
rlimit: STACK 8192k, CORE 0k, NPROC 15513, NOFILE 1048576, AS infinity
load average:0.12 0.05 0.01

/proc/meminfo:
MemTotal:        4015688 kB
MemFree:          151320 kB
MemAvailable:     192260 kB
Buffers:           10120 kB
Cached:           207284 kB
SwapCached:       118240 kB
Active:          2404960 kB
Inactive:         657740 kB
Active(anon):    2271580 kB
Inactive(anon):   578708 kB
Active(file):     133380 kB
Inactive(file):    79032 kB
Unevictable:          16 kB
Mlocked:              16 kB
SwapTotal:       2097148 kB
SwapFree:        1086716 kB
Dirty:              5240 kB
Writeback:             0 kB
AnonPages:       2830248 kB
Mapped:            98120 kB
Shmem:              5004 kB
Slab:             136808 kB
SReclaimable:      66964 kB
SUnreclaim:        69844 kB
KernelStack:       14416 kB
PageTables:        50104 kB
NFS_Unstable:          0 kB
Bounce:                0 kB
WritebackTmp:          0 kB
CommitLimit:     4104992 kB
Committed_AS:    7529332 kB
VmallocTotal:   34359738367 kB
VmallocUsed:           0 kB
VmallocChunk:          0 kB
HardwareCorrupted:     0 kB
AnonHugePages:         0 kB
ShmemHugePages:        0 kB
ShmemPmdMapped:        0 kB
CmaTotal:              0 kB
CmaFree:               0 kB
HugePages_Total:       0
HugePages_Free:        0
HugePages_Rsvd:        0
HugePages_Surp:        0
Hugepagesize:       2048 kB
DirectMap4k:      200512 kB
DirectMap2M:     3993600 kB
DirectMap1G:     2097152 kB

container (cgroup) information:
container_type: cgroupv1
cpu_cpuset_cpus: 0-3
cpu_memory_nodes: 0
active_processor_count: 4
cpu_quota: -1
cpu_period: 100000
cpu_shares: -1
memory_limit_in_bytes: -1
memory_and_swap_limit_in_bytes: -2
memory_soft_limit_in_bytes: -1
memory_usage_in_bytes: 3123134464
memory_max_usage_in_bytes: 139915264


CPU:total 4 (initial active 4) (2 cores per cpu, 1 threads per core) family 6 model 158 stepping 13, cmov, cx8, fxsr, mmx, sse, sse2, sse3, ssse3, sse4.1, sse4.2, popcnt, avx, avx2, aes, clmul, erms, rtm, 3dnowpref, lzcnt, tsc, tscinvbit, bmi1, bmi2, adx

/proc/cpuinfo:
processor	: 0
vendor_id	: GenuineIntel
cpu family	: 6
model		: 158
model name	: Intel(R) Core(TM) i7-9700 CPU @ 3.00GHz
stepping	: 13
microcode	: 0xb4
cpu MHz		: 2999.999
cache size	: 12288 KB
physical id	: 0
siblings	: 2
core id		: 0
cpu cores	: 2
apicid		: 0
initial apicid	: 0
fpu		: yes
fpu_exception	: yes
cpuid level	: 22
wp		: yes
flags		: fpu vme de pse tsc msr pae mce cx8 apic sep mtrr pge mca cmov pat pse36 clflush mmx fxsr sse sse2 ss ht syscall nx pdpe1gb rdtscp lm constant_tsc arch_perfmon nopl xtopology tsc_reliable nonstop_tsc cpuid pni pclmulqdq vmx ssse3 fma cx16 pcid sse4_1 sse4_2 x2apic movbe popcnt tsc_deadline_timer aes xsave avx f16c rdrand hypervisor lahf_lm abm 3dnowprefetch cpuid_fault invpcid_single ssbd ibrs ibpb stibp ibrs_enhanced tpr_shadow vnmi ept vpid fsgsbase tsc_adjust bmi1 hle avx2 smep bmi2 invpcid rtm mpx rdseed adx smap clflushopt xsaveopt xsavec xsaves arat md_clear flush_l1d arch_capabilities
bugs		: spectre_v1 spectre_v2 spec_store_bypass swapgs
bogomips	: 5999.99
clflush size	: 64
cache_alignment	: 64
address sizes	: 43 bits physical, 48 bits virtual
power management:

processor	: 1
vendor_id	: GenuineIntel
cpu family	: 6
model		: 158
model name	: Intel(R) Core(TM) i7-9700 CPU @ 3.00GHz
stepping	: 13
microcode	: 0xb4
cpu MHz		: 2999.999
cache size	: 12288 KB
physical id	: 0
siblings	: 2
core id		: 1
cpu cores	: 2
apicid		: 1
initial apicid	: 1
fpu		: yes
fpu_exception	: yes
cpuid level	: 22
wp		: yes
flags		: fpu vme de pse tsc msr pae mce cx8 apic sep mtrr pge mca cmov pat pse36 clflush mmx fxsr sse sse2 ss ht syscall nx pdpe1gb rdtscp lm constant_tsc arch_perfmon nopl xtopology tsc_reliable nonstop_tsc cpuid pni pclmulqdq vmx ssse3 fma cx16 pcid sse4_1 sse4_2 x2apic movbe popcnt tsc_deadline_timer aes xsave avx f16c rdrand hypervisor lahf_lm abm 3dnowprefetch cpuid_fault invpcid_single ssbd ibrs ibpb stibp ibrs_enhanced tpr_shadow vnmi ept vpid fsgsbase tsc_adjust bmi1 hle avx2 smep bmi2 invpcid rtm mpx rdseed adx smap clflushopt xsaveopt xsavec xsaves arat md_clear flush_l1d arch_capabilities
bugs		: spectre_v1 spectre_v2 spec_store_bypass swapgs
bogomips	: 5999.99
clflush size	: 64
cache_alignment	: 64
address sizes	: 43 bits physical, 48 bits virtual
power management:

processor	: 2
vendor_id	: GenuineIntel
cpu family	: 6
model		: 158
model name	: Intel(R) Core(TM) i7-9700 CPU @ 3.00GHz
stepping	: 13
microcode	: 0xb4
cpu MHz		: 2999.999
cache size	: 12288 KB
physical id	: 1
siblings	: 2
core id		: 0
cpu cores	: 2
apicid		: 2
initial apicid	: 2
fpu		: yes
fpu_exception	: yes
cpuid level	: 22
wp		: yes
flags		: fpu vme de pse tsc msr pae mce cx8 apic sep mtrr pge mca cmov pat pse36 clflush mmx fxsr sse sse2 ss ht syscall nx pdpe1gb rdtscp lm constant_tsc arch_perfmon nopl xtopology tsc_reliable nonstop_tsc cpuid pni pclmulqdq vmx ssse3 fma cx16 pcid sse4_1 sse4_2 x2apic movbe popcnt tsc_deadline_timer aes xsave avx f16c rdrand hypervisor lahf_lm abm 3dnowprefetch cpuid_fault invpcid_single ssbd ibrs ibpb stibp ibrs_enhanced tpr_shadow vnmi ept vpid fsgsbase tsc_adjust bmi1 hle avx2 smep bmi2 invpcid rtm mpx rdseed adx smap clflushopt xsaveopt xsavec xsaves arat md_clear flush_l1d arch_capabilities
bugs		: spectre_v1 spectre_v2 spec_store_bypass swapgs
bogomips	: 5999.99
clflush size	: 64
cache_alignment	: 64
address sizes	: 43 bits physical, 48 bits virtual
power management:

processor	: 3
vendor_id	: GenuineIntel
cpu family	: 6
model		: 158
model name	: Intel(R) Core(TM) i7-9700 CPU @ 3.00GHz
stepping	: 13
microcode	: 0xb4
cpu MHz		: 2999.999
cache size	: 12288 KB
physical id	: 1
siblings	: 2
core id		: 1
cpu cores	: 2
apicid		: 3
initial apicid	: 3
fpu		: yes
fpu_exception	: yes
cpuid level	: 22
wp		: yes
flags		: fpu vme de pse tsc msr pae mce cx8 apic sep mtrr pge mca cmov pat pse36 clflush mmx fxsr sse sse2 ss ht syscall nx pdpe1gb rdtscp lm constant_tsc arch_perfmon nopl xtopology tsc_reliable nonstop_tsc cpuid pni pclmulqdq vmx ssse3 fma cx16 pcid sse4_1 sse4_2 x2apic movbe popcnt tsc_deadline_timer aes xsave avx f16c rdrand hypervisor lahf_lm abm 3dnowprefetch cpuid_fault invpcid_single ssbd ibrs ibpb stibp ibrs_enhanced tpr_shadow vnmi ept vpid fsgsbase tsc_adjust bmi1 hle avx2 smep bmi2 invpcid rtm mpx rdseed adx smap clflushopt xsaveopt xsavec xsaves arat md_clear flush_l1d arch_capabilities
bugs		: spectre_v1 spectre_v2 spec_store_bypass swapgs
bogomips	: 5999.99
clflush size	: 64
cache_alignment	: 64
address sizes	: 43 bits physical, 48 bits virtual
power management:



Memory: 4k page, physical 4015688k(151320k free), swap 2097148k(1086716k free)

vm_info: Java HotSpot(TM) 64-Bit Server VM (25.221-b11) for linux-amd64 JRE (1.8.0_221-b11), built on Jul  4 2019 04:27:00 by "java_re" with gcc 7.3.0

time: Mon Nov  4 21:22:27 2019
timezone: CST
elapsed time: 2 seconds (0d 0h 0m 2s)

