#
# A fatal error has been detected by the Java Runtime Environment:
#
#  SIGSEGV (0xb) at pc=0x00007fef0fca076c, pid=17393, tid=0x00007feef752f700
#
# JRE version: Java(TM) SE Runtime Environment (8.0_221-b11) (build 1.8.0_221-b11)
# Java VM: Java HotSpot(TM) 64-Bit Server VM (25.221-b11 interpreted mode linux-amd64 compressed oops)
# Problematic frame:
# V  [libjvm.so+0x6d576c]  jni_CallStaticVoidMethodV+0x6c
#
# Failed to write core dump. Core dumps have been disabled. To enable core dumping, try "ulimit -c unlimited" before starting Java again
#
# If you would like to submit a bug report, please visit:
#   http://bugreport.java.com/bugreport/crash.jsp
#

---------------  T H R E A D  ---------------

Current thread (0x00007feeb4001000):  JavaThread "Thread-1" [_thread_in_vm, id=17404, stack(0x00007feef6d30000,0x00007feef7530000)]

siginfo: si_signo: 11 (SIGSEGV), si_code: 1 (SEGV_MAPERR), si_addr: 0x0000000000000000

Registers:
RAX=0x00007fef10118220, RBX=0x00007feeb4001000, RCX=0x00007feef752ede0, RDX=0x00007feeb4001b78
RSP=0x00007feef752ed30, RBP=0x00007feef752edd0, RSI=0x00007feeb4001000, RDI=0x00007feeb4001000
R8 =0x0000000000000000, R9 =0x0000000000000000, R10=0x0000000000000000, R11=0x00007fef1010089c
R12=0x00007fef105583e0, R13=0x00007feeb40011f8, R14=0x0000000000000000, R15=0x00007feef752ede0
RIP=0x00007fef0fca076c, EFLAGS=0x0000000000010206, CSGSFS=0x002b000000000033, ERR=0x0000000000000004
  TRAPNO=0x000000000000000e

Top of Stack: (sp=0x00007feef752ed30)
0x00007feef752ed30:   000055c3c70e77e0 0000064e00000000
0x00007feef752ed40:   00007feeb4001000 00007feeb4001b70
0x00007feef752ed50:   000000000000064e 00007fef10118220
0x00007feef752ed60:   00007fef105e55c0 000055c3c70e77e0
0x00007feef752ed70:   00007feef752edf0 00007fef0fb3adf3
0x00007feef752ed80:   0000000000000000 00007fef0fb3adbf
0x00007feef752ed90:   0000000000000000 0000000000000000
0x00007feef752eda0:   00007fef105e8730 00007feeb40011f8
0x00007feef752edb0:   00007fef105583e0 0000000000000000
0x00007feef752edc0:   0000000000000000 00007fff128df070
0x00007feef752edd0:   00007feeb4002990 000055c3c70e7613
0x00007feef752ede0:   0000003000000018 00007feef752eec0
0x00007feef752edf0:   00007feef752ee00 cece5f58dc930600
0x00007feef752ee00:   00000001b4001000 0000000100060028
0x00007feef752ee10:   00007feefdbc54c8 0000000000000000
0x00007feef752ee20:   0000000000000000 0000000000000000
0x00007feef752ee30:   00007feec00027f0 00007feeb4001000
0x00007feef752ee40:   00007feeb4002990 000055c3c70e77e0
0x00007feef752ee50:   000055c3c70e77c4 00007feeb4001000
0x00007feef752ee60:   00007feef752eeb0 00007fef0fc927e8
0x00007feef752ee70:   00007feeb4001000 0000000000000000
0x00007feef752ee80:   0000000000000000 00007feeb40011f8
0x00007feef752ee90:   00007feeb40011f8 00007fef105583e0
0x00007feef752eea0:   0000000000000000 0000000000000000
0x00007feef752eeb0:   00007feeb4002990 000055c3c70e7358
0x00007feef752eec0:   00007feeb40011f8 cece5f58dc930600
0x00007feef752eed0:   000055c3c7806fc0 0000000000000000
0x00007feef752eee0:   00007feef752efc0 000055c3c70e6f55
0x00007feef752eef0:   0000000000000000 00007fef0f3b36db
0x00007feef752ef00:   0000000000000000 00007feef752f700
0x00007feef752ef10:   00007feef752f700 1a4c045036fc247c
0x00007feef752ef20:   00007feef752efc0 0000000000000000 

Instructions: (pc=0x00007fef0fca076c)
0x00007fef0fca074c:   48 89 9d 70 ff ff ff 48 c7 85 78 ff ff ff 00 00
0x00007fef0fca075c:   00 00 74 0c 48 8d bd 70 ff ff ff e8 a4 87 29 00
0x00007fef0fca076c:   49 8b 06 c7 85 60 ff ff ff 0e 00 00 00 4c 8d 65
0x00007fef0fca077c:   90 4c 89 e7 48 8b 40 08 0f b7 50 24 48 8b 40 08 

Register to memory mapping:

RAX=0x00007fef10118220: <offset 0xb4d220> in /usr/local/java/jre/lib/amd64/server/libjvm.so at 0x00007fef0f5cb000
RBX=0x00007feeb4001000 is a thread
RCX=0x00007feef752ede0 is pointing into the stack for thread: 0x00007feeb4001000
RDX=0x00007feeb4001b78 is an unknown value
RSP=0x00007feef752ed30 is pointing into the stack for thread: 0x00007feeb4001000
RBP=0x00007feef752edd0 is pointing into the stack for thread: 0x00007feeb4001000
RSI=0x00007feeb4001000 is a thread
RDI=0x00007feeb4001000 is a thread
R8 =0x0000000000000000 is an unknown value
R9 =0x0000000000000000 is an unknown value
R10=0x0000000000000000 is an unknown value
R11=0x00007fef1010089c: <offset 0xb3589c> in /usr/local/java/jre/lib/amd64/server/libjvm.so at 0x00007fef0f5cb000
R12=0x00007fef105583e0: <offset 0xf8d3e0> in /usr/local/java/jre/lib/amd64/server/libjvm.so at 0x00007fef0f5cb000
R13=0x00007feeb40011f8 is an unknown value
R14=0x0000000000000000 is an unknown value
R15=0x00007feef752ede0 is pointing into the stack for thread: 0x00007feeb4001000


Stack: [0x00007feef6d30000,0x00007feef7530000],  sp=0x00007feef752ed30,  free space=8187k
Native frames: (J=compiled Java code, j=interpreted, Vv=VM code, C=native code)
V  [libjvm.so+0x6d576c]  jni_CallStaticVoidMethodV+0x6c
C  [main+0x1613]  JNIEnv_::CallStaticVoidMethod(_jclass*, _jmethodID*, ...)+0x93


---------------  P R O C E S S  ---------------

Java Threads: ( => current thread )
=>0x00007feeb4001000 JavaThread "Thread-1" [_thread_in_vm, id=17404, stack(0x00007feef6d30000,0x00007feef7530000)]
  0x00007feec4001000 JavaThread "Thread-5" [_thread_in_vm, id=17405, stack(0x00007feef652f000,0x00007feef6d2f000)]
  0x00007feeb0001000 JavaThread "Thread-3" [_thread_in_vm, id=17409, stack(0x00007feeede12000,0x00007feeee612000)]
  0x00007feeb8001000 JavaThread "Thread-4" [_thread_in_vm, id=17407, stack(0x00007feeeee14000,0x00007feeef614000)]
  0x00007feec0001000 JavaThread "Thread-0" [_thread_in_vm, id=17408, stack(0x00007feeee613000,0x00007feeeee13000)]
  0x00007feecc001000 JavaThread "Thread-2" [_thread_in_vm, id=17406, stack(0x00007feeef615000,0x00007feeefe15000)]
  0x000055c3c7802000 JavaThread "Service Thread" daemon [_thread_blocked, id=17402, stack(0x00007feefc06c000,0x00007feefc16d000)]
  0x000055c3c7800000 JavaThread "Signal Dispatcher" daemon [_thread_blocked, id=17401, stack(0x00007feefc16d000,0x00007feefc26e000)]
  0x000055c3c77cf800 JavaThread "Finalizer" daemon [_thread_blocked, id=17400, stack(0x00007feefc26e000,0x00007feefc36f000)]
  0x000055c3c77cb000 JavaThread "Reference Handler" daemon [_thread_blocked, id=17399, stack(0x00007feefc36f000,0x00007feefc470000)]
  0x000055c3c7753000 JavaThread "main" [_thread_in_native, id=17393, stack(0x00007fff127e1000,0x00007fff128e1000)]

Other Threads:
  0x000055c3c77c1000 VMThread [stack: 0x00007feefc471000,0x00007feefc571000] [id=17398]
  0x000055c3c7805000 WatcherThread [stack: 0x00007feef7531000,0x00007feef7631000] [id=17403]

VM state:not at safepoint (normal execution)

VM Mutex/Monitor currently owned by a thread: None

heap address: 0x00000000c2a00000, size: 982 MB, Compressed Oops mode: 32-bit
Narrow klass base: 0x0000000000000000, Narrow klass shift: 3
Compressed class space size: 1073741824 Address: 0x0000000100000000

Heap:
 PSYoungGen      total 18432K, used 2541K [0x00000000eb900000, 0x00000000ecd80000, 0x0000000100000000)
  eden space 15872K, 16% used [0x00000000eb900000,0x00000000ebb7b718,0x00000000ec880000)
  from space 2560K, 0% used [0x00000000ecb00000,0x00000000ecb00000,0x00000000ecd80000)
  to   space 2560K, 0% used [0x00000000ec880000,0x00000000ec880000,0x00000000ecb00000)
 ParOldGen       total 42496K, used 0K [0x00000000c2a00000, 0x00000000c5380000, 0x00000000eb900000)
  object space 42496K, 0% used [0x00000000c2a00000,0x00000000c2a00000,0x00000000c5380000)
 Metaspace       used 2564K, capacity 4486K, committed 4864K, reserved 1056768K
  class space    used 281K, capacity 386K, committed 512K, reserved 1048576K

Card table byte_map: [0x00007feefe3c9000,0x00007feefe5b5000] byte_map_base: 0x00007feefddb4000

Marking Bits: (ParMarkBitMap*) 0x00007fef10596d80
 Begin Bits: [0x00007feef4115000, 0x00007feef506d000)
 End Bits:   [0x00007feef506d000, 0x00007feef5fc5000)

Polling page: 0x00007fef107d8000

CodeCache: size=245760Kb used=473Kb max_used=473Kb free=245286Kb
 bounds [0x00007feefe975000, 0x00007feefebe5000, 0x00007fef0d975000]
 total_blobs=179 nmethods=0 adapters=145
 compilation: disabled (interpreter mode)

Compilation events (0 events):
No events

GC Heap History (0 events):
No events

Deoptimization events (0 events):
No events

Classes redefined (0 events):
No events

Internal exceptions (3 events):
Event: 0.046 Thread 0x000055c3c7753000 Exception <a 'java/lang/NoSuchMethodError': Method sun.misc.Unsafe.defineClass(Ljava/lang/String;[BII)Ljava/lang/Class; name or signature does not match> (0x00000000eb907cb8) thrown at [/HUDSON/workspace/8-2-build-linux-amd64/jdk8u221/13320/hotspot/src/sh
Event: 0.047 Thread 0x000055c3c7753000 Exception <a 'java/lang/NoSuchMethodError': Method sun.misc.Unsafe.prefetchRead(Ljava/lang/Object;J)V name or signature does not match> (0x00000000eb907fa0) thrown at [/HUDSON/workspace/8-2-build-linux-amd64/jdk8u221/13320/hotspot/src/share/vm/prims/jni.c
Event: 0.107 Thread 0x00007feeb4001000 Exception <a 'java/lang/NoSuchMethodError': name> (0x00000000ebb40008) thrown at [/HUDSON/workspace/8-2-build-linux-amd64/jdk8u221/13320/hotspot/src/share/vm/prims/jni.cpp, line 1614]

Events (10 events):
Event: 0.105 loading class java/io/FilePermission$1
Event: 0.105 loading class java/io/FilePermission$1 done
Event: 0.105 loading class java/io/FilePermissionCollection
Event: 0.105 loading class java/io/FilePermissionCollection done
Event: 0.105 loading class java/security/AllPermission
Event: 0.105 loading class java/security/AllPermission done
Event: 0.105 loading class java/security/UnresolvedPermission
Event: 0.106 loading class java/security/UnresolvedPermission done
Event: 0.106 loading class java/security/BasicPermissionCollection
Event: 0.106 loading class java/security/BasicPermissionCollection done


Dynamic libraries:
c2a00000-c5380000 rw-p 00000000 00:00 0 
c5380000-eb900000 ---p 00000000 00:00 0 
eb900000-ecd80000 rw-p 00000000 00:00 0 
ecd80000-100000000 ---p 00000000 00:00 0 
100000000-100080000 rw-p 00000000 00:00 0 
100080000-140000000 ---p 00000000 00:00 0 
55c3c70e6000-55c3c70e8000 r-xp 00000000 08:01 7053                       /home/wanhui/CallJvm/callJvmThreadpool/cmake-build-debug/main
55c3c72e7000-55c3c72e8000 r--p 00001000 08:01 7053                       /home/wanhui/CallJvm/callJvmThreadpool/cmake-build-debug/main
55c3c72e8000-55c3c72e9000 rw-p 00002000 08:01 7053                       /home/wanhui/CallJvm/callJvmThreadpool/cmake-build-debug/main
55c3c7736000-55c3c7810000 rw-p 00000000 00:00 0                          [heap]
7feeb0000000-7feeb0021000 rw-p 00000000 00:00 0 
7feeb0021000-7feeb4000000 ---p 00000000 00:00 0 
7feeb4000000-7feeb403f000 rw-p 00000000 00:00 0 
7feeb403f000-7feeb8000000 ---p 00000000 00:00 0 
7feeb8000000-7feeb8021000 rw-p 00000000 00:00 0 
7feeb8021000-7feebc000000 ---p 00000000 00:00 0 
7feec0000000-7feec0021000 rw-p 00000000 00:00 0 
7feec0021000-7feec4000000 ---p 00000000 00:00 0 
7feec4000000-7feec4021000 rw-p 00000000 00:00 0 
7feec4021000-7feec8000000 ---p 00000000 00:00 0 
7feec8000000-7feec8021000 rw-p 00000000 00:00 0 
7feec8021000-7feecc000000 ---p 00000000 00:00 0 
7feecc000000-7feecc021000 rw-p 00000000 00:00 0 
7feecc021000-7feed0000000 ---p 00000000 00:00 0 
7feed0000000-7feed0021000 rw-p 00000000 00:00 0 
7feed0021000-7feed4000000 ---p 00000000 00:00 0 
7feed4000000-7feed4021000 rw-p 00000000 00:00 0 
7feed4021000-7feed8000000 ---p 00000000 00:00 0 
7feed8000000-7feed8021000 rw-p 00000000 00:00 0 
7feed8021000-7feedc000000 ---p 00000000 00:00 0 
7feedc000000-7feedc021000 rw-p 00000000 00:00 0 
7feedc021000-7feee0000000 ---p 00000000 00:00 0 
7feee0000000-7feee0021000 rw-p 00000000 00:00 0 
7feee0021000-7feee4000000 ---p 00000000 00:00 0 
7feee4000000-7feee4021000 rw-p 00000000 00:00 0 
7feee4021000-7feee8000000 ---p 00000000 00:00 0 
7feee8000000-7feee8021000 rw-p 00000000 00:00 0 
7feee8021000-7feeec000000 ---p 00000000 00:00 0 
7feeede11000-7feeede12000 ---p 00000000 00:00 0 
7feeede12000-7feeede15000 ---p 00000000 00:00 0 
7feeede15000-7feeee612000 rw-p 00000000 00:00 0 
7feeee612000-7feeee613000 ---p 00000000 00:00 0 
7feeee613000-7feeee616000 ---p 00000000 00:00 0 
7feeee616000-7feeeee13000 rw-p 00000000 00:00 0 
7feeeee13000-7feeeee14000 ---p 00000000 00:00 0 
7feeeee14000-7feeeee17000 ---p 00000000 00:00 0 
7feeeee17000-7feeef614000 rw-p 00000000 00:00 0 
7feeef614000-7feeef615000 ---p 00000000 00:00 0 
7feeef615000-7feeef618000 ---p 00000000 00:00 0 
7feeef618000-7feef0000000 rw-p 00000000 00:00 0 
7feef0000000-7feef0021000 rw-p 00000000 00:00 0 
7feef0021000-7feef4000000 ---p 00000000 00:00 0 
7feef4115000-7feef5fc5000 rw-p 00000000 00:00 0 
7feef6299000-7feef652e000 rw-p 00000000 00:00 0 
7feef652e000-7feef652f000 ---p 00000000 00:00 0 
7feef652f000-7feef6532000 ---p 00000000 00:00 0 
7feef6532000-7feef6d2f000 rw-p 00000000 00:00 0 
7feef6d2f000-7feef6d30000 ---p 00000000 00:00 0 
7feef6d30000-7feef6d33000 ---p 00000000 00:00 0 
7feef6d33000-7feef7530000 rw-p 00000000 00:00 0 
7feef7530000-7feef7531000 ---p 00000000 00:00 0 
7feef7531000-7feef7631000 rw-p 00000000 00:00 0 
7feef7631000-7feef8000000 r--p 00000000 08:01 1186501                    /usr/lib/locale/locale-archive
7feef8000000-7feef8021000 rw-p 00000000 00:00 0 
7feef8021000-7feefc000000 ---p 00000000 00:00 0 
7feefc06c000-7feefc06f000 ---p 00000000 00:00 0 
7feefc06f000-7feefc16d000 rw-p 00000000 00:00 0 
7feefc16d000-7feefc170000 ---p 00000000 00:00 0 
7feefc170000-7feefc26e000 rw-p 00000000 00:00 0 
7feefc26e000-7feefc271000 ---p 00000000 00:00 0 
7feefc271000-7feefc36f000 rw-p 00000000 00:00 0 
7feefc36f000-7feefc372000 ---p 00000000 00:00 0 
7feefc372000-7feefc470000 rw-p 00000000 00:00 0 
7feefc470000-7feefc471000 ---p 00000000 00:00 0 
7feefc471000-7feefd575000 rw-p 00000000 00:00 0 
7feefd575000-7feefd74f000 r--s 03d88000 08:01 1324703                    /usr/local/java/jre/lib/rt.jar
7feefd74f000-7feefdc05000 rw-p 00000000 00:00 0 
7feefdc05000-7feefdfc5000 ---p 00000000 00:00 0 
7feefdfc5000-7feefdfc6000 ---p 00000000 00:00 0 
7feefdfc6000-7feefe0c6000 rw-p 00000000 00:00 0 
7feefe0c6000-7feefe0c7000 ---p 00000000 00:00 0 
7feefe0c7000-7feefe1c7000 rw-p 00000000 00:00 0 
7feefe1c7000-7feefe1c8000 ---p 00000000 00:00 0 
7feefe1c8000-7feefe2c8000 rw-p 00000000 00:00 0 
7feefe2c8000-7feefe2c9000 ---p 00000000 00:00 0 
7feefe2c9000-7feefe3de000 rw-p 00000000 00:00 0 
7feefe3de000-7feefe510000 ---p 00000000 00:00 0 
7feefe510000-7feefe51b000 rw-p 00000000 00:00 0 
7feefe51b000-7feefe5b4000 ---p 00000000 00:00 0 
7feefe5b4000-7feefe5bf000 rw-p 00000000 00:00 0 
7feefe5bf000-7feefe975000 ---p 00000000 00:00 0 
7feefe975000-7feefebe5000 rwxp 00000000 00:00 0 
7feefebe5000-7fef0d975000 ---p 00000000 00:00 0 
7fef0d975000-7fef0d990000 r-xp 00000000 08:01 1453051                    /usr/local/java/jre/lib/amd64/libzip.so
7fef0d990000-7fef0db8f000 ---p 0001b000 08:01 1453051                    /usr/local/java/jre/lib/amd64/libzip.so
7fef0db8f000-7fef0db90000 r--p 0001a000 08:01 1453051                    /usr/local/java/jre/lib/amd64/libzip.so
7fef0db90000-7fef0db91000 rw-p 0001b000 08:01 1453051                    /usr/local/java/jre/lib/amd64/libzip.so
7fef0db91000-7fef0db9c000 r-xp 00000000 08:01 2233846                    /lib/x86_64-linux-gnu/libnss_files-2.27.so
7fef0db9c000-7fef0dd9b000 ---p 0000b000 08:01 2233846                    /lib/x86_64-linux-gnu/libnss_files-2.27.so
7fef0dd9b000-7fef0dd9c000 r--p 0000a000 08:01 2233846                    /lib/x86_64-linux-gnu/libnss_files-2.27.so
7fef0dd9c000-7fef0dd9d000 rw-p 0000b000 08:01 2233846                    /lib/x86_64-linux-gnu/libnss_files-2.27.so
7fef0dd9d000-7fef0dda3000 rw-p 00000000 00:00 0 
7fef0dda3000-7fef0ddba000 r-xp 00000000 08:01 2233840                    /lib/x86_64-linux-gnu/libnsl-2.27.so
7fef0ddba000-7fef0dfb9000 ---p 00017000 08:01 2233840                    /lib/x86_64-linux-gnu/libnsl-2.27.so
7fef0dfb9000-7fef0dfba000 r--p 00016000 08:01 2233840                    /lib/x86_64-linux-gnu/libnsl-2.27.so
7fef0dfba000-7fef0dfbb000 rw-p 00017000 08:01 2233840                    /lib/x86_64-linux-gnu/libnsl-2.27.so
7fef0dfbb000-7fef0dfbd000 rw-p 00000000 00:00 0 
7fef0dfbd000-7fef0dfc8000 r-xp 00000000 08:01 2233857                    /lib/x86_64-linux-gnu/libnss_nis-2.27.so
7fef0dfc8000-7fef0e1c7000 ---p 0000b000 08:01 2233857                    /lib/x86_64-linux-gnu/libnss_nis-2.27.so
7fef0e1c7000-7fef0e1c8000 r--p 0000a000 08:01 2233857                    /lib/x86_64-linux-gnu/libnss_nis-2.27.so
7fef0e1c8000-7fef0e1c9000 rw-p 0000b000 08:01 2233857                    /lib/x86_64-linux-gnu/libnss_nis-2.27.so
7fef0e1c9000-7fef0e1d1000 r-xp 00000000 08:01 2233842                    /lib/x86_64-linux-gnu/libnss_compat-2.27.so
7fef0e1d1000-7fef0e3d1000 ---p 00008000 08:01 2233842                    /lib/x86_64-linux-gnu/libnss_compat-2.27.so
7fef0e3d1000-7fef0e3d2000 r--p 00008000 08:01 2233842                    /lib/x86_64-linux-gnu/libnss_compat-2.27.so
7fef0e3d2000-7fef0e3d3000 rw-p 00009000 08:01 2233842                    /lib/x86_64-linux-gnu/libnss_compat-2.27.so
7fef0e3d3000-7fef0e3ff000 r-xp 00000000 08:01 1453042                    /usr/local/java/jre/lib/amd64/libjava.so
7fef0e3ff000-7fef0e5ff000 ---p 0002c000 08:01 1453042                    /usr/local/java/jre/lib/amd64/libjava.so
7fef0e5ff000-7fef0e600000 r--p 0002c000 08:01 1453042                    /usr/local/java/jre/lib/amd64/libjava.so
7fef0e600000-7fef0e602000 rw-p 0002d000 08:01 1453042                    /usr/local/java/jre/lib/amd64/libjava.so
7fef0e602000-7fef0e60f000 r-xp 00000000 08:01 1453033                    /usr/local/java/jre/lib/amd64/libverify.so
7fef0e60f000-7fef0e80e000 ---p 0000d000 08:01 1453033                    /usr/local/java/jre/lib/amd64/libverify.so
7fef0e80e000-7fef0e810000 r--p 0000c000 08:01 1453033                    /usr/local/java/jre/lib/amd64/libverify.so
7fef0e810000-7fef0e811000 rw-p 0000e000 08:01 1453033                    /usr/local/java/jre/lib/amd64/libverify.so
7fef0e811000-7fef0e818000 r-xp 00000000 08:01 2233897                    /lib/x86_64-linux-gnu/librt-2.27.so
7fef0e818000-7fef0ea17000 ---p 00007000 08:01 2233897                    /lib/x86_64-linux-gnu/librt-2.27.so
7fef0ea17000-7fef0ea18000 r--p 00006000 08:01 2233897                    /lib/x86_64-linux-gnu/librt-2.27.so
7fef0ea18000-7fef0ea19000 rw-p 00007000 08:01 2233897                    /lib/x86_64-linux-gnu/librt-2.27.so
7fef0ea19000-7fef0ea1c000 r-xp 00000000 08:01 2233779                    /lib/x86_64-linux-gnu/libdl-2.27.so
7fef0ea1c000-7fef0ec1b000 ---p 00003000 08:01 2233779                    /lib/x86_64-linux-gnu/libdl-2.27.so
7fef0ec1b000-7fef0ec1c000 r--p 00002000 08:01 2233779                    /lib/x86_64-linux-gnu/libdl-2.27.so
7fef0ec1c000-7fef0ec1d000 rw-p 00003000 08:01 2233779                    /lib/x86_64-linux-gnu/libdl-2.27.so
7fef0ec1d000-7fef0edba000 r-xp 00000000 08:01 2233819                    /lib/x86_64-linux-gnu/libm-2.27.so
7fef0edba000-7fef0efb9000 ---p 0019d000 08:01 2233819                    /lib/x86_64-linux-gnu/libm-2.27.so
7fef0efb9000-7fef0efba000 r--p 0019c000 08:01 2233819                    /lib/x86_64-linux-gnu/libm-2.27.so
7fef0efba000-7fef0efbb000 rw-p 0019d000 08:01 2233819                    /lib/x86_64-linux-gnu/libm-2.27.so
7fef0efbb000-7fef0f1a2000 r-xp 00000000 08:01 2233756                    /lib/x86_64-linux-gnu/libc-2.27.so
7fef0f1a2000-7fef0f3a2000 ---p 001e7000 08:01 2233756                    /lib/x86_64-linux-gnu/libc-2.27.so
7fef0f3a2000-7fef0f3a6000 r--p 001e7000 08:01 2233756                    /lib/x86_64-linux-gnu/libc-2.27.so
7fef0f3a6000-7fef0f3a8000 rw-p 001eb000 08:01 2233756                    /lib/x86_64-linux-gnu/libc-2.27.so
7fef0f3a8000-7fef0f3ac000 rw-p 00000000 00:00 0 
7fef0f3ac000-7fef0f3c6000 r-xp 00000000 08:01 2233889                    /lib/x86_64-linux-gnu/libpthread-2.27.so
7fef0f3c6000-7fef0f5c5000 ---p 0001a000 08:01 2233889                    /lib/x86_64-linux-gnu/libpthread-2.27.so
7fef0f5c5000-7fef0f5c6000 r--p 00019000 08:01 2233889                    /lib/x86_64-linux-gnu/libpthread-2.27.so
7fef0f5c6000-7fef0f5c7000 rw-p 0001a000 08:01 2233889                    /lib/x86_64-linux-gnu/libpthread-2.27.so
7fef0f5c7000-7fef0f5cb000 rw-p 00000000 00:00 0 
7fef0f5cb000-7fef102b3000 r-xp 00000000 08:01 1453049                    /usr/local/java/jre/lib/amd64/server/libjvm.so
7fef102b3000-7fef104b2000 ---p 00ce8000 08:01 1453049                    /usr/local/java/jre/lib/amd64/server/libjvm.so
7fef104b2000-7fef10548000 r--p 00ce7000 08:01 1453049                    /usr/local/java/jre/lib/amd64/server/libjvm.so
7fef10548000-7fef10579000 rw-p 00d7d000 08:01 1453049                    /usr/local/java/jre/lib/amd64/server/libjvm.so
7fef10579000-7fef105b4000 rw-p 00000000 00:00 0 
7fef105b4000-7fef105db000 r-xp 00000000 08:01 2233728                    /lib/x86_64-linux-gnu/ld-2.27.so
7fef105e4000-7fef10690000 rw-p 00000000 00:00 0 
7fef10690000-7fef107c3000 ---p 00000000 00:00 0 
7fef107c3000-7fef107c5000 rw-p 00000000 00:00 0 
7fef107ce000-7fef107cf000 r--s 00000000 08:01 7072                       /home/wanhui/CallJvm/callJvmThreadpool/qin_test1.jar
7fef107cf000-7fef107d7000 rw-s 00000000 08:01 6972                       /tmp/hsperfdata_wanhui/17393
7fef107d7000-7fef107d8000 rw-p 00000000 00:00 0 
7fef107d8000-7fef107d9000 r--p 00000000 00:00 0 
7fef107d9000-7fef107db000 rw-p 00000000 00:00 0 
7fef107db000-7fef107dc000 r--p 00027000 08:01 2233728                    /lib/x86_64-linux-gnu/ld-2.27.so
7fef107dc000-7fef107dd000 rw-p 00028000 08:01 2233728                    /lib/x86_64-linux-gnu/ld-2.27.so
7fef107dd000-7fef107de000 rw-p 00000000 00:00 0 
7fff127e1000-7fff127e4000 ---p 00000000 00:00 0 
7fff127e4000-7fff128e1000 rw-p 00000000 00:00 0                          [stack]
7fff1297c000-7fff1297f000 r--p 00000000 00:00 0                          [vvar]
7fff1297f000-7fff12981000 r-xp 00000000 00:00 0                          [vdso]
ffffffffff600000-ffffffffff601000 r-xp 00000000 00:00 0                  [vsyscall]

VM Arguments:
jvm_args: -Djava.compiler=NONE -verbose:jni 
java_command: <unknown>
java_class_path (initial): .:/home/wanhui/CallJvm/callJvmThreadpool/qin_test1.jar
Launcher Type: generic

Environment Variables:
JAVA_HOME=/usr/local/java
CLASSPATH=/home/wanhui/Downloads/clion-2019.2.1/lib/bootstrap.jar:/home/wanhui/Downloads/clion-2019.2.1/lib/extensions.jar:/home/wanhui/Downloads/clion-2019.2.1/lib/util.jar:/home/wanhui/Downloads/clion-2019.2.1/lib/jdom.jar:/home/wanhui/Downloads/clion-2019.2.1/lib/log4j.jar:/home/wanhui/Downloads/clion-2019.2.1/lib/trove4j.jar:/home/wanhui/Downloads/clion-2019.2.1/lib/jna.jar
PATH=/usr/local/sbin:/usr/local/bin:/usr/sbin:/usr/bin:/sbin:/bin:/snap/bin:/usr/local/redis/redis-4.0.9.tar_files/redis-4.0.9/src:/usr/local/mysql/bin
USERNAME=wanhui
SHELL=/bin/bash
DISPLAY=:0

Signal Handlers:
SIGSEGV: [libjvm.so+0xad3d90], sa_mask[0]=11111111011111111101111111111110, sa_flags=SA_RESTART|SA_SIGINFO
SIGBUS: [libjvm.so+0xad3d90], sa_mask[0]=11111111011111111101111111111110, sa_flags=SA_RESTART|SA_SIGINFO
SIGFPE: [libjvm.so+0x90b8b0], sa_mask[0]=11111111011111111101111111111110, sa_flags=SA_RESTART|SA_SIGINFO
SIGPIPE: [libjvm.so+0x90b8b0], sa_mask[0]=11111111011111111101111111111110, sa_flags=SA_RESTART|SA_SIGINFO
SIGXFSZ: [libjvm.so+0x90b8b0], sa_mask[0]=11111111011111111101111111111110, sa_flags=SA_RESTART|SA_SIGINFO
SIGILL: [libjvm.so+0x90b8b0], sa_mask[0]=11111111011111111101111111111110, sa_flags=SA_RESTART|SA_SIGINFO
SIGUSR1: SIG_DFL, sa_mask[0]=00000000000000000000000000000000, sa_flags=none
SIGUSR2: [libjvm.so+0x90b780], sa_mask[0]=00100000000000000000000000000000, sa_flags=SA_RESTART|SA_SIGINFO
SIGHUP: [libjvm.so+0x90bda0], sa_mask[0]=11111111011111111101111111111110, sa_flags=SA_RESTART|SA_SIGINFO
SIGINT: [libjvm.so+0x90bda0], sa_mask[0]=11111111011111111101111111111110, sa_flags=SA_RESTART|SA_SIGINFO
SIGTERM: [libjvm.so+0x90bda0], sa_mask[0]=11111111011111111101111111111110, sa_flags=SA_RESTART|SA_SIGINFO
SIGQUIT: [libjvm.so+0x90bda0], sa_mask[0]=11111111011111111101111111111110, sa_flags=SA_RESTART|SA_SIGINFO


---------------  S Y S T E M  ---------------

OS:DISTRIB_ID=Ubuntu
DISTRIB_RELEASE=18.04
DISTRIB_CODENAME=bionic
DISTRIB_DESCRIPTION="Ubuntu 18.04.3 LTS"

uname:Linux 4.15.0-66-generic #75-Ubuntu SMP Tue Oct 1 05:24:09 UTC 2019 x86_64
libc:glibc 2.27 NPTL 2.27 
rlimit: STACK 8192k, CORE 0k, NPROC 15513, NOFILE 1048576, AS infinity
load average:0.39 0.38 0.33

/proc/meminfo:
MemTotal:        4015688 kB
MemFree:          128484 kB
MemAvailable:      95604 kB
Buffers:            3580 kB
Cached:           150676 kB
SwapCached:        42304 kB
Active:          2404304 kB
Inactive:         660884 kB
Active(anon):    2360896 kB
Inactive(anon):   590140 kB
Active(file):      43408 kB
Inactive(file):    70744 kB
Unevictable:          48 kB
Mlocked:              48 kB
SwapTotal:       2097148 kB
SwapFree:         755836 kB
Dirty:               376 kB
Writeback:             0 kB
AnonPages:       2871152 kB
Mapped:           104616 kB
Shmem:             40204 kB
Slab:             139208 kB
SReclaimable:      61108 kB
SUnreclaim:        78100 kB
KernelStack:       18000 kB
PageTables:        65444 kB
NFS_Unstable:          0 kB
Bounce:                0 kB
WritebackTmp:          0 kB
CommitLimit:     4104992 kB
Committed_AS:   10036480 kB
VmallocTotal:   34359738367 kB
VmallocUsed:           0 kB
VmallocChunk:          0 kB
HardwareCorrupted:     0 kB
AnonHugePages:         0 kB
ShmemHugePages:        0 kB
ShmemPmdMapped:        0 kB
CmaTotal:              0 kB
CmaFree:               0 kB
HugePages_Total:       0
HugePages_Free:        0
HugePages_Rsvd:        0
HugePages_Surp:        0
Hugepagesize:       2048 kB
DirectMap4k:      374592 kB
DirectMap2M:     3819520 kB
DirectMap1G:     2097152 kB

container (cgroup) information:
container_type: cgroupv1
cpu_cpuset_cpus: 0-3
cpu_memory_nodes: 0
active_processor_count: 4
cpu_quota: -1
cpu_period: 100000
cpu_shares: -1
memory_limit_in_bytes: -1
memory_and_swap_limit_in_bytes: -2
memory_soft_limit_in_bytes: -1
memory_usage_in_bytes: 3100688384
memory_max_usage_in_bytes: 682409984


CPU:total 4 (initial active 4) (2 cores per cpu, 1 threads per core) family 6 model 158 stepping 13, cmov, cx8, fxsr, mmx, sse, sse2, sse3, ssse3, sse4.1, sse4.2, popcnt, avx, avx2, aes, clmul, erms, rtm, 3dnowpref, lzcnt, tsc, tscinvbit, bmi1, bmi2, adx

/proc/cpuinfo:
processor	: 0
vendor_id	: GenuineIntel
cpu family	: 6
model		: 158
model name	: Intel(R) Core(TM) i7-9700 CPU @ 3.00GHz
stepping	: 13
microcode	: 0xb4
cpu MHz		: 2999.999
cache size	: 12288 KB
physical id	: 0
siblings	: 2
core id		: 0
cpu cores	: 2
apicid		: 0
initial apicid	: 0
fpu		: yes
fpu_exception	: yes
cpuid level	: 22
wp		: yes
flags		: fpu vme de pse tsc msr pae mce cx8 apic sep mtrr pge mca cmov pat pse36 clflush mmx fxsr sse sse2 ss ht syscall nx pdpe1gb rdtscp lm constant_tsc arch_perfmon nopl xtopology tsc_reliable nonstop_tsc cpuid pni pclmulqdq vmx ssse3 fma cx16 pcid sse4_1 sse4_2 x2apic movbe popcnt tsc_deadline_timer aes xsave avx f16c rdrand hypervisor lahf_lm abm 3dnowprefetch cpuid_fault invpcid_single ssbd ibrs ibpb stibp ibrs_enhanced tpr_shadow vnmi ept vpid fsgsbase tsc_adjust bmi1 hle avx2 smep bmi2 invpcid rtm mpx rdseed adx smap clflushopt xsaveopt xsavec xsaves arat md_clear flush_l1d arch_capabilities
bugs		: spectre_v1 spectre_v2 spec_store_bypass swapgs
bogomips	: 5999.99
clflush size	: 64
cache_alignment	: 64
address sizes	: 43 bits physical, 48 bits virtual
power management:

processor	: 1
vendor_id	: GenuineIntel
cpu family	: 6
model		: 158
model name	: Intel(R) Core(TM) i7-9700 CPU @ 3.00GHz
stepping	: 13
microcode	: 0xb4
cpu MHz		: 2999.999
cache size	: 12288 KB
physical id	: 0
siblings	: 2
core id		: 1
cpu cores	: 2
apicid		: 1
initial apicid	: 1
fpu		: yes
fpu_exception	: yes
cpuid level	: 22
wp		: yes
flags		: fpu vme de pse tsc msr pae mce cx8 apic sep mtrr pge mca cmov pat pse36 clflush mmx fxsr sse sse2 ss ht syscall nx pdpe1gb rdtscp lm constant_tsc arch_perfmon nopl xtopology tsc_reliable nonstop_tsc cpuid pni pclmulqdq vmx ssse3 fma cx16 pcid sse4_1 sse4_2 x2apic movbe popcnt tsc_deadline_timer aes xsave avx f16c rdrand hypervisor lahf_lm abm 3dnowprefetch cpuid_fault invpcid_single ssbd ibrs ibpb stibp ibrs_enhanced tpr_shadow vnmi ept vpid fsgsbase tsc_adjust bmi1 hle avx2 smep bmi2 invpcid rtm mpx rdseed adx smap clflushopt xsaveopt xsavec xsaves arat md_clear flush_l1d arch_capabilities
bugs		: spectre_v1 spectre_v2 spec_store_bypass swapgs
bogomips	: 5999.99
clflush size	: 64
cache_alignment	: 64
address sizes	: 43 bits physical, 48 bits virtual
power management:

processor	: 2
vendor_id	: GenuineIntel
cpu family	: 6
model		: 158
model name	: Intel(R) Core(TM) i7-9700 CPU @ 3.00GHz
stepping	: 13
microcode	: 0xb4
cpu MHz		: 2999.999
cache size	: 12288 KB
physical id	: 1
siblings	: 2
core id		: 0
cpu cores	: 2
apicid		: 2
initial apicid	: 2
fpu		: yes
fpu_exception	: yes
cpuid level	: 22
wp		: yes
flags		: fpu vme de pse tsc msr pae mce cx8 apic sep mtrr pge mca cmov pat pse36 clflush mmx fxsr sse sse2 ss ht syscall nx pdpe1gb rdtscp lm constant_tsc arch_perfmon nopl xtopology tsc_reliable nonstop_tsc cpuid pni pclmulqdq vmx ssse3 fma cx16 pcid sse4_1 sse4_2 x2apic movbe popcnt tsc_deadline_timer aes xsave avx f16c rdrand hypervisor lahf_lm abm 3dnowprefetch cpuid_fault invpcid_single ssbd ibrs ibpb stibp ibrs_enhanced tpr_shadow vnmi ept vpid fsgsbase tsc_adjust bmi1 hle avx2 smep bmi2 invpcid rtm mpx rdseed adx smap clflushopt xsaveopt xsavec xsaves arat md_clear flush_l1d arch_capabilities
bugs		: spectre_v1 spectre_v2 spec_store_bypass swapgs
bogomips	: 5999.99
clflush size	: 64
cache_alignment	: 64
address sizes	: 43 bits physical, 48 bits virtual
power management:

processor	: 3
vendor_id	: GenuineIntel
cpu family	: 6
model		: 158
model name	: Intel(R) Core(TM) i7-9700 CPU @ 3.00GHz
stepping	: 13
microcode	: 0xb4
cpu MHz		: 2999.999
cache size	: 12288 KB
physical id	: 1
siblings	: 2
core id		: 1
cpu cores	: 2
apicid		: 3
initial apicid	: 3
fpu		: yes
fpu_exception	: yes
cpuid level	: 22
wp		: yes
flags		: fpu vme de pse tsc msr pae mce cx8 apic sep mtrr pge mca cmov pat pse36 clflush mmx fxsr sse sse2 ss ht syscall nx pdpe1gb rdtscp lm constant_tsc arch_perfmon nopl xtopology tsc_reliable nonstop_tsc cpuid pni pclmulqdq vmx ssse3 fma cx16 pcid sse4_1 sse4_2 x2apic movbe popcnt tsc_deadline_timer aes xsave avx f16c rdrand hypervisor lahf_lm abm 3dnowprefetch cpuid_fault invpcid_single ssbd ibrs ibpb stibp ibrs_enhanced tpr_shadow vnmi ept vpid fsgsbase tsc_adjust bmi1 hle avx2 smep bmi2 invpcid rtm mpx rdseed adx smap clflushopt xsaveopt xsavec xsaves arat md_clear flush_l1d arch_capabilities
bugs		: spectre_v1 spectre_v2 spec_store_bypass swapgs
bogomips	: 5999.99
clflush size	: 64
cache_alignment	: 64
address sizes	: 43 bits physical, 48 bits virtual
power management:



Memory: 4k page, physical 4015688k(128484k free), swap 2097148k(755836k free)

vm_info: Java HotSpot(TM) 64-Bit Server VM (25.221-b11) for linux-amd64 JRE (1.8.0_221-b11), built on Jul  4 2019 04:27:00 by "java_re" with gcc 7.3.0

time: Sat Nov  2 11:54:53 2019
timezone: CST
elapsed time: 0 seconds (0d 0h 0m 0s)

