#
# A fatal error has been detected by the Java Runtime Environment:
#
#  SIGSEGV (0xb) at pc=0x000055bdabbbff25, pid=15385, tid=0x00007f898ffff700
#
# JRE version: Java(TM) SE Runtime Environment (8.0_221-b11) (build 1.8.0_221-b11)
# Java VM: Java HotSpot(TM) 64-Bit Server VM (25.221-b11 interpreted mode linux-amd64 compressed oops)
# Problematic frame:
# C  [main+0x1f25]  handle_stream(void*)+0xe5
#
# Failed to write core dump. Core dumps have been disabled. To enable core dumping, try "ulimit -c unlimited" before starting Java again
#
# If you would like to submit a bug report, please visit:
#   http://bugreport.java.com/bugreport/crash.jsp
#

---------------  T H R E A D  ---------------

Current thread is native thread

siginfo: si_signo: 11 (SIGSEGV), si_code: 1 (SEGV_MAPERR), si_addr: 0x0000000000000000

Registers:
RAX=0x0000000000000000, RBX=0x00007f898fffeaa3, RCX=0x00007f89aeb07384, RDX=0x00007f89ae551a68
RSP=0x00007f898fffea60, RBP=0x000000007ebe0002, RSI=0x00007f898fffeaa3, RDI=0x00007f898fffeab0
R8 =0x0000000000000000, R9 =0x0000000000000000, R10=0x0000000000000000, R11=0x0000000000000000
R12=0x00007f898fffeab0, R13=0x0000000000000000, R14=0x0000000000000000, R15=0x00007ffc56e646b0
RIP=0x000055bdabbbff25, EFLAGS=0x0000000000010246, CSGSFS=0x002b000000000033, ERR=0x0000000000000004
  TRAPNO=0x000000000000000e

Top of Stack: (sp=0x00007f898fffea60)
0x00007f898fffea60:   0000000000000000 000055bdac956790
0x00007f898fffea70:   0000000000000000 0000000000000000
0x00007f898fffea80:   0000000000000000 0000000000000000
0x00007f898fffea90:   0000000000000000 0000000000000000
0x00007f898fffeaa0:   0000000024000000 0000000000000000
0x00007f898fffeab0:   0000000000000000 0000000000000000
0x00007f898fffeac0:   0000000000000000 0000000000000000
0x00007f898fffead0:   0000000000000000 0000000000000000
0x00007f898fffeae0:   0000000000000000 0000000000000000
0x00007f898fffeaf0:   0000000000000000 0000000000000000
0x00007f898fffeb00:   0000000000000000 0000000000000000
0x00007f898fffeb10:   0000000000000000 0000000000000000
0x00007f898fffeb20:   0000000000000000 0000000000000000
0x00007f898fffeb30:   0000000000000000 0000000000000000
0x00007f898fffeb40:   0000000000000000 0000000000000000
0x00007f898fffeb50:   0000000000000000 0000000000000000
0x00007f898fffeb60:   0000000000000000 0000000000000000
0x00007f898fffeb70:   0000000000000000 0000000000000000
0x00007f898fffeb80:   0000000000000000 0000000000000000
0x00007f898fffeb90:   0000000000000000 0000000000000000
0x00007f898fffeba0:   0000000000000000 0000000000000000
0x00007f898fffebb0:   0000000000000000 0000000000000000
0x00007f898fffebc0:   0000000000000000 0000000000000000
0x00007f898fffebd0:   0000000000000000 0000000000000000
0x00007f898fffebe0:   0000000000000000 0000000000000000
0x00007f898fffebf0:   0000000000000000 0000000000000000
0x00007f898fffec00:   0000000000000000 0000000000000000
0x00007f898fffec10:   0000000000000000 0000000000000000
0x00007f898fffec20:   0000000000000000 0000000000000000
0x00007f898fffec30:   0000000000000000 0000000000000000
0x00007f898fffec40:   0000000000000000 0000000000000000
0x00007f898fffec50:   0000000000000000 0000000000000000 

Instructions: (pc=0x000055bdabbbff25)
0x000055bdabbbff05:   48 8b 74 24 28 48 3b 74 24 30 75 cf 4c 89 e2 4c
0x000055bdabbbff15:   89 ef e8 64 02 00 00 eb d3 66 90 48 8b 44 24 20
0x000055bdabbbff25:   4c 8b 20 4c 8b 68 08 4c 89 e7 e8 4c f3 ff ff 4c
0x000055bdabbbff35:   89 ef e8 44 f3 ff ff 48 8d 3d 38 05 00 00 48 8b 

Register to memory mapping:

RAX=0x0000000000000000 is an unknown value
RBX=0x00007f898fffeaa3 is an unknown value
RCX=0x00007f89aeb07384: read+0x44 in /lib/x86_64-linux-gnu/libpthread.so.0 at 0x00007f89aeaf6000
RDX=0x00007f89ae551a68: <offset 0x3eda68> in /lib/x86_64-linux-gnu/libc.so.6 at 0x00007f89ae164000
RSP=0x00007f898fffea60 is an unknown value
RBP=0x000000007ebe0002 is an unknown value
RSI=0x00007f898fffeaa3 is an unknown value
RDI=0x00007f898fffeab0 is an unknown value
R8 =0x0000000000000000 is an unknown value
R9 =0x0000000000000000 is an unknown value
R10=0x0000000000000000 is an unknown value
R11=0x0000000000000000 is an unknown value
R12=0x00007f898fffeab0 is an unknown value
R13=0x0000000000000000 is an unknown value
R14=0x0000000000000000 is an unknown value
R15=0x00007ffc56e646b0 is pointing into the stack for thread: 0x000055bdac8a5000


Stack: [0x00007f898f800000,0x00007f8990000000],  sp=0x00007f898fffea60,  free space=8186k
Native frames: (J=compiled Java code, j=interpreted, Vv=VM code, C=native code)
C  [main+0x1f25]  handle_stream(void*)+0xe5


---------------  P R O C E S S  ---------------

VM state:not at safepoint (normal execution)

VM Mutex/Monitor currently owned by a thread: None

heap address: 0x00000000c2a00000, size: 982 MB, Compressed Oops mode: 32-bit
Narrow klass base: 0x0000000000000000, Narrow klass shift: 3
Compressed class space size: 1073741824 Address: 0x0000000100000000

Heap:
 PSYoungGen      total 18432K, used 634K [0x00000000eb900000, 0x00000000ecd80000, 0x0000000100000000)
  eden space 15872K, 4% used [0x00000000eb900000,0x00000000eb99ebc8,0x00000000ec880000)
  from space 2560K, 0% used [0x00000000ecb00000,0x00000000ecb00000,0x00000000ecd80000)
  to   space 2560K, 0% used [0x00000000ec880000,0x00000000ec880000,0x00000000ecb00000)
 ParOldGen       total 42496K, used 0K [0x00000000c2a00000, 0x00000000c5380000, 0x00000000eb900000)
  object space 42496K, 0% used [0x00000000c2a00000,0x00000000c2a00000,0x00000000c5380000)
 Metaspace       used 2176K, capacity 4480K, committed 4480K, reserved 1056768K
  class space    used 240K, capacity 384K, committed 384K, reserved 1048576K

Card table byte_map: [0x00007f899d572000,0x00007f899d75e000] byte_map_base: 0x00007f899cf5d000

Marking Bits: (ParMarkBitMap*) 0x00007f89afce0d80
 Begin Bits: [0x00007f8996150000, 0x00007f89970a8000)
 End Bits:   [0x00007f89970a8000, 0x00007f8998000000)

Polling page: 0x00007f89aff22000

CodeCache: size=245760Kb used=469Kb max_used=469Kb free=245290Kb
 bounds [0x00007f899db1e000, 0x00007f899dd8e000, 0x00007f89acb1e000]
 total_blobs=171 nmethods=0 adapters=137
 compilation: disabled (interpreter mode)

Compilation events (0 events):
No events

GC Heap History (0 events):
No events

Deoptimization events (0 events):
No events

Classes redefined (0 events):
No events

Internal exceptions (2 events):
Event: 0.020 Thread 0x000055bdac8a5000 Exception <a 'java/lang/NoSuchMethodError': Method sun.misc.Unsafe.defineClass(Ljava/lang/String;[BII)Ljava/lang/Class; name or signature does not match> (0x00000000eb907cb8) thrown at [/HUDSON/workspace/8-2-build-linux-amd64/jdk8u221/13320/hotspot/src/sh
Event: 0.021 Thread 0x000055bdac8a5000 Exception <a 'java/lang/NoSuchMethodError': Method sun.misc.Unsafe.prefetchRead(Ljava/lang/Object;J)V name or signature does not match> (0x00000000eb907fa0) thrown at [/HUDSON/workspace/8-2-build-linux-amd64/jdk8u221/13320/hotspot/src/share/vm/prims/jni.c

Events (10 events):
Event: 0.039 loading class java/lang/invoke/MemberName$Factory done
Event: 0.039 loading class java/lang/invoke/MethodHandleStatics
Event: 0.039 loading class java/lang/invoke/MethodHandleStatics done
Event: 0.039 loading class java/lang/invoke/MethodHandleStatics$1
Event: 0.039 loading class java/lang/invoke/MethodHandleStatics$1 done
Event: 0.039 Thread 0x000055bdac954000 Thread added: 0x000055bdac954000
Event: 0.039 loading class sun/misc/PostVMInitHook
Event: 0.039 loading class sun/misc/PostVMInitHook done
Event: 0.039 loading class sun/misc/PostVMInitHook$1
Event: 0.039 loading class sun/misc/PostVMInitHook$1 done


Dynamic libraries:
c2a00000-c5380000 rw-p 00000000 00:00 0 
c5380000-eb900000 ---p 00000000 00:00 0 
eb900000-ecd80000 rw-p 00000000 00:00 0 
ecd80000-100000000 ---p 00000000 00:00 0 
100000000-100060000 rw-p 00000000 00:00 0 
100060000-140000000 ---p 00000000 00:00 0 
55bdabbbe000-55bdabbc1000 r-xp 00000000 08:01 27                         /home/wanhui/CallJvm/callJvmThreadpool/cmake-build-debug/main
55bdabdc0000-55bdabdc1000 r--p 00002000 08:01 27                         /home/wanhui/CallJvm/callJvmThreadpool/cmake-build-debug/main
55bdabdc1000-55bdabdc2000 rw-p 00003000 08:01 27                         /home/wanhui/CallJvm/callJvmThreadpool/cmake-build-debug/main
55bdac876000-55bdac962000 rw-p 00000000 00:00 0                          [heap]
7f8968000000-7f8968021000 rw-p 00000000 00:00 0 
7f8968021000-7f896c000000 ---p 00000000 00:00 0 
7f896c000000-7f896c021000 rw-p 00000000 00:00 0 
7f896c021000-7f8970000000 ---p 00000000 00:00 0 
7f8970000000-7f8970021000 rw-p 00000000 00:00 0 
7f8970021000-7f8974000000 ---p 00000000 00:00 0 
7f8974000000-7f8974021000 rw-p 00000000 00:00 0 
7f8974021000-7f8978000000 ---p 00000000 00:00 0 
7f8978000000-7f8978021000 rw-p 00000000 00:00 0 
7f8978021000-7f897c000000 ---p 00000000 00:00 0 
7f897c000000-7f897c021000 rw-p 00000000 00:00 0 
7f897c021000-7f8980000000 ---p 00000000 00:00 0 
7f8980000000-7f8980021000 rw-p 00000000 00:00 0 
7f8980021000-7f8984000000 ---p 00000000 00:00 0 
7f8984000000-7f8984021000 rw-p 00000000 00:00 0 
7f8984021000-7f8988000000 ---p 00000000 00:00 0 
7f8988000000-7f8988021000 rw-p 00000000 00:00 0 
7f8988021000-7f898c000000 ---p 00000000 00:00 0 
7f898cffa000-7f898cffb000 ---p 00000000 00:00 0 
7f898cffb000-7f898d7fb000 rw-p 00000000 00:00 0 
7f898d7fb000-7f898d7fc000 ---p 00000000 00:00 0 
7f898d7fc000-7f898dffc000 rw-p 00000000 00:00 0 
7f898dffc000-7f898dffd000 ---p 00000000 00:00 0 
7f898dffd000-7f898e7fd000 rw-p 00000000 00:00 0 
7f898e7fd000-7f898e7fe000 ---p 00000000 00:00 0 
7f898e7fe000-7f898effe000 rw-p 00000000 00:00 0 
7f898effe000-7f898efff000 ---p 00000000 00:00 0 
7f898efff000-7f898f7ff000 rw-p 00000000 00:00 0 
7f898f7ff000-7f898f800000 ---p 00000000 00:00 0 
7f898f800000-7f8990000000 rw-p 00000000 00:00 0 
7f8990000000-7f8990021000 rw-p 00000000 00:00 0 
7f8990021000-7f8994000000 ---p 00000000 00:00 0 
7f8994670000-7f8994671000 ---p 00000000 00:00 0 
7f8994671000-7f8994771000 rw-p 00000000 00:00 0 
7f8994771000-7f8994774000 ---p 00000000 00:00 0 
7f8994774000-7f8994872000 rw-p 00000000 00:00 0 
7f8994872000-7f8994875000 ---p 00000000 00:00 0 
7f8994875000-7f8994973000 rw-p 00000000 00:00 0 
7f8994973000-7f8995342000 r--p 00000000 08:01 1186501                    /usr/lib/locale/locale-archive
7f8995342000-7f8995345000 ---p 00000000 00:00 0 
7f8995345000-7f8995443000 rw-p 00000000 00:00 0 
7f8995443000-7f8995446000 ---p 00000000 00:00 0 
7f8995446000-7f8995544000 rw-p 00000000 00:00 0 
7f8995544000-7f8995545000 ---p 00000000 00:00 0 
7f8995545000-7f8998000000 rw-p 00000000 00:00 0 
7f8998000000-7f8998021000 rw-p 00000000 00:00 0 
7f8998021000-7f899c000000 ---p 00000000 00:00 0 
7f899c03a000-7f899c533000 rw-p 00000000 00:00 0 
7f899c533000-7f899c70d000 r--s 03d88000 08:01 1324703                    /usr/local/java/jre/lib/rt.jar
7f899c70d000-7f899cb83000 rw-p 00000000 00:00 0 
7f899cb83000-7f899cf83000 ---p 00000000 00:00 0 
7f899cf83000-7f899d16e000 rw-p 00000000 00:00 0 
7f899d16e000-7f899d16f000 ---p 00000000 00:00 0 
7f899d16f000-7f899d26f000 rw-p 00000000 00:00 0 
7f899d26f000-7f899d270000 ---p 00000000 00:00 0 
7f899d270000-7f899d370000 rw-p 00000000 00:00 0 
7f899d370000-7f899d371000 ---p 00000000 00:00 0 
7f899d371000-7f899d471000 rw-p 00000000 00:00 0 
7f899d471000-7f899d472000 ---p 00000000 00:00 0 
7f899d472000-7f899d587000 rw-p 00000000 00:00 0 
7f899d587000-7f899d6b9000 ---p 00000000 00:00 0 
7f899d6b9000-7f899d6c4000 rw-p 00000000 00:00 0 
7f899d6c4000-7f899d75d000 ---p 00000000 00:00 0 
7f899d75d000-7f899d768000 rw-p 00000000 00:00 0 
7f899d768000-7f899db1e000 ---p 00000000 00:00 0 
7f899db1e000-7f899dd8e000 rwxp 00000000 00:00 0 
7f899dd8e000-7f89acb1e000 ---p 00000000 00:00 0 
7f89acb1e000-7f89acb39000 r-xp 00000000 08:01 1453051                    /usr/local/java/jre/lib/amd64/libzip.so
7f89acb39000-7f89acd38000 ---p 0001b000 08:01 1453051                    /usr/local/java/jre/lib/amd64/libzip.so
7f89acd38000-7f89acd39000 r--p 0001a000 08:01 1453051                    /usr/local/java/jre/lib/amd64/libzip.so
7f89acd39000-7f89acd3a000 rw-p 0001b000 08:01 1453051                    /usr/local/java/jre/lib/amd64/libzip.so
7f89acd3a000-7f89acd45000 r-xp 00000000 08:01 2233846                    /lib/x86_64-linux-gnu/libnss_files-2.27.so
7f89acd45000-7f89acf44000 ---p 0000b000 08:01 2233846                    /lib/x86_64-linux-gnu/libnss_files-2.27.so
7f89acf44000-7f89acf45000 r--p 0000a000 08:01 2233846                    /lib/x86_64-linux-gnu/libnss_files-2.27.so
7f89acf45000-7f89acf46000 rw-p 0000b000 08:01 2233846                    /lib/x86_64-linux-gnu/libnss_files-2.27.so
7f89acf46000-7f89acf4c000 rw-p 00000000 00:00 0 
7f89acf4c000-7f89acf63000 r-xp 00000000 08:01 2233840                    /lib/x86_64-linux-gnu/libnsl-2.27.so
7f89acf63000-7f89ad162000 ---p 00017000 08:01 2233840                    /lib/x86_64-linux-gnu/libnsl-2.27.so
7f89ad162000-7f89ad163000 r--p 00016000 08:01 2233840                    /lib/x86_64-linux-gnu/libnsl-2.27.so
7f89ad163000-7f89ad164000 rw-p 00017000 08:01 2233840                    /lib/x86_64-linux-gnu/libnsl-2.27.so
7f89ad164000-7f89ad166000 rw-p 00000000 00:00 0 
7f89ad166000-7f89ad171000 r-xp 00000000 08:01 2233857                    /lib/x86_64-linux-gnu/libnss_nis-2.27.so
7f89ad171000-7f89ad370000 ---p 0000b000 08:01 2233857                    /lib/x86_64-linux-gnu/libnss_nis-2.27.so
7f89ad370000-7f89ad371000 r--p 0000a000 08:01 2233857                    /lib/x86_64-linux-gnu/libnss_nis-2.27.so
7f89ad371000-7f89ad372000 rw-p 0000b000 08:01 2233857                    /lib/x86_64-linux-gnu/libnss_nis-2.27.so
7f89ad372000-7f89ad37a000 r-xp 00000000 08:01 2233842                    /lib/x86_64-linux-gnu/libnss_compat-2.27.so
7f89ad37a000-7f89ad57a000 ---p 00008000 08:01 2233842                    /lib/x86_64-linux-gnu/libnss_compat-2.27.so
7f89ad57a000-7f89ad57b000 r--p 00008000 08:01 2233842                    /lib/x86_64-linux-gnu/libnss_compat-2.27.so
7f89ad57b000-7f89ad57c000 rw-p 00009000 08:01 2233842                    /lib/x86_64-linux-gnu/libnss_compat-2.27.so
7f89ad57c000-7f89ad5a8000 r-xp 00000000 08:01 1453042                    /usr/local/java/jre/lib/amd64/libjava.so
7f89ad5a8000-7f89ad7a8000 ---p 0002c000 08:01 1453042                    /usr/local/java/jre/lib/amd64/libjava.so
7f89ad7a8000-7f89ad7a9000 r--p 0002c000 08:01 1453042                    /usr/local/java/jre/lib/amd64/libjava.so
7f89ad7a9000-7f89ad7ab000 rw-p 0002d000 08:01 1453042                    /usr/local/java/jre/lib/amd64/libjava.so
7f89ad7ab000-7f89ad7b8000 r-xp 00000000 08:01 1453033                    /usr/local/java/jre/lib/amd64/libverify.so
7f89ad7b8000-7f89ad9b7000 ---p 0000d000 08:01 1453033                    /usr/local/java/jre/lib/amd64/libverify.so
7f89ad9b7000-7f89ad9b9000 r--p 0000c000 08:01 1453033                    /usr/local/java/jre/lib/amd64/libverify.so
7f89ad9b9000-7f89ad9ba000 rw-p 0000e000 08:01 1453033                    /usr/local/java/jre/lib/amd64/libverify.so
7f89ad9ba000-7f89ad9c1000 r-xp 00000000 08:01 2233897                    /lib/x86_64-linux-gnu/librt-2.27.so
7f89ad9c1000-7f89adbc0000 ---p 00007000 08:01 2233897                    /lib/x86_64-linux-gnu/librt-2.27.so
7f89adbc0000-7f89adbc1000 r--p 00006000 08:01 2233897                    /lib/x86_64-linux-gnu/librt-2.27.so
7f89adbc1000-7f89adbc2000 rw-p 00007000 08:01 2233897                    /lib/x86_64-linux-gnu/librt-2.27.so
7f89adbc2000-7f89adbc5000 r-xp 00000000 08:01 2233779                    /lib/x86_64-linux-gnu/libdl-2.27.so
7f89adbc5000-7f89addc4000 ---p 00003000 08:01 2233779                    /lib/x86_64-linux-gnu/libdl-2.27.so
7f89addc4000-7f89addc5000 r--p 00002000 08:01 2233779                    /lib/x86_64-linux-gnu/libdl-2.27.so
7f89addc5000-7f89addc6000 rw-p 00003000 08:01 2233779                    /lib/x86_64-linux-gnu/libdl-2.27.so
7f89addc6000-7f89adf63000 r-xp 00000000 08:01 2233819                    /lib/x86_64-linux-gnu/libm-2.27.so
7f89adf63000-7f89ae162000 ---p 0019d000 08:01 2233819                    /lib/x86_64-linux-gnu/libm-2.27.so
7f89ae162000-7f89ae163000 r--p 0019c000 08:01 2233819                    /lib/x86_64-linux-gnu/libm-2.27.so
7f89ae163000-7f89ae164000 rw-p 0019d000 08:01 2233819                    /lib/x86_64-linux-gnu/libm-2.27.so
7f89ae164000-7f89ae34b000 r-xp 00000000 08:01 2233756                    /lib/x86_64-linux-gnu/libc-2.27.so
7f89ae34b000-7f89ae54b000 ---p 001e7000 08:01 2233756                    /lib/x86_64-linux-gnu/libc-2.27.so
7f89ae54b000-7f89ae54f000 r--p 001e7000 08:01 2233756                    /lib/x86_64-linux-gnu/libc-2.27.so
7f89ae54f000-7f89ae551000 rw-p 001eb000 08:01 2233756                    /lib/x86_64-linux-gnu/libc-2.27.so
7f89ae551000-7f89ae555000 rw-p 00000000 00:00 0 
7f89ae555000-7f89ae56c000 r-xp 00000000 08:01 2233339                    /lib/x86_64-linux-gnu/libgcc_s.so.1
7f89ae56c000-7f89ae76b000 ---p 00017000 08:01 2233339                    /lib/x86_64-linux-gnu/libgcc_s.so.1
7f89ae76b000-7f89ae76c000 r--p 00016000 08:01 2233339                    /lib/x86_64-linux-gnu/libgcc_s.so.1
7f89ae76c000-7f89ae76d000 rw-p 00017000 08:01 2233339                    /lib/x86_64-linux-gnu/libgcc_s.so.1
7f89ae76d000-7f89ae8e6000 r-xp 00000000 08:01 1188276                    /usr/lib/x86_64-linux-gnu/libstdc++.so.6.0.25
7f89ae8e6000-7f89aeae6000 ---p 00179000 08:01 1188276                    /usr/lib/x86_64-linux-gnu/libstdc++.so.6.0.25
7f89aeae6000-7f89aeaf0000 r--p 00179000 08:01 1188276                    /usr/lib/x86_64-linux-gnu/libstdc++.so.6.0.25
7f89aeaf0000-7f89aeaf2000 rw-p 00183000 08:01 1188276                    /usr/lib/x86_64-linux-gnu/libstdc++.so.6.0.25
7f89aeaf2000-7f89aeaf6000 rw-p 00000000 00:00 0 
7f89aeaf6000-7f89aeb10000 r-xp 00000000 08:01 2233889                    /lib/x86_64-linux-gnu/libpthread-2.27.so
7f89aeb10000-7f89aed0f000 ---p 0001a000 08:01 2233889                    /lib/x86_64-linux-gnu/libpthread-2.27.so
7f89aed0f000-7f89aed10000 r--p 00019000 08:01 2233889                    /lib/x86_64-linux-gnu/libpthread-2.27.so
7f89aed10000-7f89aed11000 rw-p 0001a000 08:01 2233889                    /lib/x86_64-linux-gnu/libpthread-2.27.so
7f89aed11000-7f89aed15000 rw-p 00000000 00:00 0 
7f89aed15000-7f89af9fd000 r-xp 00000000 08:01 1453049                    /usr/local/java/jre/lib/amd64/server/libjvm.so
7f89af9fd000-7f89afbfc000 ---p 00ce8000 08:01 1453049                    /usr/local/java/jre/lib/amd64/server/libjvm.so
7f89afbfc000-7f89afc92000 r--p 00ce7000 08:01 1453049                    /usr/local/java/jre/lib/amd64/server/libjvm.so
7f89afc92000-7f89afcc3000 rw-p 00d7d000 08:01 1453049                    /usr/local/java/jre/lib/amd64/server/libjvm.so
7f89afcc3000-7f89afcfe000 rw-p 00000000 00:00 0 
7f89afcfe000-7f89afd25000 r-xp 00000000 08:01 2233728                    /lib/x86_64-linux-gnu/ld-2.27.so
7f89afd2b000-7f89afdd7000 rw-p 00000000 00:00 0 
7f89afdd7000-7f89aff0a000 ---p 00000000 00:00 0 
7f89aff0a000-7f89aff0f000 rw-p 00000000 00:00 0 
7f89aff19000-7f89aff21000 rw-s 00000000 08:01 1327444                    /tmp/hsperfdata_wanhui/15385
7f89aff21000-7f89aff22000 rw-p 00000000 00:00 0 
7f89aff22000-7f89aff23000 r--p 00000000 00:00 0 
7f89aff23000-7f89aff25000 rw-p 00000000 00:00 0 
7f89aff25000-7f89aff26000 r--p 00027000 08:01 2233728                    /lib/x86_64-linux-gnu/ld-2.27.so
7f89aff26000-7f89aff27000 rw-p 00028000 08:01 2233728                    /lib/x86_64-linux-gnu/ld-2.27.so
7f89aff27000-7f89aff28000 rw-p 00000000 00:00 0 
7ffc56d66000-7ffc56d69000 ---p 00000000 00:00 0 
7ffc56d69000-7ffc56e66000 rw-p 00000000 00:00 0                          [stack]
7ffc56ef8000-7ffc56efb000 r--p 00000000 00:00 0                          [vvar]
7ffc56efb000-7ffc56efd000 r-xp 00000000 00:00 0                          [vdso]
ffffffffff600000-ffffffffff601000 r-xp 00000000 00:00 0                  [vsyscall]

VM Arguments:
jvm_args: -Djava.compiler=NONE -verbose:jni 
java_command: <unknown>
java_class_path (initial): .:/home/wanhui/CallJvm/callJvmThreadpool/qin_test1.jar
Launcher Type: generic

Environment Variables:
JAVA_HOME=/usr/local/java
CLASSPATH=/home/wanhui/Downloads/clion-2019.2.1/lib/bootstrap.jar:/home/wanhui/Downloads/clion-2019.2.1/lib/extensions.jar:/home/wanhui/Downloads/clion-2019.2.1/lib/util.jar:/home/wanhui/Downloads/clion-2019.2.1/lib/jdom.jar:/home/wanhui/Downloads/clion-2019.2.1/lib/log4j.jar:/home/wanhui/Downloads/clion-2019.2.1/lib/trove4j.jar:/home/wanhui/Downloads/clion-2019.2.1/lib/jna.jar
PATH=/usr/local/sbin:/usr/local/bin:/usr/sbin:/usr/bin:/sbin:/bin:/snap/bin:/usr/local/redis/redis-4.0.9.tar_files/redis-4.0.9/src:/usr/local/mysql/bin
USERNAME=wanhui
SHELL=/bin/bash
DISPLAY=:0

Signal Handlers:
SIGSEGV: [libjvm.so+0xad3d90], sa_mask[0]=11111111011111111101111111111110, sa_flags=SA_RESTART|SA_SIGINFO
SIGBUS: [libjvm.so+0xad3d90], sa_mask[0]=11111111011111111101111111111110, sa_flags=SA_RESTART|SA_SIGINFO
SIGFPE: [libjvm.so+0x90b8b0], sa_mask[0]=11111111011111111101111111111110, sa_flags=SA_RESTART|SA_SIGINFO
SIGPIPE: [libjvm.so+0x90b8b0], sa_mask[0]=11111111011111111101111111111110, sa_flags=SA_RESTART|SA_SIGINFO
SIGXFSZ: [libjvm.so+0x90b8b0], sa_mask[0]=11111111011111111101111111111110, sa_flags=SA_RESTART|SA_SIGINFO
SIGILL: [libjvm.so+0x90b8b0], sa_mask[0]=11111111011111111101111111111110, sa_flags=SA_RESTART|SA_SIGINFO
SIGUSR1: SIG_DFL, sa_mask[0]=00000000000000000000000000000000, sa_flags=none
SIGUSR2: [libjvm.so+0x90b780], sa_mask[0]=00100000000000000000000000000000, sa_flags=SA_RESTART|SA_SIGINFO
SIGHUP: [libjvm.so+0x90bda0], sa_mask[0]=11111111011111111101111111111110, sa_flags=SA_RESTART|SA_SIGINFO
SIGINT: [libjvm.so+0x90bda0], sa_mask[0]=11111111011111111101111111111110, sa_flags=SA_RESTART|SA_SIGINFO
SIGTERM: [libjvm.so+0x90bda0], sa_mask[0]=11111111011111111101111111111110, sa_flags=SA_RESTART|SA_SIGINFO
SIGQUIT: [libjvm.so+0x90bda0], sa_mask[0]=11111111011111111101111111111110, sa_flags=SA_RESTART|SA_SIGINFO


---------------  S Y S T E M  ---------------

OS:DISTRIB_ID=Ubuntu
DISTRIB_RELEASE=18.04
DISTRIB_CODENAME=bionic
DISTRIB_DESCRIPTION="Ubuntu 18.04.3 LTS"

uname:Linux 4.15.0-66-generic #75-Ubuntu SMP Tue Oct 1 05:24:09 UTC 2019 x86_64
libc:glibc 2.27 NPTL 2.27 
rlimit: STACK 8192k, CORE 0k, NPROC 15513, NOFILE 1048576, AS infinity
load average:0.51 0.35 0.25

/proc/meminfo:
MemTotal:        4015688 kB
MemFree:          313988 kB
MemAvailable:     438812 kB
Buffers:           27252 kB
Cached:           259788 kB
SwapCached:       157268 kB
Active:          2268884 kB
Inactive:         626900 kB
Active(anon):    2103436 kB
Inactive(anon):   522116 kB
Active(file):     165448 kB
Inactive(file):   104784 kB
Unevictable:          16 kB
Mlocked:              16 kB
SwapTotal:       2097148 kB
SwapFree:        1430408 kB
Dirty:              1296 kB
Writeback:             0 kB
AnonPages:       2561944 kB
Mapped:           147424 kB
Shmem:             16788 kB
Slab:             187540 kB
SReclaimable:     118964 kB
SUnreclaim:        68576 kB
KernelStack:       13744 kB
PageTables:        47632 kB
NFS_Unstable:          0 kB
Bounce:                0 kB
WritebackTmp:          0 kB
CommitLimit:     4104992 kB
Committed_AS:    6876496 kB
VmallocTotal:   34359738367 kB
VmallocUsed:           0 kB
VmallocChunk:          0 kB
HardwareCorrupted:     0 kB
AnonHugePages:         0 kB
ShmemHugePages:        0 kB
ShmemPmdMapped:        0 kB
CmaTotal:              0 kB
CmaFree:               0 kB
HugePages_Total:       0
HugePages_Free:        0
HugePages_Rsvd:        0
HugePages_Surp:        0
Hugepagesize:       2048 kB
DirectMap4k:      198464 kB
DirectMap2M:     3995648 kB
DirectMap1G:     2097152 kB

container (cgroup) information:
container_type: cgroupv1
cpu_cpuset_cpus: 0-3
cpu_memory_nodes: 0
active_processor_count: 4
cpu_quota: -1
cpu_period: 100000
cpu_shares: -1
memory_limit_in_bytes: -1
memory_and_swap_limit_in_bytes: -2
memory_soft_limit_in_bytes: -1
memory_usage_in_bytes: 2918875136
memory_max_usage_in_bytes: 106520576


CPU:total 4 (initial active 4) (2 cores per cpu, 1 threads per core) family 6 model 158 stepping 13, cmov, cx8, fxsr, mmx, sse, sse2, sse3, ssse3, sse4.1, sse4.2, popcnt, avx, avx2, aes, clmul, erms, rtm, 3dnowpref, lzcnt, tsc, tscinvbit, bmi1, bmi2, adx

/proc/cpuinfo:
processor	: 0
vendor_id	: GenuineIntel
cpu family	: 6
model		: 158
model name	: Intel(R) Core(TM) i7-9700 CPU @ 3.00GHz
stepping	: 13
microcode	: 0xb4
cpu MHz		: 2999.999
cache size	: 12288 KB
physical id	: 0
siblings	: 2
core id		: 0
cpu cores	: 2
apicid		: 0
initial apicid	: 0
fpu		: yes
fpu_exception	: yes
cpuid level	: 22
wp		: yes
flags		: fpu vme de pse tsc msr pae mce cx8 apic sep mtrr pge mca cmov pat pse36 clflush mmx fxsr sse sse2 ss ht syscall nx pdpe1gb rdtscp lm constant_tsc arch_perfmon nopl xtopology tsc_reliable nonstop_tsc cpuid pni pclmulqdq vmx ssse3 fma cx16 pcid sse4_1 sse4_2 x2apic movbe popcnt tsc_deadline_timer aes xsave avx f16c rdrand hypervisor lahf_lm abm 3dnowprefetch cpuid_fault invpcid_single ssbd ibrs ibpb stibp ibrs_enhanced tpr_shadow vnmi ept vpid fsgsbase tsc_adjust bmi1 hle avx2 smep bmi2 invpcid rtm mpx rdseed adx smap clflushopt xsaveopt xsavec xsaves arat md_clear flush_l1d arch_capabilities
bugs		: spectre_v1 spectre_v2 spec_store_bypass swapgs
bogomips	: 5999.99
clflush size	: 64
cache_alignment	: 64
address sizes	: 43 bits physical, 48 bits virtual
power management:

processor	: 1
vendor_id	: GenuineIntel
cpu family	: 6
model		: 158
model name	: Intel(R) Core(TM) i7-9700 CPU @ 3.00GHz
stepping	: 13
microcode	: 0xb4
cpu MHz		: 2999.999
cache size	: 12288 KB
physical id	: 0
siblings	: 2
core id		: 1
cpu cores	: 2
apicid		: 1
initial apicid	: 1
fpu		: yes
fpu_exception	: yes
cpuid level	: 22
wp		: yes
flags		: fpu vme de pse tsc msr pae mce cx8 apic sep mtrr pge mca cmov pat pse36 clflush mmx fxsr sse sse2 ss ht syscall nx pdpe1gb rdtscp lm constant_tsc arch_perfmon nopl xtopology tsc_reliable nonstop_tsc cpuid pni pclmulqdq vmx ssse3 fma cx16 pcid sse4_1 sse4_2 x2apic movbe popcnt tsc_deadline_timer aes xsave avx f16c rdrand hypervisor lahf_lm abm 3dnowprefetch cpuid_fault invpcid_single ssbd ibrs ibpb stibp ibrs_enhanced tpr_shadow vnmi ept vpid fsgsbase tsc_adjust bmi1 hle avx2 smep bmi2 invpcid rtm mpx rdseed adx smap clflushopt xsaveopt xsavec xsaves arat md_clear flush_l1d arch_capabilities
bugs		: spectre_v1 spectre_v2 spec_store_bypass swapgs
bogomips	: 5999.99
clflush size	: 64
cache_alignment	: 64
address sizes	: 43 bits physical, 48 bits virtual
power management:

processor	: 2
vendor_id	: GenuineIntel
cpu family	: 6
model		: 158
model name	: Intel(R) Core(TM) i7-9700 CPU @ 3.00GHz
stepping	: 13
microcode	: 0xb4
cpu MHz		: 2999.999
cache size	: 12288 KB
physical id	: 1
siblings	: 2
core id		: 0
cpu cores	: 2
apicid		: 2
initial apicid	: 2
fpu		: yes
fpu_exception	: yes
cpuid level	: 22
wp		: yes
flags		: fpu vme de pse tsc msr pae mce cx8 apic sep mtrr pge mca cmov pat pse36 clflush mmx fxsr sse sse2 ss ht syscall nx pdpe1gb rdtscp lm constant_tsc arch_perfmon nopl xtopology tsc_reliable nonstop_tsc cpuid pni pclmulqdq vmx ssse3 fma cx16 pcid sse4_1 sse4_2 x2apic movbe popcnt tsc_deadline_timer aes xsave avx f16c rdrand hypervisor lahf_lm abm 3dnowprefetch cpuid_fault invpcid_single ssbd ibrs ibpb stibp ibrs_enhanced tpr_shadow vnmi ept vpid fsgsbase tsc_adjust bmi1 hle avx2 smep bmi2 invpcid rtm mpx rdseed adx smap clflushopt xsaveopt xsavec xsaves arat md_clear flush_l1d arch_capabilities
bugs		: spectre_v1 spectre_v2 spec_store_bypass swapgs
bogomips	: 5999.99
clflush size	: 64
cache_alignment	: 64
address sizes	: 43 bits physical, 48 bits virtual
power management:

processor	: 3
vendor_id	: GenuineIntel
cpu family	: 6
model		: 158
model name	: Intel(R) Core(TM) i7-9700 CPU @ 3.00GHz
stepping	: 13
microcode	: 0xb4
cpu MHz		: 2999.999
cache size	: 12288 KB
physical id	: 1
siblings	: 2
core id		: 1
cpu cores	: 2
apicid		: 3
initial apicid	: 3
fpu		: yes
fpu_exception	: yes
cpuid level	: 22
wp		: yes
flags		: fpu vme de pse tsc msr pae mce cx8 apic sep mtrr pge mca cmov pat pse36 clflush mmx fxsr sse sse2 ss ht syscall nx pdpe1gb rdtscp lm constant_tsc arch_perfmon nopl xtopology tsc_reliable nonstop_tsc cpuid pni pclmulqdq vmx ssse3 fma cx16 pcid sse4_1 sse4_2 x2apic movbe popcnt tsc_deadline_timer aes xsave avx f16c rdrand hypervisor lahf_lm abm 3dnowprefetch cpuid_fault invpcid_single ssbd ibrs ibpb stibp ibrs_enhanced tpr_shadow vnmi ept vpid fsgsbase tsc_adjust bmi1 hle avx2 smep bmi2 invpcid rtm mpx rdseed adx smap clflushopt xsaveopt xsavec xsaves arat md_clear flush_l1d arch_capabilities
bugs		: spectre_v1 spectre_v2 spec_store_bypass swapgs
bogomips	: 5999.99
clflush size	: 64
cache_alignment	: 64
address sizes	: 43 bits physical, 48 bits virtual
power management:



Memory: 4k page, physical 4015688k(313988k free), swap 2097148k(1430408k free)

vm_info: Java HotSpot(TM) 64-Bit Server VM (25.221-b11) for linux-amd64 JRE (1.8.0_221-b11), built on Jul  4 2019 04:27:00 by "java_re" with gcc 7.3.0

time: Mon Nov  4 20:19:16 2019
timezone: CST
elapsed time: 3 seconds (0d 0h 0m 3s)

