#
# A fatal error has been detected by the Java Runtime Environment:
#
#  SIGSEGV (0xb) at pc=0x0000000000000000, pid=15819, tid=0x00007f2e777fe700
#
# JRE version: Java(TM) SE Runtime Environment (8.0_221-b11) (build 1.8.0_221-b11)
# Java VM: Java HotSpot(TM) 64-Bit Server VM (25.221-b11 interpreted mode linux-amd64 compressed oops)
# Problematic frame:
# C  0x0000000000000000
#
# Failed to write core dump. Core dumps have been disabled. To enable core dumping, try "ulimit -c unlimited" before starting Java again
#
# If you would like to submit a bug report, please visit:
#   http://bugreport.java.com/bugreport/crash.jsp
#

---------------  T H R E A D  ---------------

Current thread is native thread

siginfo: si_signo: 11 (SIGSEGV), si_code: 1 (SEGV_MAPERR), si_addr: 0x0000000000000000

Registers:
RAX=0x00007f2e99c333e0, RBX=0x00007fffed6d6860, RCX=0x00007f2e98205187, RDX=0x0000000000000000
RSP=0x00007f2e777fda58, RBP=0x0000000000000005, RSI=0x00007f2e777fda78, RDI=0x00007fffed6d6860
R8 =0x0000000000000000, R9 =0x0000000000000000, R10=0x0000000000000009, R11=0x0000000000000000
R12=0x00007f2e777fdab0, R13=0x00007f2e777fdac3, R14=0x0000000000000000, R15=0x00007fffed6d67c0
RIP=0x0000000000000000, EFLAGS=0x0000000000010246, CSGSFS=0x002b000000000033, ERR=0x0000000000000014
  TRAPNO=0x000000000000000e

Top of Stack: (sp=0x00007f2e777fda58)
0x00007f2e777fda58:   000055e805390e66 0000000000000000
0x00007f2e777fda68:   00007fffed6d6860 0000000000000000
0x00007f2e777fda78:   0000000000000000 00007f2e54000b40
0x00007f2e777fda88:   00007f2e54000b50 00007f2e54000b50
0x00007f2e777fda98:   0000000000000000 0000000024000000
0x00007f2e777fdaa8:   0000000000000000 2a207463656c6573
0x00007f2e777fdab8:   6574206d6f726620 6564757473007473
0x00007f2e777fdac8:   000000000000746e 0000000000000000
0x00007f2e777fdad8:   0000000000000000 0000000000000000
0x00007f2e777fdae8:   0000000000000000 0000000000000000
0x00007f2e777fdaf8:   0000000000000000 0000000000000000
0x00007f2e777fdb08:   0000000000000000 0000000000000000
0x00007f2e777fdb18:   0000000000000000 0000000000000000
0x00007f2e777fdb28:   0000000000000000 0000000000000000
0x00007f2e777fdb38:   0000000000000000 0000000000000000
0x00007f2e777fdb48:   0000000000000000 0000000000000000
0x00007f2e777fdb58:   0000000000000000 0000000000000000
0x00007f2e777fdb68:   0000000000000000 0000000000000000
0x00007f2e777fdb78:   0000000000000000 0000000000000000
0x00007f2e777fdb88:   0000000000000000 0000000000000000
0x00007f2e777fdb98:   0000000000000000 0000000000000000
0x00007f2e777fdba8:   0000000000000000 0000000000000000
0x00007f2e777fdbb8:   0000000000000000 0000000000000000
0x00007f2e777fdbc8:   0000000000000000 0000000000000000
0x00007f2e777fdbd8:   0000000000000000 0000000000000000
0x00007f2e777fdbe8:   0000000000000000 0000000000000000
0x00007f2e777fdbf8:   0000000000000000 0000000000000000
0x00007f2e777fdc08:   0000000000000000 0000000000000000
0x00007f2e777fdc18:   0000000000000000 0000000000000000
0x00007f2e777fdc28:   0000000000000000 0000000000000000
0x00007f2e777fdc38:   0000000000000000 0000000000000000
0x00007f2e777fdc48:   0000000000000000 0000000000000000 

Instructions: (pc=0x0000000000000000)
0xffffffffffffffe0:   

Register to memory mapping:

RAX=0x00007f2e99c333e0: <offset 0xf8d3e0> in /usr/local/java/jre/lib/amd64/server/libjvm.so at 0x00007f2e98ca6000
RBX=0x00007fffed6d6860 is pointing into the stack for thread: 0x000055e805849000
RCX=0x00007f2e98205187: __write+0x47 in /lib/x86_64-linux-gnu/libc.so.6 at 0x00007f2e980f5000
RDX=0x0000000000000000 is an unknown value
RSP=0x00007f2e777fda58 is an unknown value
RBP=0x0000000000000005 is an unknown value
RSI=0x00007f2e777fda78 is an unknown value
RDI=0x00007fffed6d6860 is pointing into the stack for thread: 0x000055e805849000
R8 =0x0000000000000000 is an unknown value
R9 =0x0000000000000000 is an unknown value
R10=0x0000000000000009 is an unknown value
R11=0x0000000000000000 is an unknown value
R12=0x00007f2e777fdab0 is an unknown value
R13=0x00007f2e777fdac3 is an unknown value
R14=0x0000000000000000 is an unknown value
R15=0x00007fffed6d67c0 is pointing into the stack for thread: 0x000055e805849000


Stack: [0x00007f2e76fff000,0x00007f2e777ff000],  sp=0x00007f2e777fda58,  free space=8186k

---------------  P R O C E S S  ---------------

VM state:not at safepoint (normal execution)

VM Mutex/Monitor currently owned by a thread: None

heap address: 0x00000000c2a00000, size: 982 MB, Compressed Oops mode: 32-bit
Narrow klass base: 0x0000000000000000, Narrow klass shift: 3
Compressed class space size: 1073741824 Address: 0x0000000100000000

Heap:
 PSYoungGen      total 18432K, used 634K [0x00000000eb900000, 0x00000000ecd80000, 0x0000000100000000)
  eden space 15872K, 4% used [0x00000000eb900000,0x00000000eb99ebc8,0x00000000ec880000)
  from space 2560K, 0% used [0x00000000ecb00000,0x00000000ecb00000,0x00000000ecd80000)
  to   space 2560K, 0% used [0x00000000ec880000,0x00000000ec880000,0x00000000ecb00000)
 ParOldGen       total 42496K, used 0K [0x00000000c2a00000, 0x00000000c5380000, 0x00000000eb900000)
  object space 42496K, 0% used [0x00000000c2a00000,0x00000000c2a00000,0x00000000c5380000)
 Metaspace       used 2176K, capacity 4480K, committed 4480K, reserved 1056768K
  class space    used 240K, capacity 384K, committed 384K, reserved 1048576K

Card table byte_map: [0x00007f2e87503000,0x00007f2e876ef000] byte_map_base: 0x00007f2e86eee000

Marking Bits: (ParMarkBitMap*) 0x00007f2e99c71d80
 Begin Bits: [0x00007f2e8524f000, 0x00007f2e861a7000)
 End Bits:   [0x00007f2e861a7000, 0x00007f2e870ff000)

Polling page: 0x00007f2e99eb3000

CodeCache: size=245760Kb used=469Kb max_used=469Kb free=245290Kb
 bounds [0x00007f2e87aaf000, 0x00007f2e87d1f000, 0x00007f2e96aaf000]
 total_blobs=171 nmethods=0 adapters=137
 compilation: disabled (interpreter mode)

Compilation events (0 events):
No events

GC Heap History (0 events):
No events

Deoptimization events (0 events):
No events

Classes redefined (0 events):
No events

Internal exceptions (2 events):
Event: 0.018 Thread 0x000055e805849000 Exception <a 'java/lang/NoSuchMethodError': Method sun.misc.Unsafe.defineClass(Ljava/lang/String;[BII)Ljava/lang/Class; name or signature does not match> (0x00000000eb907cb8) thrown at [/HUDSON/workspace/8-2-build-linux-amd64/jdk8u221/13320/hotspot/src/sh
Event: 0.018 Thread 0x000055e805849000 Exception <a 'java/lang/NoSuchMethodError': Method sun.misc.Unsafe.prefetchRead(Ljava/lang/Object;J)V name or signature does not match> (0x00000000eb907fa0) thrown at [/HUDSON/workspace/8-2-build-linux-amd64/jdk8u221/13320/hotspot/src/share/vm/prims/jni.c

Events (10 events):
Event: 0.035 loading class java/lang/invoke/MethodHandleStatics done
Event: 0.035 loading class java/lang/invoke/MethodHandleStatics$1
Event: 0.035 loading class java/lang/invoke/MethodHandleStatics$1 done
Event: 0.036 Thread 0x000055e8058f8000 Thread added: 0x000055e8058f8000
Event: 0.036 loading class sun/misc/PostVMInitHook
Event: 0.036 loading class sun/misc/PostVMInitHook done
Event: 0.036 loading class sun/misc/PostVMInitHook$1
Event: 0.036 loading class sun/misc/PostVMInitHook$1 done
Event: 4.073 Executing VM operation: EnableBiasedLocking
Event: 4.073 Executing VM operation: EnableBiasedLocking done


Dynamic libraries:
c2a00000-c5380000 rw-p 00000000 00:00 0 
c5380000-eb900000 ---p 00000000 00:00 0 
eb900000-ecd80000 rw-p 00000000 00:00 0 
ecd80000-100000000 ---p 00000000 00:00 0 
100000000-100060000 rw-p 00000000 00:00 0 
100060000-140000000 ---p 00000000 00:00 0 
55e80538f000-55e805392000 r-xp 00000000 08:01 27                         /home/wanhui/CallJvm/callJvmThreadpool/cmake-build-debug/main
55e805591000-55e805592000 r--p 00002000 08:01 27                         /home/wanhui/CallJvm/callJvmThreadpool/cmake-build-debug/main
55e805592000-55e805593000 rw-p 00003000 08:01 27                         /home/wanhui/CallJvm/callJvmThreadpool/cmake-build-debug/main
55e80581a000-55e805906000 rw-p 00000000 00:00 0                          [heap]
7f2e50000000-7f2e50021000 rw-p 00000000 00:00 0 
7f2e50021000-7f2e54000000 ---p 00000000 00:00 0 
7f2e54000000-7f2e54021000 rw-p 00000000 00:00 0 
7f2e54021000-7f2e58000000 ---p 00000000 00:00 0 
7f2e58000000-7f2e58021000 rw-p 00000000 00:00 0 
7f2e58021000-7f2e5c000000 ---p 00000000 00:00 0 
7f2e5c000000-7f2e5c021000 rw-p 00000000 00:00 0 
7f2e5c021000-7f2e60000000 ---p 00000000 00:00 0 
7f2e60000000-7f2e60021000 rw-p 00000000 00:00 0 
7f2e60021000-7f2e64000000 ---p 00000000 00:00 0 
7f2e64000000-7f2e64021000 rw-p 00000000 00:00 0 
7f2e64021000-7f2e68000000 ---p 00000000 00:00 0 
7f2e68000000-7f2e68021000 rw-p 00000000 00:00 0 
7f2e68021000-7f2e6c000000 ---p 00000000 00:00 0 
7f2e6c000000-7f2e6c021000 rw-p 00000000 00:00 0 
7f2e6c021000-7f2e70000000 ---p 00000000 00:00 0 
7f2e70000000-7f2e70021000 rw-p 00000000 00:00 0 
7f2e70021000-7f2e74000000 ---p 00000000 00:00 0 
7f2e76ffe000-7f2e76fff000 ---p 00000000 00:00 0 
7f2e76fff000-7f2e777ff000 rw-p 00000000 00:00 0 
7f2e777ff000-7f2e77800000 ---p 00000000 00:00 0 
7f2e77800000-7f2e78000000 rw-p 00000000 00:00 0 
7f2e78000000-7f2e78021000 rw-p 00000000 00:00 0 
7f2e78021000-7f2e7c000000 ---p 00000000 00:00 0 
7f2e7c61d000-7f2e7c61e000 ---p 00000000 00:00 0 
7f2e7c61e000-7f2e7ce1e000 rw-p 00000000 00:00 0 
7f2e7ce1e000-7f2e7ce1f000 ---p 00000000 00:00 0 
7f2e7ce1f000-7f2e7d61f000 rw-p 00000000 00:00 0 
7f2e7d61f000-7f2e7d620000 ---p 00000000 00:00 0 
7f2e7d620000-7f2e7de20000 rw-p 00000000 00:00 0 
7f2e7de20000-7f2e7de21000 ---p 00000000 00:00 0 
7f2e7de21000-7f2e7e621000 rw-p 00000000 00:00 0 
7f2e7e621000-7f2e7e622000 ---p 00000000 00:00 0 
7f2e7e622000-7f2e7e722000 rw-p 00000000 00:00 0 
7f2e7e722000-7f2e7e725000 ---p 00000000 00:00 0 
7f2e7e725000-7f2e7e823000 rw-p 00000000 00:00 0 
7f2e7e823000-7f2e7e826000 ---p 00000000 00:00 0 
7f2e7e826000-7f2e7e924000 rw-p 00000000 00:00 0 
7f2e7e924000-7f2e7f2f3000 r--p 00000000 08:01 1186501                    /usr/lib/locale/locale-archive
7f2e7f2f3000-7f2e7f2f6000 ---p 00000000 00:00 0 
7f2e7f2f6000-7f2e7f3f4000 rw-p 00000000 00:00 0 
7f2e7f3f4000-7f2e7f3f7000 ---p 00000000 00:00 0 
7f2e7f3f7000-7f2e7f4f5000 rw-p 00000000 00:00 0 
7f2e7f4f5000-7f2e7f4f6000 ---p 00000000 00:00 0 
7f2e7f4f6000-7f2e80000000 rw-p 00000000 00:00 0 
7f2e80000000-7f2e80021000 rw-p 00000000 00:00 0 
7f2e80021000-7f2e84000000 ---p 00000000 00:00 0 
7f2e8401a000-7f2e84614000 rw-p 00000000 00:00 0 
7f2e84614000-7f2e847ee000 r--s 03d88000 08:01 1324703                    /usr/local/java/jre/lib/rt.jar
7f2e847ee000-7f2e84c64000 rw-p 00000000 00:00 0 
7f2e84c64000-7f2e85064000 ---p 00000000 00:00 0 
7f2e85064000-7f2e870ff000 rw-p 00000000 00:00 0 
7f2e870ff000-7f2e87100000 ---p 00000000 00:00 0 
7f2e87100000-7f2e87200000 rw-p 00000000 00:00 0 
7f2e87200000-7f2e87201000 ---p 00000000 00:00 0 
7f2e87201000-7f2e87301000 rw-p 00000000 00:00 0 
7f2e87301000-7f2e87302000 ---p 00000000 00:00 0 
7f2e87302000-7f2e87402000 rw-p 00000000 00:00 0 
7f2e87402000-7f2e87403000 ---p 00000000 00:00 0 
7f2e87403000-7f2e87518000 rw-p 00000000 00:00 0 
7f2e87518000-7f2e8764a000 ---p 00000000 00:00 0 
7f2e8764a000-7f2e87655000 rw-p 00000000 00:00 0 
7f2e87655000-7f2e876ee000 ---p 00000000 00:00 0 
7f2e876ee000-7f2e876f9000 rw-p 00000000 00:00 0 
7f2e876f9000-7f2e87aaf000 ---p 00000000 00:00 0 
7f2e87aaf000-7f2e87d1f000 rwxp 00000000 00:00 0 
7f2e87d1f000-7f2e96aaf000 ---p 00000000 00:00 0 
7f2e96aaf000-7f2e96aca000 r-xp 00000000 08:01 1453051                    /usr/local/java/jre/lib/amd64/libzip.so
7f2e96aca000-7f2e96cc9000 ---p 0001b000 08:01 1453051                    /usr/local/java/jre/lib/amd64/libzip.so
7f2e96cc9000-7f2e96cca000 r--p 0001a000 08:01 1453051                    /usr/local/java/jre/lib/amd64/libzip.so
7f2e96cca000-7f2e96ccb000 rw-p 0001b000 08:01 1453051                    /usr/local/java/jre/lib/amd64/libzip.so
7f2e96ccb000-7f2e96cd6000 r-xp 00000000 08:01 2233846                    /lib/x86_64-linux-gnu/libnss_files-2.27.so
7f2e96cd6000-7f2e96ed5000 ---p 0000b000 08:01 2233846                    /lib/x86_64-linux-gnu/libnss_files-2.27.so
7f2e96ed5000-7f2e96ed6000 r--p 0000a000 08:01 2233846                    /lib/x86_64-linux-gnu/libnss_files-2.27.so
7f2e96ed6000-7f2e96ed7000 rw-p 0000b000 08:01 2233846                    /lib/x86_64-linux-gnu/libnss_files-2.27.so
7f2e96ed7000-7f2e96edd000 rw-p 00000000 00:00 0 
7f2e96edd000-7f2e96ef4000 r-xp 00000000 08:01 2233840                    /lib/x86_64-linux-gnu/libnsl-2.27.so
7f2e96ef4000-7f2e970f3000 ---p 00017000 08:01 2233840                    /lib/x86_64-linux-gnu/libnsl-2.27.so
7f2e970f3000-7f2e970f4000 r--p 00016000 08:01 2233840                    /lib/x86_64-linux-gnu/libnsl-2.27.so
7f2e970f4000-7f2e970f5000 rw-p 00017000 08:01 2233840                    /lib/x86_64-linux-gnu/libnsl-2.27.so
7f2e970f5000-7f2e970f7000 rw-p 00000000 00:00 0 
7f2e970f7000-7f2e97102000 r-xp 00000000 08:01 2233857                    /lib/x86_64-linux-gnu/libnss_nis-2.27.so
7f2e97102000-7f2e97301000 ---p 0000b000 08:01 2233857                    /lib/x86_64-linux-gnu/libnss_nis-2.27.so
7f2e97301000-7f2e97302000 r--p 0000a000 08:01 2233857                    /lib/x86_64-linux-gnu/libnss_nis-2.27.so
7f2e97302000-7f2e97303000 rw-p 0000b000 08:01 2233857                    /lib/x86_64-linux-gnu/libnss_nis-2.27.so
7f2e97303000-7f2e9730b000 r-xp 00000000 08:01 2233842                    /lib/x86_64-linux-gnu/libnss_compat-2.27.so
7f2e9730b000-7f2e9750b000 ---p 00008000 08:01 2233842                    /lib/x86_64-linux-gnu/libnss_compat-2.27.so
7f2e9750b000-7f2e9750c000 r--p 00008000 08:01 2233842                    /lib/x86_64-linux-gnu/libnss_compat-2.27.so
7f2e9750c000-7f2e9750d000 rw-p 00009000 08:01 2233842                    /lib/x86_64-linux-gnu/libnss_compat-2.27.so
7f2e9750d000-7f2e97539000 r-xp 00000000 08:01 1453042                    /usr/local/java/jre/lib/amd64/libjava.so
7f2e97539000-7f2e97739000 ---p 0002c000 08:01 1453042                    /usr/local/java/jre/lib/amd64/libjava.so
7f2e97739000-7f2e9773a000 r--p 0002c000 08:01 1453042                    /usr/local/java/jre/lib/amd64/libjava.so
7f2e9773a000-7f2e9773c000 rw-p 0002d000 08:01 1453042                    /usr/local/java/jre/lib/amd64/libjava.so
7f2e9773c000-7f2e97749000 r-xp 00000000 08:01 1453033                    /usr/local/java/jre/lib/amd64/libverify.so
7f2e97749000-7f2e97948000 ---p 0000d000 08:01 1453033                    /usr/local/java/jre/lib/amd64/libverify.so
7f2e97948000-7f2e9794a000 r--p 0000c000 08:01 1453033                    /usr/local/java/jre/lib/amd64/libverify.so
7f2e9794a000-7f2e9794b000 rw-p 0000e000 08:01 1453033                    /usr/local/java/jre/lib/amd64/libverify.so
7f2e9794b000-7f2e97952000 r-xp 00000000 08:01 2233897                    /lib/x86_64-linux-gnu/librt-2.27.so
7f2e97952000-7f2e97b51000 ---p 00007000 08:01 2233897                    /lib/x86_64-linux-gnu/librt-2.27.so
7f2e97b51000-7f2e97b52000 r--p 00006000 08:01 2233897                    /lib/x86_64-linux-gnu/librt-2.27.so
7f2e97b52000-7f2e97b53000 rw-p 00007000 08:01 2233897                    /lib/x86_64-linux-gnu/librt-2.27.so
7f2e97b53000-7f2e97b56000 r-xp 00000000 08:01 2233779                    /lib/x86_64-linux-gnu/libdl-2.27.so
7f2e97b56000-7f2e97d55000 ---p 00003000 08:01 2233779                    /lib/x86_64-linux-gnu/libdl-2.27.so
7f2e97d55000-7f2e97d56000 r--p 00002000 08:01 2233779                    /lib/x86_64-linux-gnu/libdl-2.27.so
7f2e97d56000-7f2e97d57000 rw-p 00003000 08:01 2233779                    /lib/x86_64-linux-gnu/libdl-2.27.so
7f2e97d57000-7f2e97ef4000 r-xp 00000000 08:01 2233819                    /lib/x86_64-linux-gnu/libm-2.27.so
7f2e97ef4000-7f2e980f3000 ---p 0019d000 08:01 2233819                    /lib/x86_64-linux-gnu/libm-2.27.so
7f2e980f3000-7f2e980f4000 r--p 0019c000 08:01 2233819                    /lib/x86_64-linux-gnu/libm-2.27.so
7f2e980f4000-7f2e980f5000 rw-p 0019d000 08:01 2233819                    /lib/x86_64-linux-gnu/libm-2.27.so
7f2e980f5000-7f2e982dc000 r-xp 00000000 08:01 2233756                    /lib/x86_64-linux-gnu/libc-2.27.so
7f2e982dc000-7f2e984dc000 ---p 001e7000 08:01 2233756                    /lib/x86_64-linux-gnu/libc-2.27.so
7f2e984dc000-7f2e984e0000 r--p 001e7000 08:01 2233756                    /lib/x86_64-linux-gnu/libc-2.27.so
7f2e984e0000-7f2e984e2000 rw-p 001eb000 08:01 2233756                    /lib/x86_64-linux-gnu/libc-2.27.so
7f2e984e2000-7f2e984e6000 rw-p 00000000 00:00 0 
7f2e984e6000-7f2e984fd000 r-xp 00000000 08:01 2233339                    /lib/x86_64-linux-gnu/libgcc_s.so.1
7f2e984fd000-7f2e986fc000 ---p 00017000 08:01 2233339                    /lib/x86_64-linux-gnu/libgcc_s.so.1
7f2e986fc000-7f2e986fd000 r--p 00016000 08:01 2233339                    /lib/x86_64-linux-gnu/libgcc_s.so.1
7f2e986fd000-7f2e986fe000 rw-p 00017000 08:01 2233339                    /lib/x86_64-linux-gnu/libgcc_s.so.1
7f2e986fe000-7f2e98877000 r-xp 00000000 08:01 1188276                    /usr/lib/x86_64-linux-gnu/libstdc++.so.6.0.25
7f2e98877000-7f2e98a77000 ---p 00179000 08:01 1188276                    /usr/lib/x86_64-linux-gnu/libstdc++.so.6.0.25
7f2e98a77000-7f2e98a81000 r--p 00179000 08:01 1188276                    /usr/lib/x86_64-linux-gnu/libstdc++.so.6.0.25
7f2e98a81000-7f2e98a83000 rw-p 00183000 08:01 1188276                    /usr/lib/x86_64-linux-gnu/libstdc++.so.6.0.25
7f2e98a83000-7f2e98a87000 rw-p 00000000 00:00 0 
7f2e98a87000-7f2e98aa1000 r-xp 00000000 08:01 2233889                    /lib/x86_64-linux-gnu/libpthread-2.27.so
7f2e98aa1000-7f2e98ca0000 ---p 0001a000 08:01 2233889                    /lib/x86_64-linux-gnu/libpthread-2.27.so
7f2e98ca0000-7f2e98ca1000 r--p 00019000 08:01 2233889                    /lib/x86_64-linux-gnu/libpthread-2.27.so
7f2e98ca1000-7f2e98ca2000 rw-p 0001a000 08:01 2233889                    /lib/x86_64-linux-gnu/libpthread-2.27.so
7f2e98ca2000-7f2e98ca6000 rw-p 00000000 00:00 0 
7f2e98ca6000-7f2e9998e000 r-xp 00000000 08:01 1453049                    /usr/local/java/jre/lib/amd64/server/libjvm.so
7f2e9998e000-7f2e99b8d000 ---p 00ce8000 08:01 1453049                    /usr/local/java/jre/lib/amd64/server/libjvm.so
7f2e99b8d000-7f2e99c23000 r--p 00ce7000 08:01 1453049                    /usr/local/java/jre/lib/amd64/server/libjvm.so
7f2e99c23000-7f2e99c54000 rw-p 00d7d000 08:01 1453049                    /usr/local/java/jre/lib/amd64/server/libjvm.so
7f2e99c54000-7f2e99c8f000 rw-p 00000000 00:00 0 
7f2e99c8f000-7f2e99cb6000 r-xp 00000000 08:01 2233728                    /lib/x86_64-linux-gnu/ld-2.27.so
7f2e99cbc000-7f2e99d68000 rw-p 00000000 00:00 0 
7f2e99d68000-7f2e99e9b000 ---p 00000000 00:00 0 
7f2e99e9b000-7f2e99ea0000 rw-p 00000000 00:00 0 
7f2e99eaa000-7f2e99eb2000 rw-s 00000000 08:01 1327483                    /tmp/hsperfdata_wanhui/15819
7f2e99eb2000-7f2e99eb3000 rw-p 00000000 00:00 0 
7f2e99eb3000-7f2e99eb4000 r--p 00000000 00:00 0 
7f2e99eb4000-7f2e99eb6000 rw-p 00000000 00:00 0 
7f2e99eb6000-7f2e99eb7000 r--p 00027000 08:01 2233728                    /lib/x86_64-linux-gnu/ld-2.27.so
7f2e99eb7000-7f2e99eb8000 rw-p 00028000 08:01 2233728                    /lib/x86_64-linux-gnu/ld-2.27.so
7f2e99eb8000-7f2e99eb9000 rw-p 00000000 00:00 0 
7fffed5d8000-7fffed5db000 ---p 00000000 00:00 0 
7fffed5db000-7fffed6d8000 rw-p 00000000 00:00 0                          [stack]
7fffed78c000-7fffed78f000 r--p 00000000 00:00 0                          [vvar]
7fffed78f000-7fffed791000 r-xp 00000000 00:00 0                          [vdso]
ffffffffff600000-ffffffffff601000 r-xp 00000000 00:00 0                  [vsyscall]

VM Arguments:
jvm_args: -Djava.compiler=NONE -verbose:jni 
java_command: <unknown>
java_class_path (initial): .:/home/wanhui/CallJvm/callJvmThreadpool/qin_test1.jar
Launcher Type: generic

Environment Variables:
JAVA_HOME=/usr/local/java
CLASSPATH=/home/wanhui/Downloads/clion-2019.2.1/lib/bootstrap.jar:/home/wanhui/Downloads/clion-2019.2.1/lib/extensions.jar:/home/wanhui/Downloads/clion-2019.2.1/lib/util.jar:/home/wanhui/Downloads/clion-2019.2.1/lib/jdom.jar:/home/wanhui/Downloads/clion-2019.2.1/lib/log4j.jar:/home/wanhui/Downloads/clion-2019.2.1/lib/trove4j.jar:/home/wanhui/Downloads/clion-2019.2.1/lib/jna.jar
PATH=/usr/local/sbin:/usr/local/bin:/usr/sbin:/usr/bin:/sbin:/bin:/snap/bin:/usr/local/redis/redis-4.0.9.tar_files/redis-4.0.9/src:/usr/local/mysql/bin
USERNAME=wanhui
SHELL=/bin/bash
DISPLAY=:0

Signal Handlers:
SIGSEGV: [libjvm.so+0xad3d90], sa_mask[0]=11111111011111111101111111111110, sa_flags=SA_RESTART|SA_SIGINFO
SIGBUS: [libjvm.so+0xad3d90], sa_mask[0]=11111111011111111101111111111110, sa_flags=SA_RESTART|SA_SIGINFO
SIGFPE: [libjvm.so+0x90b8b0], sa_mask[0]=11111111011111111101111111111110, sa_flags=SA_RESTART|SA_SIGINFO
SIGPIPE: [libjvm.so+0x90b8b0], sa_mask[0]=11111111011111111101111111111110, sa_flags=SA_RESTART|SA_SIGINFO
SIGXFSZ: [libjvm.so+0x90b8b0], sa_mask[0]=11111111011111111101111111111110, sa_flags=SA_RESTART|SA_SIGINFO
SIGILL: [libjvm.so+0x90b8b0], sa_mask[0]=11111111011111111101111111111110, sa_flags=SA_RESTART|SA_SIGINFO
SIGUSR1: SIG_DFL, sa_mask[0]=00000000000000000000000000000000, sa_flags=none
SIGUSR2: [libjvm.so+0x90b780], sa_mask[0]=00100000000000000000000000000000, sa_flags=SA_RESTART|SA_SIGINFO
SIGHUP: [libjvm.so+0x90bda0], sa_mask[0]=11111111011111111101111111111110, sa_flags=SA_RESTART|SA_SIGINFO
SIGINT: [libjvm.so+0x90bda0], sa_mask[0]=11111111011111111101111111111110, sa_flags=SA_RESTART|SA_SIGINFO
SIGTERM: [libjvm.so+0x90bda0], sa_mask[0]=11111111011111111101111111111110, sa_flags=SA_RESTART|SA_SIGINFO
SIGQUIT: [libjvm.so+0x90bda0], sa_mask[0]=11111111011111111101111111111110, sa_flags=SA_RESTART|SA_SIGINFO


---------------  S Y S T E M  ---------------

OS:DISTRIB_ID=Ubuntu
DISTRIB_RELEASE=18.04
DISTRIB_CODENAME=bionic
DISTRIB_DESCRIPTION="Ubuntu 18.04.3 LTS"

uname:Linux 4.15.0-66-generic #75-Ubuntu SMP Tue Oct 1 05:24:09 UTC 2019 x86_64
libc:glibc 2.27 NPTL 2.27 
rlimit: STACK 8192k, CORE 0k, NPROC 15513, NOFILE 1048576, AS infinity
load average:0.24 0.34 0.27

/proc/meminfo:
MemTotal:        4015688 kB
MemFree:          161560 kB
MemAvailable:     424652 kB
Buffers:           35960 kB
Cached:           391384 kB
SwapCached:       158676 kB
Active:          2321504 kB
Inactive:         714792 kB
Active(anon):    2092648 kB
Inactive(anon):   533412 kB
Active(file):     228856 kB
Inactive(file):   181380 kB
Unevictable:          16 kB
Mlocked:              16 kB
SwapTotal:       2097148 kB
SwapFree:        1419516 kB
Dirty:              6616 kB
Writeback:             0 kB
AnonPages:       2561040 kB
Mapped:           133536 kB
Shmem:             17108 kB
Slab:             184292 kB
SReclaimable:     115380 kB
SUnreclaim:        68912 kB
KernelStack:       13824 kB
PageTables:        47616 kB
NFS_Unstable:          0 kB
Bounce:                0 kB
WritebackTmp:          0 kB
CommitLimit:     4104992 kB
Committed_AS:    6882612 kB
VmallocTotal:   34359738367 kB
VmallocUsed:           0 kB
VmallocChunk:          0 kB
HardwareCorrupted:     0 kB
AnonHugePages:         0 kB
ShmemHugePages:        0 kB
ShmemPmdMapped:        0 kB
CmaTotal:              0 kB
CmaFree:               0 kB
HugePages_Total:       0
HugePages_Free:        0
HugePages_Rsvd:        0
HugePages_Surp:        0
Hugepagesize:       2048 kB
DirectMap4k:      200512 kB
DirectMap2M:     3993600 kB
DirectMap1G:     2097152 kB

container (cgroup) information:
container_type: cgroupv1
cpu_cpuset_cpus: 0-3
cpu_memory_nodes: 0
active_processor_count: 4
cpu_quota: -1
cpu_period: 100000
cpu_shares: -1
memory_limit_in_bytes: -1
memory_and_swap_limit_in_bytes: -2
memory_soft_limit_in_bytes: -1
memory_usage_in_bytes: 3061977088
memory_max_usage_in_bytes: 113016832


CPU:total 4 (initial active 4) (2 cores per cpu, 1 threads per core) family 6 model 158 stepping 13, cmov, cx8, fxsr, mmx, sse, sse2, sse3, ssse3, sse4.1, sse4.2, popcnt, avx, avx2, aes, clmul, erms, rtm, 3dnowpref, lzcnt, tsc, tscinvbit, bmi1, bmi2, adx

/proc/cpuinfo:
processor	: 0
vendor_id	: GenuineIntel
cpu family	: 6
model		: 158
model name	: Intel(R) Core(TM) i7-9700 CPU @ 3.00GHz
stepping	: 13
microcode	: 0xb4
cpu MHz		: 2999.999
cache size	: 12288 KB
physical id	: 0
siblings	: 2
core id		: 0
cpu cores	: 2
apicid		: 0
initial apicid	: 0
fpu		: yes
fpu_exception	: yes
cpuid level	: 22
wp		: yes
flags		: fpu vme de pse tsc msr pae mce cx8 apic sep mtrr pge mca cmov pat pse36 clflush mmx fxsr sse sse2 ss ht syscall nx pdpe1gb rdtscp lm constant_tsc arch_perfmon nopl xtopology tsc_reliable nonstop_tsc cpuid pni pclmulqdq vmx ssse3 fma cx16 pcid sse4_1 sse4_2 x2apic movbe popcnt tsc_deadline_timer aes xsave avx f16c rdrand hypervisor lahf_lm abm 3dnowprefetch cpuid_fault invpcid_single ssbd ibrs ibpb stibp ibrs_enhanced tpr_shadow vnmi ept vpid fsgsbase tsc_adjust bmi1 hle avx2 smep bmi2 invpcid rtm mpx rdseed adx smap clflushopt xsaveopt xsavec xsaves arat md_clear flush_l1d arch_capabilities
bugs		: spectre_v1 spectre_v2 spec_store_bypass swapgs
bogomips	: 5999.99
clflush size	: 64
cache_alignment	: 64
address sizes	: 43 bits physical, 48 bits virtual
power management:

processor	: 1
vendor_id	: GenuineIntel
cpu family	: 6
model		: 158
model name	: Intel(R) Core(TM) i7-9700 CPU @ 3.00GHz
stepping	: 13
microcode	: 0xb4
cpu MHz		: 2999.999
cache size	: 12288 KB
physical id	: 0
siblings	: 2
core id		: 1
cpu cores	: 2
apicid		: 1
initial apicid	: 1
fpu		: yes
fpu_exception	: yes
cpuid level	: 22
wp		: yes
flags		: fpu vme de pse tsc msr pae mce cx8 apic sep mtrr pge mca cmov pat pse36 clflush mmx fxsr sse sse2 ss ht syscall nx pdpe1gb rdtscp lm constant_tsc arch_perfmon nopl xtopology tsc_reliable nonstop_tsc cpuid pni pclmulqdq vmx ssse3 fma cx16 pcid sse4_1 sse4_2 x2apic movbe popcnt tsc_deadline_timer aes xsave avx f16c rdrand hypervisor lahf_lm abm 3dnowprefetch cpuid_fault invpcid_single ssbd ibrs ibpb stibp ibrs_enhanced tpr_shadow vnmi ept vpid fsgsbase tsc_adjust bmi1 hle avx2 smep bmi2 invpcid rtm mpx rdseed adx smap clflushopt xsaveopt xsavec xsaves arat md_clear flush_l1d arch_capabilities
bugs		: spectre_v1 spectre_v2 spec_store_bypass swapgs
bogomips	: 5999.99
clflush size	: 64
cache_alignment	: 64
address sizes	: 43 bits physical, 48 bits virtual
power management:

processor	: 2
vendor_id	: GenuineIntel
cpu family	: 6
model		: 158
model name	: Intel(R) Core(TM) i7-9700 CPU @ 3.00GHz
stepping	: 13
microcode	: 0xb4
cpu MHz		: 2999.999
cache size	: 12288 KB
physical id	: 1
siblings	: 2
core id		: 0
cpu cores	: 2
apicid		: 2
initial apicid	: 2
fpu		: yes
fpu_exception	: yes
cpuid level	: 22
wp		: yes
flags		: fpu vme de pse tsc msr pae mce cx8 apic sep mtrr pge mca cmov pat pse36 clflush mmx fxsr sse sse2 ss ht syscall nx pdpe1gb rdtscp lm constant_tsc arch_perfmon nopl xtopology tsc_reliable nonstop_tsc cpuid pni pclmulqdq vmx ssse3 fma cx16 pcid sse4_1 sse4_2 x2apic movbe popcnt tsc_deadline_timer aes xsave avx f16c rdrand hypervisor lahf_lm abm 3dnowprefetch cpuid_fault invpcid_single ssbd ibrs ibpb stibp ibrs_enhanced tpr_shadow vnmi ept vpid fsgsbase tsc_adjust bmi1 hle avx2 smep bmi2 invpcid rtm mpx rdseed adx smap clflushopt xsaveopt xsavec xsaves arat md_clear flush_l1d arch_capabilities
bugs		: spectre_v1 spectre_v2 spec_store_bypass swapgs
bogomips	: 5999.99
clflush size	: 64
cache_alignment	: 64
address sizes	: 43 bits physical, 48 bits virtual
power management:

processor	: 3
vendor_id	: GenuineIntel
cpu family	: 6
model		: 158
model name	: Intel(R) Core(TM) i7-9700 CPU @ 3.00GHz
stepping	: 13
microcode	: 0xb4
cpu MHz		: 2999.999
cache size	: 12288 KB
physical id	: 1
siblings	: 2
core id		: 1
cpu cores	: 2
apicid		: 3
initial apicid	: 3
fpu		: yes
fpu_exception	: yes
cpuid level	: 22
wp		: yes
flags		: fpu vme de pse tsc msr pae mce cx8 apic sep mtrr pge mca cmov pat pse36 clflush mmx fxsr sse sse2 ss ht syscall nx pdpe1gb rdtscp lm constant_tsc arch_perfmon nopl xtopology tsc_reliable nonstop_tsc cpuid pni pclmulqdq vmx ssse3 fma cx16 pcid sse4_1 sse4_2 x2apic movbe popcnt tsc_deadline_timer aes xsave avx f16c rdrand hypervisor lahf_lm abm 3dnowprefetch cpuid_fault invpcid_single ssbd ibrs ibpb stibp ibrs_enhanced tpr_shadow vnmi ept vpid fsgsbase tsc_adjust bmi1 hle avx2 smep bmi2 invpcid rtm mpx rdseed adx smap clflushopt xsaveopt xsavec xsaves arat md_clear flush_l1d arch_capabilities
bugs		: spectre_v1 spectre_v2 spec_store_bypass swapgs
bogomips	: 5999.99
clflush size	: 64
cache_alignment	: 64
address sizes	: 43 bits physical, 48 bits virtual
power management:



Memory: 4k page, physical 4015688k(161560k free), swap 2097148k(1419516k free)

vm_info: Java HotSpot(TM) 64-Bit Server VM (25.221-b11) for linux-amd64 JRE (1.8.0_221-b11), built on Jul  4 2019 04:27:00 by "java_re" with gcc 7.3.0

time: Mon Nov  4 20:23:55 2019
timezone: CST
elapsed time: 4 seconds (0d 0h 0m 4s)

