#
# A fatal error has been detected by the Java Runtime Environment:
#
#  SIGSEGV (0xb) at pc=0x0000559dee1eddb0, pid=21847, tid=0x00007faa7effd700
#
# JRE version: Java(TM) SE Runtime Environment (8.0_221-b11) (build 1.8.0_221-b11)
# Java VM: Java HotSpot(TM) 64-Bit Server VM (25.221-b11 interpreted mode linux-amd64 compressed oops)
# Problematic frame:
# C  [main+0x1db0]  handle_stream(void*)+0xe0
#
# Failed to write core dump. Core dumps have been disabled. To enable core dumping, try "ulimit -c unlimited" before starting Java again
#
# If you would like to submit a bug report, please visit:
#   http://bugreport.java.com/bugreport/crash.jsp
#

---------------  T H R E A D  ---------------

Current thread is native thread

siginfo: si_signo: 11 (SIGSEGV), si_code: 1 (SEGV_MAPERR), si_addr: 0x0000000000000000

Registers:
RAX=0x0000000000000000, RBX=0x00007faaa11fe3e0, RCX=0x00007faaa0063384, RDX=0x0000000000000000
RSP=0x00007faa7effca70, RBP=0x00000000ffffffff, RSI=0x00007faa7effca78, RDI=0x00007faa7effcab0
R8 =0x0000000000000000, R9 =0x0000000000000000, R10=0x0000000000000000, R11=0x0000000000000000
R12=0x00007ffe056c6938, R13=0x00007faa7effcab0, R14=0x0000000000000000, R15=0x00007ffe056c6890
RIP=0x0000559dee1eddb0, EFLAGS=0x0000000000010246, CSGSFS=0x002b000000000033, ERR=0x0000000000000004
  TRAPNO=0x000000000000000e

Top of Stack: (sp=0x00007faa7effca70)
0x00007faa7effca70:   0000000000000000 0000000000000000
0x00007faa7effca80:   0000000000000000 0000000000000000
0x00007faa7effca90:   0000000000000000 0000000000000000
0x00007faa7effcaa0:   0000000024000000 0000000000000000
0x00007faa7effcab0:   0000000000000000 0000000000000000
0x00007faa7effcac0:   0000000000000000 0000000000000000
0x00007faa7effcad0:   0000000000000000 0000000000000000
0x00007faa7effcae0:   0000000000000000 0000000000000000
0x00007faa7effcaf0:   0000000000000000 0000000000000000
0x00007faa7effcb00:   0000000000000000 0000000000000000
0x00007faa7effcb10:   0000000000000000 0000000000000000
0x00007faa7effcb20:   0000000000000000 0000000000000000
0x00007faa7effcb30:   0000000000000000 0000000000000000
0x00007faa7effcb40:   0000000000000000 0000000000000000
0x00007faa7effcb50:   0000000000000000 0000000000000000
0x00007faa7effcb60:   0000000000000000 0000000000000000
0x00007faa7effcb70:   0000000000000000 0000000000000000
0x00007faa7effcb80:   0000000000000000 0000000000000000
0x00007faa7effcb90:   0000000000000000 0000000000000000
0x00007faa7effcba0:   0000000000000000 0000000000000000
0x00007faa7effcbb0:   0000000000000000 0000000000000000
0x00007faa7effcbc0:   0000000000000000 0000000000000000
0x00007faa7effcbd0:   0000000000000000 0000000000000000
0x00007faa7effcbe0:   0000000000000000 0000000000000000
0x00007faa7effcbf0:   0000000000000000 0000000000000000
0x00007faa7effcc00:   0000000000000000 0000000000000000
0x00007faa7effcc10:   0000000000000000 0000000000000000
0x00007faa7effcc20:   0000000000000000 0000000000000000
0x00007faa7effcc30:   0000000000000000 0000000000000000
0x00007faa7effcc40:   0000000000000000 0000000000000000
0x00007faa7effcc50:   0000000000000000 0000000000000000
0x00007faa7effcc60:   0000000000000000 0000000000000000 

Instructions: (pc=0x0000559dee1eddb0)
0x0000559dee1edd90:   4c 89 ea 4c 89 f7 e8 35 02 00 00 eb d4 0f 1f 00
0x0000559dee1edda0:   48 8b 44 24 10 49 8b 1c 24 48 8d 74 24 08 31 d2
0x0000559dee1eddb0:   4c 8b 28 4c 8b 70 08 48 89 df 48 8b 03 48 c7 44
0x0000559dee1eddc0:   24 08 00 00 00 00 ff 50 20 48 8b 7c 24 08 4c 89 

Register to memory mapping:

RAX=0x0000000000000000 is an unknown value
RBX=0x00007faaa11fe3e0: <offset 0xf8d3e0> in /usr/local/java/jre/lib/amd64/server/libjvm.so at 0x00007faaa0271000
RCX=0x00007faaa0063384: read+0x44 in /lib/x86_64-linux-gnu/libpthread.so.0 at 0x00007faaa0052000
RDX=0x0000000000000000 is an unknown value
RSP=0x00007faa7effca70 is an unknown value
RBP=0x00000000ffffffff is an unallocated location in the heap
RSI=0x00007faa7effca78 is an unknown value
RDI=0x00007faa7effcab0 is an unknown value
R8 =0x0000000000000000 is an unknown value
R9 =0x0000000000000000 is an unknown value
R10=0x0000000000000000 is an unknown value
R11=0x0000000000000000 is an unknown value
R12=0x00007ffe056c6938 is pointing into the stack for thread: 0x0000559def190000
R13=0x00007faa7effcab0 is an unknown value
R14=0x0000000000000000 is an unknown value
R15=0x00007ffe056c6890 is pointing into the stack for thread: 0x0000559def190000


Stack: [0x00007faa7e7fe000,0x00007faa7effe000],  sp=0x00007faa7effca70,  free space=8186k
Native frames: (J=compiled Java code, j=interpreted, Vv=VM code, C=native code)
C  [main+0x1db0]  handle_stream(void*)+0xe0


---------------  P R O C E S S  ---------------

VM state:not at safepoint (normal execution)

VM Mutex/Monitor currently owned by a thread: None

heap address: 0x00000000c2a00000, size: 982 MB, Compressed Oops mode: 32-bit
Narrow klass base: 0x0000000000000000, Narrow klass shift: 3
Compressed class space size: 1073741824 Address: 0x0000000100000000

Heap:
 PSYoungGen      total 18432K, used 634K [0x00000000eb900000, 0x00000000ecd80000, 0x0000000100000000)
  eden space 15872K, 4% used [0x00000000eb900000,0x00000000eb99ebe8,0x00000000ec880000)
  from space 2560K, 0% used [0x00000000ecb00000,0x00000000ecb00000,0x00000000ecd80000)
  to   space 2560K, 0% used [0x00000000ec880000,0x00000000ec880000,0x00000000ecb00000)
 ParOldGen       total 42496K, used 0K [0x00000000c2a00000, 0x00000000c5380000, 0x00000000eb900000)
  object space 42496K, 0% used [0x00000000c2a00000,0x00000000c2a00000,0x00000000c5380000)
 Metaspace       used 2176K, capacity 4480K, committed 4480K, reserved 1056768K
  class space    used 240K, capacity 384K, committed 384K, reserved 1048576K

Card table byte_map: [0x00007faa8eace000,0x00007faa8ecba000] byte_map_base: 0x00007faa8e4b9000

Marking Bits: (ParMarkBitMap*) 0x00007faaa123cd80
 Begin Bits: [0x00007faa8c81a000, 0x00007faa8d772000)
 End Bits:   [0x00007faa8d772000, 0x00007faa8e6ca000)

Polling page: 0x00007faaa147e000

CodeCache: size=245760Kb used=469Kb max_used=469Kb free=245290Kb
 bounds [0x00007faa8f07a000, 0x00007faa8f2ea000, 0x00007faa9e07a000]
 total_blobs=171 nmethods=0 adapters=137
 compilation: disabled (interpreter mode)

Compilation events (0 events):
No events

GC Heap History (0 events):
No events

Deoptimization events (0 events):
No events

Classes redefined (0 events):
No events

Internal exceptions (2 events):
Event: 0.027 Thread 0x0000559def190000 Exception <a 'java/lang/NoSuchMethodError': Method sun.misc.Unsafe.defineClass(Ljava/lang/String;[BII)Ljava/lang/Class; name or signature does not match> (0x00000000eb907cb8) thrown at [/HUDSON/workspace/8-2-build-linux-amd64/jdk8u221/13320/hotspot/src/sh
Event: 0.027 Thread 0x0000559def190000 Exception <a 'java/lang/NoSuchMethodError': Method sun.misc.Unsafe.prefetchRead(Ljava/lang/Object;J)V name or signature does not match> (0x00000000eb907fa0) thrown at [/HUDSON/workspace/8-2-build-linux-amd64/jdk8u221/13320/hotspot/src/share/vm/prims/jni.c

Events (10 events):
Event: 0.042 loading class java/lang/invoke/MethodHandleStatics done
Event: 0.042 loading class java/lang/invoke/MethodHandleStatics$1
Event: 0.042 loading class java/lang/invoke/MethodHandleStatics$1 done
Event: 0.042 Thread 0x0000559def23f000 Thread added: 0x0000559def23f000
Event: 0.042 loading class sun/misc/PostVMInitHook
Event: 0.042 loading class sun/misc/PostVMInitHook done
Event: 0.042 loading class sun/misc/PostVMInitHook$1
Event: 0.042 loading class sun/misc/PostVMInitHook$1 done
Event: 4.087 Executing VM operation: EnableBiasedLocking
Event: 4.087 Executing VM operation: EnableBiasedLocking done


Dynamic libraries:
c2a00000-c5380000 rw-p 00000000 00:00 0 
c5380000-eb900000 ---p 00000000 00:00 0 
eb900000-ecd80000 rw-p 00000000 00:00 0 
ecd80000-100000000 ---p 00000000 00:00 0 
100000000-100060000 rw-p 00000000 00:00 0 
100060000-140000000 ---p 00000000 00:00 0 
559dee1ec000-559dee1ef000 r-xp 00000000 08:01 1327760                    /home/wanhui/Documents/CallJvm/callJvmThreadpool/cmake-build-debug/main
559dee3ee000-559dee3ef000 r--p 00002000 08:01 1327760                    /home/wanhui/Documents/CallJvm/callJvmThreadpool/cmake-build-debug/main
559dee3ef000-559dee3f0000 rw-p 00003000 08:01 1327760                    /home/wanhui/Documents/CallJvm/callJvmThreadpool/cmake-build-debug/main
559def161000-559def26e000 rw-p 00000000 00:00 0                          [heap]
7faa58000000-7faa58021000 rw-p 00000000 00:00 0 
7faa58021000-7faa5c000000 ---p 00000000 00:00 0 
7faa5c000000-7faa5c021000 rw-p 00000000 00:00 0 
7faa5c021000-7faa60000000 ---p 00000000 00:00 0 
7faa60000000-7faa60021000 rw-p 00000000 00:00 0 
7faa60021000-7faa64000000 ---p 00000000 00:00 0 
7faa64000000-7faa64021000 rw-p 00000000 00:00 0 
7faa64021000-7faa68000000 ---p 00000000 00:00 0 
7faa68000000-7faa68021000 rw-p 00000000 00:00 0 
7faa68021000-7faa6c000000 ---p 00000000 00:00 0 
7faa6c000000-7faa6c021000 rw-p 00000000 00:00 0 
7faa6c021000-7faa70000000 ---p 00000000 00:00 0 
7faa70000000-7faa70021000 rw-p 00000000 00:00 0 
7faa70021000-7faa74000000 ---p 00000000 00:00 0 
7faa74000000-7faa74021000 rw-p 00000000 00:00 0 
7faa74021000-7faa78000000 ---p 00000000 00:00 0 
7faa78000000-7faa78021000 rw-p 00000000 00:00 0 
7faa78021000-7faa7c000000 ---p 00000000 00:00 0 
7faa7e7fd000-7faa7e7fe000 ---p 00000000 00:00 0 
7faa7e7fe000-7faa7effe000 rw-p 00000000 00:00 0 
7faa7effe000-7faa7efff000 ---p 00000000 00:00 0 
7faa7efff000-7faa7f7ff000 rw-p 00000000 00:00 0 
7faa7f7ff000-7faa7f800000 ---p 00000000 00:00 0 
7faa7f800000-7faa80000000 rw-p 00000000 00:00 0 
7faa80000000-7faa80021000 rw-p 00000000 00:00 0 
7faa80021000-7faa84000000 ---p 00000000 00:00 0 
7faa843fb000-7faa843fc000 ---p 00000000 00:00 0 
7faa843fc000-7faa84bfc000 rw-p 00000000 00:00 0 
7faa84bfc000-7faa84bfd000 ---p 00000000 00:00 0 
7faa84bfd000-7faa853fd000 rw-p 00000000 00:00 0 
7faa853fd000-7faa853fe000 ---p 00000000 00:00 0 
7faa853fe000-7faa85bfe000 rw-p 00000000 00:00 0 
7faa85bfe000-7faa85bff000 ---p 00000000 00:00 0 
7faa85bff000-7faa85cff000 rw-p 00000000 00:00 0 
7faa85cff000-7faa85d02000 ---p 00000000 00:00 0 
7faa85d02000-7faa85e00000 rw-p 00000000 00:00 0 
7faa85e00000-7faa85e03000 ---p 00000000 00:00 0 
7faa85e03000-7faa85f01000 rw-p 00000000 00:00 0 
7faa85f01000-7faa868d0000 r--p 00000000 08:01 1186501                    /usr/lib/locale/locale-archive
7faa868d0000-7faa868d3000 ---p 00000000 00:00 0 
7faa868d3000-7faa869d1000 rw-p 00000000 00:00 0 
7faa869d1000-7faa869d4000 ---p 00000000 00:00 0 
7faa869d4000-7faa86ad2000 rw-p 00000000 00:00 0 
7faa86ad2000-7faa86ad3000 ---p 00000000 00:00 0 
7faa86ad3000-7faa87c00000 rw-p 00000000 00:00 0 
7faa87c00000-7faa88000000 ---p 00000000 00:00 0 
7faa88000000-7faa88021000 rw-p 00000000 00:00 0 
7faa88021000-7faa8c000000 ---p 00000000 00:00 0 
7faa8c008000-7faa8c3df000 rw-p 00000000 00:00 0 
7faa8c3df000-7faa8c5b9000 r--s 03d88000 08:01 1324703                    /usr/local/java/jre/lib/rt.jar
7faa8c5b9000-7faa8e6ca000 rw-p 00000000 00:00 0 
7faa8e6ca000-7faa8e6cb000 ---p 00000000 00:00 0 
7faa8e6cb000-7faa8e7cb000 rw-p 00000000 00:00 0 
7faa8e7cb000-7faa8e7cc000 ---p 00000000 00:00 0 
7faa8e7cc000-7faa8e8cc000 rw-p 00000000 00:00 0 
7faa8e8cc000-7faa8e8cd000 ---p 00000000 00:00 0 
7faa8e8cd000-7faa8e9cd000 rw-p 00000000 00:00 0 
7faa8e9cd000-7faa8e9ce000 ---p 00000000 00:00 0 
7faa8e9ce000-7faa8eae3000 rw-p 00000000 00:00 0 
7faa8eae3000-7faa8ec15000 ---p 00000000 00:00 0 
7faa8ec15000-7faa8ec20000 rw-p 00000000 00:00 0 
7faa8ec20000-7faa8ecb9000 ---p 00000000 00:00 0 
7faa8ecb9000-7faa8ecc4000 rw-p 00000000 00:00 0 
7faa8ecc4000-7faa8f07a000 ---p 00000000 00:00 0 
7faa8f07a000-7faa8f2ea000 rwxp 00000000 00:00 0 
7faa8f2ea000-7faa9e07a000 ---p 00000000 00:00 0 
7faa9e07a000-7faa9e095000 r-xp 00000000 08:01 1453051                    /usr/local/java/jre/lib/amd64/libzip.so
7faa9e095000-7faa9e294000 ---p 0001b000 08:01 1453051                    /usr/local/java/jre/lib/amd64/libzip.so
7faa9e294000-7faa9e295000 r--p 0001a000 08:01 1453051                    /usr/local/java/jre/lib/amd64/libzip.so
7faa9e295000-7faa9e296000 rw-p 0001b000 08:01 1453051                    /usr/local/java/jre/lib/amd64/libzip.so
7faa9e296000-7faa9e2a1000 r-xp 00000000 08:01 2233846                    /lib/x86_64-linux-gnu/libnss_files-2.27.so
7faa9e2a1000-7faa9e4a0000 ---p 0000b000 08:01 2233846                    /lib/x86_64-linux-gnu/libnss_files-2.27.so
7faa9e4a0000-7faa9e4a1000 r--p 0000a000 08:01 2233846                    /lib/x86_64-linux-gnu/libnss_files-2.27.so
7faa9e4a1000-7faa9e4a2000 rw-p 0000b000 08:01 2233846                    /lib/x86_64-linux-gnu/libnss_files-2.27.so
7faa9e4a2000-7faa9e4a8000 rw-p 00000000 00:00 0 
7faa9e4a8000-7faa9e4bf000 r-xp 00000000 08:01 2233840                    /lib/x86_64-linux-gnu/libnsl-2.27.so
7faa9e4bf000-7faa9e6be000 ---p 00017000 08:01 2233840                    /lib/x86_64-linux-gnu/libnsl-2.27.so
7faa9e6be000-7faa9e6bf000 r--p 00016000 08:01 2233840                    /lib/x86_64-linux-gnu/libnsl-2.27.so
7faa9e6bf000-7faa9e6c0000 rw-p 00017000 08:01 2233840                    /lib/x86_64-linux-gnu/libnsl-2.27.so
7faa9e6c0000-7faa9e6c2000 rw-p 00000000 00:00 0 
7faa9e6c2000-7faa9e6cd000 r-xp 00000000 08:01 2233857                    /lib/x86_64-linux-gnu/libnss_nis-2.27.so
7faa9e6cd000-7faa9e8cc000 ---p 0000b000 08:01 2233857                    /lib/x86_64-linux-gnu/libnss_nis-2.27.so
7faa9e8cc000-7faa9e8cd000 r--p 0000a000 08:01 2233857                    /lib/x86_64-linux-gnu/libnss_nis-2.27.so
7faa9e8cd000-7faa9e8ce000 rw-p 0000b000 08:01 2233857                    /lib/x86_64-linux-gnu/libnss_nis-2.27.so
7faa9e8ce000-7faa9e8d6000 r-xp 00000000 08:01 2233842                    /lib/x86_64-linux-gnu/libnss_compat-2.27.so
7faa9e8d6000-7faa9ead6000 ---p 00008000 08:01 2233842                    /lib/x86_64-linux-gnu/libnss_compat-2.27.so
7faa9ead6000-7faa9ead7000 r--p 00008000 08:01 2233842                    /lib/x86_64-linux-gnu/libnss_compat-2.27.so
7faa9ead7000-7faa9ead8000 rw-p 00009000 08:01 2233842                    /lib/x86_64-linux-gnu/libnss_compat-2.27.so
7faa9ead8000-7faa9eb04000 r-xp 00000000 08:01 1453042                    /usr/local/java/jre/lib/amd64/libjava.so
7faa9eb04000-7faa9ed04000 ---p 0002c000 08:01 1453042                    /usr/local/java/jre/lib/amd64/libjava.so
7faa9ed04000-7faa9ed05000 r--p 0002c000 08:01 1453042                    /usr/local/java/jre/lib/amd64/libjava.so
7faa9ed05000-7faa9ed07000 rw-p 0002d000 08:01 1453042                    /usr/local/java/jre/lib/amd64/libjava.so
7faa9ed07000-7faa9ed14000 r-xp 00000000 08:01 1453033                    /usr/local/java/jre/lib/amd64/libverify.so
7faa9ed14000-7faa9ef13000 ---p 0000d000 08:01 1453033                    /usr/local/java/jre/lib/amd64/libverify.so
7faa9ef13000-7faa9ef15000 r--p 0000c000 08:01 1453033                    /usr/local/java/jre/lib/amd64/libverify.so
7faa9ef15000-7faa9ef16000 rw-p 0000e000 08:01 1453033                    /usr/local/java/jre/lib/amd64/libverify.so
7faa9ef16000-7faa9ef1d000 r-xp 00000000 08:01 2233897                    /lib/x86_64-linux-gnu/librt-2.27.so
7faa9ef1d000-7faa9f11c000 ---p 00007000 08:01 2233897                    /lib/x86_64-linux-gnu/librt-2.27.so
7faa9f11c000-7faa9f11d000 r--p 00006000 08:01 2233897                    /lib/x86_64-linux-gnu/librt-2.27.so
7faa9f11d000-7faa9f11e000 rw-p 00007000 08:01 2233897                    /lib/x86_64-linux-gnu/librt-2.27.so
7faa9f11e000-7faa9f121000 r-xp 00000000 08:01 2233779                    /lib/x86_64-linux-gnu/libdl-2.27.so
7faa9f121000-7faa9f320000 ---p 00003000 08:01 2233779                    /lib/x86_64-linux-gnu/libdl-2.27.so
7faa9f320000-7faa9f321000 r--p 00002000 08:01 2233779                    /lib/x86_64-linux-gnu/libdl-2.27.so
7faa9f321000-7faa9f322000 rw-p 00003000 08:01 2233779                    /lib/x86_64-linux-gnu/libdl-2.27.so
7faa9f322000-7faa9f4bf000 r-xp 00000000 08:01 2233819                    /lib/x86_64-linux-gnu/libm-2.27.so
7faa9f4bf000-7faa9f6be000 ---p 0019d000 08:01 2233819                    /lib/x86_64-linux-gnu/libm-2.27.so
7faa9f6be000-7faa9f6bf000 r--p 0019c000 08:01 2233819                    /lib/x86_64-linux-gnu/libm-2.27.so
7faa9f6bf000-7faa9f6c0000 rw-p 0019d000 08:01 2233819                    /lib/x86_64-linux-gnu/libm-2.27.so
7faa9f6c0000-7faa9f8a7000 r-xp 00000000 08:01 2233756                    /lib/x86_64-linux-gnu/libc-2.27.so
7faa9f8a7000-7faa9faa7000 ---p 001e7000 08:01 2233756                    /lib/x86_64-linux-gnu/libc-2.27.so
7faa9faa7000-7faa9faab000 r--p 001e7000 08:01 2233756                    /lib/x86_64-linux-gnu/libc-2.27.so
7faa9faab000-7faa9faad000 rw-p 001eb000 08:01 2233756                    /lib/x86_64-linux-gnu/libc-2.27.so
7faa9faad000-7faa9fab1000 rw-p 00000000 00:00 0 
7faa9fab1000-7faa9fac8000 r-xp 00000000 08:01 2233339                    /lib/x86_64-linux-gnu/libgcc_s.so.1
7faa9fac8000-7faa9fcc7000 ---p 00017000 08:01 2233339                    /lib/x86_64-linux-gnu/libgcc_s.so.1
7faa9fcc7000-7faa9fcc8000 r--p 00016000 08:01 2233339                    /lib/x86_64-linux-gnu/libgcc_s.so.1
7faa9fcc8000-7faa9fcc9000 rw-p 00017000 08:01 2233339                    /lib/x86_64-linux-gnu/libgcc_s.so.1
7faa9fcc9000-7faa9fe42000 r-xp 00000000 08:01 1188276                    /usr/lib/x86_64-linux-gnu/libstdc++.so.6.0.25
7faa9fe42000-7faaa0042000 ---p 00179000 08:01 1188276                    /usr/lib/x86_64-linux-gnu/libstdc++.so.6.0.25
7faaa0042000-7faaa004c000 r--p 00179000 08:01 1188276                    /usr/lib/x86_64-linux-gnu/libstdc++.so.6.0.25
7faaa004c000-7faaa004e000 rw-p 00183000 08:01 1188276                    /usr/lib/x86_64-linux-gnu/libstdc++.so.6.0.25
7faaa004e000-7faaa0052000 rw-p 00000000 00:00 0 
7faaa0052000-7faaa006c000 r-xp 00000000 08:01 2233889                    /lib/x86_64-linux-gnu/libpthread-2.27.so
7faaa006c000-7faaa026b000 ---p 0001a000 08:01 2233889                    /lib/x86_64-linux-gnu/libpthread-2.27.so
7faaa026b000-7faaa026c000 r--p 00019000 08:01 2233889                    /lib/x86_64-linux-gnu/libpthread-2.27.so
7faaa026c000-7faaa026d000 rw-p 0001a000 08:01 2233889                    /lib/x86_64-linux-gnu/libpthread-2.27.so
7faaa026d000-7faaa0271000 rw-p 00000000 00:00 0 
7faaa0271000-7faaa0f59000 r-xp 00000000 08:01 1453049                    /usr/local/java/jre/lib/amd64/server/libjvm.so
7faaa0f59000-7faaa1158000 ---p 00ce8000 08:01 1453049                    /usr/local/java/jre/lib/amd64/server/libjvm.so
7faaa1158000-7faaa11ee000 r--p 00ce7000 08:01 1453049                    /usr/local/java/jre/lib/amd64/server/libjvm.so
7faaa11ee000-7faaa121f000 rw-p 00d7d000 08:01 1453049                    /usr/local/java/jre/lib/amd64/server/libjvm.so
7faaa121f000-7faaa125a000 rw-p 00000000 00:00 0 
7faaa125a000-7faaa1281000 r-xp 00000000 08:01 2233728                    /lib/x86_64-linux-gnu/ld-2.27.so
7faaa1287000-7faaa1333000 rw-p 00000000 00:00 0 
7faaa1333000-7faaa1466000 ---p 00000000 00:00 0 
7faaa1466000-7faaa146b000 rw-p 00000000 00:00 0 
7faaa1475000-7faaa147d000 rw-s 00000000 08:01 1327425                    /tmp/hsperfdata_wanhui/21847
7faaa147d000-7faaa147e000 rw-p 00000000 00:00 0 
7faaa147e000-7faaa147f000 r--p 00000000 00:00 0 
7faaa147f000-7faaa1481000 rw-p 00000000 00:00 0 
7faaa1481000-7faaa1482000 r--p 00027000 08:01 2233728                    /lib/x86_64-linux-gnu/ld-2.27.so
7faaa1482000-7faaa1483000 rw-p 00028000 08:01 2233728                    /lib/x86_64-linux-gnu/ld-2.27.so
7faaa1483000-7faaa1484000 rw-p 00000000 00:00 0 
7ffe055c8000-7ffe055cb000 ---p 00000000 00:00 0 
7ffe055cb000-7ffe056c8000 rw-p 00000000 00:00 0                          [stack]
7ffe056ef000-7ffe056f2000 r--p 00000000 00:00 0                          [vvar]
7ffe056f2000-7ffe056f4000 r-xp 00000000 00:00 0                          [vdso]
ffffffffff600000-ffffffffff601000 r-xp 00000000 00:00 0                  [vsyscall]

VM Arguments:
jvm_args: -Djava.compiler=NONE -verbose:jni 
java_command: <unknown>
java_class_path (initial): .:/home/wanhui/CallJvm/callJvmThreadpool/qin_test1.jar
Launcher Type: generic

Environment Variables:
JAVA_HOME=/usr/local/java
CLASSPATH=/home/wanhui/Downloads/clion-2019.2.1/lib/bootstrap.jar:/home/wanhui/Downloads/clion-2019.2.1/lib/extensions.jar:/home/wanhui/Downloads/clion-2019.2.1/lib/util.jar:/home/wanhui/Downloads/clion-2019.2.1/lib/jdom.jar:/home/wanhui/Downloads/clion-2019.2.1/lib/log4j.jar:/home/wanhui/Downloads/clion-2019.2.1/lib/trove4j.jar:/home/wanhui/Downloads/clion-2019.2.1/lib/jna.jar
PATH=/usr/local/sbin:/usr/local/bin:/usr/sbin:/usr/bin:/sbin:/bin:/snap/bin:/usr/local/redis/redis-4.0.9.tar_files/redis-4.0.9/src:/usr/local/mysql/bin
USERNAME=wanhui
SHELL=/bin/bash
DISPLAY=:0

Signal Handlers:
SIGSEGV: [libjvm.so+0xad3d90], sa_mask[0]=11111111011111111101111111111110, sa_flags=SA_RESTART|SA_SIGINFO
SIGBUS: [libjvm.so+0xad3d90], sa_mask[0]=11111111011111111101111111111110, sa_flags=SA_RESTART|SA_SIGINFO
SIGFPE: [libjvm.so+0x90b8b0], sa_mask[0]=11111111011111111101111111111110, sa_flags=SA_RESTART|SA_SIGINFO
SIGPIPE: [libjvm.so+0x90b8b0], sa_mask[0]=11111111011111111101111111111110, sa_flags=SA_RESTART|SA_SIGINFO
SIGXFSZ: [libjvm.so+0x90b8b0], sa_mask[0]=11111111011111111101111111111110, sa_flags=SA_RESTART|SA_SIGINFO
SIGILL: [libjvm.so+0x90b8b0], sa_mask[0]=11111111011111111101111111111110, sa_flags=SA_RESTART|SA_SIGINFO
SIGUSR1: SIG_DFL, sa_mask[0]=00000000000000000000000000000000, sa_flags=none
SIGUSR2: [libjvm.so+0x90b780], sa_mask[0]=00100000000000000000000000000000, sa_flags=SA_RESTART|SA_SIGINFO
SIGHUP: [libjvm.so+0x90bda0], sa_mask[0]=11111111011111111101111111111110, sa_flags=SA_RESTART|SA_SIGINFO
SIGINT: [libjvm.so+0x90bda0], sa_mask[0]=11111111011111111101111111111110, sa_flags=SA_RESTART|SA_SIGINFO
SIGTERM: [libjvm.so+0x90bda0], sa_mask[0]=11111111011111111101111111111110, sa_flags=SA_RESTART|SA_SIGINFO
SIGQUIT: [libjvm.so+0x90bda0], sa_mask[0]=11111111011111111101111111111110, sa_flags=SA_RESTART|SA_SIGINFO


---------------  S Y S T E M  ---------------

OS:DISTRIB_ID=Ubuntu
DISTRIB_RELEASE=18.04
DISTRIB_CODENAME=bionic
DISTRIB_DESCRIPTION="Ubuntu 18.04.3 LTS"

uname:Linux 4.15.0-66-generic #75-Ubuntu SMP Tue Oct 1 05:24:09 UTC 2019 x86_64
libc:glibc 2.27 NPTL 2.27 
rlimit: STACK 8192k, CORE 0k, NPROC 15513, NOFILE 1048576, AS infinity
load average:0.50 0.24 0.13

/proc/meminfo:
MemTotal:        4015688 kB
MemFree:          315420 kB
MemAvailable:    1252240 kB
Buffers:          182860 kB
Cached:           905120 kB
SwapCached:        71880 kB
Active:          2179764 kB
Inactive:         770396 kB
Active(anon):    1411048 kB
Inactive(anon):   463292 kB
Active(file):     768716 kB
Inactive(file):   307104 kB
Unevictable:          32 kB
Mlocked:              32 kB
SwapTotal:       2097148 kB
SwapFree:        1469996 kB
Dirty:              1332 kB
Writeback:             0 kB
AnonPages:       1837796 kB
Mapped:           238132 kB
Shmem:             12148 kB
Slab:             203404 kB
SReclaimable:     131404 kB
SUnreclaim:        72000 kB
KernelStack:       13776 kB
PageTables:        47764 kB
NFS_Unstable:          0 kB
Bounce:                0 kB
WritebackTmp:          0 kB
CommitLimit:     4104992 kB
Committed_AS:    6324460 kB
VmallocTotal:   34359738367 kB
VmallocUsed:           0 kB
VmallocChunk:          0 kB
HardwareCorrupted:     0 kB
AnonHugePages:         0 kB
ShmemHugePages:        0 kB
ShmemPmdMapped:        0 kB
CmaTotal:              0 kB
CmaFree:               0 kB
HugePages_Total:       0
HugePages_Free:        0
HugePages_Rsvd:        0
HugePages_Surp:        0
Hugepagesize:       2048 kB
DirectMap4k:      276288 kB
DirectMap2M:     3917824 kB
DirectMap1G:     2097152 kB

container (cgroup) information:
container_type: cgroupv1
cpu_cpuset_cpus: 0-3
cpu_memory_nodes: 0
active_processor_count: 4
cpu_quota: -1
cpu_period: 100000
cpu_shares: -1
memory_limit_in_bytes: -1
memory_and_swap_limit_in_bytes: -2
memory_soft_limit_in_bytes: -1
memory_usage_in_bytes: 2997215232
memory_max_usage_in_bytes: 399400960


CPU:total 4 (initial active 4) (2 cores per cpu, 1 threads per core) family 6 model 158 stepping 13, cmov, cx8, fxsr, mmx, sse, sse2, sse3, ssse3, sse4.1, sse4.2, popcnt, avx, avx2, aes, clmul, erms, rtm, 3dnowpref, lzcnt, tsc, tscinvbit, bmi1, bmi2, adx

/proc/cpuinfo:
processor	: 0
vendor_id	: GenuineIntel
cpu family	: 6
model		: 158
model name	: Intel(R) Core(TM) i7-9700 CPU @ 3.00GHz
stepping	: 13
microcode	: 0xb4
cpu MHz		: 2999.999
cache size	: 12288 KB
physical id	: 0
siblings	: 2
core id		: 0
cpu cores	: 2
apicid		: 0
initial apicid	: 0
fpu		: yes
fpu_exception	: yes
cpuid level	: 22
wp		: yes
flags		: fpu vme de pse tsc msr pae mce cx8 apic sep mtrr pge mca cmov pat pse36 clflush mmx fxsr sse sse2 ss ht syscall nx pdpe1gb rdtscp lm constant_tsc arch_perfmon nopl xtopology tsc_reliable nonstop_tsc cpuid pni pclmulqdq vmx ssse3 fma cx16 pcid sse4_1 sse4_2 x2apic movbe popcnt tsc_deadline_timer aes xsave avx f16c rdrand hypervisor lahf_lm abm 3dnowprefetch cpuid_fault invpcid_single ssbd ibrs ibpb stibp ibrs_enhanced tpr_shadow vnmi ept vpid fsgsbase tsc_adjust bmi1 hle avx2 smep bmi2 invpcid rtm mpx rdseed adx smap clflushopt xsaveopt xsavec xsaves arat md_clear flush_l1d arch_capabilities
bugs		: spectre_v1 spectre_v2 spec_store_bypass swapgs
bogomips	: 5999.99
clflush size	: 64
cache_alignment	: 64
address sizes	: 43 bits physical, 48 bits virtual
power management:

processor	: 1
vendor_id	: GenuineIntel
cpu family	: 6
model		: 158
model name	: Intel(R) Core(TM) i7-9700 CPU @ 3.00GHz
stepping	: 13
microcode	: 0xb4
cpu MHz		: 2999.999
cache size	: 12288 KB
physical id	: 0
siblings	: 2
core id		: 1
cpu cores	: 2
apicid		: 1
initial apicid	: 1
fpu		: yes
fpu_exception	: yes
cpuid level	: 22
wp		: yes
flags		: fpu vme de pse tsc msr pae mce cx8 apic sep mtrr pge mca cmov pat pse36 clflush mmx fxsr sse sse2 ss ht syscall nx pdpe1gb rdtscp lm constant_tsc arch_perfmon nopl xtopology tsc_reliable nonstop_tsc cpuid pni pclmulqdq vmx ssse3 fma cx16 pcid sse4_1 sse4_2 x2apic movbe popcnt tsc_deadline_timer aes xsave avx f16c rdrand hypervisor lahf_lm abm 3dnowprefetch cpuid_fault invpcid_single ssbd ibrs ibpb stibp ibrs_enhanced tpr_shadow vnmi ept vpid fsgsbase tsc_adjust bmi1 hle avx2 smep bmi2 invpcid rtm mpx rdseed adx smap clflushopt xsaveopt xsavec xsaves arat md_clear flush_l1d arch_capabilities
bugs		: spectre_v1 spectre_v2 spec_store_bypass swapgs
bogomips	: 5999.99
clflush size	: 64
cache_alignment	: 64
address sizes	: 43 bits physical, 48 bits virtual
power management:

processor	: 2
vendor_id	: GenuineIntel
cpu family	: 6
model		: 158
model name	: Intel(R) Core(TM) i7-9700 CPU @ 3.00GHz
stepping	: 13
microcode	: 0xb4
cpu MHz		: 2999.999
cache size	: 12288 KB
physical id	: 1
siblings	: 2
core id		: 0
cpu cores	: 2
apicid		: 2
initial apicid	: 2
fpu		: yes
fpu_exception	: yes
cpuid level	: 22
wp		: yes
flags		: fpu vme de pse tsc msr pae mce cx8 apic sep mtrr pge mca cmov pat pse36 clflush mmx fxsr sse sse2 ss ht syscall nx pdpe1gb rdtscp lm constant_tsc arch_perfmon nopl xtopology tsc_reliable nonstop_tsc cpuid pni pclmulqdq vmx ssse3 fma cx16 pcid sse4_1 sse4_2 x2apic movbe popcnt tsc_deadline_timer aes xsave avx f16c rdrand hypervisor lahf_lm abm 3dnowprefetch cpuid_fault invpcid_single ssbd ibrs ibpb stibp ibrs_enhanced tpr_shadow vnmi ept vpid fsgsbase tsc_adjust bmi1 hle avx2 smep bmi2 invpcid rtm mpx rdseed adx smap clflushopt xsaveopt xsavec xsaves arat md_clear flush_l1d arch_capabilities
bugs		: spectre_v1 spectre_v2 spec_store_bypass swapgs
bogomips	: 5999.99
clflush size	: 64
cache_alignment	: 64
address sizes	: 43 bits physical, 48 bits virtual
power management:

processor	: 3
vendor_id	: GenuineIntel
cpu family	: 6
model		: 158
model name	: Intel(R) Core(TM) i7-9700 CPU @ 3.00GHz
stepping	: 13
microcode	: 0xb4
cpu MHz		: 2999.999
cache size	: 12288 KB
physical id	: 1
siblings	: 2
core id		: 1
cpu cores	: 2
apicid		: 3
initial apicid	: 3
fpu		: yes
fpu_exception	: yes
cpuid level	: 22
wp		: yes
flags		: fpu vme de pse tsc msr pae mce cx8 apic sep mtrr pge mca cmov pat pse36 clflush mmx fxsr sse sse2 ss ht syscall nx pdpe1gb rdtscp lm constant_tsc arch_perfmon nopl xtopology tsc_reliable nonstop_tsc cpuid pni pclmulqdq vmx ssse3 fma cx16 pcid sse4_1 sse4_2 x2apic movbe popcnt tsc_deadline_timer aes xsave avx f16c rdrand hypervisor lahf_lm abm 3dnowprefetch cpuid_fault invpcid_single ssbd ibrs ibpb stibp ibrs_enhanced tpr_shadow vnmi ept vpid fsgsbase tsc_adjust bmi1 hle avx2 smep bmi2 invpcid rtm mpx rdseed adx smap clflushopt xsaveopt xsavec xsaves arat md_clear flush_l1d arch_capabilities
bugs		: spectre_v1 spectre_v2 spec_store_bypass swapgs
bogomips	: 5999.99
clflush size	: 64
cache_alignment	: 64
address sizes	: 43 bits physical, 48 bits virtual
power management:



Memory: 4k page, physical 4015688k(315420k free), swap 2097148k(1469996k free)

vm_info: Java HotSpot(TM) 64-Bit Server VM (25.221-b11) for linux-amd64 JRE (1.8.0_221-b11), built on Jul  4 2019 04:27:00 by "java_re" with gcc 7.3.0

time: Tue Nov  5 11:32:23 2019
timezone: CST
elapsed time: 6 seconds (0d 0h 0m 6s)

