#
# A fatal error has been detected by the Java Runtime Environment:
#
#  SIGSEGV (0xb) at pc=0x000055e1f38d3db0, pid=21898, tid=0x00007f90b8a20700
#
# JRE version: Java(TM) SE Runtime Environment (8.0_221-b11) (build 1.8.0_221-b11)
# Java VM: Java HotSpot(TM) 64-Bit Server VM (25.221-b11 interpreted mode linux-amd64 compressed oops)
# Problematic frame:
# C  [main+0x1db0]  handle_stream(void*)+0xe0
#
# Failed to write core dump. Core dumps have been disabled. To enable core dumping, try "ulimit -c unlimited" before starting Java again
#
# If you would like to submit a bug report, please visit:
#   http://bugreport.java.com/bugreport/crash.jsp
#

---------------  T H R E A D  ---------------

Current thread is native thread

siginfo: si_signo: 11 (SIGSEGV), si_code: 1 (SEGV_MAPERR), si_addr: 0x0000000000000000

Registers:
RAX=0x0000000000000000, RBX=0x00007f90d606b3e0, RCX=0x00007f90d4ed0384, RDX=0x0000000000000000
RSP=0x00007f90b8a1fa70, RBP=0x00000000ffffffff, RSI=0x00007f90b8a1fa78, RDI=0x00007f90b8a1fab0
R8 =0x0000000000000000, R9 =0x0000000000000000, R10=0x0000000000000000, R11=0x0000000000000000
R12=0x00007ffc129b58f8, R13=0x00007f90b8a1fab0, R14=0x0000000000000000, R15=0x00007ffc129b5850
RIP=0x000055e1f38d3db0, EFLAGS=0x0000000000010246, CSGSFS=0x002b000000000033, ERR=0x0000000000000004
  TRAPNO=0x000000000000000e

Top of Stack: (sp=0x00007f90b8a1fa70)
0x00007f90b8a1fa70:   0000000000000000 0000000000000000
0x00007f90b8a1fa80:   0000000000000000 0000000000000000
0x00007f90b8a1fa90:   0000000000000000 0000000000000000
0x00007f90b8a1faa0:   0000000024000000 0000000000000000
0x00007f90b8a1fab0:   0000000000000000 0000000000000000
0x00007f90b8a1fac0:   0000000000000000 0000000000000000
0x00007f90b8a1fad0:   0000000000000000 0000000000000000
0x00007f90b8a1fae0:   0000000000000000 0000000000000000
0x00007f90b8a1faf0:   0000000000000000 0000000000000000
0x00007f90b8a1fb00:   0000000000000000 0000000000000000
0x00007f90b8a1fb10:   0000000000000000 0000000000000000
0x00007f90b8a1fb20:   0000000000000000 0000000000000000
0x00007f90b8a1fb30:   0000000000000000 0000000000000000
0x00007f90b8a1fb40:   0000000000000000 0000000000000000
0x00007f90b8a1fb50:   0000000000000000 0000000000000000
0x00007f90b8a1fb60:   0000000000000000 0000000000000000
0x00007f90b8a1fb70:   0000000000000000 0000000000000000
0x00007f90b8a1fb80:   0000000000000000 0000000000000000
0x00007f90b8a1fb90:   0000000000000000 0000000000000000
0x00007f90b8a1fba0:   0000000000000000 0000000000000000
0x00007f90b8a1fbb0:   0000000000000000 0000000000000000
0x00007f90b8a1fbc0:   0000000000000000 0000000000000000
0x00007f90b8a1fbd0:   0000000000000000 0000000000000000
0x00007f90b8a1fbe0:   0000000000000000 0000000000000000
0x00007f90b8a1fbf0:   0000000000000000 0000000000000000
0x00007f90b8a1fc00:   0000000000000000 0000000000000000
0x00007f90b8a1fc10:   0000000000000000 0000000000000000
0x00007f90b8a1fc20:   0000000000000000 0000000000000000
0x00007f90b8a1fc30:   0000000000000000 0000000000000000
0x00007f90b8a1fc40:   0000000000000000 0000000000000000
0x00007f90b8a1fc50:   0000000000000000 0000000000000000
0x00007f90b8a1fc60:   0000000000000000 0000000000000000 

Instructions: (pc=0x000055e1f38d3db0)
0x000055e1f38d3d90:   4c 89 ea 4c 89 f7 e8 35 02 00 00 eb d4 0f 1f 00
0x000055e1f38d3da0:   48 8b 44 24 10 49 8b 1c 24 48 8d 74 24 08 31 d2
0x000055e1f38d3db0:   4c 8b 28 4c 8b 70 08 48 89 df 48 8b 03 48 c7 44
0x000055e1f38d3dc0:   24 08 00 00 00 00 ff 50 20 48 8b 7c 24 08 4c 89 

Register to memory mapping:

RAX=0x0000000000000000 is an unknown value
RBX=0x00007f90d606b3e0: <offset 0xf8d3e0> in /usr/local/java/jre/lib/amd64/server/libjvm.so at 0x00007f90d50de000
RCX=0x00007f90d4ed0384: read+0x44 in /lib/x86_64-linux-gnu/libpthread.so.0 at 0x00007f90d4ebf000
RDX=0x0000000000000000 is an unknown value
RSP=0x00007f90b8a1fa70 is an unknown value
RBP=0x00000000ffffffff is an unallocated location in the heap
RSI=0x00007f90b8a1fa78 is an unknown value
RDI=0x00007f90b8a1fab0 is an unknown value
R8 =0x0000000000000000 is an unknown value
R9 =0x0000000000000000 is an unknown value
R10=0x0000000000000000 is an unknown value
R11=0x0000000000000000 is an unknown value
R12=0x00007ffc129b58f8 is pointing into the stack for thread: 0x000055e1f4222000
R13=0x00007f90b8a1fab0 is an unknown value
R14=0x0000000000000000 is an unknown value
R15=0x00007ffc129b5850 is pointing into the stack for thread: 0x000055e1f4222000


Stack: [0x00007f90b8221000,0x00007f90b8a21000],  sp=0x00007f90b8a1fa70,  free space=8186k
Native frames: (J=compiled Java code, j=interpreted, Vv=VM code, C=native code)
C  [main+0x1db0]  handle_stream(void*)+0xe0


---------------  P R O C E S S  ---------------

VM state:not at safepoint (normal execution)

VM Mutex/Monitor currently owned by a thread: None

heap address: 0x00000000c2a00000, size: 982 MB, Compressed Oops mode: 32-bit
Narrow klass base: 0x0000000000000000, Narrow klass shift: 3
Compressed class space size: 1073741824 Address: 0x0000000100000000

Heap:
 PSYoungGen      total 18432K, used 634K [0x00000000eb900000, 0x00000000ecd80000, 0x0000000100000000)
  eden space 15872K, 4% used [0x00000000eb900000,0x00000000eb99ebe8,0x00000000ec880000)
  from space 2560K, 0% used [0x00000000ecb00000,0x00000000ecb00000,0x00000000ecd80000)
  to   space 2560K, 0% used [0x00000000ec880000,0x00000000ec880000,0x00000000ecb00000)
 ParOldGen       total 42496K, used 0K [0x00000000c2a00000, 0x00000000c5380000, 0x00000000eb900000)
  object space 42496K, 0% used [0x00000000c2a00000,0x00000000c2a00000,0x00000000c5380000)
 Metaspace       used 2176K, capacity 4480K, committed 4480K, reserved 1056768K
  class space    used 240K, capacity 384K, committed 384K, reserved 1048576K

Card table byte_map: [0x00007f90c393b000,0x00007f90c3b27000] byte_map_base: 0x00007f90c3326000

Marking Bits: (ParMarkBitMap*) 0x00007f90d60a9d80
 Begin Bits: [0x00007f90c1687000, 0x00007f90c25df000)
 End Bits:   [0x00007f90c25df000, 0x00007f90c3537000)

Polling page: 0x00007f90d62eb000

CodeCache: size=245760Kb used=469Kb max_used=469Kb free=245290Kb
 bounds [0x00007f90c3ee7000, 0x00007f90c4157000, 0x00007f90d2ee7000]
 total_blobs=171 nmethods=0 adapters=137
 compilation: disabled (interpreter mode)

Compilation events (0 events):
No events

GC Heap History (0 events):
No events

Deoptimization events (0 events):
No events

Classes redefined (0 events):
No events

Internal exceptions (2 events):
Event: 0.021 Thread 0x000055e1f4222000 Exception <a 'java/lang/NoSuchMethodError': Method sun.misc.Unsafe.defineClass(Ljava/lang/String;[BII)Ljava/lang/Class; name or signature does not match> (0x00000000eb907cb8) thrown at [/HUDSON/workspace/8-2-build-linux-amd64/jdk8u221/13320/hotspot/src/sh
Event: 0.022 Thread 0x000055e1f4222000 Exception <a 'java/lang/NoSuchMethodError': Method sun.misc.Unsafe.prefetchRead(Ljava/lang/Object;J)V name or signature does not match> (0x00000000eb907fa0) thrown at [/HUDSON/workspace/8-2-build-linux-amd64/jdk8u221/13320/hotspot/src/share/vm/prims/jni.c

Events (10 events):
Event: 0.038 loading class java/lang/invoke/MemberName$Factory done
Event: 0.038 loading class java/lang/invoke/MethodHandleStatics
Event: 0.038 loading class java/lang/invoke/MethodHandleStatics done
Event: 0.038 loading class java/lang/invoke/MethodHandleStatics$1
Event: 0.038 loading class java/lang/invoke/MethodHandleStatics$1 done
Event: 0.039 Thread 0x000055e1f42d1000 Thread added: 0x000055e1f42d1000
Event: 0.039 loading class sun/misc/PostVMInitHook
Event: 0.039 loading class sun/misc/PostVMInitHook done
Event: 0.039 loading class sun/misc/PostVMInitHook$1
Event: 0.039 loading class sun/misc/PostVMInitHook$1 done


Dynamic libraries:
c2a00000-c5380000 rw-p 00000000 00:00 0 
c5380000-eb900000 ---p 00000000 00:00 0 
eb900000-ecd80000 rw-p 00000000 00:00 0 
ecd80000-100000000 ---p 00000000 00:00 0 
100000000-100060000 rw-p 00000000 00:00 0 
100060000-140000000 ---p 00000000 00:00 0 
55e1f38d2000-55e1f38d5000 r-xp 00000000 08:01 1327760                    /home/wanhui/Documents/CallJvm/callJvmThreadpool/cmake-build-debug/main
55e1f3ad4000-55e1f3ad5000 r--p 00002000 08:01 1327760                    /home/wanhui/Documents/CallJvm/callJvmThreadpool/cmake-build-debug/main
55e1f3ad5000-55e1f3ad6000 rw-p 00003000 08:01 1327760                    /home/wanhui/Documents/CallJvm/callJvmThreadpool/cmake-build-debug/main
55e1f41f3000-55e1f4300000 rw-p 00000000 00:00 0                          [heap]
7f908c000000-7f908c021000 rw-p 00000000 00:00 0 
7f908c021000-7f9090000000 ---p 00000000 00:00 0 
7f90937ff000-7f9093800000 ---p 00000000 00:00 0 
7f9093800000-7f9094000000 rw-p 00000000 00:00 0 
7f9094000000-7f9094021000 rw-p 00000000 00:00 0 
7f9094021000-7f9098000000 ---p 00000000 00:00 0 
7f9098000000-7f9098021000 rw-p 00000000 00:00 0 
7f9098021000-7f909c000000 ---p 00000000 00:00 0 
7f909c000000-7f909c021000 rw-p 00000000 00:00 0 
7f909c021000-7f90a0000000 ---p 00000000 00:00 0 
7f90a0000000-7f90a0021000 rw-p 00000000 00:00 0 
7f90a0021000-7f90a4000000 ---p 00000000 00:00 0 
7f90a4000000-7f90a4021000 rw-p 00000000 00:00 0 
7f90a4021000-7f90a8000000 ---p 00000000 00:00 0 
7f90a8000000-7f90a8021000 rw-p 00000000 00:00 0 
7f90a8021000-7f90ac000000 ---p 00000000 00:00 0 
7f90ac000000-7f90ac021000 rw-p 00000000 00:00 0 
7f90ac021000-7f90b0000000 ---p 00000000 00:00 0 
7f90b0000000-7f90b0021000 rw-p 00000000 00:00 0 
7f90b0021000-7f90b4000000 ---p 00000000 00:00 0 
7f90b4000000-7f90b4021000 rw-p 00000000 00:00 0 
7f90b4021000-7f90b8000000 ---p 00000000 00:00 0 
7f90b8220000-7f90b8221000 ---p 00000000 00:00 0 
7f90b8221000-7f90b8a21000 rw-p 00000000 00:00 0 
7f90b8a21000-7f90b8a22000 ---p 00000000 00:00 0 
7f90b8a22000-7f90b9222000 rw-p 00000000 00:00 0 
7f90b9222000-7f90b9223000 ---p 00000000 00:00 0 
7f90b9223000-7f90b9a23000 rw-p 00000000 00:00 0 
7f90b9a23000-7f90b9a24000 ---p 00000000 00:00 0 
7f90b9a24000-7f90ba224000 rw-p 00000000 00:00 0 
7f90ba224000-7f90ba225000 ---p 00000000 00:00 0 
7f90ba225000-7f90baa25000 rw-p 00000000 00:00 0 
7f90baa25000-7f90baa26000 ---p 00000000 00:00 0 
7f90baa26000-7f90bab26000 rw-p 00000000 00:00 0 
7f90bab26000-7f90bab29000 ---p 00000000 00:00 0 
7f90bab29000-7f90bac27000 rw-p 00000000 00:00 0 
7f90bac27000-7f90bac2a000 ---p 00000000 00:00 0 
7f90bac2a000-7f90bad28000 rw-p 00000000 00:00 0 
7f90bad28000-7f90bb6f7000 r--p 00000000 08:01 1186501                    /usr/lib/locale/locale-archive
7f90bb6f7000-7f90bb6fa000 ---p 00000000 00:00 0 
7f90bb6fa000-7f90bb7f8000 rw-p 00000000 00:00 0 
7f90bb7f8000-7f90bb7fb000 ---p 00000000 00:00 0 
7f90bb7fb000-7f90bb8f9000 rw-p 00000000 00:00 0 
7f90bb8f9000-7f90bb8fa000 ---p 00000000 00:00 0 
7f90bb8fa000-7f90bc000000 rw-p 00000000 00:00 0 
7f90bc000000-7f90bc021000 rw-p 00000000 00:00 0 
7f90bc021000-7f90c0000000 ---p 00000000 00:00 0 
7f90c004e000-7f90c0a4c000 rw-p 00000000 00:00 0 
7f90c0a4c000-7f90c0c26000 r--s 03d88000 08:01 1324703                    /usr/local/java/jre/lib/rt.jar
7f90c0c26000-7f90c109c000 rw-p 00000000 00:00 0 
7f90c109c000-7f90c149c000 ---p 00000000 00:00 0 
7f90c149c000-7f90c3537000 rw-p 00000000 00:00 0 
7f90c3537000-7f90c3538000 ---p 00000000 00:00 0 
7f90c3538000-7f90c3638000 rw-p 00000000 00:00 0 
7f90c3638000-7f90c3639000 ---p 00000000 00:00 0 
7f90c3639000-7f90c3739000 rw-p 00000000 00:00 0 
7f90c3739000-7f90c373a000 ---p 00000000 00:00 0 
7f90c373a000-7f90c383a000 rw-p 00000000 00:00 0 
7f90c383a000-7f90c383b000 ---p 00000000 00:00 0 
7f90c383b000-7f90c3950000 rw-p 00000000 00:00 0 
7f90c3950000-7f90c3a82000 ---p 00000000 00:00 0 
7f90c3a82000-7f90c3a8d000 rw-p 00000000 00:00 0 
7f90c3a8d000-7f90c3b26000 ---p 00000000 00:00 0 
7f90c3b26000-7f90c3b31000 rw-p 00000000 00:00 0 
7f90c3b31000-7f90c3ee7000 ---p 00000000 00:00 0 
7f90c3ee7000-7f90c4157000 rwxp 00000000 00:00 0 
7f90c4157000-7f90d2ee7000 ---p 00000000 00:00 0 
7f90d2ee7000-7f90d2f02000 r-xp 00000000 08:01 1453051                    /usr/local/java/jre/lib/amd64/libzip.so
7f90d2f02000-7f90d3101000 ---p 0001b000 08:01 1453051                    /usr/local/java/jre/lib/amd64/libzip.so
7f90d3101000-7f90d3102000 r--p 0001a000 08:01 1453051                    /usr/local/java/jre/lib/amd64/libzip.so
7f90d3102000-7f90d3103000 rw-p 0001b000 08:01 1453051                    /usr/local/java/jre/lib/amd64/libzip.so
7f90d3103000-7f90d310e000 r-xp 00000000 08:01 2233846                    /lib/x86_64-linux-gnu/libnss_files-2.27.so
7f90d310e000-7f90d330d000 ---p 0000b000 08:01 2233846                    /lib/x86_64-linux-gnu/libnss_files-2.27.so
7f90d330d000-7f90d330e000 r--p 0000a000 08:01 2233846                    /lib/x86_64-linux-gnu/libnss_files-2.27.so
7f90d330e000-7f90d330f000 rw-p 0000b000 08:01 2233846                    /lib/x86_64-linux-gnu/libnss_files-2.27.so
7f90d330f000-7f90d3315000 rw-p 00000000 00:00 0 
7f90d3315000-7f90d332c000 r-xp 00000000 08:01 2233840                    /lib/x86_64-linux-gnu/libnsl-2.27.so
7f90d332c000-7f90d352b000 ---p 00017000 08:01 2233840                    /lib/x86_64-linux-gnu/libnsl-2.27.so
7f90d352b000-7f90d352c000 r--p 00016000 08:01 2233840                    /lib/x86_64-linux-gnu/libnsl-2.27.so
7f90d352c000-7f90d352d000 rw-p 00017000 08:01 2233840                    /lib/x86_64-linux-gnu/libnsl-2.27.so
7f90d352d000-7f90d352f000 rw-p 00000000 00:00 0 
7f90d352f000-7f90d353a000 r-xp 00000000 08:01 2233857                    /lib/x86_64-linux-gnu/libnss_nis-2.27.so
7f90d353a000-7f90d3739000 ---p 0000b000 08:01 2233857                    /lib/x86_64-linux-gnu/libnss_nis-2.27.so
7f90d3739000-7f90d373a000 r--p 0000a000 08:01 2233857                    /lib/x86_64-linux-gnu/libnss_nis-2.27.so
7f90d373a000-7f90d373b000 rw-p 0000b000 08:01 2233857                    /lib/x86_64-linux-gnu/libnss_nis-2.27.so
7f90d373b000-7f90d3743000 r-xp 00000000 08:01 2233842                    /lib/x86_64-linux-gnu/libnss_compat-2.27.so
7f90d3743000-7f90d3943000 ---p 00008000 08:01 2233842                    /lib/x86_64-linux-gnu/libnss_compat-2.27.so
7f90d3943000-7f90d3944000 r--p 00008000 08:01 2233842                    /lib/x86_64-linux-gnu/libnss_compat-2.27.so
7f90d3944000-7f90d3945000 rw-p 00009000 08:01 2233842                    /lib/x86_64-linux-gnu/libnss_compat-2.27.so
7f90d3945000-7f90d3971000 r-xp 00000000 08:01 1453042                    /usr/local/java/jre/lib/amd64/libjava.so
7f90d3971000-7f90d3b71000 ---p 0002c000 08:01 1453042                    /usr/local/java/jre/lib/amd64/libjava.so
7f90d3b71000-7f90d3b72000 r--p 0002c000 08:01 1453042                    /usr/local/java/jre/lib/amd64/libjava.so
7f90d3b72000-7f90d3b74000 rw-p 0002d000 08:01 1453042                    /usr/local/java/jre/lib/amd64/libjava.so
7f90d3b74000-7f90d3b81000 r-xp 00000000 08:01 1453033                    /usr/local/java/jre/lib/amd64/libverify.so
7f90d3b81000-7f90d3d80000 ---p 0000d000 08:01 1453033                    /usr/local/java/jre/lib/amd64/libverify.so
7f90d3d80000-7f90d3d82000 r--p 0000c000 08:01 1453033                    /usr/local/java/jre/lib/amd64/libverify.so
7f90d3d82000-7f90d3d83000 rw-p 0000e000 08:01 1453033                    /usr/local/java/jre/lib/amd64/libverify.so
7f90d3d83000-7f90d3d8a000 r-xp 00000000 08:01 2233897                    /lib/x86_64-linux-gnu/librt-2.27.so
7f90d3d8a000-7f90d3f89000 ---p 00007000 08:01 2233897                    /lib/x86_64-linux-gnu/librt-2.27.so
7f90d3f89000-7f90d3f8a000 r--p 00006000 08:01 2233897                    /lib/x86_64-linux-gnu/librt-2.27.so
7f90d3f8a000-7f90d3f8b000 rw-p 00007000 08:01 2233897                    /lib/x86_64-linux-gnu/librt-2.27.so
7f90d3f8b000-7f90d3f8e000 r-xp 00000000 08:01 2233779                    /lib/x86_64-linux-gnu/libdl-2.27.so
7f90d3f8e000-7f90d418d000 ---p 00003000 08:01 2233779                    /lib/x86_64-linux-gnu/libdl-2.27.so
7f90d418d000-7f90d418e000 r--p 00002000 08:01 2233779                    /lib/x86_64-linux-gnu/libdl-2.27.so
7f90d418e000-7f90d418f000 rw-p 00003000 08:01 2233779                    /lib/x86_64-linux-gnu/libdl-2.27.so
7f90d418f000-7f90d432c000 r-xp 00000000 08:01 2233819                    /lib/x86_64-linux-gnu/libm-2.27.so
7f90d432c000-7f90d452b000 ---p 0019d000 08:01 2233819                    /lib/x86_64-linux-gnu/libm-2.27.so
7f90d452b000-7f90d452c000 r--p 0019c000 08:01 2233819                    /lib/x86_64-linux-gnu/libm-2.27.so
7f90d452c000-7f90d452d000 rw-p 0019d000 08:01 2233819                    /lib/x86_64-linux-gnu/libm-2.27.so
7f90d452d000-7f90d4714000 r-xp 00000000 08:01 2233756                    /lib/x86_64-linux-gnu/libc-2.27.so
7f90d4714000-7f90d4914000 ---p 001e7000 08:01 2233756                    /lib/x86_64-linux-gnu/libc-2.27.so
7f90d4914000-7f90d4918000 r--p 001e7000 08:01 2233756                    /lib/x86_64-linux-gnu/libc-2.27.so
7f90d4918000-7f90d491a000 rw-p 001eb000 08:01 2233756                    /lib/x86_64-linux-gnu/libc-2.27.so
7f90d491a000-7f90d491e000 rw-p 00000000 00:00 0 
7f90d491e000-7f90d4935000 r-xp 00000000 08:01 2233339                    /lib/x86_64-linux-gnu/libgcc_s.so.1
7f90d4935000-7f90d4b34000 ---p 00017000 08:01 2233339                    /lib/x86_64-linux-gnu/libgcc_s.so.1
7f90d4b34000-7f90d4b35000 r--p 00016000 08:01 2233339                    /lib/x86_64-linux-gnu/libgcc_s.so.1
7f90d4b35000-7f90d4b36000 rw-p 00017000 08:01 2233339                    /lib/x86_64-linux-gnu/libgcc_s.so.1
7f90d4b36000-7f90d4caf000 r-xp 00000000 08:01 1188276                    /usr/lib/x86_64-linux-gnu/libstdc++.so.6.0.25
7f90d4caf000-7f90d4eaf000 ---p 00179000 08:01 1188276                    /usr/lib/x86_64-linux-gnu/libstdc++.so.6.0.25
7f90d4eaf000-7f90d4eb9000 r--p 00179000 08:01 1188276                    /usr/lib/x86_64-linux-gnu/libstdc++.so.6.0.25
7f90d4eb9000-7f90d4ebb000 rw-p 00183000 08:01 1188276                    /usr/lib/x86_64-linux-gnu/libstdc++.so.6.0.25
7f90d4ebb000-7f90d4ebf000 rw-p 00000000 00:00 0 
7f90d4ebf000-7f90d4ed9000 r-xp 00000000 08:01 2233889                    /lib/x86_64-linux-gnu/libpthread-2.27.so
7f90d4ed9000-7f90d50d8000 ---p 0001a000 08:01 2233889                    /lib/x86_64-linux-gnu/libpthread-2.27.so
7f90d50d8000-7f90d50d9000 r--p 00019000 08:01 2233889                    /lib/x86_64-linux-gnu/libpthread-2.27.so
7f90d50d9000-7f90d50da000 rw-p 0001a000 08:01 2233889                    /lib/x86_64-linux-gnu/libpthread-2.27.so
7f90d50da000-7f90d50de000 rw-p 00000000 00:00 0 
7f90d50de000-7f90d5dc6000 r-xp 00000000 08:01 1453049                    /usr/local/java/jre/lib/amd64/server/libjvm.so
7f90d5dc6000-7f90d5fc5000 ---p 00ce8000 08:01 1453049                    /usr/local/java/jre/lib/amd64/server/libjvm.so
7f90d5fc5000-7f90d605b000 r--p 00ce7000 08:01 1453049                    /usr/local/java/jre/lib/amd64/server/libjvm.so
7f90d605b000-7f90d608c000 rw-p 00d7d000 08:01 1453049                    /usr/local/java/jre/lib/amd64/server/libjvm.so
7f90d608c000-7f90d60c7000 rw-p 00000000 00:00 0 
7f90d60c7000-7f90d60ee000 r-xp 00000000 08:01 2233728                    /lib/x86_64-linux-gnu/ld-2.27.so
7f90d60f4000-7f90d61a0000 rw-p 00000000 00:00 0 
7f90d61a0000-7f90d62d3000 ---p 00000000 00:00 0 
7f90d62d3000-7f90d62d8000 rw-p 00000000 00:00 0 
7f90d62e2000-7f90d62ea000 rw-s 00000000 08:01 1327425                    /tmp/hsperfdata_wanhui/21898
7f90d62ea000-7f90d62eb000 rw-p 00000000 00:00 0 
7f90d62eb000-7f90d62ec000 r--p 00000000 00:00 0 
7f90d62ec000-7f90d62ee000 rw-p 00000000 00:00 0 
7f90d62ee000-7f90d62ef000 r--p 00027000 08:01 2233728                    /lib/x86_64-linux-gnu/ld-2.27.so
7f90d62ef000-7f90d62f0000 rw-p 00028000 08:01 2233728                    /lib/x86_64-linux-gnu/ld-2.27.so
7f90d62f0000-7f90d62f1000 rw-p 00000000 00:00 0 
7ffc128b7000-7ffc128ba000 ---p 00000000 00:00 0 
7ffc128ba000-7ffc129b7000 rw-p 00000000 00:00 0                          [stack]
7ffc129d2000-7ffc129d5000 r--p 00000000 00:00 0                          [vvar]
7ffc129d5000-7ffc129d7000 r-xp 00000000 00:00 0                          [vdso]
ffffffffff600000-ffffffffff601000 r-xp 00000000 00:00 0                  [vsyscall]

VM Arguments:
jvm_args: -Djava.compiler=NONE -verbose:jni 
java_command: <unknown>
java_class_path (initial): .:/home/wanhui/CallJvm/callJvmThreadpool/qin_test1.jar
Launcher Type: generic

Environment Variables:
JAVA_HOME=/usr/local/java
CLASSPATH=/home/wanhui/Downloads/clion-2019.2.1/lib/bootstrap.jar:/home/wanhui/Downloads/clion-2019.2.1/lib/extensions.jar:/home/wanhui/Downloads/clion-2019.2.1/lib/util.jar:/home/wanhui/Downloads/clion-2019.2.1/lib/jdom.jar:/home/wanhui/Downloads/clion-2019.2.1/lib/log4j.jar:/home/wanhui/Downloads/clion-2019.2.1/lib/trove4j.jar:/home/wanhui/Downloads/clion-2019.2.1/lib/jna.jar
PATH=/usr/local/sbin:/usr/local/bin:/usr/sbin:/usr/bin:/sbin:/bin:/snap/bin:/usr/local/redis/redis-4.0.9.tar_files/redis-4.0.9/src:/usr/local/mysql/bin
USERNAME=wanhui
SHELL=/bin/bash
DISPLAY=:0

Signal Handlers:
SIGSEGV: [libjvm.so+0xad3d90], sa_mask[0]=11111111011111111101111111111110, sa_flags=SA_RESTART|SA_SIGINFO
SIGBUS: [libjvm.so+0xad3d90], sa_mask[0]=11111111011111111101111111111110, sa_flags=SA_RESTART|SA_SIGINFO
SIGFPE: [libjvm.so+0x90b8b0], sa_mask[0]=11111111011111111101111111111110, sa_flags=SA_RESTART|SA_SIGINFO
SIGPIPE: [libjvm.so+0x90b8b0], sa_mask[0]=11111111011111111101111111111110, sa_flags=SA_RESTART|SA_SIGINFO
SIGXFSZ: [libjvm.so+0x90b8b0], sa_mask[0]=11111111011111111101111111111110, sa_flags=SA_RESTART|SA_SIGINFO
SIGILL: [libjvm.so+0x90b8b0], sa_mask[0]=11111111011111111101111111111110, sa_flags=SA_RESTART|SA_SIGINFO
SIGUSR1: SIG_DFL, sa_mask[0]=00000000000000000000000000000000, sa_flags=none
SIGUSR2: [libjvm.so+0x90b780], sa_mask[0]=00100000000000000000000000000000, sa_flags=SA_RESTART|SA_SIGINFO
SIGHUP: [libjvm.so+0x90bda0], sa_mask[0]=11111111011111111101111111111110, sa_flags=SA_RESTART|SA_SIGINFO
SIGINT: [libjvm.so+0x90bda0], sa_mask[0]=11111111011111111101111111111110, sa_flags=SA_RESTART|SA_SIGINFO
SIGTERM: [libjvm.so+0x90bda0], sa_mask[0]=11111111011111111101111111111110, sa_flags=SA_RESTART|SA_SIGINFO
SIGQUIT: [libjvm.so+0x90bda0], sa_mask[0]=11111111011111111101111111111110, sa_flags=SA_RESTART|SA_SIGINFO


---------------  S Y S T E M  ---------------

OS:DISTRIB_ID=Ubuntu
DISTRIB_RELEASE=18.04
DISTRIB_CODENAME=bionic
DISTRIB_DESCRIPTION="Ubuntu 18.04.3 LTS"

uname:Linux 4.15.0-66-generic #75-Ubuntu SMP Tue Oct 1 05:24:09 UTC 2019 x86_64
libc:glibc 2.27 NPTL 2.27 
rlimit: STACK 8192k, CORE 0k, NPROC 15513, NOFILE 1048576, AS infinity
load average:0.21 0.20 0.12

/proc/meminfo:
MemTotal:        4015688 kB
MemFree:          315324 kB
MemAvailable:    1253000 kB
Buffers:          182932 kB
Cached:           905908 kB
SwapCached:        71888 kB
Active:          2188772 kB
Inactive:         762616 kB
Active(anon):    1414384 kB
Inactive(anon):   460344 kB
Active(file):     774388 kB
Inactive(file):   302272 kB
Unevictable:          32 kB
Mlocked:              32 kB
SwapTotal:       2097148 kB
SwapFree:        1469996 kB
Dirty:               312 kB
Writeback:             0 kB
AnonPages:       1838180 kB
Mapped:           238216 kB
Shmem:             12168 kB
Slab:             203288 kB
SReclaimable:     131436 kB
SUnreclaim:        71852 kB
KernelStack:       13792 kB
PageTables:        47756 kB
NFS_Unstable:          0 kB
Bounce:                0 kB
WritebackTmp:          0 kB
CommitLimit:     4104992 kB
Committed_AS:    6328800 kB
VmallocTotal:   34359738367 kB
VmallocUsed:           0 kB
VmallocChunk:          0 kB
HardwareCorrupted:     0 kB
AnonHugePages:         0 kB
ShmemHugePages:        0 kB
ShmemPmdMapped:        0 kB
CmaTotal:              0 kB
CmaFree:               0 kB
HugePages_Total:       0
HugePages_Free:        0
HugePages_Rsvd:        0
HugePages_Surp:        0
Hugepagesize:       2048 kB
DirectMap4k:      276288 kB
DirectMap2M:     3917824 kB
DirectMap1G:     2097152 kB

container (cgroup) information:
container_type: cgroupv1
cpu_cpuset_cpus: 0-3
cpu_memory_nodes: 0
active_processor_count: 4
cpu_quota: -1
cpu_period: 100000
cpu_shares: -1
memory_limit_in_bytes: -1
memory_and_swap_limit_in_bytes: -2
memory_soft_limit_in_bytes: -1
memory_usage_in_bytes: 2998321152
memory_max_usage_in_bytes: 399400960


CPU:total 4 (initial active 4) (2 cores per cpu, 1 threads per core) family 6 model 158 stepping 13, cmov, cx8, fxsr, mmx, sse, sse2, sse3, ssse3, sse4.1, sse4.2, popcnt, avx, avx2, aes, clmul, erms, rtm, 3dnowpref, lzcnt, tsc, tscinvbit, bmi1, bmi2, adx

/proc/cpuinfo:
processor	: 0
vendor_id	: GenuineIntel
cpu family	: 6
model		: 158
model name	: Intel(R) Core(TM) i7-9700 CPU @ 3.00GHz
stepping	: 13
microcode	: 0xb4
cpu MHz		: 2999.999
cache size	: 12288 KB
physical id	: 0
siblings	: 2
core id		: 0
cpu cores	: 2
apicid		: 0
initial apicid	: 0
fpu		: yes
fpu_exception	: yes
cpuid level	: 22
wp		: yes
flags		: fpu vme de pse tsc msr pae mce cx8 apic sep mtrr pge mca cmov pat pse36 clflush mmx fxsr sse sse2 ss ht syscall nx pdpe1gb rdtscp lm constant_tsc arch_perfmon nopl xtopology tsc_reliable nonstop_tsc cpuid pni pclmulqdq vmx ssse3 fma cx16 pcid sse4_1 sse4_2 x2apic movbe popcnt tsc_deadline_timer aes xsave avx f16c rdrand hypervisor lahf_lm abm 3dnowprefetch cpuid_fault invpcid_single ssbd ibrs ibpb stibp ibrs_enhanced tpr_shadow vnmi ept vpid fsgsbase tsc_adjust bmi1 hle avx2 smep bmi2 invpcid rtm mpx rdseed adx smap clflushopt xsaveopt xsavec xsaves arat md_clear flush_l1d arch_capabilities
bugs		: spectre_v1 spectre_v2 spec_store_bypass swapgs
bogomips	: 5999.99
clflush size	: 64
cache_alignment	: 64
address sizes	: 43 bits physical, 48 bits virtual
power management:

processor	: 1
vendor_id	: GenuineIntel
cpu family	: 6
model		: 158
model name	: Intel(R) Core(TM) i7-9700 CPU @ 3.00GHz
stepping	: 13
microcode	: 0xb4
cpu MHz		: 2999.999
cache size	: 12288 KB
physical id	: 0
siblings	: 2
core id		: 1
cpu cores	: 2
apicid		: 1
initial apicid	: 1
fpu		: yes
fpu_exception	: yes
cpuid level	: 22
wp		: yes
flags		: fpu vme de pse tsc msr pae mce cx8 apic sep mtrr pge mca cmov pat pse36 clflush mmx fxsr sse sse2 ss ht syscall nx pdpe1gb rdtscp lm constant_tsc arch_perfmon nopl xtopology tsc_reliable nonstop_tsc cpuid pni pclmulqdq vmx ssse3 fma cx16 pcid sse4_1 sse4_2 x2apic movbe popcnt tsc_deadline_timer aes xsave avx f16c rdrand hypervisor lahf_lm abm 3dnowprefetch cpuid_fault invpcid_single ssbd ibrs ibpb stibp ibrs_enhanced tpr_shadow vnmi ept vpid fsgsbase tsc_adjust bmi1 hle avx2 smep bmi2 invpcid rtm mpx rdseed adx smap clflushopt xsaveopt xsavec xsaves arat md_clear flush_l1d arch_capabilities
bugs		: spectre_v1 spectre_v2 spec_store_bypass swapgs
bogomips	: 5999.99
clflush size	: 64
cache_alignment	: 64
address sizes	: 43 bits physical, 48 bits virtual
power management:

processor	: 2
vendor_id	: GenuineIntel
cpu family	: 6
model		: 158
model name	: Intel(R) Core(TM) i7-9700 CPU @ 3.00GHz
stepping	: 13
microcode	: 0xb4
cpu MHz		: 2999.999
cache size	: 12288 KB
physical id	: 1
siblings	: 2
core id		: 0
cpu cores	: 2
apicid		: 2
initial apicid	: 2
fpu		: yes
fpu_exception	: yes
cpuid level	: 22
wp		: yes
flags		: fpu vme de pse tsc msr pae mce cx8 apic sep mtrr pge mca cmov pat pse36 clflush mmx fxsr sse sse2 ss ht syscall nx pdpe1gb rdtscp lm constant_tsc arch_perfmon nopl xtopology tsc_reliable nonstop_tsc cpuid pni pclmulqdq vmx ssse3 fma cx16 pcid sse4_1 sse4_2 x2apic movbe popcnt tsc_deadline_timer aes xsave avx f16c rdrand hypervisor lahf_lm abm 3dnowprefetch cpuid_fault invpcid_single ssbd ibrs ibpb stibp ibrs_enhanced tpr_shadow vnmi ept vpid fsgsbase tsc_adjust bmi1 hle avx2 smep bmi2 invpcid rtm mpx rdseed adx smap clflushopt xsaveopt xsavec xsaves arat md_clear flush_l1d arch_capabilities
bugs		: spectre_v1 spectre_v2 spec_store_bypass swapgs
bogomips	: 5999.99
clflush size	: 64
cache_alignment	: 64
address sizes	: 43 bits physical, 48 bits virtual
power management:

processor	: 3
vendor_id	: GenuineIntel
cpu family	: 6
model		: 158
model name	: Intel(R) Core(TM) i7-9700 CPU @ 3.00GHz
stepping	: 13
microcode	: 0xb4
cpu MHz		: 2999.999
cache size	: 12288 KB
physical id	: 1
siblings	: 2
core id		: 1
cpu cores	: 2
apicid		: 3
initial apicid	: 3
fpu		: yes
fpu_exception	: yes
cpuid level	: 22
wp		: yes
flags		: fpu vme de pse tsc msr pae mce cx8 apic sep mtrr pge mca cmov pat pse36 clflush mmx fxsr sse sse2 ss ht syscall nx pdpe1gb rdtscp lm constant_tsc arch_perfmon nopl xtopology tsc_reliable nonstop_tsc cpuid pni pclmulqdq vmx ssse3 fma cx16 pcid sse4_1 sse4_2 x2apic movbe popcnt tsc_deadline_timer aes xsave avx f16c rdrand hypervisor lahf_lm abm 3dnowprefetch cpuid_fault invpcid_single ssbd ibrs ibpb stibp ibrs_enhanced tpr_shadow vnmi ept vpid fsgsbase tsc_adjust bmi1 hle avx2 smep bmi2 invpcid rtm mpx rdseed adx smap clflushopt xsaveopt xsavec xsaves arat md_clear flush_l1d arch_capabilities
bugs		: spectre_v1 spectre_v2 spec_store_bypass swapgs
bogomips	: 5999.99
clflush size	: 64
cache_alignment	: 64
address sizes	: 43 bits physical, 48 bits virtual
power management:



Memory: 4k page, physical 4015688k(315324k free), swap 2097148k(1469996k free)

vm_info: Java HotSpot(TM) 64-Bit Server VM (25.221-b11) for linux-amd64 JRE (1.8.0_221-b11), built on Jul  4 2019 04:27:00 by "java_re" with gcc 7.3.0

time: Tue Nov  5 11:33:13 2019
timezone: CST
elapsed time: 3 seconds (0d 0h 0m 3s)

