#
# A fatal error has been detected by the Java Runtime Environment:
#
#  SIGSEGV (0xb) at pc=0x00007fe9a78579cc, pid=17899, tid=0x00007fe98c878700
#
# JRE version: Java(TM) SE Runtime Environment (8.0_221-b11) (build 1.8.0_221-b11)
# Java VM: Java HotSpot(TM) 64-Bit Server VM (25.221-b11 interpreted mode linux-amd64 compressed oops)
# Problematic frame:
# V  [libjvm.so+0x6d49cc]  jni_CallStaticIntMethodV+0x6c
#
# Failed to write core dump. Core dumps have been disabled. To enable core dumping, try "ulimit -c unlimited" before starting Java again
#
# If you would like to submit a bug report, please visit:
#   http://bugreport.java.com/bugreport/crash.jsp
#

---------------  T H R E A D  ---------------

Current thread (0x00007fe960001000):  JavaThread "Thread-0" [_thread_in_vm, id=17911, stack(0x00007fe98c079000,0x00007fe98c879000)]

siginfo: si_signo: 11 (SIGSEGV), si_code: 1 (SEGV_MAPERR), si_addr: 0x0000000000000000

Registers:
RAX=0x00007fe9a7cd0220, RBX=0x00007fe960001000, RCX=0x00007fe98c877dd0, RDX=0x00007fe960001b78
RSP=0x00007fe98c877d20, RBP=0x00007fe98c877dc0, RSI=0x00007fe960001000, RDI=0x00007fe960001000
R8 =0x0000000000000000, R9 =0x0000000000000000, R10=0x00007fe9600008d0, R11=0x0000000000000001
R12=0x00007fe960002990, R13=0x00007fe9600011f8, R14=0x0000000000000000, R15=0x00007fe98c877dd0
RIP=0x00007fe9a78579cc, EFLAGS=0x0000000000010202, CSGSFS=0x002b000000000033, ERR=0x0000000000000004
  TRAPNO=0x000000000000000e

Top of Stack: (sp=0x00007fe98c877d20)
0x00007fe98c877d20:   000055efaa42e72b 0000064e8c877d50
0x00007fe98c877d30:   00007fe960001000 00007fe960001b70
0x00007fe98c877d40:   000000000000064e 00007fe9a7cd0220
0x00007fe98c877d50:   00007fe9a819d5c0 000055efaa42e72b
0x00007fe98c877d60:   00007fe98c877de0 00007fe9a76f2df3
0x00007fe98c877d70:   0000000000000000 61974d6240d04700
0x00007fe98c877d80:   0000000000000000 00007fe9a6f5f760
0x00007fe98c877d90:   0000000000000001 00007fe9600011f8
0x00007fe98c877da0:   00007fe960002990 0000000000000000
0x00007fe98c877db0:   0000000000000000 00007ffedbbfef70
0x00007fe98c877dc0:   00007fe9a81103e0 000055efaa42e563
0x00007fe98c877dd0:   0000003000000018 00007fe98c877eb0
0x00007fe98c877de0:   00007fe98c877df0 61974d6240d04700
0x00007fe98c877df0:   00007fe9a814af98 0000000000000000
0x00007fe98c877e00:   0000000000000000 0000000000000000
0x00007fe98c877e10:   0000000000000000 0000000000000000
0x00007fe98c877e20:   00007fe9400027f0 00007fe960001000
0x00007fe98c877e30:   00007fe960002990 000055efaa42e72b
0x00007fe98c877e40:   000055efaa42e714 00007fe960001000
0x00007fe98c877e50:   00007fe98c877ea0 00007fe9a784a7e8
0x00007fe98c877e60:   00007fe960001000 0000000000000000
0x00007fe98c877e70:   0000000000000000 00007fe9600011f8
0x00007fe98c877e80:   00007fe9600011f8 00007fe960002990
0x00007fe98c877e90:   00007fe9600011f8 00007fe9a81103e0
0x00007fe98c877ea0:   00007fe960002990 000055efaa42e343
0x00007fe98c877eb0:   00007fe9600011f8 61974d6240d04700
0x00007fe98c877ec0:   0000000000000000 000055efab2daaf0
0x00007fe98c877ed0:   0000000000000000 00007fe98c877fc0
0x00007fe98c877ee0:   0000000000000000 000055efaa42df55
0x00007fe98c877ef0:   0000000000000000 00007fe9a6f6b6db
0x00007fe98c877f00:   0000000000000000 00007fe98c878700
0x00007fe98c877f10:   00007fe98c878700 82f175cb67788098 

Instructions: (pc=0x00007fe9a78579cc)
0x00007fe9a78579ac:   48 89 9d 70 ff ff ff 48 c7 85 78 ff ff ff 00 00
0x00007fe9a78579bc:   00 00 74 0c 48 8d bd 70 ff ff ff e8 44 95 29 00
0x00007fe9a78579cc:   49 8b 06 c7 85 60 ff ff ff 0a 00 00 00 4c 8d 65
0x00007fe9a78579dc:   90 4c 89 e7 48 8b 40 08 0f b7 50 24 48 8b 40 08 

Register to memory mapping:

RAX=0x00007fe9a7cd0220: <offset 0xb4d220> in /usr/local/java/jre/lib/amd64/server/libjvm.so at 0x00007fe9a7183000
RBX=0x00007fe960001000 is a thread
RCX=0x00007fe98c877dd0 is pointing into the stack for thread: 0x00007fe960001000
RDX=0x00007fe960001b78 is an unknown value
RSP=0x00007fe98c877d20 is pointing into the stack for thread: 0x00007fe960001000
RBP=0x00007fe98c877dc0 is pointing into the stack for thread: 0x00007fe960001000
RSI=0x00007fe960001000 is a thread
RDI=0x00007fe960001000 is a thread
R8 =0x0000000000000000 is an unknown value
R9 =0x0000000000000000 is an unknown value
R10=0x00007fe9600008d0 is an unknown value
R11=0x0000000000000001 is an unknown value
R12=0x00007fe960002990 is an unknown value
R13=0x00007fe9600011f8 is an unknown value
R14=0x0000000000000000 is an unknown value
R15=0x00007fe98c877dd0 is pointing into the stack for thread: 0x00007fe960001000


Stack: [0x00007fe98c079000,0x00007fe98c879000],  sp=0x00007fe98c877d20,  free space=8187k
Native frames: (J=compiled Java code, j=interpreted, Vv=VM code, C=native code)
V  [libjvm.so+0x6d49cc]  jni_CallStaticIntMethodV+0x6c
C  [main+0x1563]  JNIEnv_::CallStaticIntMethod(_jclass*, _jmethodID*, ...)+0x93


---------------  P R O C E S S  ---------------

Java Threads: ( => current thread )
  0x00007fe954001000 JavaThread "Thread-3" [_thread_in_vm, id=17913, stack(0x00007fe96afff000,0x00007fe96b7ff000)]
  0x00007fe940001000 JavaThread "Thread-1" [_thread_in_vm, id=17915, stack(0x00007fe969ffd000,0x00007fe96a7fd000)]
  0x00007fe948001000 JavaThread "Thread-4" [_thread_in_vm, id=17914, stack(0x00007fe96a7fe000,0x00007fe96affe000)]
  0x00007fe958001000 JavaThread "Thread-2" [_thread_in_vm, id=17910, stack(0x00007fe98c87a000,0x00007fe98d07a000)]
  0x00007fe950001000 JavaThread "Thread-5" [_thread_in_vm, id=17912, stack(0x00007fe96b800000,0x00007fe96c000000)]
=>0x00007fe960001000 JavaThread "Thread-0" [_thread_in_vm, id=17911, stack(0x00007fe98c079000,0x00007fe98c879000)]
  0x000055efab2d8000 JavaThread "Service Thread" daemon [_thread_blocked, id=17908, stack(0x00007fe98d17b000,0x00007fe98d27c000)]
  0x000055efab2d6000 JavaThread "Signal Dispatcher" daemon [_thread_blocked, id=17907, stack(0x00007fe98d27c000,0x00007fe98d37d000)]
  0x000055efab2a5800 JavaThread "Finalizer" daemon [_thread_blocked, id=17906, stack(0x00007fe98dd4c000,0x00007fe98de4d000)]
  0x000055efab2a1000 JavaThread "Reference Handler" daemon [_thread_blocked, id=17905, stack(0x00007fe98de4d000,0x00007fe98df4e000)]
  0x000055efab229000 JavaThread "main" [_thread_in_native, id=17899, stack(0x00007ffedbb00000,0x00007ffedbc00000)]

Other Threads:
  0x000055efab297000 VMThread [stack: 0x00007fe98df4f000,0x00007fe98e04f000] [id=17904]
  0x000055efab2db000 WatcherThread [stack: 0x00007fe98d07b000,0x00007fe98d17b000] [id=17909]

VM state:not at safepoint (normal execution)

VM Mutex/Monitor currently owned by a thread: None

heap address: 0x00000000c2a00000, size: 982 MB, Compressed Oops mode: 32-bit
Narrow klass base: 0x0000000000000000, Narrow klass shift: 3
Compressed class space size: 1073741824 Address: 0x0000000100000000

Heap:
 PSYoungGen      total 18432K, used 2541K [0x00000000eb900000, 0x00000000ecd80000, 0x0000000100000000)
  eden space 15872K, 16% used [0x00000000eb900000,0x00000000ebb7b718,0x00000000ec880000)
  from space 2560K, 0% used [0x00000000ecb00000,0x00000000ecb00000,0x00000000ecd80000)
  to   space 2560K, 0% used [0x00000000ec880000,0x00000000ec880000,0x00000000ecb00000)
 ParOldGen       total 42496K, used 0K [0x00000000c2a00000, 0x00000000c5380000, 0x00000000eb900000)
  object space 42496K, 0% used [0x00000000c2a00000,0x00000000c2a00000,0x00000000c5380000)
 Metaspace       used 2564K, capacity 4486K, committed 4864K, reserved 1056768K
  class space    used 281K, capacity 386K, committed 512K, reserved 1048576K

Card table byte_map: [0x00007fe995f81000,0x00007fe99616d000] byte_map_base: 0x00007fe99596c000

Marking Bits: (ParMarkBitMap*) 0x00007fe9a814ed80
 Begin Bits: [0x00007fe98e150000, 0x00007fe98f0a8000)
 End Bits:   [0x00007fe98f0a8000, 0x00007fe990000000)

Polling page: 0x00007fe9a8390000

CodeCache: size=245760Kb used=473Kb max_used=473Kb free=245286Kb
 bounds [0x00007fe99652d000, 0x00007fe99679d000, 0x00007fe9a552d000]
 total_blobs=179 nmethods=0 adapters=145
 compilation: disabled (interpreter mode)

Compilation events (0 events):
No events

GC Heap History (0 events):
No events

Deoptimization events (0 events):
No events

Classes redefined (0 events):
No events

Internal exceptions (4 events):
Event: 0.018 Thread 0x000055efab229000 Exception <a 'java/lang/NoSuchMethodError': Method sun.misc.Unsafe.defineClass(Ljava/lang/String;[BII)Ljava/lang/Class; name or signature does not match> (0x00000000eb907cb8) thrown at [/HUDSON/workspace/8-2-build-linux-amd64/jdk8u221/13320/hotspot/src/sh
Event: 0.019 Thread 0x000055efab229000 Exception <a 'java/lang/NoSuchMethodError': Method sun.misc.Unsafe.prefetchRead(Ljava/lang/Object;J)V name or signature does not match> (0x00000000eb907fa0) thrown at [/HUDSON/workspace/8-2-build-linux-amd64/jdk8u221/13320/hotspot/src/share/vm/prims/jni.c
Event: 0.042 Thread 0x00007fe960001000 Exception <a 'java/lang/NoSuchMethodError': name> (0x00000000eb9b2228) thrown at [/HUDSON/workspace/8-2-build-linux-amd64/jdk8u221/13320/hotspot/src/share/vm/prims/jni.cpp, line 1614]
Event: 0.042 Thread 0x00007fe950001000 Exception <a 'java/lang/NoSuchMethodError': name> (0x00000000eb9ee678) thrown at [/HUDSON/workspace/8-2-build-linux-amd64/jdk8u221/13320/hotspot/src/share/vm/prims/jni.cpp, line 1614]

Events (10 events):
Event: 0.042 loading class java/io/FilePermission$1
Event: 0.042 loading class java/io/FilePermission$1 done
Event: 0.042 loading class java/io/FilePermissionCollection
Event: 0.042 loading class java/io/FilePermissionCollection done
Event: 0.042 loading class java/security/AllPermission
Event: 0.042 loading class java/security/AllPermission done
Event: 0.042 loading class java/security/UnresolvedPermission
Event: 0.042 loading class java/security/UnresolvedPermission done
Event: 0.042 loading class java/security/BasicPermissionCollection
Event: 0.042 loading class java/security/BasicPermissionCollection done


Dynamic libraries:
c2a00000-c5380000 rw-p 00000000 00:00 0 
c5380000-eb900000 ---p 00000000 00:00 0 
eb900000-ecd80000 rw-p 00000000 00:00 0 
ecd80000-100000000 ---p 00000000 00:00 0 
100000000-100080000 rw-p 00000000 00:00 0 
100080000-140000000 ---p 00000000 00:00 0 
55efaa42d000-55efaa42f000 r-xp 00000000 08:01 7053                       /home/wanhui/CallJvm/callJvmThreadpool/cmake-build-debug/main
55efaa62e000-55efaa62f000 r--p 00001000 08:01 7053                       /home/wanhui/CallJvm/callJvmThreadpool/cmake-build-debug/main
55efaa62f000-55efaa630000 rw-p 00002000 08:01 7053                       /home/wanhui/CallJvm/callJvmThreadpool/cmake-build-debug/main
55efab20c000-55efab2e6000 rw-p 00000000 00:00 0                          [heap]
7fe940000000-7fe940021000 rw-p 00000000 00:00 0 
7fe940021000-7fe944000000 ---p 00000000 00:00 0 
7fe948000000-7fe948021000 rw-p 00000000 00:00 0 
7fe948021000-7fe94c000000 ---p 00000000 00:00 0 
7fe950000000-7fe950021000 rw-p 00000000 00:00 0 
7fe950021000-7fe954000000 ---p 00000000 00:00 0 
7fe954000000-7fe954021000 rw-p 00000000 00:00 0 
7fe954021000-7fe958000000 ---p 00000000 00:00 0 
7fe958000000-7fe958021000 rw-p 00000000 00:00 0 
7fe958021000-7fe95c000000 ---p 00000000 00:00 0 
7fe960000000-7fe96003e000 rw-p 00000000 00:00 0 
7fe96003e000-7fe964000000 ---p 00000000 00:00 0 
7fe964000000-7fe964021000 rw-p 00000000 00:00 0 
7fe964021000-7fe968000000 ---p 00000000 00:00 0 
7fe969d67000-7fe969ffc000 rw-p 00000000 00:00 0 
7fe969ffc000-7fe969ffd000 ---p 00000000 00:00 0 
7fe969ffd000-7fe96a000000 ---p 00000000 00:00 0 
7fe96a000000-7fe96a7fd000 rw-p 00000000 00:00 0 
7fe96a7fd000-7fe96a7fe000 ---p 00000000 00:00 0 
7fe96a7fe000-7fe96a801000 ---p 00000000 00:00 0 
7fe96a801000-7fe96affe000 rw-p 00000000 00:00 0 
7fe96affe000-7fe96afff000 ---p 00000000 00:00 0 
7fe96afff000-7fe96b002000 ---p 00000000 00:00 0 
7fe96b002000-7fe96b7ff000 rw-p 00000000 00:00 0 
7fe96b7ff000-7fe96b800000 ---p 00000000 00:00 0 
7fe96b800000-7fe96b803000 ---p 00000000 00:00 0 
7fe96b803000-7fe96c000000 rw-p 00000000 00:00 0 
7fe96c000000-7fe96c021000 rw-p 00000000 00:00 0 
7fe96c021000-7fe970000000 ---p 00000000 00:00 0 
7fe970000000-7fe970021000 rw-p 00000000 00:00 0 
7fe970021000-7fe974000000 ---p 00000000 00:00 0 
7fe974000000-7fe974021000 rw-p 00000000 00:00 0 
7fe974021000-7fe978000000 ---p 00000000 00:00 0 
7fe978000000-7fe978021000 rw-p 00000000 00:00 0 
7fe978021000-7fe97c000000 ---p 00000000 00:00 0 
7fe97c000000-7fe97c021000 rw-p 00000000 00:00 0 
7fe97c021000-7fe980000000 ---p 00000000 00:00 0 
7fe980000000-7fe980021000 rw-p 00000000 00:00 0 
7fe980021000-7fe984000000 ---p 00000000 00:00 0 
7fe984000000-7fe984021000 rw-p 00000000 00:00 0 
7fe984021000-7fe988000000 ---p 00000000 00:00 0 
7fe988000000-7fe988021000 rw-p 00000000 00:00 0 
7fe988021000-7fe98c000000 ---p 00000000 00:00 0 
7fe98c078000-7fe98c079000 ---p 00000000 00:00 0 
7fe98c079000-7fe98c07c000 ---p 00000000 00:00 0 
7fe98c07c000-7fe98c879000 rw-p 00000000 00:00 0 
7fe98c879000-7fe98c87a000 ---p 00000000 00:00 0 
7fe98c87a000-7fe98c87d000 ---p 00000000 00:00 0 
7fe98c87d000-7fe98d07a000 rw-p 00000000 00:00 0 
7fe98d07a000-7fe98d07b000 ---p 00000000 00:00 0 
7fe98d07b000-7fe98d17b000 rw-p 00000000 00:00 0 
7fe98d17b000-7fe98d17e000 ---p 00000000 00:00 0 
7fe98d17e000-7fe98d27c000 rw-p 00000000 00:00 0 
7fe98d27c000-7fe98d27f000 ---p 00000000 00:00 0 
7fe98d27f000-7fe98d37d000 rw-p 00000000 00:00 0 
7fe98d37d000-7fe98dd4c000 r--p 00000000 08:01 1186501                    /usr/lib/locale/locale-archive
7fe98dd4c000-7fe98dd4f000 ---p 00000000 00:00 0 
7fe98dd4f000-7fe98de4d000 rw-p 00000000 00:00 0 
7fe98de4d000-7fe98de50000 ---p 00000000 00:00 0 
7fe98de50000-7fe98df4e000 rw-p 00000000 00:00 0 
7fe98df4e000-7fe98df4f000 ---p 00000000 00:00 0 
7fe98df4f000-7fe990000000 rw-p 00000000 00:00 0 
7fe990000000-7fe990021000 rw-p 00000000 00:00 0 
7fe990021000-7fe994000000 ---p 00000000 00:00 0 
7fe99403f000-7fe994f42000 rw-p 00000000 00:00 0 
7fe994f42000-7fe99511c000 r--s 03d88000 08:01 1324703                    /usr/local/java/jre/lib/rt.jar
7fe99511c000-7fe9955d2000 rw-p 00000000 00:00 0 
7fe9955d2000-7fe995992000 ---p 00000000 00:00 0 
7fe995992000-7fe995b7d000 rw-p 00000000 00:00 0 
7fe995b7d000-7fe995b7e000 ---p 00000000 00:00 0 
7fe995b7e000-7fe995c7e000 rw-p 00000000 00:00 0 
7fe995c7e000-7fe995c7f000 ---p 00000000 00:00 0 
7fe995c7f000-7fe995d7f000 rw-p 00000000 00:00 0 
7fe995d7f000-7fe995d80000 ---p 00000000 00:00 0 
7fe995d80000-7fe995e80000 rw-p 00000000 00:00 0 
7fe995e80000-7fe995e81000 ---p 00000000 00:00 0 
7fe995e81000-7fe995f96000 rw-p 00000000 00:00 0 
7fe995f96000-7fe9960c8000 ---p 00000000 00:00 0 
7fe9960c8000-7fe9960d3000 rw-p 00000000 00:00 0 
7fe9960d3000-7fe99616c000 ---p 00000000 00:00 0 
7fe99616c000-7fe996177000 rw-p 00000000 00:00 0 
7fe996177000-7fe99652d000 ---p 00000000 00:00 0 
7fe99652d000-7fe99679d000 rwxp 00000000 00:00 0 
7fe99679d000-7fe9a552d000 ---p 00000000 00:00 0 
7fe9a552d000-7fe9a5548000 r-xp 00000000 08:01 1453051                    /usr/local/java/jre/lib/amd64/libzip.so
7fe9a5548000-7fe9a5747000 ---p 0001b000 08:01 1453051                    /usr/local/java/jre/lib/amd64/libzip.so
7fe9a5747000-7fe9a5748000 r--p 0001a000 08:01 1453051                    /usr/local/java/jre/lib/amd64/libzip.so
7fe9a5748000-7fe9a5749000 rw-p 0001b000 08:01 1453051                    /usr/local/java/jre/lib/amd64/libzip.so
7fe9a5749000-7fe9a5754000 r-xp 00000000 08:01 2233846                    /lib/x86_64-linux-gnu/libnss_files-2.27.so
7fe9a5754000-7fe9a5953000 ---p 0000b000 08:01 2233846                    /lib/x86_64-linux-gnu/libnss_files-2.27.so
7fe9a5953000-7fe9a5954000 r--p 0000a000 08:01 2233846                    /lib/x86_64-linux-gnu/libnss_files-2.27.so
7fe9a5954000-7fe9a5955000 rw-p 0000b000 08:01 2233846                    /lib/x86_64-linux-gnu/libnss_files-2.27.so
7fe9a5955000-7fe9a595b000 rw-p 00000000 00:00 0 
7fe9a595b000-7fe9a5972000 r-xp 00000000 08:01 2233840                    /lib/x86_64-linux-gnu/libnsl-2.27.so
7fe9a5972000-7fe9a5b71000 ---p 00017000 08:01 2233840                    /lib/x86_64-linux-gnu/libnsl-2.27.so
7fe9a5b71000-7fe9a5b72000 r--p 00016000 08:01 2233840                    /lib/x86_64-linux-gnu/libnsl-2.27.so
7fe9a5b72000-7fe9a5b73000 rw-p 00017000 08:01 2233840                    /lib/x86_64-linux-gnu/libnsl-2.27.so
7fe9a5b73000-7fe9a5b75000 rw-p 00000000 00:00 0 
7fe9a5b75000-7fe9a5b80000 r-xp 00000000 08:01 2233857                    /lib/x86_64-linux-gnu/libnss_nis-2.27.so
7fe9a5b80000-7fe9a5d7f000 ---p 0000b000 08:01 2233857                    /lib/x86_64-linux-gnu/libnss_nis-2.27.so
7fe9a5d7f000-7fe9a5d80000 r--p 0000a000 08:01 2233857                    /lib/x86_64-linux-gnu/libnss_nis-2.27.so
7fe9a5d80000-7fe9a5d81000 rw-p 0000b000 08:01 2233857                    /lib/x86_64-linux-gnu/libnss_nis-2.27.so
7fe9a5d81000-7fe9a5d89000 r-xp 00000000 08:01 2233842                    /lib/x86_64-linux-gnu/libnss_compat-2.27.so
7fe9a5d89000-7fe9a5f89000 ---p 00008000 08:01 2233842                    /lib/x86_64-linux-gnu/libnss_compat-2.27.so
7fe9a5f89000-7fe9a5f8a000 r--p 00008000 08:01 2233842                    /lib/x86_64-linux-gnu/libnss_compat-2.27.so
7fe9a5f8a000-7fe9a5f8b000 rw-p 00009000 08:01 2233842                    /lib/x86_64-linux-gnu/libnss_compat-2.27.so
7fe9a5f8b000-7fe9a5fb7000 r-xp 00000000 08:01 1453042                    /usr/local/java/jre/lib/amd64/libjava.so
7fe9a5fb7000-7fe9a61b7000 ---p 0002c000 08:01 1453042                    /usr/local/java/jre/lib/amd64/libjava.so
7fe9a61b7000-7fe9a61b8000 r--p 0002c000 08:01 1453042                    /usr/local/java/jre/lib/amd64/libjava.so
7fe9a61b8000-7fe9a61ba000 rw-p 0002d000 08:01 1453042                    /usr/local/java/jre/lib/amd64/libjava.so
7fe9a61ba000-7fe9a61c7000 r-xp 00000000 08:01 1453033                    /usr/local/java/jre/lib/amd64/libverify.so
7fe9a61c7000-7fe9a63c6000 ---p 0000d000 08:01 1453033                    /usr/local/java/jre/lib/amd64/libverify.so
7fe9a63c6000-7fe9a63c8000 r--p 0000c000 08:01 1453033                    /usr/local/java/jre/lib/amd64/libverify.so
7fe9a63c8000-7fe9a63c9000 rw-p 0000e000 08:01 1453033                    /usr/local/java/jre/lib/amd64/libverify.so
7fe9a63c9000-7fe9a63d0000 r-xp 00000000 08:01 2233897                    /lib/x86_64-linux-gnu/librt-2.27.so
7fe9a63d0000-7fe9a65cf000 ---p 00007000 08:01 2233897                    /lib/x86_64-linux-gnu/librt-2.27.so
7fe9a65cf000-7fe9a65d0000 r--p 00006000 08:01 2233897                    /lib/x86_64-linux-gnu/librt-2.27.so
7fe9a65d0000-7fe9a65d1000 rw-p 00007000 08:01 2233897                    /lib/x86_64-linux-gnu/librt-2.27.so
7fe9a65d1000-7fe9a65d4000 r-xp 00000000 08:01 2233779                    /lib/x86_64-linux-gnu/libdl-2.27.so
7fe9a65d4000-7fe9a67d3000 ---p 00003000 08:01 2233779                    /lib/x86_64-linux-gnu/libdl-2.27.so
7fe9a67d3000-7fe9a67d4000 r--p 00002000 08:01 2233779                    /lib/x86_64-linux-gnu/libdl-2.27.so
7fe9a67d4000-7fe9a67d5000 rw-p 00003000 08:01 2233779                    /lib/x86_64-linux-gnu/libdl-2.27.so
7fe9a67d5000-7fe9a6972000 r-xp 00000000 08:01 2233819                    /lib/x86_64-linux-gnu/libm-2.27.so
7fe9a6972000-7fe9a6b71000 ---p 0019d000 08:01 2233819                    /lib/x86_64-linux-gnu/libm-2.27.so
7fe9a6b71000-7fe9a6b72000 r--p 0019c000 08:01 2233819                    /lib/x86_64-linux-gnu/libm-2.27.so
7fe9a6b72000-7fe9a6b73000 rw-p 0019d000 08:01 2233819                    /lib/x86_64-linux-gnu/libm-2.27.so
7fe9a6b73000-7fe9a6d5a000 r-xp 00000000 08:01 2233756                    /lib/x86_64-linux-gnu/libc-2.27.so
7fe9a6d5a000-7fe9a6f5a000 ---p 001e7000 08:01 2233756                    /lib/x86_64-linux-gnu/libc-2.27.so
7fe9a6f5a000-7fe9a6f5e000 r--p 001e7000 08:01 2233756                    /lib/x86_64-linux-gnu/libc-2.27.so
7fe9a6f5e000-7fe9a6f60000 rw-p 001eb000 08:01 2233756                    /lib/x86_64-linux-gnu/libc-2.27.so
7fe9a6f60000-7fe9a6f64000 rw-p 00000000 00:00 0 
7fe9a6f64000-7fe9a6f7e000 r-xp 00000000 08:01 2233889                    /lib/x86_64-linux-gnu/libpthread-2.27.so
7fe9a6f7e000-7fe9a717d000 ---p 0001a000 08:01 2233889                    /lib/x86_64-linux-gnu/libpthread-2.27.so
7fe9a717d000-7fe9a717e000 r--p 00019000 08:01 2233889                    /lib/x86_64-linux-gnu/libpthread-2.27.so
7fe9a717e000-7fe9a717f000 rw-p 0001a000 08:01 2233889                    /lib/x86_64-linux-gnu/libpthread-2.27.so
7fe9a717f000-7fe9a7183000 rw-p 00000000 00:00 0 
7fe9a7183000-7fe9a7e6b000 r-xp 00000000 08:01 1453049                    /usr/local/java/jre/lib/amd64/server/libjvm.so
7fe9a7e6b000-7fe9a806a000 ---p 00ce8000 08:01 1453049                    /usr/local/java/jre/lib/amd64/server/libjvm.so
7fe9a806a000-7fe9a8100000 r--p 00ce7000 08:01 1453049                    /usr/local/java/jre/lib/amd64/server/libjvm.so
7fe9a8100000-7fe9a8131000 rw-p 00d7d000 08:01 1453049                    /usr/local/java/jre/lib/amd64/server/libjvm.so
7fe9a8131000-7fe9a816c000 rw-p 00000000 00:00 0 
7fe9a816c000-7fe9a8193000 r-xp 00000000 08:01 2233728                    /lib/x86_64-linux-gnu/ld-2.27.so
7fe9a819c000-7fe9a8248000 rw-p 00000000 00:00 0 
7fe9a8248000-7fe9a837b000 ---p 00000000 00:00 0 
7fe9a837b000-7fe9a837d000 rw-p 00000000 00:00 0 
7fe9a8386000-7fe9a8387000 r--s 00000000 08:01 7072                       /home/wanhui/CallJvm/callJvmThreadpool/qin_test1.jar
7fe9a8387000-7fe9a838f000 rw-s 00000000 08:01 6972                       /tmp/hsperfdata_wanhui/17899
7fe9a838f000-7fe9a8390000 rw-p 00000000 00:00 0 
7fe9a8390000-7fe9a8391000 r--p 00000000 00:00 0 
7fe9a8391000-7fe9a8393000 rw-p 00000000 00:00 0 
7fe9a8393000-7fe9a8394000 r--p 00027000 08:01 2233728                    /lib/x86_64-linux-gnu/ld-2.27.so
7fe9a8394000-7fe9a8395000 rw-p 00028000 08:01 2233728                    /lib/x86_64-linux-gnu/ld-2.27.so
7fe9a8395000-7fe9a8396000 rw-p 00000000 00:00 0 
7ffedbb00000-7ffedbb03000 ---p 00000000 00:00 0 
7ffedbb03000-7ffedbc00000 rw-p 00000000 00:00 0                          [stack]
7ffedbd3e000-7ffedbd41000 r--p 00000000 00:00 0                          [vvar]
7ffedbd41000-7ffedbd43000 r-xp 00000000 00:00 0                          [vdso]
ffffffffff600000-ffffffffff601000 r-xp 00000000 00:00 0                  [vsyscall]

VM Arguments:
jvm_args: -Djava.compiler=NONE -verbose:jni 
java_command: <unknown>
java_class_path (initial): .:/home/wanhui/CallJvm/callJvmThreadpool/qin_test1.jar
Launcher Type: generic

Environment Variables:
JAVA_HOME=/usr/local/java
CLASSPATH=/home/wanhui/Downloads/clion-2019.2.1/lib/bootstrap.jar:/home/wanhui/Downloads/clion-2019.2.1/lib/extensions.jar:/home/wanhui/Downloads/clion-2019.2.1/lib/util.jar:/home/wanhui/Downloads/clion-2019.2.1/lib/jdom.jar:/home/wanhui/Downloads/clion-2019.2.1/lib/log4j.jar:/home/wanhui/Downloads/clion-2019.2.1/lib/trove4j.jar:/home/wanhui/Downloads/clion-2019.2.1/lib/jna.jar
PATH=/usr/local/sbin:/usr/local/bin:/usr/sbin:/usr/bin:/sbin:/bin:/snap/bin:/usr/local/redis/redis-4.0.9.tar_files/redis-4.0.9/src:/usr/local/mysql/bin
USERNAME=wanhui
SHELL=/bin/bash
DISPLAY=:0

Signal Handlers:
SIGSEGV: [libjvm.so+0xad3d90], sa_mask[0]=11111111011111111101111111111110, sa_flags=SA_RESTART|SA_SIGINFO
SIGBUS: [libjvm.so+0xad3d90], sa_mask[0]=11111111011111111101111111111110, sa_flags=SA_RESTART|SA_SIGINFO
SIGFPE: [libjvm.so+0x90b8b0], sa_mask[0]=11111111011111111101111111111110, sa_flags=SA_RESTART|SA_SIGINFO
SIGPIPE: [libjvm.so+0x90b8b0], sa_mask[0]=11111111011111111101111111111110, sa_flags=SA_RESTART|SA_SIGINFO
SIGXFSZ: [libjvm.so+0x90b8b0], sa_mask[0]=11111111011111111101111111111110, sa_flags=SA_RESTART|SA_SIGINFO
SIGILL: [libjvm.so+0x90b8b0], sa_mask[0]=11111111011111111101111111111110, sa_flags=SA_RESTART|SA_SIGINFO
SIGUSR1: SIG_DFL, sa_mask[0]=00000000000000000000000000000000, sa_flags=none
SIGUSR2: [libjvm.so+0x90b780], sa_mask[0]=00100000000000000000000000000000, sa_flags=SA_RESTART|SA_SIGINFO
SIGHUP: [libjvm.so+0x90bda0], sa_mask[0]=11111111011111111101111111111110, sa_flags=SA_RESTART|SA_SIGINFO
SIGINT: [libjvm.so+0x90bda0], sa_mask[0]=11111111011111111101111111111110, sa_flags=SA_RESTART|SA_SIGINFO
SIGTERM: [libjvm.so+0x90bda0], sa_mask[0]=11111111011111111101111111111110, sa_flags=SA_RESTART|SA_SIGINFO
SIGQUIT: [libjvm.so+0x90bda0], sa_mask[0]=11111111011111111101111111111110, sa_flags=SA_RESTART|SA_SIGINFO


---------------  S Y S T E M  ---------------

OS:DISTRIB_ID=Ubuntu
DISTRIB_RELEASE=18.04
DISTRIB_CODENAME=bionic
DISTRIB_DESCRIPTION="Ubuntu 18.04.3 LTS"

uname:Linux 4.15.0-66-generic #75-Ubuntu SMP Tue Oct 1 05:24:09 UTC 2019 x86_64
libc:glibc 2.27 NPTL 2.27 
rlimit: STACK 8192k, CORE 0k, NPROC 15513, NOFILE 1048576, AS infinity
load average:1.19 0.63 0.43

/proc/meminfo:
MemTotal:        4015688 kB
MemFree:          121472 kB
MemAvailable:     161828 kB
Buffers:            7884 kB
Cached:           243900 kB
SwapCached:        21656 kB
Active:          2438888 kB
Inactive:         632388 kB
Active(anon):    2287104 kB
Inactive(anon):   569432 kB
Active(file):     151784 kB
Inactive(file):    62956 kB
Unevictable:          48 kB
Mlocked:              48 kB
SwapTotal:       2097148 kB
SwapFree:         651296 kB
Dirty:               712 kB
Writeback:             4 kB
AnonPages:       2799984 kB
Mapped:           166212 kB
Shmem:             37052 kB
Slab:             139176 kB
SReclaimable:      61172 kB
SUnreclaim:        78004 kB
KernelStack:       17956 kB
PageTables:        65340 kB
NFS_Unstable:          0 kB
Bounce:                0 kB
WritebackTmp:          0 kB
CommitLimit:     4104992 kB
Committed_AS:   10064848 kB
VmallocTotal:   34359738367 kB
VmallocUsed:           0 kB
VmallocChunk:          0 kB
HardwareCorrupted:     0 kB
AnonHugePages:         0 kB
ShmemHugePages:        0 kB
ShmemPmdMapped:        0 kB
CmaTotal:              0 kB
CmaFree:               0 kB
HugePages_Total:       0
HugePages_Free:        0
HugePages_Rsvd:        0
HugePages_Surp:        0
Hugepagesize:       2048 kB
DirectMap4k:      374592 kB
DirectMap2M:     3819520 kB
DirectMap1G:     2097152 kB

container (cgroup) information:
container_type: cgroupv1
cpu_cpuset_cpus: 0-3
cpu_memory_nodes: 0
active_processor_count: 4
cpu_quota: -1
cpu_period: 100000
cpu_shares: -1
memory_limit_in_bytes: -1
memory_and_swap_limit_in_bytes: -2
memory_soft_limit_in_bytes: -1
memory_usage_in_bytes: 3133771776
memory_max_usage_in_bytes: 682409984


CPU:total 4 (initial active 4) (2 cores per cpu, 1 threads per core) family 6 model 158 stepping 13, cmov, cx8, fxsr, mmx, sse, sse2, sse3, ssse3, sse4.1, sse4.2, popcnt, avx, avx2, aes, clmul, erms, rtm, 3dnowpref, lzcnt, tsc, tscinvbit, bmi1, bmi2, adx

/proc/cpuinfo:
processor	: 0
vendor_id	: GenuineIntel
cpu family	: 6
model		: 158
model name	: Intel(R) Core(TM) i7-9700 CPU @ 3.00GHz
stepping	: 13
microcode	: 0xb4
cpu MHz		: 2999.999
cache size	: 12288 KB
physical id	: 0
siblings	: 2
core id		: 0
cpu cores	: 2
apicid		: 0
initial apicid	: 0
fpu		: yes
fpu_exception	: yes
cpuid level	: 22
wp		: yes
flags		: fpu vme de pse tsc msr pae mce cx8 apic sep mtrr pge mca cmov pat pse36 clflush mmx fxsr sse sse2 ss ht syscall nx pdpe1gb rdtscp lm constant_tsc arch_perfmon nopl xtopology tsc_reliable nonstop_tsc cpuid pni pclmulqdq vmx ssse3 fma cx16 pcid sse4_1 sse4_2 x2apic movbe popcnt tsc_deadline_timer aes xsave avx f16c rdrand hypervisor lahf_lm abm 3dnowprefetch cpuid_fault invpcid_single ssbd ibrs ibpb stibp ibrs_enhanced tpr_shadow vnmi ept vpid fsgsbase tsc_adjust bmi1 hle avx2 smep bmi2 invpcid rtm mpx rdseed adx smap clflushopt xsaveopt xsavec xsaves arat md_clear flush_l1d arch_capabilities
bugs		: spectre_v1 spectre_v2 spec_store_bypass swapgs
bogomips	: 5999.99
clflush size	: 64
cache_alignment	: 64
address sizes	: 43 bits physical, 48 bits virtual
power management:

processor	: 1
vendor_id	: GenuineIntel
cpu family	: 6
model		: 158
model name	: Intel(R) Core(TM) i7-9700 CPU @ 3.00GHz
stepping	: 13
microcode	: 0xb4
cpu MHz		: 2999.999
cache size	: 12288 KB
physical id	: 0
siblings	: 2
core id		: 1
cpu cores	: 2
apicid		: 1
initial apicid	: 1
fpu		: yes
fpu_exception	: yes
cpuid level	: 22
wp		: yes
flags		: fpu vme de pse tsc msr pae mce cx8 apic sep mtrr pge mca cmov pat pse36 clflush mmx fxsr sse sse2 ss ht syscall nx pdpe1gb rdtscp lm constant_tsc arch_perfmon nopl xtopology tsc_reliable nonstop_tsc cpuid pni pclmulqdq vmx ssse3 fma cx16 pcid sse4_1 sse4_2 x2apic movbe popcnt tsc_deadline_timer aes xsave avx f16c rdrand hypervisor lahf_lm abm 3dnowprefetch cpuid_fault invpcid_single ssbd ibrs ibpb stibp ibrs_enhanced tpr_shadow vnmi ept vpid fsgsbase tsc_adjust bmi1 hle avx2 smep bmi2 invpcid rtm mpx rdseed adx smap clflushopt xsaveopt xsavec xsaves arat md_clear flush_l1d arch_capabilities
bugs		: spectre_v1 spectre_v2 spec_store_bypass swapgs
bogomips	: 5999.99
clflush size	: 64
cache_alignment	: 64
address sizes	: 43 bits physical, 48 bits virtual
power management:

processor	: 2
vendor_id	: GenuineIntel
cpu family	: 6
model		: 158
model name	: Intel(R) Core(TM) i7-9700 CPU @ 3.00GHz
stepping	: 13
microcode	: 0xb4
cpu MHz		: 2999.999
cache size	: 12288 KB
physical id	: 1
siblings	: 2
core id		: 0
cpu cores	: 2
apicid		: 2
initial apicid	: 2
fpu		: yes
fpu_exception	: yes
cpuid level	: 22
wp		: yes
flags		: fpu vme de pse tsc msr pae mce cx8 apic sep mtrr pge mca cmov pat pse36 clflush mmx fxsr sse sse2 ss ht syscall nx pdpe1gb rdtscp lm constant_tsc arch_perfmon nopl xtopology tsc_reliable nonstop_tsc cpuid pni pclmulqdq vmx ssse3 fma cx16 pcid sse4_1 sse4_2 x2apic movbe popcnt tsc_deadline_timer aes xsave avx f16c rdrand hypervisor lahf_lm abm 3dnowprefetch cpuid_fault invpcid_single ssbd ibrs ibpb stibp ibrs_enhanced tpr_shadow vnmi ept vpid fsgsbase tsc_adjust bmi1 hle avx2 smep bmi2 invpcid rtm mpx rdseed adx smap clflushopt xsaveopt xsavec xsaves arat md_clear flush_l1d arch_capabilities
bugs		: spectre_v1 spectre_v2 spec_store_bypass swapgs
bogomips	: 5999.99
clflush size	: 64
cache_alignment	: 64
address sizes	: 43 bits physical, 48 bits virtual
power management:

processor	: 3
vendor_id	: GenuineIntel
cpu family	: 6
model		: 158
model name	: Intel(R) Core(TM) i7-9700 CPU @ 3.00GHz
stepping	: 13
microcode	: 0xb4
cpu MHz		: 2999.999
cache size	: 12288 KB
physical id	: 1
siblings	: 2
core id		: 1
cpu cores	: 2
apicid		: 3
initial apicid	: 3
fpu		: yes
fpu_exception	: yes
cpuid level	: 22
wp		: yes
flags		: fpu vme de pse tsc msr pae mce cx8 apic sep mtrr pge mca cmov pat pse36 clflush mmx fxsr sse sse2 ss ht syscall nx pdpe1gb rdtscp lm constant_tsc arch_perfmon nopl xtopology tsc_reliable nonstop_tsc cpuid pni pclmulqdq vmx ssse3 fma cx16 pcid sse4_1 sse4_2 x2apic movbe popcnt tsc_deadline_timer aes xsave avx f16c rdrand hypervisor lahf_lm abm 3dnowprefetch cpuid_fault invpcid_single ssbd ibrs ibpb stibp ibrs_enhanced tpr_shadow vnmi ept vpid fsgsbase tsc_adjust bmi1 hle avx2 smep bmi2 invpcid rtm mpx rdseed adx smap clflushopt xsaveopt xsavec xsaves arat md_clear flush_l1d arch_capabilities
bugs		: spectre_v1 spectre_v2 spec_store_bypass swapgs
bogomips	: 5999.99
clflush size	: 64
cache_alignment	: 64
address sizes	: 43 bits physical, 48 bits virtual
power management:



Memory: 4k page, physical 4015688k(121472k free), swap 2097148k(651296k free)

vm_info: Java HotSpot(TM) 64-Bit Server VM (25.221-b11) for linux-amd64 JRE (1.8.0_221-b11), built on Jul  4 2019 04:27:00 by "java_re" with gcc 7.3.0

time: Sat Nov  2 12:06:00 2019
timezone: CST
elapsed time: 0 seconds (0d 0h 0m 0s)

