#
# A fatal error has been detected by the Java Runtime Environment:
#
#  SIGSEGV (0xb) at pc=0x00007fa0d9ccd929, pid=8600, tid=0x00007fa0c5b75700
#
# JRE version: Java(TM) SE Runtime Environment (8.0_221-b11) (build 1.8.0_221-b11)
# Java VM: Java HotSpot(TM) 64-Bit Server VM (25.221-b11 interpreted mode linux-amd64 compressed oops)
# Problematic frame:
# V  [libjvm.so+0x9ae929]  resource_allocate_bytes(unsigned long, AllocFailStrategy::AllocFailEnum)+0x29
#
# Failed to write core dump. Core dumps have been disabled. To enable core dumping, try "ulimit -c unlimited" before starting Java again
#
# If you would like to submit a bug report, please visit:
#   http://bugreport.java.com/bugreport/crash.jsp
#

---------------  T H R E A D  ---------------

Current thread is native thread

siginfo: si_signo: 11 (SIGSEGV), si_code: 1 (SEGV_MAPERR), si_addr: 0x0000000000000130

Registers:
RAX=0x0000000000000000, RBX=0x0000000000000020, RCX=0x0000000000000018, RDX=0x00007fa0c5b75a20
RSP=0x00007fa0c5b747e0, RBP=0x00007fa0c5b74800, RSI=0x0000000000000000, RDI=0x0000000000000001
R8 =0x000055a0af1a8000, R9 =0x0000000000000000, R10=0x00007fa0c5b74b80, R11=0x0000000000000001
R12=0x0000000000000016, R13=0x0000000000000000, R14=0x000055a0af1a8c90, R15=0x00007fa0c5b748b0
RIP=0x00007fa0d9ccd929, EFLAGS=0x0000000000010246, CSGSFS=0x002b000000000033, ERR=0x0000000000000004
  TRAPNO=0x000000000000000e

Top of Stack: (sp=0x00007fa0c5b747e0)
0x00007fa0c5b747e0:   00007fff0eef9ec8 00007fa098000b20
0x00007fa0c5b747f0:   0000000000000016 00007fa098000b20
0x00007fa0c5b74800:   00007fa0c5b74820 00007fa0d9d52add
0x00007fa0c5b74810:   00007fa098000b20 000055a0af1a8000
0x00007fa0c5b74820:   00007fa0c5b74bd0 00007fa0d975da7f
0x00007fa0c5b74830:   0000000000000000 0000000000000000
0x00007fa0c5b74840:   00007fa098000b20 00000000000003d8
0x00007fa0c5b74850:   0000000000000000 0000000000000000
0x00007fa0c5b74860:   0000000000000000 000055a0af1a88b0
0x00007fa0c5b74870:   000055a0af1a8c88 0000000000000000
0x00007fa0c5b74880:   000055a0af1a88a0 0000000000000000
0x00007fa0c5b74890:   0000000000000000 0000000000000000
0x00007fa0c5b748a0:   0000000000000000 0000000000000000
0x00007fa0c5b748b0:   0000000000000000 0000000000000000
0x00007fa0c5b748c0:   0000000000000000 0000000000000000
0x00007fa0c5b748d0:   0000000000000000 0000000000000000
0x00007fa0c5b748e0:   0000000000000000 0000000000000000
0x00007fa0c5b748f0:   0000000000000000 0000000000000000
0x00007fa0c5b74900:   0000000000000000 0000000000000000
0x00007fa0c5b74910:   0000000000000000 0000000000000000
0x00007fa0c5b74920:   0000000000000000 0000000000000000
0x00007fa0c5b74930:   0000000000000000 0000000000000000
0x00007fa0c5b74940:   0000000000000000 0000000000000000
0x00007fa0c5b74950:   0000000000000000 0000000000000000
0x00007fa0c5b74960:   0000000000000000 0000000000000000
0x00007fa0c5b74970:   0000000000000000 0000000000000000
0x00007fa0c5b74980:   0000000000000000 0000000000000000
0x00007fa0c5b74990:   0000000000000000 0000000000000000
0x00007fa0c5b749a0:   0000000000000000 0000000000000000
0x00007fa0c5b749b0:   0000000000000000 0000000000000000
0x00007fa0c5b749c0:   0000000000000000 0000000000000000
0x00007fa0c5b749d0:   0000000000000000 0000000000000000 

Instructions: (pc=0x00007fa0d9ccd929)
0x00007fa0d9ccd909:   48 89 fb 41 89 f5 48 83 c3 0f 48 83 ec 08 48 8d
0x00007fa0d9ccd919:   05 8a 2f 5e 00 48 83 e3 f0 8b 38 e8 af fa 84 ff
0x00007fa0d9ccd929:   4c 8b a0 30 01 00 00 48 89 da 48 f7 d2 49 8b 44
0x00007fa0d9ccd939:   24 18 48 39 d0 76 1d 41 83 fd 01 74 5a 48 8d 15 

Register to memory mapping:

RAX=0x0000000000000000 is an unknown value
RBX=0x0000000000000020 is an unknown value
RCX=0x0000000000000018 is an unknown value
RDX=0x00007fa0c5b75a20 is an unknown value
RSP=0x00007fa0c5b747e0 is an unknown value
RBP=0x00007fa0c5b74800 is an unknown value
RSI=0x0000000000000000 is an unknown value
RDI=0x0000000000000001 is an unknown value
R8 =0x000055a0af1a8000 is an unknown value
R9 =0x0000000000000000 is an unknown value
R10=0x00007fa0c5b74b80 is an unknown value
R11=0x0000000000000001 is an unknown value
R12=0x0000000000000016 is an unknown value
R13=0x0000000000000000 is an unknown value
R14=0x000055a0af1a8c90 is an unknown value
R15=0x00007fa0c5b748b0 is an unknown value


Stack: [0x00007fa0c5376000,0x00007fa0c5b76000],  sp=0x00007fa0c5b747e0,  free space=8185k
Native frames: (J=compiled Java code, j=interpreted, Vv=VM code, C=native code)
V  [libjvm.so+0x9ae929]  resource_allocate_bytes(unsigned long, AllocFailStrategy::AllocFailEnum)+0x29
V  [libjvm.so+0xa33add]  Symbol::as_C_string() const+0x1d
V  [libjvm.so+0x43ea7f]  ClassLoader::load_classfile(Symbol*, Thread*)+0x6f
V  [libjvm.so+0xa44d5f]  SystemDictionary::load_instance_class(Symbol*, Handle, Thread*)+0x23f
V  [libjvm.so+0xa437cb]  SystemDictionary::resolve_instance_class_or_null(Symbol*, Handle, Handle, Thread*)+0x87b
V  [libjvm.so+0xa456a9]  SystemDictionary::resolve_or_fail(Symbol*, Handle, Handle, bool, Thread*)+0x49
V  [libjvm.so+0x6fca20]  find_class_from_class_loader(JNIEnv_*, Symbol*, unsigned char, Handle, Handle, unsigned char, Thread*)+0x30
V  [libjvm.so+0x6c7e56]  jni_FindClass+0x286


---------------  P R O C E S S  ---------------

VM state:not at safepoint (normal execution)

VM Mutex/Monitor currently owned by a thread: None

heap address: 0x00000000e1200000, size: 494 MB, Compressed Oops mode: 32-bit
Narrow klass base: 0x0000000000000000, Narrow klass shift: 3
Compressed class space size: 1073741824 Address: 0x0000000100000000

Heap:
 PSYoungGen      total 9728K, used 1918K [0x00000000f5b80000, 0x00000000f6600000, 0x0000000100000000)
  eden space 8704K, 22% used [0x00000000f5b80000,0x00000000f5d5f920,0x00000000f6400000)
  from space 1024K, 0% used [0x00000000f6500000,0x00000000f6500000,0x00000000f6600000)
  to   space 1024K, 0% used [0x00000000f6400000,0x00000000f6400000,0x00000000f6500000)
 ParOldGen       total 22016K, used 0K [0x00000000e1200000, 0x00000000e2780000, 0x00000000f5b80000)
  object space 22016K, 0% used [0x00000000e1200000,0x00000000e1200000,0x00000000e2780000)
 Metaspace       used 2176K, capacity 4480K, committed 4480K, reserved 1056768K
  class space    used 240K, capacity 384K, committed 384K, reserved 1048576K

Card table byte_map: [0x00007fa0da41e000,0x00007fa0da516000] byte_map_base: 0x00007fa0d9d15000

Marking Bits: (ParMarkBitMap*) 0x00007fa0da2ead80
 Begin Bits: [0x00007fa0c7197000, 0x00007fa0c794f000)
 End Bits:   [0x00007fa0c794f000, 0x00007fa0c8107000)

Polling page: 0x00007fa0da52c000

CodeCache: size=245760Kb used=469Kb max_used=469Kb free=245290Kb
 bounds [0x00007fa0c86c9000, 0x00007fa0c8939000, 0x00007fa0d76c9000]
 total_blobs=171 nmethods=0 adapters=137
 compilation: disabled (interpreter mode)

Compilation events (0 events):
No events

GC Heap History (0 events):
No events

Deoptimization events (0 events):
No events

Classes redefined (0 events):
No events

Internal exceptions (2 events):
Event: 0.028 Thread 0x000055a0af1a8000 Exception <a 'java/lang/NoSuchMethodError': Method sun.misc.Unsafe.defineClass(Ljava/lang/String;[BII)Ljava/lang/Class; name or signature does not match> (0x00000000f5b87cb8) thrown at [/HUDSON/workspace/8-2-build-linux-amd64/jdk8u221/13320/hotspot/src/sh
Event: 0.028 Thread 0x000055a0af1a8000 Exception <a 'java/lang/NoSuchMethodError': Method sun.misc.Unsafe.prefetchRead(Ljava/lang/Object;J)V name or signature does not match> (0x00000000f5b87fa0) thrown at [/HUDSON/workspace/8-2-build-linux-amd64/jdk8u221/13320/hotspot/src/share/vm/prims/jni.c

Events (10 events):
Event: 0.046 loading class java/lang/invoke/MethodHandleStatics done
Event: 0.046 loading class java/lang/invoke/MethodHandleStatics$1
Event: 0.046 loading class java/lang/invoke/MethodHandleStatics$1 done
Event: 0.046 Thread 0x000055a0af253000 Thread added: 0x000055a0af253000
Event: 0.046 loading class sun/misc/PostVMInitHook
Event: 0.046 loading class sun/misc/PostVMInitHook done
Event: 0.046 loading class sun/misc/PostVMInitHook$1
Event: 0.046 loading class sun/misc/PostVMInitHook$1 done
Event: 0.047 Thread 0x000055a0af1a8000 Thread exited: 0x000055a0af1a8000
Event: 0.047 Thread 0x000055a0af1a8000 Thread added: 0x000055a0af1a8000


Dynamic libraries:
e1200000-e2780000 rw-p 00000000 00:00 0 
e2780000-f5b80000 ---p 00000000 00:00 0 
f5b80000-f6600000 rw-p 00000000 00:00 0 
f6600000-100000000 ---p 00000000 00:00 0 
100000000-100060000 rw-p 00000000 00:00 0 
100060000-140000000 ---p 00000000 00:00 0 
55a0ae91e000-55a0ae920000 r-xp 00000000 08:01 1836175                    /home/wanhui/Documents/callJvmThreadpool/cmake-build-debug/main
55a0aeb1f000-55a0aeb20000 r--p 00001000 08:01 1836175                    /home/wanhui/Documents/callJvmThreadpool/cmake-build-debug/main
55a0aeb20000-55a0aeb21000 rw-p 00002000 08:01 1836175                    /home/wanhui/Documents/callJvmThreadpool/cmake-build-debug/main
55a0af18b000-55a0af261000 rw-p 00000000 00:00 0                          [heap]
7fa098000000-7fa098021000 rw-p 00000000 00:00 0 
7fa098021000-7fa09c000000 ---p 00000000 00:00 0 
7fa09c000000-7fa09c021000 rw-p 00000000 00:00 0 
7fa09c021000-7fa0a0000000 ---p 00000000 00:00 0 
7fa0a0000000-7fa0a0021000 rw-p 00000000 00:00 0 
7fa0a0021000-7fa0a4000000 ---p 00000000 00:00 0 
7fa0a4000000-7fa0a4021000 rw-p 00000000 00:00 0 
7fa0a4021000-7fa0a8000000 ---p 00000000 00:00 0 
7fa0a8000000-7fa0a8021000 rw-p 00000000 00:00 0 
7fa0a8021000-7fa0ac000000 ---p 00000000 00:00 0 
7fa0ac000000-7fa0ac021000 rw-p 00000000 00:00 0 
7fa0ac021000-7fa0b0000000 ---p 00000000 00:00 0 
7fa0b0000000-7fa0b0021000 rw-p 00000000 00:00 0 
7fa0b0021000-7fa0b4000000 ---p 00000000 00:00 0 
7fa0b4000000-7fa0b4021000 rw-p 00000000 00:00 0 
7fa0b4021000-7fa0b8000000 ---p 00000000 00:00 0 
7fa0b8000000-7fa0b8021000 rw-p 00000000 00:00 0 
7fa0b8021000-7fa0bc000000 ---p 00000000 00:00 0 
7fa0bdffd000-7fa0bdffe000 ---p 00000000 00:00 0 
7fa0bdffe000-7fa0be7fe000 rw-p 00000000 00:00 0 
7fa0be7fe000-7fa0be7ff000 ---p 00000000 00:00 0 
7fa0be7ff000-7fa0befff000 rw-p 00000000 00:00 0 
7fa0befff000-7fa0bf000000 ---p 00000000 00:00 0 
7fa0bf000000-7fa0bfc00000 rw-p 00000000 00:00 0 
7fa0bfc00000-7fa0c0000000 ---p 00000000 00:00 0 
7fa0c0000000-7fa0c0021000 rw-p 00000000 00:00 0 
7fa0c0021000-7fa0c4000000 ---p 00000000 00:00 0 
7fa0c40de000-7fa0c4373000 rw-p 00000000 00:00 0 
7fa0c4373000-7fa0c4374000 ---p 00000000 00:00 0 
7fa0c4374000-7fa0c4b74000 rw-p 00000000 00:00 0 
7fa0c4b74000-7fa0c4b75000 ---p 00000000 00:00 0 
7fa0c4b75000-7fa0c5375000 rw-p 00000000 00:00 0 
7fa0c5375000-7fa0c5376000 ---p 00000000 00:00 0 
7fa0c5376000-7fa0c5b76000 rw-p 00000000 00:00 0 
7fa0c5b76000-7fa0c5b77000 ---p 00000000 00:00 0 
7fa0c5b77000-7fa0c5c77000 rw-p 00000000 00:00 0 
7fa0c5c77000-7fa0c5c7a000 ---p 00000000 00:00 0 
7fa0c5c7a000-7fa0c5d78000 rw-p 00000000 00:00 0 
7fa0c5d78000-7fa0c5d7b000 ---p 00000000 00:00 0 
7fa0c5d7b000-7fa0c5e79000 rw-p 00000000 00:00 0 
7fa0c5e79000-7fa0c6157000 r--p 00000000 08:01 1179865                    /usr/lib/locale/locale-archive
7fa0c6157000-7fa0c615a000 ---p 00000000 00:00 0 
7fa0c615a000-7fa0c6258000 rw-p 00000000 00:00 0 
7fa0c6258000-7fa0c625b000 ---p 00000000 00:00 0 
7fa0c625b000-7fa0c6359000 rw-p 00000000 00:00 0 
7fa0c6359000-7fa0c635a000 ---p 00000000 00:00 0 
7fa0c635a000-7fa0c6df5000 rw-p 00000000 00:00 0 
7fa0c6df5000-7fa0c6fcf000 r--s 03d88000 08:01 2106209                    /usr/local/jdk1.8/jre/lib/rt.jar
7fa0c6fcf000-7fa0c8107000 rw-p 00000000 00:00 0 
7fa0c8107000-7fa0c8108000 ---p 00000000 00:00 0 
7fa0c8108000-7fa0c8208000 rw-p 00000000 00:00 0 
7fa0c8208000-7fa0c8209000 ---p 00000000 00:00 0 
7fa0c8209000-7fa0c8313000 rw-p 00000000 00:00 0 
7fa0c8313000-7fa0c86c9000 ---p 00000000 00:00 0 
7fa0c86c9000-7fa0c8939000 rwxp 00000000 00:00 0 
7fa0c8939000-7fa0d76c9000 ---p 00000000 00:00 0 
7fa0d76c9000-7fa0d76e4000 r-xp 00000000 08:01 10836                      /usr/local/jdk1.8/jre/lib/amd64/libzip.so
7fa0d76e4000-7fa0d78e3000 ---p 0001b000 08:01 10836                      /usr/local/jdk1.8/jre/lib/amd64/libzip.so
7fa0d78e3000-7fa0d78e4000 r--p 0001a000 08:01 10836                      /usr/local/jdk1.8/jre/lib/amd64/libzip.so
7fa0d78e4000-7fa0d78e5000 rw-p 0001b000 08:01 10836                      /usr/local/jdk1.8/jre/lib/amd64/libzip.so
7fa0d78e5000-7fa0d78f0000 r-xp 00000000 08:01 524638                     /lib/x86_64-linux-gnu/libnss_files-2.27.so
7fa0d78f0000-7fa0d7aef000 ---p 0000b000 08:01 524638                     /lib/x86_64-linux-gnu/libnss_files-2.27.so
7fa0d7aef000-7fa0d7af0000 r--p 0000a000 08:01 524638                     /lib/x86_64-linux-gnu/libnss_files-2.27.so
7fa0d7af0000-7fa0d7af1000 rw-p 0000b000 08:01 524638                     /lib/x86_64-linux-gnu/libnss_files-2.27.so
7fa0d7af1000-7fa0d7af7000 rw-p 00000000 00:00 0 
7fa0d7af7000-7fa0d7b0e000 r-xp 00000000 08:01 524635                     /lib/x86_64-linux-gnu/libnsl-2.27.so
7fa0d7b0e000-7fa0d7d0d000 ---p 00017000 08:01 524635                     /lib/x86_64-linux-gnu/libnsl-2.27.so
7fa0d7d0d000-7fa0d7d0e000 r--p 00016000 08:01 524635                     /lib/x86_64-linux-gnu/libnsl-2.27.so
7fa0d7d0e000-7fa0d7d0f000 rw-p 00017000 08:01 524635                     /lib/x86_64-linux-gnu/libnsl-2.27.so
7fa0d7d0f000-7fa0d7d11000 rw-p 00000000 00:00 0 
7fa0d7d11000-7fa0d7d1c000 r-xp 00000000 08:01 524640                     /lib/x86_64-linux-gnu/libnss_nis-2.27.so
7fa0d7d1c000-7fa0d7f1b000 ---p 0000b000 08:01 524640                     /lib/x86_64-linux-gnu/libnss_nis-2.27.so
7fa0d7f1b000-7fa0d7f1c000 r--p 0000a000 08:01 524640                     /lib/x86_64-linux-gnu/libnss_nis-2.27.so
7fa0d7f1c000-7fa0d7f1d000 rw-p 0000b000 08:01 524640                     /lib/x86_64-linux-gnu/libnss_nis-2.27.so
7fa0d7f1d000-7fa0d7f25000 r-xp 00000000 08:01 524636                     /lib/x86_64-linux-gnu/libnss_compat-2.27.so
7fa0d7f25000-7fa0d8125000 ---p 00008000 08:01 524636                     /lib/x86_64-linux-gnu/libnss_compat-2.27.so
7fa0d8125000-7fa0d8126000 r--p 00008000 08:01 524636                     /lib/x86_64-linux-gnu/libnss_compat-2.27.so
7fa0d8126000-7fa0d8127000 rw-p 00009000 08:01 524636                     /lib/x86_64-linux-gnu/libnss_compat-2.27.so
7fa0d8127000-7fa0d8153000 r-xp 00000000 08:01 10831                      /usr/local/jdk1.8/jre/lib/amd64/libjava.so
7fa0d8153000-7fa0d8353000 ---p 0002c000 08:01 10831                      /usr/local/jdk1.8/jre/lib/amd64/libjava.so
7fa0d8353000-7fa0d8354000 r--p 0002c000 08:01 10831                      /usr/local/jdk1.8/jre/lib/amd64/libjava.so
7fa0d8354000-7fa0d8356000 rw-p 0002d000 08:01 10831                      /usr/local/jdk1.8/jre/lib/amd64/libjava.so
7fa0d8356000-7fa0d8363000 r-xp 00000000 08:01 10822                      /usr/local/jdk1.8/jre/lib/amd64/libverify.so
7fa0d8363000-7fa0d8562000 ---p 0000d000 08:01 10822                      /usr/local/jdk1.8/jre/lib/amd64/libverify.so
7fa0d8562000-7fa0d8564000 r--p 0000c000 08:01 10822                      /usr/local/jdk1.8/jre/lib/amd64/libverify.so
7fa0d8564000-7fa0d8565000 rw-p 0000e000 08:01 10822                      /usr/local/jdk1.8/jre/lib/amd64/libverify.so
7fa0d8565000-7fa0d856c000 r-xp 00000000 08:01 524645                     /lib/x86_64-linux-gnu/librt-2.27.so
7fa0d856c000-7fa0d876b000 ---p 00007000 08:01 524645                     /lib/x86_64-linux-gnu/librt-2.27.so
7fa0d876b000-7fa0d876c000 r--p 00006000 08:01 524645                     /lib/x86_64-linux-gnu/librt-2.27.so
7fa0d876c000-7fa0d876d000 rw-p 00007000 08:01 524645                     /lib/x86_64-linux-gnu/librt-2.27.so
7fa0d876d000-7fa0d8770000 r-xp 00000000 08:01 524631                     /lib/x86_64-linux-gnu/libdl-2.27.so
7fa0d8770000-7fa0d896f000 ---p 00003000 08:01 524631                     /lib/x86_64-linux-gnu/libdl-2.27.so
7fa0d896f000-7fa0d8970000 r--p 00002000 08:01 524631                     /lib/x86_64-linux-gnu/libdl-2.27.so
7fa0d8970000-7fa0d8971000 rw-p 00003000 08:01 524631                     /lib/x86_64-linux-gnu/libdl-2.27.so
7fa0d8971000-7fa0d8b0e000 r-xp 00000000 08:01 524632                     /lib/x86_64-linux-gnu/libm-2.27.so
7fa0d8b0e000-7fa0d8d0d000 ---p 0019d000 08:01 524632                     /lib/x86_64-linux-gnu/libm-2.27.so
7fa0d8d0d000-7fa0d8d0e000 r--p 0019c000 08:01 524632                     /lib/x86_64-linux-gnu/libm-2.27.so
7fa0d8d0e000-7fa0d8d0f000 rw-p 0019d000 08:01 524632                     /lib/x86_64-linux-gnu/libm-2.27.so
7fa0d8d0f000-7fa0d8ef6000 r-xp 00000000 08:01 524628                     /lib/x86_64-linux-gnu/libc-2.27.so
7fa0d8ef6000-7fa0d90f6000 ---p 001e7000 08:01 524628                     /lib/x86_64-linux-gnu/libc-2.27.so
7fa0d90f6000-7fa0d90fa000 r--p 001e7000 08:01 524628                     /lib/x86_64-linux-gnu/libc-2.27.so
7fa0d90fa000-7fa0d90fc000 rw-p 001eb000 08:01 524628                     /lib/x86_64-linux-gnu/libc-2.27.so
7fa0d90fc000-7fa0d9100000 rw-p 00000000 00:00 0 
7fa0d9100000-7fa0d911a000 r-xp 00000000 08:01 524643                     /lib/x86_64-linux-gnu/libpthread-2.27.so
7fa0d911a000-7fa0d9319000 ---p 0001a000 08:01 524643                     /lib/x86_64-linux-gnu/libpthread-2.27.so
7fa0d9319000-7fa0d931a000 r--p 00019000 08:01 524643                     /lib/x86_64-linux-gnu/libpthread-2.27.so
7fa0d931a000-7fa0d931b000 rw-p 0001a000 08:01 524643                     /lib/x86_64-linux-gnu/libpthread-2.27.so
7fa0d931b000-7fa0d931f000 rw-p 00000000 00:00 0 
7fa0d931f000-7fa0da007000 r-xp 00000000 08:01 136892                     /usr/local/jdk1.8/jre/lib/amd64/server/libjvm.so
7fa0da007000-7fa0da206000 ---p 00ce8000 08:01 136892                     /usr/local/jdk1.8/jre/lib/amd64/server/libjvm.so
7fa0da206000-7fa0da29c000 r--p 00ce7000 08:01 136892                     /usr/local/jdk1.8/jre/lib/amd64/server/libjvm.so
7fa0da29c000-7fa0da2cd000 rw-p 00d7d000 08:01 136892                     /usr/local/jdk1.8/jre/lib/amd64/server/libjvm.so
7fa0da2cd000-7fa0da308000 rw-p 00000000 00:00 0 
7fa0da308000-7fa0da32f000 r-xp 00000000 08:01 524388                     /lib/x86_64-linux-gnu/ld-2.27.so
7fa0da330000-7fa0da384000 rw-p 00000000 00:00 0 
7fa0da384000-7fa0da41e000 ---p 00000000 00:00 0 
7fa0da41e000-7fa0da429000 rw-p 00000000 00:00 0 
7fa0da429000-7fa0da4c2000 ---p 00000000 00:00 0 
7fa0da4c2000-7fa0da4c8000 rw-p 00000000 00:00 0 
7fa0da4c8000-7fa0da515000 ---p 00000000 00:00 0 
7fa0da515000-7fa0da518000 rw-p 00000000 00:00 0 
7fa0da519000-7fa0da523000 rw-p 00000000 00:00 0 
7fa0da523000-7fa0da52b000 rw-s 00000000 08:01 1835245                    /tmp/hsperfdata_wanhui/8600
7fa0da52b000-7fa0da52c000 rw-p 00000000 00:00 0 
7fa0da52c000-7fa0da52d000 r--p 00000000 00:00 0 
7fa0da52d000-7fa0da52f000 rw-p 00000000 00:00 0 
7fa0da52f000-7fa0da530000 r--p 00027000 08:01 524388                     /lib/x86_64-linux-gnu/ld-2.27.so
7fa0da530000-7fa0da531000 rw-p 00028000 08:01 524388                     /lib/x86_64-linux-gnu/ld-2.27.so
7fa0da531000-7fa0da532000 rw-p 00000000 00:00 0 
7fff0edff000-7fff0eefc000 rw-p 00000000 00:00 0                          [stack]
7fff0ef3c000-7fff0ef3f000 r--p 00000000 00:00 0                          [vvar]
7fff0ef3f000-7fff0ef41000 r-xp 00000000 00:00 0                          [vdso]
ffffffffff600000-ffffffffff601000 r-xp 00000000 00:00 0                  [vsyscall]

VM Arguments:
jvm_args: -Djava.compiler=NONE -verbose:jni 
java_command: <unknown>
java_class_path (initial): .:/home/wanhui/Documents/callJvmThreadpool/qin_test.jar
Launcher Type: generic

Environment Variables:
PATH=/home/wanhui/bin:/home/wanhui/.local/bin:/usr/local/sbin:/usr/local/bin:/usr/sbin:/usr/bin:/sbin:/bin:/usr/games:/usr/local/games:/snap/bin
USERNAME=wanhui
SHELL=/bin/bash
DISPLAY=:0

Signal Handlers:
SIGSEGV: [libjvm.so+0xad3d90], sa_mask[0]=11111111011111111101111111111110, sa_flags=SA_RESTART|SA_SIGINFO
SIGBUS: [libjvm.so+0xad3d90], sa_mask[0]=11111111011111111101111111111110, sa_flags=SA_RESTART|SA_SIGINFO
SIGFPE: [libjvm.so+0x90b8b0], sa_mask[0]=11111111011111111101111111111110, sa_flags=SA_RESTART|SA_SIGINFO
SIGPIPE: [libjvm.so+0x90b8b0], sa_mask[0]=11111111011111111101111111111110, sa_flags=SA_RESTART|SA_SIGINFO
SIGXFSZ: [libjvm.so+0x90b8b0], sa_mask[0]=11111111011111111101111111111110, sa_flags=SA_RESTART|SA_SIGINFO
SIGILL: [libjvm.so+0x90b8b0], sa_mask[0]=11111111011111111101111111111110, sa_flags=SA_RESTART|SA_SIGINFO
SIGUSR1: SIG_DFL, sa_mask[0]=00000000000000000000000000000000, sa_flags=none
SIGUSR2: [libjvm.so+0x90b780], sa_mask[0]=00100000000000000000000000000000, sa_flags=SA_RESTART|SA_SIGINFO
SIGHUP: SIG_IGN, sa_mask[0]=00000000000000000000000000000000, sa_flags=none
SIGINT: [libjvm.so+0x90bda0], sa_mask[0]=11111111011111111101111111111110, sa_flags=SA_RESTART|SA_SIGINFO
SIGTERM: [libjvm.so+0x90bda0], sa_mask[0]=11111111011111111101111111111110, sa_flags=SA_RESTART|SA_SIGINFO
SIGQUIT: [libjvm.so+0x90bda0], sa_mask[0]=11111111011111111101111111111110, sa_flags=SA_RESTART|SA_SIGINFO


---------------  S Y S T E M  ---------------

OS:DISTRIB_ID=Ubuntu
DISTRIB_RELEASE=18.04
DISTRIB_CODENAME=bionic
DISTRIB_DESCRIPTION="Ubuntu 18.04.3 LTS"

uname:Linux 4.15.0-65-generic #74-Ubuntu SMP Tue Sep 17 17:06:04 UTC 2019 x86_64
libc:glibc 2.27 NPTL 2.27 
rlimit: STACK 8192k, CORE 0k, NPROC 7707, NOFILE 1048576, AS infinity
load average:0.52 0.41 0.26

/proc/meminfo:
MemTotal:        2017336 kB
MemFree:          115408 kB
MemAvailable:     137628 kB
Buffers:            6436 kB
Cached:           128820 kB
SwapCached:        86324 kB
Active:           951632 kB
Inactive:         351608 kB
Active(anon):     870448 kB
Inactive(anon):   297700 kB
Active(file):      81184 kB
Inactive(file):    53908 kB
Unevictable:          16 kB
Mlocked:              16 kB
SwapTotal:       2094076 kB
SwapFree:        1015548 kB
Dirty:              5056 kB
Writeback:            12 kB
AnonPages:       1162684 kB
Mapped:            73132 kB
Shmem:               248 kB
Slab:              95148 kB
SReclaimable:      37280 kB
SUnreclaim:        57868 kB
KernelStack:       12680 kB
PageTables:        47716 kB
NFS_Unstable:          0 kB
Bounce:                0 kB
WritebackTmp:          0 kB
CommitLimit:     3102744 kB
Committed_AS:    6005448 kB
VmallocTotal:   34359738367 kB
VmallocUsed:           0 kB
VmallocChunk:          0 kB
HardwareCorrupted:     0 kB
AnonHugePages:         0 kB
ShmemHugePages:        0 kB
ShmemPmdMapped:        0 kB
CmaTotal:              0 kB
CmaFree:               0 kB
HugePages_Total:       0
HugePages_Free:        0
HugePages_Rsvd:        0
HugePages_Surp:        0
Hugepagesize:       2048 kB
DirectMap4k:      147328 kB
DirectMap2M:     1949696 kB
DirectMap1G:           0 kB

container (cgroup) information:
container_type: cgroupv1
cpu_cpuset_cpus: 0-1
cpu_memory_nodes: 0
active_processor_count: 2
cpu_quota: -1
cpu_period: 100000
cpu_shares: -1
memory_limit_in_bytes: -1
memory_and_swap_limit_in_bytes: -2
memory_soft_limit_in_bytes: -1
memory_usage_in_bytes: 1331249152
memory_max_usage_in_bytes: 19935232


CPU:total 2 (initial active 2) (2 cores per cpu, 1 threads per core) family 6 model 158 stepping 13, cmov, cx8, fxsr, mmx, sse, sse2, sse3, ssse3, sse4.1, sse4.2, popcnt, avx, avx2, aes, clmul, erms, rtm, 3dnowpref, lzcnt, tsc, tscinvbit, bmi1, bmi2, adx

/proc/cpuinfo:
processor	: 0
vendor_id	: GenuineIntel
cpu family	: 6
model		: 158
model name	: Intel(R) Core(TM) i7-9700 CPU @ 3.00GHz
stepping	: 13
microcode	: 0xb4
cpu MHz		: 3000.003
cache size	: 12288 KB
physical id	: 0
siblings	: 2
core id		: 0
cpu cores	: 2
apicid		: 0
initial apicid	: 0
fpu		: yes
fpu_exception	: yes
cpuid level	: 22
wp		: yes
flags		: fpu vme de pse tsc msr pae mce cx8 apic sep mtrr pge mca cmov pat pse36 clflush mmx fxsr sse sse2 ss ht syscall nx pdpe1gb rdtscp lm constant_tsc arch_perfmon nopl xtopology tsc_reliable nonstop_tsc cpuid pni pclmulqdq ssse3 fma cx16 pcid sse4_1 sse4_2 x2apic movbe popcnt tsc_deadline_timer aes xsave avx f16c rdrand hypervisor lahf_lm abm 3dnowprefetch cpuid_fault invpcid_single ssbd ibrs ibpb stibp ibrs_enhanced fsgsbase tsc_adjust bmi1 hle avx2 smep bmi2 invpcid rtm mpx rdseed adx smap clflushopt xsaveopt xsavec xsaves arat md_clear flush_l1d arch_capabilities
bugs		: spectre_v1 spectre_v2 spec_store_bypass swapgs
bogomips	: 6000.00
clflush size	: 64
cache_alignment	: 64
address sizes	: 43 bits physical, 48 bits virtual
power management:

processor	: 1
vendor_id	: GenuineIntel
cpu family	: 6
model		: 158
model name	: Intel(R) Core(TM) i7-9700 CPU @ 3.00GHz
stepping	: 13
microcode	: 0xb4
cpu MHz		: 3000.003
cache size	: 12288 KB
physical id	: 0
siblings	: 2
core id		: 1
cpu cores	: 2
apicid		: 1
initial apicid	: 1
fpu		: yes
fpu_exception	: yes
cpuid level	: 22
wp		: yes
flags		: fpu vme de pse tsc msr pae mce cx8 apic sep mtrr pge mca cmov pat pse36 clflush mmx fxsr sse sse2 ss ht syscall nx pdpe1gb rdtscp lm constant_tsc arch_perfmon nopl xtopology tsc_reliable nonstop_tsc cpuid pni pclmulqdq ssse3 fma cx16 pcid sse4_1 sse4_2 x2apic movbe popcnt tsc_deadline_timer aes xsave avx f16c rdrand hypervisor lahf_lm abm 3dnowprefetch cpuid_fault invpcid_single ssbd ibrs ibpb stibp ibrs_enhanced fsgsbase tsc_adjust bmi1 hle avx2 smep bmi2 invpcid rtm mpx rdseed adx smap clflushopt xsaveopt xsavec xsaves arat md_clear flush_l1d arch_capabilities
bugs		: spectre_v1 spectre_v2 spec_store_bypass swapgs
bogomips	: 6000.00
clflush size	: 64
cache_alignment	: 64
address sizes	: 43 bits physical, 48 bits virtual
power management:



Memory: 4k page, physical 2017336k(115408k free), swap 2094076k(1015548k free)

vm_info: Java HotSpot(TM) 64-Bit Server VM (25.221-b11) for linux-amd64 JRE (1.8.0_221-b11), built on Jul  4 2019 04:27:00 by "java_re" with gcc 7.3.0

time: Sat Oct 12 14:59:52 2019
timezone: CST
elapsed time: 0 seconds (0d 0h 0m 0s)

