#
# A fatal error has been detected by the Java Runtime Environment:
#
#  SIGSEGV (0xb) at pc=0x00007f4b4db29fa0, pid=22583, tid=0x00007f4b4ef34740
#
# JRE version: Java(TM) SE Runtime Environment (8.0_221-b11) (build 1.8.0_221-b11)
# Java VM: Java HotSpot(TM) 64-Bit Server VM (25.221-b11 interpreted mode linux-amd64 compressed oops)
# Problematic frame:
# C  [libpthread.so.0+0x9fa0]  pthread_mutex_lock+0x0
#
# Failed to write core dump. Core dumps have been disabled. To enable core dumping, try "ulimit -c unlimited" before starting Java again
#
# If you would like to submit a bug report, please visit:
#   http://bugreport.java.com/bugreport/crash.jsp
# The crash happened outside the Java Virtual Machine in native code.
# See problematic frame for where to report the bug.
#

---------------  T H R E A D  ---------------

Current thread (0x000055b83bac6000):  JavaThread "main" [_thread_in_native, id=22583, stack(0x00007fff830ec000,0x00007fff831ec000)]

siginfo: si_signo: 11 (SIGSEGV), si_code: 1 (SEGV_MAPERR), si_addr: 0x0000000000000028

Registers:
RAX=0x0000000000000000, RBX=0x000055b83bb79860, RCX=0x00007f4b4d579c40, RDX=0x000055b83bb79860
RSP=0x00007fff831e94c8, RBP=0x000055b839c14c70, RSI=0x000055b83bb7c590, RDI=0x0000000000000018
R8 =0x0000000000000000, R9 =0x0000000000000000, R10=0x000055b83ba97010, R11=0x0000000000000001
R12=0x000055b83bb77790, R13=0x00007fff831e94f4, R14=0x0000000000000004, R15=0x0000000000000005
RIP=0x00007f4b4db29fa0, EFLAGS=0x0000000000010206, CSGSFS=0x002b000000000033, ERR=0x0000000000000004
  TRAPNO=0x000000000000000e

Top of Stack: (sp=0x00007fff831e94c8)
0x00007fff831e94c8:   000055b839c14834 00007fff831e94f8
0x00007fff831e94d8:   000055b839c14c70 00007fff831e9500
0x00007fff831e94e8:   000055b839c1438d 0000001000000001
0x00007fff831e94f8:   00007f4b4eccc3e0 0100007f14c00002
0x00007fff831e9508:   0000000000000000 0000000000000001
0x00007fff831e9518:   a5aa4784b2bb1100 00007f4b4ed389a0
0x00007fff831e9528:   0000000000000000 000055b839c15050
0x00007fff831e9538:   000055b839c143e0 00007fff831e9630
0x00007fff831e9548:   0000000000000000 0000000000000000
0x00007fff831e9558:   00007f4b4d1afb97 00007fff831e95b0
0x00007fff831e9568:   00007fff831e9638 00000001ffffff80
0x00007fff831e9578:   000055b839c14300 0000000000000000
0x00007fff831e9588:   7cc3ce202f640316 000055b839c143e0
0x00007fff831e9598:   00007fff831e9630 0000000000000000
0x00007fff831e95a8:   0000000000000000 284cbb9fa5040316
0x00007fff831e95b8:   29252797795a0316 0000000000000000
0x00007fff831e95c8:   0000000000000000 0000000000000000
0x00007fff831e95d8:   00007f4b4ed38733 00007f4b4ec26b38
0x00007fff831e95e8:   00007f4b4dd39bb0 0000000000000000
0x00007fff831e95f8:   0000000000000000 0000000000000000
0x00007fff831e9608:   000055b839c143e0 00007fff831e9630
0x00007fff831e9618:   000055b839c1440a 00007fff831e9628
0x00007fff831e9628:   000000000000001c 0000000000000001
0x00007fff831e9638:   00007fff831eb7bd 0000000000000000
0x00007fff831e9648:   00007fff831eb805 00007fff831eb89d
0x00007fff831e9658:   00007fff831eb8c6 00007fff831eb8da
0x00007fff831e9668:   00007fff831eb92f 00007fff831eb941
0x00007fff831e9678:   00007fff831eb962 00007fff831eb975
0x00007fff831e9688:   00007fff831eb9ab 00007fff831eb9cc
0x00007fff831e9698:   00007fff831eb9df 00007fff831eb9f1
0x00007fff831e96a8:   00007fff831eba43 00007fff831eba53
0x00007fff831e96b8:   00007fff831eba62 00007fff831ebaa9 

Instructions: (pc=0x00007f4b4db29fa0)
0x00007f4b4db29f80:   00 00 0f 05 64 48 c7 04 25 f0 02 00 00 00 00 00
0x00007f4b4db29f90:   00 b8 83 00 00 00 e9 a8 fb ff ff 0f 1f 44 00 00
0x00007f4b4db29fa0:   8b 47 10 89 c2 81 e2 7f 01 00 00 90 83 e0 7c 0f
0x00007f4b4db29fb0:   85 9b 00 00 00 48 83 ec 08 85 d2 49 89 f8 8b 77 

Register to memory mapping:

RAX=0x0000000000000000 is an unknown value
RBX=0x000055b83bb79860 is an unknown value
RCX=0x00007f4b4d579c40: <offset 0x3ebc40> in /lib/x86_64-linux-gnu/libc.so.6 at 0x00007f4b4d18e000
RDX=0x000055b83bb79860 is an unknown value
RSP=0x00007fff831e94c8 is pointing into the stack for thread: 0x000055b83bac6000
RBP=0x000055b839c14c70: <offset 0x1c70> in /home/wanhui/Documents/CallJvm/callJvmThreadpool/cmake-build-debug/main at 0x000055b839c13000
RSI=0x000055b83bb7c590 is an unknown value
RDI=0x0000000000000018 is an unknown value
R8 =0x0000000000000000 is an unknown value
R9 =0x0000000000000000 is an unknown value
R10=0x000055b83ba97010 is an unknown value
R11=0x0000000000000001 is an unknown value
R12=0x000055b83bb77790 is an unknown value
R13=0x00007fff831e94f4 is pointing into the stack for thread: 0x000055b83bac6000
R14=0x0000000000000004 is an unknown value
R15=0x0000000000000005 is an unknown value


Stack: [0x00007fff830ec000,0x00007fff831ec000],  sp=0x00007fff831e94c8,  free space=1013k
Native frames: (J=compiled Java code, j=interpreted, Vv=VM code, C=native code)
C  [libpthread.so.0+0x9fa0]  pthread_mutex_lock+0x0


---------------  P R O C E S S  ---------------

Java Threads: ( => current thread )
  0x000055b83bb75000 JavaThread "Service Thread" daemon [_thread_blocked, id=22592, stack(0x00007f4b34177000,0x00007f4b34278000)]
  0x000055b83bb73000 JavaThread "Signal Dispatcher" daemon [_thread_blocked, id=22591, stack(0x00007f4b34278000,0x00007f4b34379000)]
  0x000055b83bb42000 JavaThread "Finalizer" daemon [_thread_blocked, id=22590, stack(0x00007f4b34379000,0x00007f4b3447a000)]
  0x000055b83bb3d800 JavaThread "Reference Handler" daemon [_thread_blocked, id=22589, stack(0x00007f4b3447a000,0x00007f4b3457b000)]
=>0x000055b83bac6000 JavaThread "main" [_thread_in_native, id=22583, stack(0x00007fff830ec000,0x00007fff831ec000)]

Other Threads:
  0x000055b83bb34000 VMThread [stack: 0x00007f4b3457c000,0x00007f4b3467c000] [id=22588]
  0x000055b83bb78000 WatcherThread [stack: 0x00007f4b34077000,0x00007f4b34177000] [id=22593]

VM state:not at safepoint (normal execution)

VM Mutex/Monitor currently owned by a thread: None

heap address: 0x00000000c2a00000, size: 982 MB, Compressed Oops mode: 32-bit
Narrow klass base: 0x0000000000000000, Narrow klass shift: 3
Compressed class space size: 1073741824 Address: 0x0000000100000000

Heap:
 PSYoungGen      total 18432K, used 634K [0x00000000eb900000, 0x00000000ecd80000, 0x0000000100000000)
  eden space 15872K, 4% used [0x00000000eb900000,0x00000000eb99ebe8,0x00000000ec880000)
  from space 2560K, 0% used [0x00000000ecb00000,0x00000000ecb00000,0x00000000ecd80000)
  to   space 2560K, 0% used [0x00000000ec880000,0x00000000ec880000,0x00000000ecb00000)
 ParOldGen       total 42496K, used 0K [0x00000000c2a00000, 0x00000000c5380000, 0x00000000eb900000)
  object space 42496K, 0% used [0x00000000c2a00000,0x00000000c2a00000,0x00000000c5380000)
 Metaspace       used 2176K, capacity 4480K, committed 4480K, reserved 1056768K
  class space    used 240K, capacity 384K, committed 384K, reserved 1048576K

Card table byte_map: [0x00007f4b3c59c000,0x00007f4b3c788000] byte_map_base: 0x00007f4b3bf87000

Marking Bits: (ParMarkBitMap*) 0x00007f4b4ed0ad80
 Begin Bits: [0x00007f4b36150000, 0x00007f4b370a8000)
 End Bits:   [0x00007f4b370a8000, 0x00007f4b38000000)

Polling page: 0x00007f4b4ef4c000

CodeCache: size=245760Kb used=469Kb max_used=469Kb free=245290Kb
 bounds [0x00007f4b3cb48000, 0x00007f4b3cdb8000, 0x00007f4b4bb48000]
 total_blobs=171 nmethods=0 adapters=137
 compilation: disabled (interpreter mode)

Compilation events (0 events):
No events

GC Heap History (0 events):
No events

Deoptimization events (0 events):
No events

Classes redefined (0 events):
No events

Internal exceptions (2 events):
Event: 0.019 Thread 0x000055b83bac6000 Exception <a 'java/lang/NoSuchMethodError': Method sun.misc.Unsafe.defineClass(Ljava/lang/String;[BII)Ljava/lang/Class; name or signature does not match> (0x00000000eb907cb8) thrown at [/HUDSON/workspace/8-2-build-linux-amd64/jdk8u221/13320/hotspot/src/sh
Event: 0.019 Thread 0x000055b83bac6000 Exception <a 'java/lang/NoSuchMethodError': Method sun.misc.Unsafe.prefetchRead(Ljava/lang/Object;J)V name or signature does not match> (0x00000000eb907fa0) thrown at [/HUDSON/workspace/8-2-build-linux-amd64/jdk8u221/13320/hotspot/src/share/vm/prims/jni.c

Events (10 events):
Event: 0.037 loading class java/lang/invoke/MethodHandleStatics done
Event: 0.037 loading class java/lang/invoke/MethodHandleStatics$1
Event: 0.037 loading class java/lang/invoke/MethodHandleStatics$1 done
Event: 0.037 Thread 0x000055b83bb75000 Thread added: 0x000055b83bb75000
Event: 0.038 loading class sun/misc/PostVMInitHook
Event: 0.038 loading class sun/misc/PostVMInitHook done
Event: 0.038 loading class sun/misc/PostVMInitHook$1
Event: 0.038 loading class sun/misc/PostVMInitHook$1 done
Event: 4.080 Executing VM operation: EnableBiasedLocking
Event: 4.080 Executing VM operation: EnableBiasedLocking done


Dynamic libraries:
c2a00000-c5380000 rw-p 00000000 00:00 0 
c5380000-eb900000 ---p 00000000 00:00 0 
eb900000-ecd80000 rw-p 00000000 00:00 0 
ecd80000-100000000 ---p 00000000 00:00 0 
100000000-100060000 rw-p 00000000 00:00 0 
100060000-140000000 ---p 00000000 00:00 0 
55b839c13000-55b839c16000 r-xp 00000000 08:01 1327760                    /home/wanhui/Documents/CallJvm/callJvmThreadpool/cmake-build-debug/main
55b839e15000-55b839e16000 r--p 00002000 08:01 1327760                    /home/wanhui/Documents/CallJvm/callJvmThreadpool/cmake-build-debug/main
55b839e16000-55b839e17000 rw-p 00003000 08:01 1327760                    /home/wanhui/Documents/CallJvm/callJvmThreadpool/cmake-build-debug/main
55b83ba97000-55b83bb83000 rw-p 00000000 00:00 0                          [heap]
7f4b08000000-7f4b08021000 rw-p 00000000 00:00 0 
7f4b08021000-7f4b0c000000 ---p 00000000 00:00 0 
7f4b10000000-7f4b10021000 rw-p 00000000 00:00 0 
7f4b10021000-7f4b14000000 ---p 00000000 00:00 0 
7f4b14000000-7f4b14021000 rw-p 00000000 00:00 0 
7f4b14021000-7f4b18000000 ---p 00000000 00:00 0 
7f4b18000000-7f4b18021000 rw-p 00000000 00:00 0 
7f4b18021000-7f4b1c000000 ---p 00000000 00:00 0 
7f4b1c000000-7f4b1c021000 rw-p 00000000 00:00 0 
7f4b1c021000-7f4b20000000 ---p 00000000 00:00 0 
7f4b20000000-7f4b20021000 rw-p 00000000 00:00 0 
7f4b20021000-7f4b24000000 ---p 00000000 00:00 0 
7f4b24000000-7f4b24021000 rw-p 00000000 00:00 0 
7f4b24021000-7f4b28000000 ---p 00000000 00:00 0 
7f4b28000000-7f4b28021000 rw-p 00000000 00:00 0 
7f4b28021000-7f4b2c000000 ---p 00000000 00:00 0 
7f4b2f631000-7f4b30000000 r--p 00000000 08:01 1186501                    /usr/lib/locale/locale-archive
7f4b30000000-7f4b30021000 rw-p 00000000 00:00 0 
7f4b30021000-7f4b34000000 ---p 00000000 00:00 0 
7f4b34076000-7f4b34077000 ---p 00000000 00:00 0 
7f4b34077000-7f4b34177000 rw-p 00000000 00:00 0 
7f4b34177000-7f4b3417a000 ---p 00000000 00:00 0 
7f4b3417a000-7f4b34278000 rw-p 00000000 00:00 0 
7f4b34278000-7f4b3427b000 ---p 00000000 00:00 0 
7f4b3427b000-7f4b34379000 rw-p 00000000 00:00 0 
7f4b34379000-7f4b3437c000 ---p 00000000 00:00 0 
7f4b3437c000-7f4b3447a000 rw-p 00000000 00:00 0 
7f4b3447a000-7f4b3447d000 ---p 00000000 00:00 0 
7f4b3447d000-7f4b3457b000 rw-p 00000000 00:00 0 
7f4b3457b000-7f4b3457c000 ---p 00000000 00:00 0 
7f4b3457c000-7f4b3558b000 rw-p 00000000 00:00 0 
7f4b3558b000-7f4b35765000 r--s 03d88000 08:01 1324703                    /usr/local/java/jre/lib/rt.jar
7f4b35765000-7f4b35b65000 rw-p 00000000 00:00 0 
7f4b35b65000-7f4b35f65000 ---p 00000000 00:00 0 
7f4b35f65000-7f4b38000000 rw-p 00000000 00:00 0 
7f4b38000000-7f4b38021000 rw-p 00000000 00:00 0 
7f4b38021000-7f4b3c000000 ---p 00000000 00:00 0 
7f4b3c02d000-7f4b3c198000 rw-p 00000000 00:00 0 
7f4b3c198000-7f4b3c199000 ---p 00000000 00:00 0 
7f4b3c199000-7f4b3c299000 rw-p 00000000 00:00 0 
7f4b3c299000-7f4b3c29a000 ---p 00000000 00:00 0 
7f4b3c29a000-7f4b3c39a000 rw-p 00000000 00:00 0 
7f4b3c39a000-7f4b3c39b000 ---p 00000000 00:00 0 
7f4b3c39b000-7f4b3c49b000 rw-p 00000000 00:00 0 
7f4b3c49b000-7f4b3c49c000 ---p 00000000 00:00 0 
7f4b3c49c000-7f4b3c5b1000 rw-p 00000000 00:00 0 
7f4b3c5b1000-7f4b3c6e3000 ---p 00000000 00:00 0 
7f4b3c6e3000-7f4b3c6ee000 rw-p 00000000 00:00 0 
7f4b3c6ee000-7f4b3c787000 ---p 00000000 00:00 0 
7f4b3c787000-7f4b3c792000 rw-p 00000000 00:00 0 
7f4b3c792000-7f4b3cb48000 ---p 00000000 00:00 0 
7f4b3cb48000-7f4b3cdb8000 rwxp 00000000 00:00 0 
7f4b3cdb8000-7f4b4bb48000 ---p 00000000 00:00 0 
7f4b4bb48000-7f4b4bb63000 r-xp 00000000 08:01 1453051                    /usr/local/java/jre/lib/amd64/libzip.so
7f4b4bb63000-7f4b4bd62000 ---p 0001b000 08:01 1453051                    /usr/local/java/jre/lib/amd64/libzip.so
7f4b4bd62000-7f4b4bd63000 r--p 0001a000 08:01 1453051                    /usr/local/java/jre/lib/amd64/libzip.so
7f4b4bd63000-7f4b4bd64000 rw-p 0001b000 08:01 1453051                    /usr/local/java/jre/lib/amd64/libzip.so
7f4b4bd64000-7f4b4bd6f000 r-xp 00000000 08:01 2233846                    /lib/x86_64-linux-gnu/libnss_files-2.27.so
7f4b4bd6f000-7f4b4bf6e000 ---p 0000b000 08:01 2233846                    /lib/x86_64-linux-gnu/libnss_files-2.27.so
7f4b4bf6e000-7f4b4bf6f000 r--p 0000a000 08:01 2233846                    /lib/x86_64-linux-gnu/libnss_files-2.27.so
7f4b4bf6f000-7f4b4bf70000 rw-p 0000b000 08:01 2233846                    /lib/x86_64-linux-gnu/libnss_files-2.27.so
7f4b4bf70000-7f4b4bf76000 rw-p 00000000 00:00 0 
7f4b4bf76000-7f4b4bf8d000 r-xp 00000000 08:01 2233840                    /lib/x86_64-linux-gnu/libnsl-2.27.so
7f4b4bf8d000-7f4b4c18c000 ---p 00017000 08:01 2233840                    /lib/x86_64-linux-gnu/libnsl-2.27.so
7f4b4c18c000-7f4b4c18d000 r--p 00016000 08:01 2233840                    /lib/x86_64-linux-gnu/libnsl-2.27.so
7f4b4c18d000-7f4b4c18e000 rw-p 00017000 08:01 2233840                    /lib/x86_64-linux-gnu/libnsl-2.27.so
7f4b4c18e000-7f4b4c190000 rw-p 00000000 00:00 0 
7f4b4c190000-7f4b4c19b000 r-xp 00000000 08:01 2233857                    /lib/x86_64-linux-gnu/libnss_nis-2.27.so
7f4b4c19b000-7f4b4c39a000 ---p 0000b000 08:01 2233857                    /lib/x86_64-linux-gnu/libnss_nis-2.27.so
7f4b4c39a000-7f4b4c39b000 r--p 0000a000 08:01 2233857                    /lib/x86_64-linux-gnu/libnss_nis-2.27.so
7f4b4c39b000-7f4b4c39c000 rw-p 0000b000 08:01 2233857                    /lib/x86_64-linux-gnu/libnss_nis-2.27.so
7f4b4c39c000-7f4b4c3a4000 r-xp 00000000 08:01 2233842                    /lib/x86_64-linux-gnu/libnss_compat-2.27.so
7f4b4c3a4000-7f4b4c5a4000 ---p 00008000 08:01 2233842                    /lib/x86_64-linux-gnu/libnss_compat-2.27.so
7f4b4c5a4000-7f4b4c5a5000 r--p 00008000 08:01 2233842                    /lib/x86_64-linux-gnu/libnss_compat-2.27.so
7f4b4c5a5000-7f4b4c5a6000 rw-p 00009000 08:01 2233842                    /lib/x86_64-linux-gnu/libnss_compat-2.27.so
7f4b4c5a6000-7f4b4c5d2000 r-xp 00000000 08:01 1453042                    /usr/local/java/jre/lib/amd64/libjava.so
7f4b4c5d2000-7f4b4c7d2000 ---p 0002c000 08:01 1453042                    /usr/local/java/jre/lib/amd64/libjava.so
7f4b4c7d2000-7f4b4c7d3000 r--p 0002c000 08:01 1453042                    /usr/local/java/jre/lib/amd64/libjava.so
7f4b4c7d3000-7f4b4c7d5000 rw-p 0002d000 08:01 1453042                    /usr/local/java/jre/lib/amd64/libjava.so
7f4b4c7d5000-7f4b4c7e2000 r-xp 00000000 08:01 1453033                    /usr/local/java/jre/lib/amd64/libverify.so
7f4b4c7e2000-7f4b4c9e1000 ---p 0000d000 08:01 1453033                    /usr/local/java/jre/lib/amd64/libverify.so
7f4b4c9e1000-7f4b4c9e3000 r--p 0000c000 08:01 1453033                    /usr/local/java/jre/lib/amd64/libverify.so
7f4b4c9e3000-7f4b4c9e4000 rw-p 0000e000 08:01 1453033                    /usr/local/java/jre/lib/amd64/libverify.so
7f4b4c9e4000-7f4b4c9eb000 r-xp 00000000 08:01 2233897                    /lib/x86_64-linux-gnu/librt-2.27.so
7f4b4c9eb000-7f4b4cbea000 ---p 00007000 08:01 2233897                    /lib/x86_64-linux-gnu/librt-2.27.so
7f4b4cbea000-7f4b4cbeb000 r--p 00006000 08:01 2233897                    /lib/x86_64-linux-gnu/librt-2.27.so
7f4b4cbeb000-7f4b4cbec000 rw-p 00007000 08:01 2233897                    /lib/x86_64-linux-gnu/librt-2.27.so
7f4b4cbec000-7f4b4cbef000 r-xp 00000000 08:01 2233779                    /lib/x86_64-linux-gnu/libdl-2.27.so
7f4b4cbef000-7f4b4cdee000 ---p 00003000 08:01 2233779                    /lib/x86_64-linux-gnu/libdl-2.27.so
7f4b4cdee000-7f4b4cdef000 r--p 00002000 08:01 2233779                    /lib/x86_64-linux-gnu/libdl-2.27.so
7f4b4cdef000-7f4b4cdf0000 rw-p 00003000 08:01 2233779                    /lib/x86_64-linux-gnu/libdl-2.27.so
7f4b4cdf0000-7f4b4cf8d000 r-xp 00000000 08:01 2233819                    /lib/x86_64-linux-gnu/libm-2.27.so
7f4b4cf8d000-7f4b4d18c000 ---p 0019d000 08:01 2233819                    /lib/x86_64-linux-gnu/libm-2.27.so
7f4b4d18c000-7f4b4d18d000 r--p 0019c000 08:01 2233819                    /lib/x86_64-linux-gnu/libm-2.27.so
7f4b4d18d000-7f4b4d18e000 rw-p 0019d000 08:01 2233819                    /lib/x86_64-linux-gnu/libm-2.27.so
7f4b4d18e000-7f4b4d375000 r-xp 00000000 08:01 2233756                    /lib/x86_64-linux-gnu/libc-2.27.so
7f4b4d375000-7f4b4d575000 ---p 001e7000 08:01 2233756                    /lib/x86_64-linux-gnu/libc-2.27.so
7f4b4d575000-7f4b4d579000 r--p 001e7000 08:01 2233756                    /lib/x86_64-linux-gnu/libc-2.27.so
7f4b4d579000-7f4b4d57b000 rw-p 001eb000 08:01 2233756                    /lib/x86_64-linux-gnu/libc-2.27.so
7f4b4d57b000-7f4b4d57f000 rw-p 00000000 00:00 0 
7f4b4d57f000-7f4b4d596000 r-xp 00000000 08:01 2233339                    /lib/x86_64-linux-gnu/libgcc_s.so.1
7f4b4d596000-7f4b4d795000 ---p 00017000 08:01 2233339                    /lib/x86_64-linux-gnu/libgcc_s.so.1
7f4b4d795000-7f4b4d796000 r--p 00016000 08:01 2233339                    /lib/x86_64-linux-gnu/libgcc_s.so.1
7f4b4d796000-7f4b4d797000 rw-p 00017000 08:01 2233339                    /lib/x86_64-linux-gnu/libgcc_s.so.1
7f4b4d797000-7f4b4d910000 r-xp 00000000 08:01 1188276                    /usr/lib/x86_64-linux-gnu/libstdc++.so.6.0.25
7f4b4d910000-7f4b4db10000 ---p 00179000 08:01 1188276                    /usr/lib/x86_64-linux-gnu/libstdc++.so.6.0.25
7f4b4db10000-7f4b4db1a000 r--p 00179000 08:01 1188276                    /usr/lib/x86_64-linux-gnu/libstdc++.so.6.0.25
7f4b4db1a000-7f4b4db1c000 rw-p 00183000 08:01 1188276                    /usr/lib/x86_64-linux-gnu/libstdc++.so.6.0.25
7f4b4db1c000-7f4b4db20000 rw-p 00000000 00:00 0 
7f4b4db20000-7f4b4db3a000 r-xp 00000000 08:01 2233889                    /lib/x86_64-linux-gnu/libpthread-2.27.so
7f4b4db3a000-7f4b4dd39000 ---p 0001a000 08:01 2233889                    /lib/x86_64-linux-gnu/libpthread-2.27.so
7f4b4dd39000-7f4b4dd3a000 r--p 00019000 08:01 2233889                    /lib/x86_64-linux-gnu/libpthread-2.27.so
7f4b4dd3a000-7f4b4dd3b000 rw-p 0001a000 08:01 2233889                    /lib/x86_64-linux-gnu/libpthread-2.27.so
7f4b4dd3b000-7f4b4dd3f000 rw-p 00000000 00:00 0 
7f4b4dd3f000-7f4b4ea27000 r-xp 00000000 08:01 1453049                    /usr/local/java/jre/lib/amd64/server/libjvm.so
7f4b4ea27000-7f4b4ec26000 ---p 00ce8000 08:01 1453049                    /usr/local/java/jre/lib/amd64/server/libjvm.so
7f4b4ec26000-7f4b4ecbc000 r--p 00ce7000 08:01 1453049                    /usr/local/java/jre/lib/amd64/server/libjvm.so
7f4b4ecbc000-7f4b4eced000 rw-p 00d7d000 08:01 1453049                    /usr/local/java/jre/lib/amd64/server/libjvm.so
7f4b4eced000-7f4b4ed28000 rw-p 00000000 00:00 0 
7f4b4ed28000-7f4b4ed4f000 r-xp 00000000 08:01 2233728                    /lib/x86_64-linux-gnu/ld-2.27.so
7f4b4ed55000-7f4b4ee01000 rw-p 00000000 00:00 0 
7f4b4ee01000-7f4b4ef34000 ---p 00000000 00:00 0 
7f4b4ef34000-7f4b4ef39000 rw-p 00000000 00:00 0 
7f4b4ef43000-7f4b4ef4b000 rw-s 00000000 08:01 1327438                    /tmp/hsperfdata_wanhui/22583
7f4b4ef4b000-7f4b4ef4c000 rw-p 00000000 00:00 0 
7f4b4ef4c000-7f4b4ef4d000 r--p 00000000 00:00 0 
7f4b4ef4d000-7f4b4ef4f000 rw-p 00000000 00:00 0 
7f4b4ef4f000-7f4b4ef50000 r--p 00027000 08:01 2233728                    /lib/x86_64-linux-gnu/ld-2.27.so
7f4b4ef50000-7f4b4ef51000 rw-p 00028000 08:01 2233728                    /lib/x86_64-linux-gnu/ld-2.27.so
7f4b4ef51000-7f4b4ef52000 rw-p 00000000 00:00 0 
7fff830ec000-7fff830ef000 ---p 00000000 00:00 0 
7fff830ef000-7fff831ec000 rw-p 00000000 00:00 0                          [stack]
7fff831f1000-7fff831f4000 r--p 00000000 00:00 0                          [vvar]
7fff831f4000-7fff831f6000 r-xp 00000000 00:00 0                          [vdso]
ffffffffff600000-ffffffffff601000 r-xp 00000000 00:00 0                  [vsyscall]

VM Arguments:
jvm_args: -Djava.compiler=NONE -verbose:jni 
java_command: <unknown>
java_class_path (initial): .:/home/wanhui/CallJvm/callJvmThreadpool/qin_test1.jar
Launcher Type: generic

Environment Variables:
JAVA_HOME=/usr/local/java
CLASSPATH=/home/wanhui/Downloads/clion-2019.2.1/lib/bootstrap.jar:/home/wanhui/Downloads/clion-2019.2.1/lib/extensions.jar:/home/wanhui/Downloads/clion-2019.2.1/lib/util.jar:/home/wanhui/Downloads/clion-2019.2.1/lib/jdom.jar:/home/wanhui/Downloads/clion-2019.2.1/lib/log4j.jar:/home/wanhui/Downloads/clion-2019.2.1/lib/trove4j.jar:/home/wanhui/Downloads/clion-2019.2.1/lib/jna.jar
PATH=/usr/local/sbin:/usr/local/bin:/usr/sbin:/usr/bin:/sbin:/bin:/snap/bin:/usr/local/redis/redis-4.0.9.tar_files/redis-4.0.9/src:/usr/local/mysql/bin
USERNAME=wanhui
SHELL=/bin/bash
DISPLAY=:0

Signal Handlers:
SIGSEGV: [libjvm.so+0xad3d90], sa_mask[0]=11111111011111111101111111111110, sa_flags=SA_RESTART|SA_SIGINFO
SIGBUS: [libjvm.so+0xad3d90], sa_mask[0]=11111111011111111101111111111110, sa_flags=SA_RESTART|SA_SIGINFO
SIGFPE: [libjvm.so+0x90b8b0], sa_mask[0]=11111111011111111101111111111110, sa_flags=SA_RESTART|SA_SIGINFO
SIGPIPE: [libjvm.so+0x90b8b0], sa_mask[0]=11111111011111111101111111111110, sa_flags=SA_RESTART|SA_SIGINFO
SIGXFSZ: [libjvm.so+0x90b8b0], sa_mask[0]=11111111011111111101111111111110, sa_flags=SA_RESTART|SA_SIGINFO
SIGILL: [libjvm.so+0x90b8b0], sa_mask[0]=11111111011111111101111111111110, sa_flags=SA_RESTART|SA_SIGINFO
SIGUSR1: SIG_DFL, sa_mask[0]=00000000000000000000000000000000, sa_flags=none
SIGUSR2: [libjvm.so+0x90b780], sa_mask[0]=00100000000000000000000000000000, sa_flags=SA_RESTART|SA_SIGINFO
SIGHUP: [libjvm.so+0x90bda0], sa_mask[0]=11111111011111111101111111111110, sa_flags=SA_RESTART|SA_SIGINFO
SIGINT: [libjvm.so+0x90bda0], sa_mask[0]=11111111011111111101111111111110, sa_flags=SA_RESTART|SA_SIGINFO
SIGTERM: [libjvm.so+0x90bda0], sa_mask[0]=11111111011111111101111111111110, sa_flags=SA_RESTART|SA_SIGINFO
SIGQUIT: [libjvm.so+0x90bda0], sa_mask[0]=11111111011111111101111111111110, sa_flags=SA_RESTART|SA_SIGINFO


---------------  S Y S T E M  ---------------

OS:DISTRIB_ID=Ubuntu
DISTRIB_RELEASE=18.04
DISTRIB_CODENAME=bionic
DISTRIB_DESCRIPTION="Ubuntu 18.04.3 LTS"

uname:Linux 4.15.0-66-generic #75-Ubuntu SMP Tue Oct 1 05:24:09 UTC 2019 x86_64
libc:glibc 2.27 NPTL 2.27 
rlimit: STACK 8192k, CORE 0k, NPROC 15513, NOFILE 1048576, AS infinity
load average:0.71 0.41 0.21

/proc/meminfo:
MemTotal:        4015688 kB
MemFree:          158980 kB
MemAvailable:    1106868 kB
Buffers:          184120 kB
Cached:           914992 kB
SwapCached:        70872 kB
Active:          2275336 kB
Inactive:         799956 kB
Active(anon):    1522708 kB
Inactive(anon):   465520 kB
Active(file):     752628 kB
Inactive(file):   334436 kB
Unevictable:          32 kB
Mlocked:              32 kB
SwapTotal:       2097148 kB
SwapFree:        1472812 kB
Dirty:              2288 kB
Writeback:             0 kB
AnonPages:       1953028 kB
Mapped:           240432 kB
Shmem:             12036 kB
Slab:             203100 kB
SReclaimable:     131032 kB
SUnreclaim:        72068 kB
KernelStack:       13744 kB
PageTables:        47612 kB
NFS_Unstable:          0 kB
Bounce:                0 kB
WritebackTmp:          0 kB
CommitLimit:     4104992 kB
Committed_AS:    6344708 kB
VmallocTotal:   34359738367 kB
VmallocUsed:           0 kB
VmallocChunk:          0 kB
HardwareCorrupted:     0 kB
AnonHugePages:         0 kB
ShmemHugePages:        0 kB
ShmemPmdMapped:        0 kB
CmaTotal:              0 kB
CmaFree:               0 kB
HugePages_Total:       0
HugePages_Free:        0
HugePages_Rsvd:        0
HugePages_Surp:        0
Hugepagesize:       2048 kB
DirectMap4k:      276288 kB
DirectMap2M:     3917824 kB
DirectMap1G:     2097152 kB

container (cgroup) information:
container_type: cgroupv1
cpu_cpuset_cpus: 0-3
cpu_memory_nodes: 0
active_processor_count: 4
cpu_quota: -1
cpu_period: 100000
cpu_shares: -1
memory_limit_in_bytes: -1
memory_and_swap_limit_in_bytes: -2
memory_soft_limit_in_bytes: -1
memory_usage_in_bytes: 3126489088
memory_max_usage_in_bytes: 399400960


CPU:total 4 (initial active 4) (2 cores per cpu, 1 threads per core) family 6 model 158 stepping 13, cmov, cx8, fxsr, mmx, sse, sse2, sse3, ssse3, sse4.1, sse4.2, popcnt, avx, avx2, aes, clmul, erms, rtm, 3dnowpref, lzcnt, tsc, tscinvbit, bmi1, bmi2, adx

/proc/cpuinfo:
processor	: 0
vendor_id	: GenuineIntel
cpu family	: 6
model		: 158
model name	: Intel(R) Core(TM) i7-9700 CPU @ 3.00GHz
stepping	: 13
microcode	: 0xb4
cpu MHz		: 2999.999
cache size	: 12288 KB
physical id	: 0
siblings	: 2
core id		: 0
cpu cores	: 2
apicid		: 0
initial apicid	: 0
fpu		: yes
fpu_exception	: yes
cpuid level	: 22
wp		: yes
flags		: fpu vme de pse tsc msr pae mce cx8 apic sep mtrr pge mca cmov pat pse36 clflush mmx fxsr sse sse2 ss ht syscall nx pdpe1gb rdtscp lm constant_tsc arch_perfmon nopl xtopology tsc_reliable nonstop_tsc cpuid pni pclmulqdq vmx ssse3 fma cx16 pcid sse4_1 sse4_2 x2apic movbe popcnt tsc_deadline_timer aes xsave avx f16c rdrand hypervisor lahf_lm abm 3dnowprefetch cpuid_fault invpcid_single ssbd ibrs ibpb stibp ibrs_enhanced tpr_shadow vnmi ept vpid fsgsbase tsc_adjust bmi1 hle avx2 smep bmi2 invpcid rtm mpx rdseed adx smap clflushopt xsaveopt xsavec xsaves arat md_clear flush_l1d arch_capabilities
bugs		: spectre_v1 spectre_v2 spec_store_bypass swapgs
bogomips	: 5999.99
clflush size	: 64
cache_alignment	: 64
address sizes	: 43 bits physical, 48 bits virtual
power management:

processor	: 1
vendor_id	: GenuineIntel
cpu family	: 6
model		: 158
model name	: Intel(R) Core(TM) i7-9700 CPU @ 3.00GHz
stepping	: 13
microcode	: 0xb4
cpu MHz		: 2999.999
cache size	: 12288 KB
physical id	: 0
siblings	: 2
core id		: 1
cpu cores	: 2
apicid		: 1
initial apicid	: 1
fpu		: yes
fpu_exception	: yes
cpuid level	: 22
wp		: yes
flags		: fpu vme de pse tsc msr pae mce cx8 apic sep mtrr pge mca cmov pat pse36 clflush mmx fxsr sse sse2 ss ht syscall nx pdpe1gb rdtscp lm constant_tsc arch_perfmon nopl xtopology tsc_reliable nonstop_tsc cpuid pni pclmulqdq vmx ssse3 fma cx16 pcid sse4_1 sse4_2 x2apic movbe popcnt tsc_deadline_timer aes xsave avx f16c rdrand hypervisor lahf_lm abm 3dnowprefetch cpuid_fault invpcid_single ssbd ibrs ibpb stibp ibrs_enhanced tpr_shadow vnmi ept vpid fsgsbase tsc_adjust bmi1 hle avx2 smep bmi2 invpcid rtm mpx rdseed adx smap clflushopt xsaveopt xsavec xsaves arat md_clear flush_l1d arch_capabilities
bugs		: spectre_v1 spectre_v2 spec_store_bypass swapgs
bogomips	: 5999.99
clflush size	: 64
cache_alignment	: 64
address sizes	: 43 bits physical, 48 bits virtual
power management:

processor	: 2
vendor_id	: GenuineIntel
cpu family	: 6
model		: 158
model name	: Intel(R) Core(TM) i7-9700 CPU @ 3.00GHz
stepping	: 13
microcode	: 0xb4
cpu MHz		: 2999.999
cache size	: 12288 KB
physical id	: 1
siblings	: 2
core id		: 0
cpu cores	: 2
apicid		: 2
initial apicid	: 2
fpu		: yes
fpu_exception	: yes
cpuid level	: 22
wp		: yes
flags		: fpu vme de pse tsc msr pae mce cx8 apic sep mtrr pge mca cmov pat pse36 clflush mmx fxsr sse sse2 ss ht syscall nx pdpe1gb rdtscp lm constant_tsc arch_perfmon nopl xtopology tsc_reliable nonstop_tsc cpuid pni pclmulqdq vmx ssse3 fma cx16 pcid sse4_1 sse4_2 x2apic movbe popcnt tsc_deadline_timer aes xsave avx f16c rdrand hypervisor lahf_lm abm 3dnowprefetch cpuid_fault invpcid_single ssbd ibrs ibpb stibp ibrs_enhanced tpr_shadow vnmi ept vpid fsgsbase tsc_adjust bmi1 hle avx2 smep bmi2 invpcid rtm mpx rdseed adx smap clflushopt xsaveopt xsavec xsaves arat md_clear flush_l1d arch_capabilities
bugs		: spectre_v1 spectre_v2 spec_store_bypass swapgs
bogomips	: 5999.99
clflush size	: 64
cache_alignment	: 64
address sizes	: 43 bits physical, 48 bits virtual
power management:

processor	: 3
vendor_id	: GenuineIntel
cpu family	: 6
model		: 158
model name	: Intel(R) Core(TM) i7-9700 CPU @ 3.00GHz
stepping	: 13
microcode	: 0xb4
cpu MHz		: 2999.999
cache size	: 12288 KB
physical id	: 1
siblings	: 2
core id		: 1
cpu cores	: 2
apicid		: 3
initial apicid	: 3
fpu		: yes
fpu_exception	: yes
cpuid level	: 22
wp		: yes
flags		: fpu vme de pse tsc msr pae mce cx8 apic sep mtrr pge mca cmov pat pse36 clflush mmx fxsr sse sse2 ss ht syscall nx pdpe1gb rdtscp lm constant_tsc arch_perfmon nopl xtopology tsc_reliable nonstop_tsc cpuid pni pclmulqdq vmx ssse3 fma cx16 pcid sse4_1 sse4_2 x2apic movbe popcnt tsc_deadline_timer aes xsave avx f16c rdrand hypervisor lahf_lm abm 3dnowprefetch cpuid_fault invpcid_single ssbd ibrs ibpb stibp ibrs_enhanced tpr_shadow vnmi ept vpid fsgsbase tsc_adjust bmi1 hle avx2 smep bmi2 invpcid rtm mpx rdseed adx smap clflushopt xsaveopt xsavec xsaves arat md_clear flush_l1d arch_capabilities
bugs		: spectre_v1 spectre_v2 spec_store_bypass swapgs
bogomips	: 5999.99
clflush size	: 64
cache_alignment	: 64
address sizes	: 43 bits physical, 48 bits virtual
power management:



Memory: 4k page, physical 4015688k(158980k free), swap 2097148k(1472812k free)

vm_info: Java HotSpot(TM) 64-Bit Server VM (25.221-b11) for linux-amd64 JRE (1.8.0_221-b11), built on Jul  4 2019 04:27:00 by "java_re" with gcc 7.3.0

time: Tue Nov  5 11:42:08 2019
timezone: CST
elapsed time: 5 seconds (0d 0h 0m 5s)

