#
# A fatal error has been detected by the Java Runtime Environment:
#
#  SIGSEGV (0xb) at pc=0x00007f2e27693d80, pid=14647, tid=0x00007f2e281b1740
#
# JRE version: Java(TM) SE Runtime Environment (8.0_221-b11) (build 1.8.0_221-b11)
# Java VM: Java HotSpot(TM) 64-Bit Server VM (25.221-b11 interpreted mode linux-amd64 compressed oops)
# Problematic frame:
# V  [libjvm.so+0x6d7d80]  JNI_CreateJavaVM+0xb0
#
# Failed to write core dump. Core dumps have been disabled. To enable core dumping, try "ulimit -c unlimited" before starting Java again
#
# If you would like to submit a bug report, please visit:
#   http://bugreport.java.com/bugreport/crash.jsp
#

---------------  T H R E A D  ---------------

Current thread (0x00005633976e9000):  JavaThread "main" [_thread_in_vm, id=14647, stack(0x00007ffe56827000,0x00007ffe56927000)]

siginfo: si_signo: 11 (SIGSEGV), si_code: 1 (SEGV_MAPERR), si_addr: 0x0000000000000000

Registers:
RAX=0x00007f2e27f493e0, RBX=0x0000000000000000, RCX=0x00007f2e26fb7320, RDX=0x00007f2e281b1a60
RSP=0x00007ffe56924750, RBP=0x00007ffe569247a0, RSI=0x0000000000000001, RDI=0x0000000000000010
R8 =0x0000000000000000, R9 =0x000056339779c250, R10=0x00007ffe56924570, R11=0x0000000000000001
R12=0x0000000000000000, R13=0x00007ffe569247b8, R14=0x00005633976e9000, R15=0x0000000000000000
RIP=0x00007f2e27693d80, EFLAGS=0x0000000000010246, CSGSFS=0x002b000000000033, ERR=0x0000000000000006
  TRAPNO=0x000000000000000e

Top of Stack: (sp=0x00007ffe56924750)
0x00007ffe56924750:   0000000000000000 01007f2e26498403
0x00007ffe56924760:   0000000000000004 00007f2e267f7760
0x00007ffe56924770:   000056339553e24b 00007f2e2648bb62
0x00007ffe56924780:   0000000000000000 000056339553d2c0
0x00007ffe56924790:   00007ffe56924930 0000000000000000
0x00007ffe569247a0:   000056339553e080 000056339553dab8
0x00007ffe569247b0:   ffffffffffffff80 00000000000011bf
0x00007ffe569247c0:   0000000300010008 00007ffe569247e0
0x00007ffe569247d0:   0000000000000001 00007f2e2649fff0
0x00007ffe569247e0:   000056339553e29a 0000000000011c00
0x00007ffe569247f0:   000056339553e300 0000000000000000
0x00007ffe56924800:   000056339553e2af 00005633976c2e08
0x00007ffe56924810:   0000000000000001 4d40205097db6a00
0x00007ffe56924820:   0000000000000000 000056339553d210
0x00007ffe56924830:   000056339553e080 4d40205097db6a00
0x00007ffe56924840:   00007ffe56924930 0000000000000000
0x00007ffe56924850:   000056339553e080 00007f2e2642cb97
0x00007ffe56924860:   00007ffe569248b0 00007ffe56924938
0x00007ffe56924870:   00000001ffffff80 000056339553d1f0
0x00007ffe56924880:   0000000000000000 eab8ed19428a5513
0x00007ffe56924890:   000056339553d2c0 00007ffe56924930
0x00007ffe569248a0:   0000000000000000 0000000000000000
0x00007ffe569248b0:   b9236a9a134a5513 b8838b3b15145513
0x00007ffe569248c0:   0000000000000000 0000000000000000
0x00007ffe569248d0:   0000000000000000 00007f2e27fb5733
0x00007ffe569248e0:   00007f2e27ea3b38 00007f2e26fb6bb0
0x00007ffe569248f0:   0000000000000000 0000000000000000
0x00007ffe56924900:   0000000000000000 000056339553d2c0
0x00007ffe56924910:   00007ffe56924930 000056339553d2ea
0x00007ffe56924920:   00007ffe56924928 000000000000001c
0x00007ffe56924930:   0000000000000001 00007ffe569267dc
0x00007ffe56924940:   0000000000000000 00007ffe5692681a 

Instructions: (pc=0x00007f2e27693d80)
0x00007f2e27693d60:   00 00 eb c7 0f 1f 40 00 48 8d 05 39 9b 8b 00 8b
0x00007f2e27693d70:   38 e8 62 66 b2 ff 49 89 c6 48 8d 05 60 56 8b 00
0x00007f2e27693d80:   49 89 04 24 49 8d 86 f8 01 00 00 49 89 45 00 e8
0x00007f2e27693d90:   ac 14 2e 00 48 8d 05 89 bf 8e 00 80 38 00 75 70 

Register to memory mapping:

RAX=0x00007f2e27f493e0: <offset 0xf8d3e0> in /usr/local/java/jre/lib/amd64/server/libjvm.so at 0x00007f2e26fbc000
RBX=0x0000000000000000 is an unknown value
RCX=0x00007f2e26fb7320: <offset 0x21a320> in /lib/x86_64-linux-gnu/libpthread.so.0 at 0x00007f2e26d9d000
RDX=0x00007f2e281b1a60 is an unknown value
RSP=0x00007ffe56924750 is pointing into the stack for thread: 0x00005633976e9000
RBP=0x00007ffe569247a0 is pointing into the stack for thread: 0x00005633976e9000
RSI=0x0000000000000001 is an unknown value
RDI=0x0000000000000010 is an unknown value
R8 =0x0000000000000000 is an unknown value
R9 =0x000056339779c250 is an unknown value
R10=0x00007ffe56924570 is pointing into the stack for thread: 0x00005633976e9000
R11=0x0000000000000001 is an unknown value
R12=0x0000000000000000 is an unknown value
R13=0x00007ffe569247b8 is pointing into the stack for thread: 0x00005633976e9000
R14=0x00005633976e9000 is a thread
R15=0x0000000000000000 is an unknown value


Stack: [0x00007ffe56827000,0x00007ffe56927000],  sp=0x00007ffe56924750,  free space=1013k
Native frames: (J=compiled Java code, j=interpreted, Vv=VM code, C=native code)
V  [libjvm.so+0x6d7d80]  JNI_CreateJavaVM+0xb0
C  [main+0x1ab8]  create_vm(JVM*)+0x78


---------------  P R O C E S S  ---------------

Java Threads: ( => current thread )
  0x0000563397798000 JavaThread "Service Thread" daemon [_thread_blocked, id=14656, stack(0x00007f2e10a52000,0x00007f2e10b53000)]
  0x0000563397796000 JavaThread "Signal Dispatcher" daemon [_thread_blocked, id=14655, stack(0x00007f2e10b53000,0x00007f2e10c54000)]
  0x0000563397765800 JavaThread "Finalizer" daemon [_thread_blocked, id=14654, stack(0x00007f2e11623000,0x00007f2e11724000)]
  0x0000563397761000 JavaThread "Reference Handler" daemon [_thread_blocked, id=14653, stack(0x00007f2e11724000,0x00007f2e11825000)]
=>0x00005633976e9000 JavaThread "main" [_thread_in_vm, id=14647, stack(0x00007ffe56827000,0x00007ffe56927000)]

Other Threads:
  0x0000563397757000 VMThread [stack: 0x00007f2e11826000,0x00007f2e11926000] [id=14652]
  0x000056339779b000 WatcherThread [stack: 0x00007f2e10952000,0x00007f2e10a52000] [id=14657]

VM state:not at safepoint (normal execution)

VM Mutex/Monitor currently owned by a thread: None

heap address: 0x00000000c2a00000, size: 982 MB, Compressed Oops mode: 32-bit
Narrow klass base: 0x0000000000000000, Narrow klass shift: 3
Compressed class space size: 1073741824 Address: 0x0000000100000000

Heap:
 PSYoungGen      total 18432K, used 634K [0x00000000eb900000, 0x00000000ecd80000, 0x0000000100000000)
  eden space 15872K, 4% used [0x00000000eb900000,0x00000000eb99ebc8,0x00000000ec880000)
  from space 2560K, 0% used [0x00000000ecb00000,0x00000000ecb00000,0x00000000ecd80000)
  to   space 2560K, 0% used [0x00000000ec880000,0x00000000ec880000,0x00000000ecb00000)
 ParOldGen       total 42496K, used 0K [0x00000000c2a00000, 0x00000000c5380000, 0x00000000eb900000)
  object space 42496K, 0% used [0x00000000c2a00000,0x00000000c2a00000,0x00000000c5380000)
 Metaspace       used 2176K, capacity 4480K, committed 4480K, reserved 1056768K
  class space    used 240K, capacity 384K, committed 384K, reserved 1048576K

Card table byte_map: [0x00007f2e15819000,0x00007f2e15a05000] byte_map_base: 0x00007f2e15204000

Marking Bits: (ParMarkBitMap*) 0x00007f2e27f87d80
 Begin Bits: [0x00007f2e13565000, 0x00007f2e144bd000)
 End Bits:   [0x00007f2e144bd000, 0x00007f2e15415000)

Polling page: 0x00007f2e281c9000

CodeCache: size=245760Kb used=469Kb max_used=469Kb free=245290Kb
 bounds [0x00007f2e15dc5000, 0x00007f2e16035000, 0x00007f2e24dc5000]
 total_blobs=171 nmethods=0 adapters=137
 compilation: disabled (interpreter mode)

Compilation events (0 events):
No events

GC Heap History (0 events):
No events

Deoptimization events (0 events):
No events

Classes redefined (0 events):
No events

Internal exceptions (2 events):
Event: 0.017 Thread 0x00005633976e9000 Exception <a 'java/lang/NoSuchMethodError': Method sun.misc.Unsafe.defineClass(Ljava/lang/String;[BII)Ljava/lang/Class; name or signature does not match> (0x00000000eb907cb8) thrown at [/HUDSON/workspace/8-2-build-linux-amd64/jdk8u221/13320/hotspot/src/sh
Event: 0.018 Thread 0x00005633976e9000 Exception <a 'java/lang/NoSuchMethodError': Method sun.misc.Unsafe.prefetchRead(Ljava/lang/Object;J)V name or signature does not match> (0x00000000eb907fa0) thrown at [/HUDSON/workspace/8-2-build-linux-amd64/jdk8u221/13320/hotspot/src/share/vm/prims/jni.c

Events (10 events):
Event: 0.032 loading class java/lang/invoke/MemberName$Factory done
Event: 0.032 loading class java/lang/invoke/MethodHandleStatics
Event: 0.032 loading class java/lang/invoke/MethodHandleStatics done
Event: 0.032 loading class java/lang/invoke/MethodHandleStatics$1
Event: 0.032 loading class java/lang/invoke/MethodHandleStatics$1 done
Event: 0.032 Thread 0x0000563397798000 Thread added: 0x0000563397798000
Event: 0.032 loading class sun/misc/PostVMInitHook
Event: 0.032 loading class sun/misc/PostVMInitHook done
Event: 0.032 loading class sun/misc/PostVMInitHook$1
Event: 0.032 loading class sun/misc/PostVMInitHook$1 done


Dynamic libraries:
c2a00000-c5380000 rw-p 00000000 00:00 0 
c5380000-eb900000 ---p 00000000 00:00 0 
eb900000-ecd80000 rw-p 00000000 00:00 0 
ecd80000-100000000 ---p 00000000 00:00 0 
100000000-100060000 rw-p 00000000 00:00 0 
100060000-140000000 ---p 00000000 00:00 0 
56339553c000-56339553f000 r-xp 00000000 08:01 27                         /home/wanhui/CallJvm/callJvmThreadpool/cmake-build-debug/main
56339573e000-56339573f000 r--p 00002000 08:01 27                         /home/wanhui/CallJvm/callJvmThreadpool/cmake-build-debug/main
56339573f000-563395740000 rw-p 00003000 08:01 27                         /home/wanhui/CallJvm/callJvmThreadpool/cmake-build-debug/main
5633976ba000-5633977a6000 rw-p 00000000 00:00 0                          [heap]
7f2de4000000-7f2de4021000 rw-p 00000000 00:00 0 
7f2de4021000-7f2de8000000 ---p 00000000 00:00 0 
7f2de8000000-7f2de8021000 rw-p 00000000 00:00 0 
7f2de8021000-7f2dec000000 ---p 00000000 00:00 0 
7f2dec000000-7f2dec021000 rw-p 00000000 00:00 0 
7f2dec021000-7f2df0000000 ---p 00000000 00:00 0 
7f2df0000000-7f2df0021000 rw-p 00000000 00:00 0 
7f2df0021000-7f2df4000000 ---p 00000000 00:00 0 
7f2df4000000-7f2df4021000 rw-p 00000000 00:00 0 
7f2df4021000-7f2df8000000 ---p 00000000 00:00 0 
7f2df8000000-7f2df8021000 rw-p 00000000 00:00 0 
7f2df8021000-7f2dfc000000 ---p 00000000 00:00 0 
7f2dfc000000-7f2dfc021000 rw-p 00000000 00:00 0 
7f2dfc021000-7f2e00000000 ---p 00000000 00:00 0 
7f2e00000000-7f2e00021000 rw-p 00000000 00:00 0 
7f2e00021000-7f2e04000000 ---p 00000000 00:00 0 
7f2e04000000-7f2e04021000 rw-p 00000000 00:00 0 
7f2e04021000-7f2e08000000 ---p 00000000 00:00 0 
7f2e0c000000-7f2e0c021000 rw-p 00000000 00:00 0 
7f2e0c021000-7f2e10000000 ---p 00000000 00:00 0 
7f2e10951000-7f2e10952000 ---p 00000000 00:00 0 
7f2e10952000-7f2e10a52000 rw-p 00000000 00:00 0 
7f2e10a52000-7f2e10a55000 ---p 00000000 00:00 0 
7f2e10a55000-7f2e10b53000 rw-p 00000000 00:00 0 
7f2e10b53000-7f2e10b56000 ---p 00000000 00:00 0 
7f2e10b56000-7f2e10c54000 rw-p 00000000 00:00 0 
7f2e10c54000-7f2e11623000 r--p 00000000 08:01 1186501                    /usr/lib/locale/locale-archive
7f2e11623000-7f2e11626000 ---p 00000000 00:00 0 
7f2e11626000-7f2e11724000 rw-p 00000000 00:00 0 
7f2e11724000-7f2e11727000 ---p 00000000 00:00 0 
7f2e11727000-7f2e11825000 rw-p 00000000 00:00 0 
7f2e11825000-7f2e11826000 ---p 00000000 00:00 0 
7f2e11826000-7f2e1292a000 rw-p 00000000 00:00 0 
7f2e1292a000-7f2e12b04000 r--s 03d88000 08:01 1324703                    /usr/local/java/jre/lib/rt.jar
7f2e12b04000-7f2e12f7a000 rw-p 00000000 00:00 0 
7f2e12f7a000-7f2e1337a000 ---p 00000000 00:00 0 
7f2e1337a000-7f2e15415000 rw-p 00000000 00:00 0 
7f2e15415000-7f2e15416000 ---p 00000000 00:00 0 
7f2e15416000-7f2e15516000 rw-p 00000000 00:00 0 
7f2e15516000-7f2e15517000 ---p 00000000 00:00 0 
7f2e15517000-7f2e15617000 rw-p 00000000 00:00 0 
7f2e15617000-7f2e15618000 ---p 00000000 00:00 0 
7f2e15618000-7f2e15718000 rw-p 00000000 00:00 0 
7f2e15718000-7f2e15719000 ---p 00000000 00:00 0 
7f2e15719000-7f2e1582e000 rw-p 00000000 00:00 0 
7f2e1582e000-7f2e15960000 ---p 00000000 00:00 0 
7f2e15960000-7f2e1596b000 rw-p 00000000 00:00 0 
7f2e1596b000-7f2e15a04000 ---p 00000000 00:00 0 
7f2e15a04000-7f2e15a0f000 rw-p 00000000 00:00 0 
7f2e15a0f000-7f2e15dc5000 ---p 00000000 00:00 0 
7f2e15dc5000-7f2e16035000 rwxp 00000000 00:00 0 
7f2e16035000-7f2e24dc5000 ---p 00000000 00:00 0 
7f2e24dc5000-7f2e24de0000 r-xp 00000000 08:01 1453051                    /usr/local/java/jre/lib/amd64/libzip.so
7f2e24de0000-7f2e24fdf000 ---p 0001b000 08:01 1453051                    /usr/local/java/jre/lib/amd64/libzip.so
7f2e24fdf000-7f2e24fe0000 r--p 0001a000 08:01 1453051                    /usr/local/java/jre/lib/amd64/libzip.so
7f2e24fe0000-7f2e24fe1000 rw-p 0001b000 08:01 1453051                    /usr/local/java/jre/lib/amd64/libzip.so
7f2e24fe1000-7f2e24fec000 r-xp 00000000 08:01 2233846                    /lib/x86_64-linux-gnu/libnss_files-2.27.so
7f2e24fec000-7f2e251eb000 ---p 0000b000 08:01 2233846                    /lib/x86_64-linux-gnu/libnss_files-2.27.so
7f2e251eb000-7f2e251ec000 r--p 0000a000 08:01 2233846                    /lib/x86_64-linux-gnu/libnss_files-2.27.so
7f2e251ec000-7f2e251ed000 rw-p 0000b000 08:01 2233846                    /lib/x86_64-linux-gnu/libnss_files-2.27.so
7f2e251ed000-7f2e251f3000 rw-p 00000000 00:00 0 
7f2e251f3000-7f2e2520a000 r-xp 00000000 08:01 2233840                    /lib/x86_64-linux-gnu/libnsl-2.27.so
7f2e2520a000-7f2e25409000 ---p 00017000 08:01 2233840                    /lib/x86_64-linux-gnu/libnsl-2.27.so
7f2e25409000-7f2e2540a000 r--p 00016000 08:01 2233840                    /lib/x86_64-linux-gnu/libnsl-2.27.so
7f2e2540a000-7f2e2540b000 rw-p 00017000 08:01 2233840                    /lib/x86_64-linux-gnu/libnsl-2.27.so
7f2e2540b000-7f2e2540d000 rw-p 00000000 00:00 0 
7f2e2540d000-7f2e25418000 r-xp 00000000 08:01 2233857                    /lib/x86_64-linux-gnu/libnss_nis-2.27.so
7f2e25418000-7f2e25617000 ---p 0000b000 08:01 2233857                    /lib/x86_64-linux-gnu/libnss_nis-2.27.so
7f2e25617000-7f2e25618000 r--p 0000a000 08:01 2233857                    /lib/x86_64-linux-gnu/libnss_nis-2.27.so
7f2e25618000-7f2e25619000 rw-p 0000b000 08:01 2233857                    /lib/x86_64-linux-gnu/libnss_nis-2.27.so
7f2e25619000-7f2e25621000 r-xp 00000000 08:01 2233842                    /lib/x86_64-linux-gnu/libnss_compat-2.27.so
7f2e25621000-7f2e25821000 ---p 00008000 08:01 2233842                    /lib/x86_64-linux-gnu/libnss_compat-2.27.so
7f2e25821000-7f2e25822000 r--p 00008000 08:01 2233842                    /lib/x86_64-linux-gnu/libnss_compat-2.27.so
7f2e25822000-7f2e25823000 rw-p 00009000 08:01 2233842                    /lib/x86_64-linux-gnu/libnss_compat-2.27.so
7f2e25823000-7f2e2584f000 r-xp 00000000 08:01 1453042                    /usr/local/java/jre/lib/amd64/libjava.so
7f2e2584f000-7f2e25a4f000 ---p 0002c000 08:01 1453042                    /usr/local/java/jre/lib/amd64/libjava.so
7f2e25a4f000-7f2e25a50000 r--p 0002c000 08:01 1453042                    /usr/local/java/jre/lib/amd64/libjava.so
7f2e25a50000-7f2e25a52000 rw-p 0002d000 08:01 1453042                    /usr/local/java/jre/lib/amd64/libjava.so
7f2e25a52000-7f2e25a5f000 r-xp 00000000 08:01 1453033                    /usr/local/java/jre/lib/amd64/libverify.so
7f2e25a5f000-7f2e25c5e000 ---p 0000d000 08:01 1453033                    /usr/local/java/jre/lib/amd64/libverify.so
7f2e25c5e000-7f2e25c60000 r--p 0000c000 08:01 1453033                    /usr/local/java/jre/lib/amd64/libverify.so
7f2e25c60000-7f2e25c61000 rw-p 0000e000 08:01 1453033                    /usr/local/java/jre/lib/amd64/libverify.so
7f2e25c61000-7f2e25c68000 r-xp 00000000 08:01 2233897                    /lib/x86_64-linux-gnu/librt-2.27.so
7f2e25c68000-7f2e25e67000 ---p 00007000 08:01 2233897                    /lib/x86_64-linux-gnu/librt-2.27.so
7f2e25e67000-7f2e25e68000 r--p 00006000 08:01 2233897                    /lib/x86_64-linux-gnu/librt-2.27.so
7f2e25e68000-7f2e25e69000 rw-p 00007000 08:01 2233897                    /lib/x86_64-linux-gnu/librt-2.27.so
7f2e25e69000-7f2e25e6c000 r-xp 00000000 08:01 2233779                    /lib/x86_64-linux-gnu/libdl-2.27.so
7f2e25e6c000-7f2e2606b000 ---p 00003000 08:01 2233779                    /lib/x86_64-linux-gnu/libdl-2.27.so
7f2e2606b000-7f2e2606c000 r--p 00002000 08:01 2233779                    /lib/x86_64-linux-gnu/libdl-2.27.so
7f2e2606c000-7f2e2606d000 rw-p 00003000 08:01 2233779                    /lib/x86_64-linux-gnu/libdl-2.27.so
7f2e2606d000-7f2e2620a000 r-xp 00000000 08:01 2233819                    /lib/x86_64-linux-gnu/libm-2.27.so
7f2e2620a000-7f2e26409000 ---p 0019d000 08:01 2233819                    /lib/x86_64-linux-gnu/libm-2.27.so
7f2e26409000-7f2e2640a000 r--p 0019c000 08:01 2233819                    /lib/x86_64-linux-gnu/libm-2.27.so
7f2e2640a000-7f2e2640b000 rw-p 0019d000 08:01 2233819                    /lib/x86_64-linux-gnu/libm-2.27.so
7f2e2640b000-7f2e265f2000 r-xp 00000000 08:01 2233756                    /lib/x86_64-linux-gnu/libc-2.27.so
7f2e265f2000-7f2e267f2000 ---p 001e7000 08:01 2233756                    /lib/x86_64-linux-gnu/libc-2.27.so
7f2e267f2000-7f2e267f6000 r--p 001e7000 08:01 2233756                    /lib/x86_64-linux-gnu/libc-2.27.so
7f2e267f6000-7f2e267f8000 rw-p 001eb000 08:01 2233756                    /lib/x86_64-linux-gnu/libc-2.27.so
7f2e267f8000-7f2e267fc000 rw-p 00000000 00:00 0 
7f2e267fc000-7f2e26813000 r-xp 00000000 08:01 2233339                    /lib/x86_64-linux-gnu/libgcc_s.so.1
7f2e26813000-7f2e26a12000 ---p 00017000 08:01 2233339                    /lib/x86_64-linux-gnu/libgcc_s.so.1
7f2e26a12000-7f2e26a13000 r--p 00016000 08:01 2233339                    /lib/x86_64-linux-gnu/libgcc_s.so.1
7f2e26a13000-7f2e26a14000 rw-p 00017000 08:01 2233339                    /lib/x86_64-linux-gnu/libgcc_s.so.1
7f2e26a14000-7f2e26b8d000 r-xp 00000000 08:01 1188276                    /usr/lib/x86_64-linux-gnu/libstdc++.so.6.0.25
7f2e26b8d000-7f2e26d8d000 ---p 00179000 08:01 1188276                    /usr/lib/x86_64-linux-gnu/libstdc++.so.6.0.25
7f2e26d8d000-7f2e26d97000 r--p 00179000 08:01 1188276                    /usr/lib/x86_64-linux-gnu/libstdc++.so.6.0.25
7f2e26d97000-7f2e26d99000 rw-p 00183000 08:01 1188276                    /usr/lib/x86_64-linux-gnu/libstdc++.so.6.0.25
7f2e26d99000-7f2e26d9d000 rw-p 00000000 00:00 0 
7f2e26d9d000-7f2e26db7000 r-xp 00000000 08:01 2233889                    /lib/x86_64-linux-gnu/libpthread-2.27.so
7f2e26db7000-7f2e26fb6000 ---p 0001a000 08:01 2233889                    /lib/x86_64-linux-gnu/libpthread-2.27.so
7f2e26fb6000-7f2e26fb7000 r--p 00019000 08:01 2233889                    /lib/x86_64-linux-gnu/libpthread-2.27.so
7f2e26fb7000-7f2e26fb8000 rw-p 0001a000 08:01 2233889                    /lib/x86_64-linux-gnu/libpthread-2.27.so
7f2e26fb8000-7f2e26fbc000 rw-p 00000000 00:00 0 
7f2e26fbc000-7f2e27ca4000 r-xp 00000000 08:01 1453049                    /usr/local/java/jre/lib/amd64/server/libjvm.so
7f2e27ca4000-7f2e27ea3000 ---p 00ce8000 08:01 1453049                    /usr/local/java/jre/lib/amd64/server/libjvm.so
7f2e27ea3000-7f2e27f39000 r--p 00ce7000 08:01 1453049                    /usr/local/java/jre/lib/amd64/server/libjvm.so
7f2e27f39000-7f2e27f6a000 rw-p 00d7d000 08:01 1453049                    /usr/local/java/jre/lib/amd64/server/libjvm.so
7f2e27f6a000-7f2e27fa5000 rw-p 00000000 00:00 0 
7f2e27fa5000-7f2e27fcc000 r-xp 00000000 08:01 2233728                    /lib/x86_64-linux-gnu/ld-2.27.so
7f2e27fd2000-7f2e2807e000 rw-p 00000000 00:00 0 
7f2e2807e000-7f2e281b1000 ---p 00000000 00:00 0 
7f2e281b1000-7f2e281b6000 rw-p 00000000 00:00 0 
7f2e281c0000-7f2e281c8000 rw-s 00000000 08:01 1327340                    /tmp/hsperfdata_wanhui/14647
7f2e281c8000-7f2e281c9000 rw-p 00000000 00:00 0 
7f2e281c9000-7f2e281ca000 r--p 00000000 00:00 0 
7f2e281ca000-7f2e281cc000 rw-p 00000000 00:00 0 
7f2e281cc000-7f2e281cd000 r--p 00027000 08:01 2233728                    /lib/x86_64-linux-gnu/ld-2.27.so
7f2e281cd000-7f2e281ce000 rw-p 00028000 08:01 2233728                    /lib/x86_64-linux-gnu/ld-2.27.so
7f2e281ce000-7f2e281cf000 rw-p 00000000 00:00 0 
7ffe56827000-7ffe5682a000 ---p 00000000 00:00 0 
7ffe5682a000-7ffe56927000 rw-p 00000000 00:00 0                          [stack]
7ffe569f5000-7ffe569f8000 r--p 00000000 00:00 0                          [vvar]
7ffe569f8000-7ffe569fa000 r-xp 00000000 00:00 0                          [vdso]
ffffffffff600000-ffffffffff601000 r-xp 00000000 00:00 0                  [vsyscall]

VM Arguments:
jvm_args: -Djava.compiler=NONE -verbose:jni 
java_command: <unknown>
java_class_path (initial): .:/home/wanhui/CallJvm/callJvmThreadpool/qin_test1.jar
Launcher Type: generic

Environment Variables:
JAVA_HOME=/usr/local/java
CLASSPATH=/home/wanhui/Downloads/clion-2019.2.1/lib/bootstrap.jar:/home/wanhui/Downloads/clion-2019.2.1/lib/extensions.jar:/home/wanhui/Downloads/clion-2019.2.1/lib/util.jar:/home/wanhui/Downloads/clion-2019.2.1/lib/jdom.jar:/home/wanhui/Downloads/clion-2019.2.1/lib/log4j.jar:/home/wanhui/Downloads/clion-2019.2.1/lib/trove4j.jar:/home/wanhui/Downloads/clion-2019.2.1/lib/jna.jar
PATH=/usr/local/sbin:/usr/local/bin:/usr/sbin:/usr/bin:/sbin:/bin:/snap/bin:/usr/local/redis/redis-4.0.9.tar_files/redis-4.0.9/src:/usr/local/mysql/bin
USERNAME=wanhui
SHELL=/bin/bash
DISPLAY=:0

Signal Handlers:
SIGSEGV: [libjvm.so+0xad3d90], sa_mask[0]=11111111011111111101111111111110, sa_flags=SA_RESTART|SA_SIGINFO
SIGBUS: [libjvm.so+0xad3d90], sa_mask[0]=11111111011111111101111111111110, sa_flags=SA_RESTART|SA_SIGINFO
SIGFPE: [libjvm.so+0x90b8b0], sa_mask[0]=11111111011111111101111111111110, sa_flags=SA_RESTART|SA_SIGINFO
SIGPIPE: [libjvm.so+0x90b8b0], sa_mask[0]=11111111011111111101111111111110, sa_flags=SA_RESTART|SA_SIGINFO
SIGXFSZ: [libjvm.so+0x90b8b0], sa_mask[0]=11111111011111111101111111111110, sa_flags=SA_RESTART|SA_SIGINFO
SIGILL: [libjvm.so+0x90b8b0], sa_mask[0]=11111111011111111101111111111110, sa_flags=SA_RESTART|SA_SIGINFO
SIGUSR1: SIG_DFL, sa_mask[0]=00000000000000000000000000000000, sa_flags=none
SIGUSR2: [libjvm.so+0x90b780], sa_mask[0]=00100000000000000000000000000000, sa_flags=SA_RESTART|SA_SIGINFO
SIGHUP: [libjvm.so+0x90bda0], sa_mask[0]=11111111011111111101111111111110, sa_flags=SA_RESTART|SA_SIGINFO
SIGINT: [libjvm.so+0x90bda0], sa_mask[0]=11111111011111111101111111111110, sa_flags=SA_RESTART|SA_SIGINFO
SIGTERM: [libjvm.so+0x90bda0], sa_mask[0]=11111111011111111101111111111110, sa_flags=SA_RESTART|SA_SIGINFO
SIGQUIT: [libjvm.so+0x90bda0], sa_mask[0]=11111111011111111101111111111110, sa_flags=SA_RESTART|SA_SIGINFO


---------------  S Y S T E M  ---------------

OS:DISTRIB_ID=Ubuntu
DISTRIB_RELEASE=18.04
DISTRIB_CODENAME=bionic
DISTRIB_DESCRIPTION="Ubuntu 18.04.3 LTS"

uname:Linux 4.15.0-66-generic #75-Ubuntu SMP Tue Oct 1 05:24:09 UTC 2019 x86_64
libc:glibc 2.27 NPTL 2.27 
rlimit: STACK 8192k, CORE 0k, NPROC 15513, NOFILE 1048576, AS infinity
load average:0.12 0.23 0.25

/proc/meminfo:
MemTotal:        4015688 kB
MemFree:          209152 kB
MemAvailable:     457200 kB
Buffers:           59792 kB
Cached:           341412 kB
SwapCached:       155776 kB
Active:          2344824 kB
Inactive:         746832 kB
Active(anon):    2149652 kB
Inactive(anon):   558068 kB
Active(file):     195172 kB
Inactive(file):   188764 kB
Unevictable:          16 kB
Mlocked:              16 kB
SwapTotal:       2097148 kB
SwapFree:        1427964 kB
Dirty:              2448 kB
Writeback:             0 kB
AnonPages:       2645592 kB
Mapped:           193400 kB
Shmem:             16980 kB
Slab:             206152 kB
SReclaimable:     137988 kB
SUnreclaim:        68164 kB
KernelStack:       13472 kB
PageTables:        48040 kB
NFS_Unstable:          0 kB
Bounce:                0 kB
WritebackTmp:          0 kB
CommitLimit:     4104992 kB
Committed_AS:    6890864 kB
VmallocTotal:   34359738367 kB
VmallocUsed:           0 kB
VmallocChunk:          0 kB
HardwareCorrupted:     0 kB
AnonHugePages:         0 kB
ShmemHugePages:        0 kB
ShmemPmdMapped:        0 kB
CmaTotal:              0 kB
CmaFree:               0 kB
HugePages_Total:       0
HugePages_Free:        0
HugePages_Rsvd:        0
HugePages_Surp:        0
Hugepagesize:       2048 kB
DirectMap4k:      198464 kB
DirectMap2M:     3995648 kB
DirectMap1G:     2097152 kB

container (cgroup) information:
container_type: cgroupv1
cpu_cpuset_cpus: 0-3
cpu_memory_nodes: 0
active_processor_count: 4
cpu_quota: -1
cpu_period: 100000
cpu_shares: -1
memory_limit_in_bytes: -1
memory_and_swap_limit_in_bytes: -2
memory_soft_limit_in_bytes: -1
memory_usage_in_bytes: 3121168384
memory_max_usage_in_bytes: 41361408


CPU:total 4 (initial active 4) (2 cores per cpu, 1 threads per core) family 6 model 158 stepping 13, cmov, cx8, fxsr, mmx, sse, sse2, sse3, ssse3, sse4.1, sse4.2, popcnt, avx, avx2, aes, clmul, erms, rtm, 3dnowpref, lzcnt, tsc, tscinvbit, bmi1, bmi2, adx

/proc/cpuinfo:
processor	: 0
vendor_id	: GenuineIntel
cpu family	: 6
model		: 158
model name	: Intel(R) Core(TM) i7-9700 CPU @ 3.00GHz
stepping	: 13
microcode	: 0xb4
cpu MHz		: 2999.999
cache size	: 12288 KB
physical id	: 0
siblings	: 2
core id		: 0
cpu cores	: 2
apicid		: 0
initial apicid	: 0
fpu		: yes
fpu_exception	: yes
cpuid level	: 22
wp		: yes
flags		: fpu vme de pse tsc msr pae mce cx8 apic sep mtrr pge mca cmov pat pse36 clflush mmx fxsr sse sse2 ss ht syscall nx pdpe1gb rdtscp lm constant_tsc arch_perfmon nopl xtopology tsc_reliable nonstop_tsc cpuid pni pclmulqdq vmx ssse3 fma cx16 pcid sse4_1 sse4_2 x2apic movbe popcnt tsc_deadline_timer aes xsave avx f16c rdrand hypervisor lahf_lm abm 3dnowprefetch cpuid_fault invpcid_single ssbd ibrs ibpb stibp ibrs_enhanced tpr_shadow vnmi ept vpid fsgsbase tsc_adjust bmi1 hle avx2 smep bmi2 invpcid rtm mpx rdseed adx smap clflushopt xsaveopt xsavec xsaves arat md_clear flush_l1d arch_capabilities
bugs		: spectre_v1 spectre_v2 spec_store_bypass swapgs
bogomips	: 5999.99
clflush size	: 64
cache_alignment	: 64
address sizes	: 43 bits physical, 48 bits virtual
power management:

processor	: 1
vendor_id	: GenuineIntel
cpu family	: 6
model		: 158
model name	: Intel(R) Core(TM) i7-9700 CPU @ 3.00GHz
stepping	: 13
microcode	: 0xb4
cpu MHz		: 2999.999
cache size	: 12288 KB
physical id	: 0
siblings	: 2
core id		: 1
cpu cores	: 2
apicid		: 1
initial apicid	: 1
fpu		: yes
fpu_exception	: yes
cpuid level	: 22
wp		: yes
flags		: fpu vme de pse tsc msr pae mce cx8 apic sep mtrr pge mca cmov pat pse36 clflush mmx fxsr sse sse2 ss ht syscall nx pdpe1gb rdtscp lm constant_tsc arch_perfmon nopl xtopology tsc_reliable nonstop_tsc cpuid pni pclmulqdq vmx ssse3 fma cx16 pcid sse4_1 sse4_2 x2apic movbe popcnt tsc_deadline_timer aes xsave avx f16c rdrand hypervisor lahf_lm abm 3dnowprefetch cpuid_fault invpcid_single ssbd ibrs ibpb stibp ibrs_enhanced tpr_shadow vnmi ept vpid fsgsbase tsc_adjust bmi1 hle avx2 smep bmi2 invpcid rtm mpx rdseed adx smap clflushopt xsaveopt xsavec xsaves arat md_clear flush_l1d arch_capabilities
bugs		: spectre_v1 spectre_v2 spec_store_bypass swapgs
bogomips	: 5999.99
clflush size	: 64
cache_alignment	: 64
address sizes	: 43 bits physical, 48 bits virtual
power management:

processor	: 2
vendor_id	: GenuineIntel
cpu family	: 6
model		: 158
model name	: Intel(R) Core(TM) i7-9700 CPU @ 3.00GHz
stepping	: 13
microcode	: 0xb4
cpu MHz		: 2999.999
cache size	: 12288 KB
physical id	: 1
siblings	: 2
core id		: 0
cpu cores	: 2
apicid		: 2
initial apicid	: 2
fpu		: yes
fpu_exception	: yes
cpuid level	: 22
wp		: yes
flags		: fpu vme de pse tsc msr pae mce cx8 apic sep mtrr pge mca cmov pat pse36 clflush mmx fxsr sse sse2 ss ht syscall nx pdpe1gb rdtscp lm constant_tsc arch_perfmon nopl xtopology tsc_reliable nonstop_tsc cpuid pni pclmulqdq vmx ssse3 fma cx16 pcid sse4_1 sse4_2 x2apic movbe popcnt tsc_deadline_timer aes xsave avx f16c rdrand hypervisor lahf_lm abm 3dnowprefetch cpuid_fault invpcid_single ssbd ibrs ibpb stibp ibrs_enhanced tpr_shadow vnmi ept vpid fsgsbase tsc_adjust bmi1 hle avx2 smep bmi2 invpcid rtm mpx rdseed adx smap clflushopt xsaveopt xsavec xsaves arat md_clear flush_l1d arch_capabilities
bugs		: spectre_v1 spectre_v2 spec_store_bypass swapgs
bogomips	: 5999.99
clflush size	: 64
cache_alignment	: 64
address sizes	: 43 bits physical, 48 bits virtual
power management:

processor	: 3
vendor_id	: GenuineIntel
cpu family	: 6
model		: 158
model name	: Intel(R) Core(TM) i7-9700 CPU @ 3.00GHz
stepping	: 13
microcode	: 0xb4
cpu MHz		: 2999.999
cache size	: 12288 KB
physical id	: 1
siblings	: 2
core id		: 1
cpu cores	: 2
apicid		: 3
initial apicid	: 3
fpu		: yes
fpu_exception	: yes
cpuid level	: 22
wp		: yes
flags		: fpu vme de pse tsc msr pae mce cx8 apic sep mtrr pge mca cmov pat pse36 clflush mmx fxsr sse sse2 ss ht syscall nx pdpe1gb rdtscp lm constant_tsc arch_perfmon nopl xtopology tsc_reliable nonstop_tsc cpuid pni pclmulqdq vmx ssse3 fma cx16 pcid sse4_1 sse4_2 x2apic movbe popcnt tsc_deadline_timer aes xsave avx f16c rdrand hypervisor lahf_lm abm 3dnowprefetch cpuid_fault invpcid_single ssbd ibrs ibpb stibp ibrs_enhanced tpr_shadow vnmi ept vpid fsgsbase tsc_adjust bmi1 hle avx2 smep bmi2 invpcid rtm mpx rdseed adx smap clflushopt xsaveopt xsavec xsaves arat md_clear flush_l1d arch_capabilities
bugs		: spectre_v1 spectre_v2 spec_store_bypass swapgs
bogomips	: 5999.99
clflush size	: 64
cache_alignment	: 64
address sizes	: 43 bits physical, 48 bits virtual
power management:



Memory: 4k page, physical 4015688k(209152k free), swap 2097148k(1427964k free)

vm_info: Java HotSpot(TM) 64-Bit Server VM (25.221-b11) for linux-amd64 JRE (1.8.0_221-b11), built on Jul  4 2019 04:27:00 by "java_re" with gcc 7.3.0

time: Mon Nov  4 20:01:13 2019
timezone: CST
elapsed time: 0 seconds (0d 0h 0m 0s)

