#
# A fatal error has been detected by the Java Runtime Environment:
#
#  SIGSEGV (0xb) at pc=0x000056293f7c5b79, pid=14049, tid=0x00007f63b5618700
#
# JRE version: Java(TM) SE Runtime Environment (8.0_221-b11) (build 1.8.0_221-b11)
# Java VM: Java HotSpot(TM) 64-Bit Server VM (25.221-b11 interpreted mode linux-amd64 compressed oops)
# Problematic frame:
# C  [main+0x1b79]  handle_stream(void*)+0x179
#
# Failed to write core dump. Core dumps have been disabled. To enable core dumping, try "ulimit -c unlimited" before starting Java again
#
# If you would like to submit a bug report, please visit:
#   http://bugreport.java.com/bugreport/crash.jsp
#

---------------  T H R E A D  ---------------

Current thread is native thread

siginfo: si_signo: 11 (SIGSEGV), si_code: 1 (SEGV_MAPERR), si_addr: 0x0000000000000008

Registers:
RAX=0x0000000000000000, RBX=0x00007f63b5617ab0, RCX=0x00007f63cfa77384, RDX=0x00007f63cf4c1a68
RSP=0x00007f63b5617a90, RBP=0x0000000000000000, RSI=0x00007f63b5617aae, RDI=0x00007f63b5617ab0
R8 =0x0000000000000000, R9 =0x00007f63b5618700, R10=0x00007f63b56189d0, R11=0x0000000000000000
R12=0x00007f63b5617aae, R13=0x0000000000000000, R14=0x00007ffc3bbf54d0, R15=0x00007ffc3bbf5440
RIP=0x000056293f7c5b79, EFLAGS=0x0000000000010246, CSGSFS=0x002b000000000033, ERR=0x0000000000000004
  TRAPNO=0x000000000000000e

Top of Stack: (sp=0x00007f63b5617a90)
0x00007f63b5617a90:   0000000000000000 0000000000000000
0x00007f63b5617aa0:   00005629411e6790 0024000000000000
0x00007f63b5617ab0:   0000000000000000 0000000000000000
0x00007f63b5617ac0:   0000000000000000 0000000000000000
0x00007f63b5617ad0:   0000000000000000 0000000000000000
0x00007f63b5617ae0:   0000000000000000 0000000000000000
0x00007f63b5617af0:   0000000000000000 0000000000000000
0x00007f63b5617b00:   0000000000000000 0000000000000000
0x00007f63b5617b10:   0000000000000000 0000000000000000
0x00007f63b5617b20:   0000000000000000 0000000000000000
0x00007f63b5617b30:   0000000000000000 0000000000000000
0x00007f63b5617b40:   0000000000000000 0000000000000000
0x00007f63b5617b50:   0000000000000000 0000000000000000
0x00007f63b5617b60:   0000000000000000 0000000000000000
0x00007f63b5617b70:   0000000000000000 0000000000000000
0x00007f63b5617b80:   0000000000000000 0000000000000000
0x00007f63b5617b90:   0000000000000000 0000000000000000
0x00007f63b5617ba0:   0000000000000000 0000000000000000
0x00007f63b5617bb0:   0000000000000000 0000000000000000
0x00007f63b5617bc0:   0000000000000000 0000000000000000
0x00007f63b5617bd0:   0000000000000000 0000000000000000
0x00007f63b5617be0:   0000000000000000 0000000000000000
0x00007f63b5617bf0:   0000000000000000 0000000000000000
0x00007f63b5617c00:   0000000000000000 0000000000000000
0x00007f63b5617c10:   0000000000000000 0000000000000000
0x00007f63b5617c20:   0000000000000000 0000000000000000
0x00007f63b5617c30:   0000000000000000 0000000000000000
0x00007f63b5617c40:   0000000000000000 0000000000000000
0x00007f63b5617c50:   0000000000000000 0000000000000000
0x00007f63b5617c60:   0000000000000000 0000000000000000
0x00007f63b5617c70:   0000000000000000 0000000000000000
0x00007f63b5617c80:   0000000000000000 0000000000000000 

Instructions: (pc=0x000056293f7c5b79)
0x000056293f7c5b59:   ff 1f 48 39 c2 77 db 45 31 c0 48 85 d2 48 c7 04
0x000056293f7c5b69:   24 00 00 00 00 0f 84 65 ff ff ff e9 49 ff ff ff
0x000056293f7c5b79:   48 8b 14 25 08 00 00 00 48 8b 34 25 00 00 00 00
0x000056293f7c5b89:   48 8d 7c 24 10 e8 ed fd ff ff 48 89 c3 4c 89 ef 

Register to memory mapping:

RAX=0x0000000000000000 is an unknown value
RBX=0x00007f63b5617ab0 is an unknown value
RCX=0x00007f63cfa77384: read+0x44 in /lib/x86_64-linux-gnu/libpthread.so.0 at 0x00007f63cfa66000
RDX=0x00007f63cf4c1a68: <offset 0x3eda68> in /lib/x86_64-linux-gnu/libc.so.6 at 0x00007f63cf0d4000
RSP=0x00007f63b5617a90 is an unknown value
RBP=0x0000000000000000 is an unknown value
RSI=0x00007f63b5617aae is an unknown value
RDI=0x00007f63b5617ab0 is an unknown value
R8 =0x0000000000000000 is an unknown value
R9 =0x00007f63b5618700 is an unknown value
R10=0x00007f63b56189d0 is an unknown value
R11=0x0000000000000000 is an unknown value
R12=0x00007f63b5617aae is an unknown value
R13=0x0000000000000000 is an unknown value
R14=0x00007ffc3bbf54d0 is pointing into the stack for thread: 0x0000562941135000
R15=0x00007ffc3bbf5440 is pointing into the stack for thread: 0x0000562941135000


Stack: [0x00007f63b4e19000,0x00007f63b5619000],  sp=0x00007f63b5617a90,  free space=8186k
Native frames: (J=compiled Java code, j=interpreted, Vv=VM code, C=native code)
C  [main+0x1b79]  handle_stream(void*)+0x179

[error occurred during error reporting (printing native stack), id 0xb]


---------------  P R O C E S S  ---------------

VM state:not at safepoint (normal execution)

VM Mutex/Monitor currently owned by a thread: None

heap address: 0x00000000c2a00000, size: 982 MB, Compressed Oops mode: 32-bit
Narrow klass base: 0x0000000000000000, Narrow klass shift: 3
Compressed class space size: 1073741824 Address: 0x0000000100000000

Heap:
 PSYoungGen      total 18432K, used 634K [0x00000000eb900000, 0x00000000ecd80000, 0x0000000100000000)
  eden space 15872K, 4% used [0x00000000eb900000,0x00000000eb99ebc8,0x00000000ec880000)
  from space 2560K, 0% used [0x00000000ecb00000,0x00000000ecb00000,0x00000000ecd80000)
  to   space 2560K, 0% used [0x00000000ec880000,0x00000000ec880000,0x00000000ecb00000)
 ParOldGen       total 42496K, used 0K [0x00000000c2a00000, 0x00000000c5380000, 0x00000000eb900000)
  object space 42496K, 0% used [0x00000000c2a00000,0x00000000c2a00000,0x00000000c5380000)
 Metaspace       used 2176K, capacity 4480K, committed 4480K, reserved 1056768K
  class space    used 240K, capacity 384K, committed 384K, reserved 1048576K

Card table byte_map: [0x00007f63be4e2000,0x00007f63be6ce000] byte_map_base: 0x00007f63bdecd000

Marking Bits: (ParMarkBitMap*) 0x00007f63d0c50d80
 Begin Bits: [0x00007f63bc22e000, 0x00007f63bd186000)
 End Bits:   [0x00007f63bd186000, 0x00007f63be0de000)

Polling page: 0x00007f63d0e92000

CodeCache: size=245760Kb used=469Kb max_used=469Kb free=245290Kb
 bounds [0x00007f63bea8e000, 0x00007f63becfe000, 0x00007f63cda8e000]
 total_blobs=171 nmethods=0 adapters=137
 compilation: disabled (interpreter mode)

Compilation events (0 events):
No events

GC Heap History (0 events):
No events

Deoptimization events (0 events):
No events

Classes redefined (0 events):
No events

Internal exceptions (2 events):
Event: 0.025 Thread 0x0000562941135000 Exception <a 'java/lang/NoSuchMethodError': Method sun.misc.Unsafe.defineClass(Ljava/lang/String;[BII)Ljava/lang/Class; name or signature does not match> (0x00000000eb907cb8) thrown at [/HUDSON/workspace/8-2-build-linux-amd64/jdk8u221/13320/hotspot/src/sh
Event: 0.025 Thread 0x0000562941135000 Exception <a 'java/lang/NoSuchMethodError': Method sun.misc.Unsafe.prefetchRead(Ljava/lang/Object;J)V name or signature does not match> (0x00000000eb907fa0) thrown at [/HUDSON/workspace/8-2-build-linux-amd64/jdk8u221/13320/hotspot/src/share/vm/prims/jni.c

Events (10 events):
Event: 0.040 loading class java/lang/invoke/MemberName$Factory done
Event: 0.040 loading class java/lang/invoke/MethodHandleStatics
Event: 0.040 loading class java/lang/invoke/MethodHandleStatics done
Event: 0.040 loading class java/lang/invoke/MethodHandleStatics$1
Event: 0.040 loading class java/lang/invoke/MethodHandleStatics$1 done
Event: 0.040 Thread 0x00005629411e4000 Thread added: 0x00005629411e4000
Event: 0.040 loading class sun/misc/PostVMInitHook
Event: 0.040 loading class sun/misc/PostVMInitHook done
Event: 0.040 loading class sun/misc/PostVMInitHook$1
Event: 0.040 loading class sun/misc/PostVMInitHook$1 done


Dynamic libraries:
c2a00000-c5380000 rw-p 00000000 00:00 0 
c5380000-eb900000 ---p 00000000 00:00 0 
eb900000-ecd80000 rw-p 00000000 00:00 0 
ecd80000-100000000 ---p 00000000 00:00 0 
100000000-100060000 rw-p 00000000 00:00 0 
100060000-140000000 ---p 00000000 00:00 0 
56293f7c4000-56293f7c7000 r-xp 00000000 08:01 60                         /home/wanhui/CallJvm/callJvmThreadpool/cmake-build-debug/main
56293f9c6000-56293f9c7000 r--p 00002000 08:01 60                         /home/wanhui/CallJvm/callJvmThreadpool/cmake-build-debug/main
56293f9c7000-56293f9c8000 rw-p 00003000 08:01 60                         /home/wanhui/CallJvm/callJvmThreadpool/cmake-build-debug/main
562941106000-5629411f2000 rw-p 00000000 00:00 0                          [heap]
7f6388000000-7f6388021000 rw-p 00000000 00:00 0 
7f6388021000-7f638c000000 ---p 00000000 00:00 0 
7f638c000000-7f638c021000 rw-p 00000000 00:00 0 
7f638c021000-7f6390000000 ---p 00000000 00:00 0 
7f6390000000-7f6390021000 rw-p 00000000 00:00 0 
7f6390021000-7f6394000000 ---p 00000000 00:00 0 
7f6394000000-7f6394021000 rw-p 00000000 00:00 0 
7f6394021000-7f6398000000 ---p 00000000 00:00 0 
7f6398000000-7f6398021000 rw-p 00000000 00:00 0 
7f6398021000-7f639c000000 ---p 00000000 00:00 0 
7f639c000000-7f639c021000 rw-p 00000000 00:00 0 
7f639c021000-7f63a0000000 ---p 00000000 00:00 0 
7f63a0000000-7f63a0021000 rw-p 00000000 00:00 0 
7f63a0021000-7f63a4000000 ---p 00000000 00:00 0 
7f63a4000000-7f63a4021000 rw-p 00000000 00:00 0 
7f63a4021000-7f63a8000000 ---p 00000000 00:00 0 
7f63a8000000-7f63a8021000 rw-p 00000000 00:00 0 
7f63a8021000-7f63ac000000 ---p 00000000 00:00 0 
7f63b0000000-7f63b0021000 rw-p 00000000 00:00 0 
7f63b0021000-7f63b4000000 ---p 00000000 00:00 0 
7f63b4e18000-7f63b4e19000 ---p 00000000 00:00 0 
7f63b4e19000-7f63b5619000 rw-p 00000000 00:00 0 
7f63b5619000-7f63b561a000 ---p 00000000 00:00 0 
7f63b561a000-7f63b571a000 rw-p 00000000 00:00 0 
7f63b571a000-7f63b571d000 ---p 00000000 00:00 0 
7f63b571d000-7f63b581b000 rw-p 00000000 00:00 0 
7f63b581b000-7f63b581e000 ---p 00000000 00:00 0 
7f63b581e000-7f63b591c000 rw-p 00000000 00:00 0 
7f63b591c000-7f63b62eb000 r--p 00000000 08:01 1186501                    /usr/lib/locale/locale-archive
7f63b62eb000-7f63b62ee000 ---p 00000000 00:00 0 
7f63b62ee000-7f63b63ec000 rw-p 00000000 00:00 0 
7f63b63ec000-7f63b63ef000 ---p 00000000 00:00 0 
7f63b63ef000-7f63b64ed000 rw-p 00000000 00:00 0 
7f63b64ed000-7f63b64ee000 ---p 00000000 00:00 0 
7f63b64ee000-7f63b75b0000 rw-p 00000000 00:00 0 
7f63b75b0000-7f63b778a000 r--s 03d88000 08:01 1324703                    /usr/local/java/jre/lib/rt.jar
7f63b778a000-7f63b7c00000 rw-p 00000000 00:00 0 
7f63b7c00000-7f63b8000000 ---p 00000000 00:00 0 
7f63b8000000-7f63b8021000 rw-p 00000000 00:00 0 
7f63b8021000-7f63bc000000 ---p 00000000 00:00 0 
7f63bc001000-7f63be0de000 rw-p 00000000 00:00 0 
7f63be0de000-7f63be0df000 ---p 00000000 00:00 0 
7f63be0df000-7f63be1df000 rw-p 00000000 00:00 0 
7f63be1df000-7f63be1e0000 ---p 00000000 00:00 0 
7f63be1e0000-7f63be2e0000 rw-p 00000000 00:00 0 
7f63be2e0000-7f63be2e1000 ---p 00000000 00:00 0 
7f63be2e1000-7f63be3e1000 rw-p 00000000 00:00 0 
7f63be3e1000-7f63be3e2000 ---p 00000000 00:00 0 
7f63be3e2000-7f63be4f7000 rw-p 00000000 00:00 0 
7f63be4f7000-7f63be629000 ---p 00000000 00:00 0 
7f63be629000-7f63be634000 rw-p 00000000 00:00 0 
7f63be634000-7f63be6cd000 ---p 00000000 00:00 0 
7f63be6cd000-7f63be6d8000 rw-p 00000000 00:00 0 
7f63be6d8000-7f63bea8e000 ---p 00000000 00:00 0 
7f63bea8e000-7f63becfe000 rwxp 00000000 00:00 0 
7f63becfe000-7f63cda8e000 ---p 00000000 00:00 0 
7f63cda8e000-7f63cdaa9000 r-xp 00000000 08:01 1453051                    /usr/local/java/jre/lib/amd64/libzip.so
7f63cdaa9000-7f63cdca8000 ---p 0001b000 08:01 1453051                    /usr/local/java/jre/lib/amd64/libzip.so
7f63cdca8000-7f63cdca9000 r--p 0001a000 08:01 1453051                    /usr/local/java/jre/lib/amd64/libzip.so
7f63cdca9000-7f63cdcaa000 rw-p 0001b000 08:01 1453051                    /usr/local/java/jre/lib/amd64/libzip.so
7f63cdcaa000-7f63cdcb5000 r-xp 00000000 08:01 2233846                    /lib/x86_64-linux-gnu/libnss_files-2.27.so
7f63cdcb5000-7f63cdeb4000 ---p 0000b000 08:01 2233846                    /lib/x86_64-linux-gnu/libnss_files-2.27.so
7f63cdeb4000-7f63cdeb5000 r--p 0000a000 08:01 2233846                    /lib/x86_64-linux-gnu/libnss_files-2.27.so
7f63cdeb5000-7f63cdeb6000 rw-p 0000b000 08:01 2233846                    /lib/x86_64-linux-gnu/libnss_files-2.27.so
7f63cdeb6000-7f63cdebc000 rw-p 00000000 00:00 0 
7f63cdebc000-7f63cded3000 r-xp 00000000 08:01 2233840                    /lib/x86_64-linux-gnu/libnsl-2.27.so
7f63cded3000-7f63ce0d2000 ---p 00017000 08:01 2233840                    /lib/x86_64-linux-gnu/libnsl-2.27.so
7f63ce0d2000-7f63ce0d3000 r--p 00016000 08:01 2233840                    /lib/x86_64-linux-gnu/libnsl-2.27.so
7f63ce0d3000-7f63ce0d4000 rw-p 00017000 08:01 2233840                    /lib/x86_64-linux-gnu/libnsl-2.27.so
7f63ce0d4000-7f63ce0d6000 rw-p 00000000 00:00 0 
7f63ce0d6000-7f63ce0e1000 r-xp 00000000 08:01 2233857                    /lib/x86_64-linux-gnu/libnss_nis-2.27.so
7f63ce0e1000-7f63ce2e0000 ---p 0000b000 08:01 2233857                    /lib/x86_64-linux-gnu/libnss_nis-2.27.so
7f63ce2e0000-7f63ce2e1000 r--p 0000a000 08:01 2233857                    /lib/x86_64-linux-gnu/libnss_nis-2.27.so
7f63ce2e1000-7f63ce2e2000 rw-p 0000b000 08:01 2233857                    /lib/x86_64-linux-gnu/libnss_nis-2.27.so
7f63ce2e2000-7f63ce2ea000 r-xp 00000000 08:01 2233842                    /lib/x86_64-linux-gnu/libnss_compat-2.27.so
7f63ce2ea000-7f63ce4ea000 ---p 00008000 08:01 2233842                    /lib/x86_64-linux-gnu/libnss_compat-2.27.so
7f63ce4ea000-7f63ce4eb000 r--p 00008000 08:01 2233842                    /lib/x86_64-linux-gnu/libnss_compat-2.27.so
7f63ce4eb000-7f63ce4ec000 rw-p 00009000 08:01 2233842                    /lib/x86_64-linux-gnu/libnss_compat-2.27.so
7f63ce4ec000-7f63ce518000 r-xp 00000000 08:01 1453042                    /usr/local/java/jre/lib/amd64/libjava.so
7f63ce518000-7f63ce718000 ---p 0002c000 08:01 1453042                    /usr/local/java/jre/lib/amd64/libjava.so
7f63ce718000-7f63ce719000 r--p 0002c000 08:01 1453042                    /usr/local/java/jre/lib/amd64/libjava.so
7f63ce719000-7f63ce71b000 rw-p 0002d000 08:01 1453042                    /usr/local/java/jre/lib/amd64/libjava.so
7f63ce71b000-7f63ce728000 r-xp 00000000 08:01 1453033                    /usr/local/java/jre/lib/amd64/libverify.so
7f63ce728000-7f63ce927000 ---p 0000d000 08:01 1453033                    /usr/local/java/jre/lib/amd64/libverify.so
7f63ce927000-7f63ce929000 r--p 0000c000 08:01 1453033                    /usr/local/java/jre/lib/amd64/libverify.so
7f63ce929000-7f63ce92a000 rw-p 0000e000 08:01 1453033                    /usr/local/java/jre/lib/amd64/libverify.so
7f63ce92a000-7f63ce931000 r-xp 00000000 08:01 2233897                    /lib/x86_64-linux-gnu/librt-2.27.so
7f63ce931000-7f63ceb30000 ---p 00007000 08:01 2233897                    /lib/x86_64-linux-gnu/librt-2.27.so
7f63ceb30000-7f63ceb31000 r--p 00006000 08:01 2233897                    /lib/x86_64-linux-gnu/librt-2.27.so
7f63ceb31000-7f63ceb32000 rw-p 00007000 08:01 2233897                    /lib/x86_64-linux-gnu/librt-2.27.so
7f63ceb32000-7f63ceb35000 r-xp 00000000 08:01 2233779                    /lib/x86_64-linux-gnu/libdl-2.27.so
7f63ceb35000-7f63ced34000 ---p 00003000 08:01 2233779                    /lib/x86_64-linux-gnu/libdl-2.27.so
7f63ced34000-7f63ced35000 r--p 00002000 08:01 2233779                    /lib/x86_64-linux-gnu/libdl-2.27.so
7f63ced35000-7f63ced36000 rw-p 00003000 08:01 2233779                    /lib/x86_64-linux-gnu/libdl-2.27.so
7f63ced36000-7f63ceed3000 r-xp 00000000 08:01 2233819                    /lib/x86_64-linux-gnu/libm-2.27.so
7f63ceed3000-7f63cf0d2000 ---p 0019d000 08:01 2233819                    /lib/x86_64-linux-gnu/libm-2.27.so
7f63cf0d2000-7f63cf0d3000 r--p 0019c000 08:01 2233819                    /lib/x86_64-linux-gnu/libm-2.27.so
7f63cf0d3000-7f63cf0d4000 rw-p 0019d000 08:01 2233819                    /lib/x86_64-linux-gnu/libm-2.27.so
7f63cf0d4000-7f63cf2bb000 r-xp 00000000 08:01 2233756                    /lib/x86_64-linux-gnu/libc-2.27.so
7f63cf2bb000-7f63cf4bb000 ---p 001e7000 08:01 2233756                    /lib/x86_64-linux-gnu/libc-2.27.so
7f63cf4bb000-7f63cf4bf000 r--p 001e7000 08:01 2233756                    /lib/x86_64-linux-gnu/libc-2.27.so
7f63cf4bf000-7f63cf4c1000 rw-p 001eb000 08:01 2233756                    /lib/x86_64-linux-gnu/libc-2.27.so
7f63cf4c1000-7f63cf4c5000 rw-p 00000000 00:00 0 
7f63cf4c5000-7f63cf4dc000 r-xp 00000000 08:01 2233339                    /lib/x86_64-linux-gnu/libgcc_s.so.1
7f63cf4dc000-7f63cf6db000 ---p 00017000 08:01 2233339                    /lib/x86_64-linux-gnu/libgcc_s.so.1
7f63cf6db000-7f63cf6dc000 r--p 00016000 08:01 2233339                    /lib/x86_64-linux-gnu/libgcc_s.so.1
7f63cf6dc000-7f63cf6dd000 rw-p 00017000 08:01 2233339                    /lib/x86_64-linux-gnu/libgcc_s.so.1
7f63cf6dd000-7f63cf856000 r-xp 00000000 08:01 1188276                    /usr/lib/x86_64-linux-gnu/libstdc++.so.6.0.25
7f63cf856000-7f63cfa56000 ---p 00179000 08:01 1188276                    /usr/lib/x86_64-linux-gnu/libstdc++.so.6.0.25
7f63cfa56000-7f63cfa60000 r--p 00179000 08:01 1188276                    /usr/lib/x86_64-linux-gnu/libstdc++.so.6.0.25
7f63cfa60000-7f63cfa62000 rw-p 00183000 08:01 1188276                    /usr/lib/x86_64-linux-gnu/libstdc++.so.6.0.25
7f63cfa62000-7f63cfa66000 rw-p 00000000 00:00 0 
7f63cfa66000-7f63cfa80000 r-xp 00000000 08:01 2233889                    /lib/x86_64-linux-gnu/libpthread-2.27.so
7f63cfa80000-7f63cfc7f000 ---p 0001a000 08:01 2233889                    /lib/x86_64-linux-gnu/libpthread-2.27.so
7f63cfc7f000-7f63cfc80000 r--p 00019000 08:01 2233889                    /lib/x86_64-linux-gnu/libpthread-2.27.so
7f63cfc80000-7f63cfc81000 rw-p 0001a000 08:01 2233889                    /lib/x86_64-linux-gnu/libpthread-2.27.so
7f63cfc81000-7f63cfc85000 rw-p 00000000 00:00 0 
7f63cfc85000-7f63d096d000 r-xp 00000000 08:01 1453049                    /usr/local/java/jre/lib/amd64/server/libjvm.so
7f63d096d000-7f63d0b6c000 ---p 00ce8000 08:01 1453049                    /usr/local/java/jre/lib/amd64/server/libjvm.so
7f63d0b6c000-7f63d0c02000 r--p 00ce7000 08:01 1453049                    /usr/local/java/jre/lib/amd64/server/libjvm.so
7f63d0c02000-7f63d0c33000 rw-p 00d7d000 08:01 1453049                    /usr/local/java/jre/lib/amd64/server/libjvm.so
7f63d0c33000-7f63d0c6e000 rw-p 00000000 00:00 0 
7f63d0c6e000-7f63d0c95000 r-xp 00000000 08:01 2233728                    /lib/x86_64-linux-gnu/ld-2.27.so
7f63d0c9b000-7f63d0d47000 rw-p 00000000 00:00 0 
7f63d0d47000-7f63d0e7a000 ---p 00000000 00:00 0 
7f63d0e7a000-7f63d0e7f000 rw-p 00000000 00:00 0 
7f63d0e89000-7f63d0e91000 rw-s 00000000 08:01 1327340                    /tmp/hsperfdata_wanhui/14049
7f63d0e91000-7f63d0e92000 rw-p 00000000 00:00 0 
7f63d0e92000-7f63d0e93000 r--p 00000000 00:00 0 
7f63d0e93000-7f63d0e95000 rw-p 00000000 00:00 0 
7f63d0e95000-7f63d0e96000 r--p 00027000 08:01 2233728                    /lib/x86_64-linux-gnu/ld-2.27.so
7f63d0e96000-7f63d0e97000 rw-p 00028000 08:01 2233728                    /lib/x86_64-linux-gnu/ld-2.27.so
7f63d0e97000-7f63d0e98000 rw-p 00000000 00:00 0 
7ffc3baf8000-7ffc3bafb000 ---p 00000000 00:00 0 
7ffc3bafb000-7ffc3bbf8000 rw-p 00000000 00:00 0                          [stack]
7ffc3bbfb000-7ffc3bbfe000 r--p 00000000 00:00 0                          [vvar]
7ffc3bbfe000-7ffc3bc00000 r-xp 00000000 00:00 0                          [vdso]
ffffffffff600000-ffffffffff601000 r-xp 00000000 00:00 0                  [vsyscall]

VM Arguments:
jvm_args: -Djava.compiler=NONE -verbose:jni 
java_command: <unknown>
java_class_path (initial): .:/home/wanhui/CallJvm/callJvmThreadpool/qin_test1.jar
Launcher Type: generic

Environment Variables:
JAVA_HOME=/usr/local/java
CLASSPATH=/home/wanhui/Downloads/clion-2019.2.1/lib/bootstrap.jar:/home/wanhui/Downloads/clion-2019.2.1/lib/extensions.jar:/home/wanhui/Downloads/clion-2019.2.1/lib/util.jar:/home/wanhui/Downloads/clion-2019.2.1/lib/jdom.jar:/home/wanhui/Downloads/clion-2019.2.1/lib/log4j.jar:/home/wanhui/Downloads/clion-2019.2.1/lib/trove4j.jar:/home/wanhui/Downloads/clion-2019.2.1/lib/jna.jar
PATH=/usr/local/sbin:/usr/local/bin:/usr/sbin:/usr/bin:/sbin:/bin:/snap/bin:/usr/local/redis/redis-4.0.9.tar_files/redis-4.0.9/src:/usr/local/mysql/bin
USERNAME=wanhui
SHELL=/bin/bash
DISPLAY=:0

Signal Handlers:
SIGSEGV: [libjvm.so+0xad3d90], sa_mask[0]=11111111011111111101111111111110, sa_flags=SA_RESTART|SA_SIGINFO
SIGBUS: [libjvm.so+0xad3d90], sa_mask[0]=11111111011111111101111111111110, sa_flags=SA_RESTART|SA_SIGINFO
SIGFPE: [libjvm.so+0x90b8b0], sa_mask[0]=11111111011111111101111111111110, sa_flags=SA_RESTART|SA_SIGINFO
SIGPIPE: [libjvm.so+0x90b8b0], sa_mask[0]=11111111011111111101111111111110, sa_flags=SA_RESTART|SA_SIGINFO
SIGXFSZ: [libjvm.so+0x90b8b0], sa_mask[0]=11111111011111111101111111111110, sa_flags=SA_RESTART|SA_SIGINFO
SIGILL: [libjvm.so+0x90b8b0], sa_mask[0]=11111111011111111101111111111110, sa_flags=SA_RESTART|SA_SIGINFO
SIGUSR1: SIG_DFL, sa_mask[0]=00000000000000000000000000000000, sa_flags=none
SIGUSR2: [libjvm.so+0x90b780], sa_mask[0]=00100000000000000000000000000000, sa_flags=SA_RESTART|SA_SIGINFO
SIGHUP: [libjvm.so+0x90bda0], sa_mask[0]=11111111011111111101111111111110, sa_flags=SA_RESTART|SA_SIGINFO
SIGINT: [libjvm.so+0x90bda0], sa_mask[0]=11111111011111111101111111111110, sa_flags=SA_RESTART|SA_SIGINFO
SIGTERM: [libjvm.so+0x90bda0], sa_mask[0]=11111111011111111101111111111110, sa_flags=SA_RESTART|SA_SIGINFO
SIGQUIT: [libjvm.so+0x90bda0], sa_mask[0]=11111111011111111101111111111110, sa_flags=SA_RESTART|SA_SIGINFO


---------------  S Y S T E M  ---------------

OS:DISTRIB_ID=Ubuntu
DISTRIB_RELEASE=18.04
DISTRIB_CODENAME=bionic
DISTRIB_DESCRIPTION="Ubuntu 18.04.3 LTS"

uname:Linux 4.15.0-66-generic #75-Ubuntu SMP Tue Oct 1 05:24:09 UTC 2019 x86_64
libc:glibc 2.27 NPTL 2.27 
rlimit: STACK 8192k, CORE 0k, NPROC 15513, NOFILE 1048576, AS infinity
load average:0.11 0.23 0.25

/proc/meminfo:
MemTotal:        4015688 kB
MemFree:          166376 kB
MemAvailable:     474156 kB
Buffers:           70672 kB
Cached:           388224 kB
SwapCached:       156176 kB
Active:          2391776 kB
Inactive:         737916 kB
Active(anon):    2141768 kB
Inactive(anon):   546008 kB
Active(file):     250008 kB
Inactive(file):   191908 kB
Unevictable:          16 kB
Mlocked:              16 kB
SwapTotal:       2097148 kB
SwapFree:        1427856 kB
Dirty:              3104 kB
Writeback:             0 kB
AnonPages:       2625548 kB
Mapped:           191540 kB
Shmem:             16980 kB
Slab:             209688 kB
SReclaimable:     141496 kB
SUnreclaim:        68192 kB
KernelStack:       13488 kB
PageTables:        48028 kB
NFS_Unstable:          0 kB
Bounce:                0 kB
WritebackTmp:          0 kB
CommitLimit:     4104992 kB
Committed_AS:    6888412 kB
VmallocTotal:   34359738367 kB
VmallocUsed:           0 kB
VmallocChunk:          0 kB
HardwareCorrupted:     0 kB
AnonHugePages:         0 kB
ShmemHugePages:        0 kB
ShmemPmdMapped:        0 kB
CmaTotal:              0 kB
CmaFree:               0 kB
HugePages_Total:       0
HugePages_Free:        0
HugePages_Rsvd:        0
HugePages_Surp:        0
Hugepagesize:       2048 kB
DirectMap4k:      198464 kB
DirectMap2M:     3995648 kB
DirectMap1G:     2097152 kB

container (cgroup) information:
container_type: cgroupv1
cpu_cpuset_cpus: 0-3
cpu_memory_nodes: 0
active_processor_count: 4
cpu_quota: -1
cpu_period: 100000
cpu_shares: -1
memory_limit_in_bytes: -1
memory_and_swap_limit_in_bytes: -2
memory_soft_limit_in_bytes: -1
memory_usage_in_bytes: 3159785472
memory_max_usage_in_bytes: 41361408


CPU:total 4 (initial active 4) (2 cores per cpu, 1 threads per core) family 6 model 158 stepping 13, cmov, cx8, fxsr, mmx, sse, sse2, sse3, ssse3, sse4.1, sse4.2, popcnt, avx, avx2, aes, clmul, erms, rtm, 3dnowpref, lzcnt, tsc, tscinvbit, bmi1, bmi2, adx

/proc/cpuinfo:
processor	: 0
vendor_id	: GenuineIntel
cpu family	: 6
model		: 158
model name	: Intel(R) Core(TM) i7-9700 CPU @ 3.00GHz
stepping	: 13
microcode	: 0xb4
cpu MHz		: 2999.999
cache size	: 12288 KB
physical id	: 0
siblings	: 2
core id		: 0
cpu cores	: 2
apicid		: 0
initial apicid	: 0
fpu		: yes
fpu_exception	: yes
cpuid level	: 22
wp		: yes
flags		: fpu vme de pse tsc msr pae mce cx8 apic sep mtrr pge mca cmov pat pse36 clflush mmx fxsr sse sse2 ss ht syscall nx pdpe1gb rdtscp lm constant_tsc arch_perfmon nopl xtopology tsc_reliable nonstop_tsc cpuid pni pclmulqdq vmx ssse3 fma cx16 pcid sse4_1 sse4_2 x2apic movbe popcnt tsc_deadline_timer aes xsave avx f16c rdrand hypervisor lahf_lm abm 3dnowprefetch cpuid_fault invpcid_single ssbd ibrs ibpb stibp ibrs_enhanced tpr_shadow vnmi ept vpid fsgsbase tsc_adjust bmi1 hle avx2 smep bmi2 invpcid rtm mpx rdseed adx smap clflushopt xsaveopt xsavec xsaves arat md_clear flush_l1d arch_capabilities
bugs		: spectre_v1 spectre_v2 spec_store_bypass swapgs
bogomips	: 5999.99
clflush size	: 64
cache_alignment	: 64
address sizes	: 43 bits physical, 48 bits virtual
power management:

processor	: 1
vendor_id	: GenuineIntel
cpu family	: 6
model		: 158
model name	: Intel(R) Core(TM) i7-9700 CPU @ 3.00GHz
stepping	: 13
microcode	: 0xb4
cpu MHz		: 2999.999
cache size	: 12288 KB
physical id	: 0
siblings	: 2
core id		: 1
cpu cores	: 2
apicid		: 1
initial apicid	: 1
fpu		: yes
fpu_exception	: yes
cpuid level	: 22
wp		: yes
flags		: fpu vme de pse tsc msr pae mce cx8 apic sep mtrr pge mca cmov pat pse36 clflush mmx fxsr sse sse2 ss ht syscall nx pdpe1gb rdtscp lm constant_tsc arch_perfmon nopl xtopology tsc_reliable nonstop_tsc cpuid pni pclmulqdq vmx ssse3 fma cx16 pcid sse4_1 sse4_2 x2apic movbe popcnt tsc_deadline_timer aes xsave avx f16c rdrand hypervisor lahf_lm abm 3dnowprefetch cpuid_fault invpcid_single ssbd ibrs ibpb stibp ibrs_enhanced tpr_shadow vnmi ept vpid fsgsbase tsc_adjust bmi1 hle avx2 smep bmi2 invpcid rtm mpx rdseed adx smap clflushopt xsaveopt xsavec xsaves arat md_clear flush_l1d arch_capabilities
bugs		: spectre_v1 spectre_v2 spec_store_bypass swapgs
bogomips	: 5999.99
clflush size	: 64
cache_alignment	: 64
address sizes	: 43 bits physical, 48 bits virtual
power management:

processor	: 2
vendor_id	: GenuineIntel
cpu family	: 6
model		: 158
model name	: Intel(R) Core(TM) i7-9700 CPU @ 3.00GHz
stepping	: 13
microcode	: 0xb4
cpu MHz		: 2999.999
cache size	: 12288 KB
physical id	: 1
siblings	: 2
core id		: 0
cpu cores	: 2
apicid		: 2
initial apicid	: 2
fpu		: yes
fpu_exception	: yes
cpuid level	: 22
wp		: yes
flags		: fpu vme de pse tsc msr pae mce cx8 apic sep mtrr pge mca cmov pat pse36 clflush mmx fxsr sse sse2 ss ht syscall nx pdpe1gb rdtscp lm constant_tsc arch_perfmon nopl xtopology tsc_reliable nonstop_tsc cpuid pni pclmulqdq vmx ssse3 fma cx16 pcid sse4_1 sse4_2 x2apic movbe popcnt tsc_deadline_timer aes xsave avx f16c rdrand hypervisor lahf_lm abm 3dnowprefetch cpuid_fault invpcid_single ssbd ibrs ibpb stibp ibrs_enhanced tpr_shadow vnmi ept vpid fsgsbase tsc_adjust bmi1 hle avx2 smep bmi2 invpcid rtm mpx rdseed adx smap clflushopt xsaveopt xsavec xsaves arat md_clear flush_l1d arch_capabilities
bugs		: spectre_v1 spectre_v2 spec_store_bypass swapgs
bogomips	: 5999.99
clflush size	: 64
cache_alignment	: 64
address sizes	: 43 bits physical, 48 bits virtual
power management:

processor	: 3
vendor_id	: GenuineIntel
cpu family	: 6
model		: 158
model name	: Intel(R) Core(TM) i7-9700 CPU @ 3.00GHz
stepping	: 13
microcode	: 0xb4
cpu MHz		: 2999.999
cache size	: 12288 KB
physical id	: 1
siblings	: 2
core id		: 1
cpu cores	: 2
apicid		: 3
initial apicid	: 3
fpu		: yes
fpu_exception	: yes
cpuid level	: 22
wp		: yes
flags		: fpu vme de pse tsc msr pae mce cx8 apic sep mtrr pge mca cmov pat pse36 clflush mmx fxsr sse sse2 ss ht syscall nx pdpe1gb rdtscp lm constant_tsc arch_perfmon nopl xtopology tsc_reliable nonstop_tsc cpuid pni pclmulqdq vmx ssse3 fma cx16 pcid sse4_1 sse4_2 x2apic movbe popcnt tsc_deadline_timer aes xsave avx f16c rdrand hypervisor lahf_lm abm 3dnowprefetch cpuid_fault invpcid_single ssbd ibrs ibpb stibp ibrs_enhanced tpr_shadow vnmi ept vpid fsgsbase tsc_adjust bmi1 hle avx2 smep bmi2 invpcid rtm mpx rdseed adx smap clflushopt xsaveopt xsavec xsaves arat md_clear flush_l1d arch_capabilities
bugs		: spectre_v1 spectre_v2 spec_store_bypass swapgs
bogomips	: 5999.99
clflush size	: 64
cache_alignment	: 64
address sizes	: 43 bits physical, 48 bits virtual
power management:



Memory: 4k page, physical 4015688k(166360k free), swap 2097148k(1427856k free)

vm_info: Java HotSpot(TM) 64-Bit Server VM (25.221-b11) for linux-amd64 JRE (1.8.0_221-b11), built on Jul  4 2019 04:27:00 by "java_re" with gcc 7.3.0

time: Mon Nov  4 19:42:23 2019
timezone: CST
elapsed time: 3 seconds (0d 0h 0m 3s)

