#
# A fatal error has been detected by the Java Runtime Environment:
#
#  SIGSEGV (0xb) at pc=0x00007f7dee77176c, pid=18582, tid=0x00007f7db36fd700
#
# JRE version: Java(TM) SE Runtime Environment (8.0_221-b11) (build 1.8.0_221-b11)
# Java VM: Java HotSpot(TM) 64-Bit Server VM (25.221-b11 interpreted mode linux-amd64 compressed oops)
# Problematic frame:
# V  [libjvm.so+0x6d576c]  jni_CallStaticVoidMethodV+0x6c
#
# Failed to write core dump. Core dumps have been disabled. To enable core dumping, try "ulimit -c unlimited" before starting Java again
#
# If you would like to submit a bug report, please visit:
#   http://bugreport.java.com/bugreport/crash.jsp
#

---------------  T H R E A D  ---------------

Current thread (0x00007f7da4001000):  JavaThread "Thread-0" [_thread_in_vm, id=18594, stack(0x00007f7db2efe000,0x00007f7db36fe000)]

siginfo: si_signo: 11 (SIGSEGV), si_code: 1 (SEGV_MAPERR), si_addr: 0x0000000000000000

Registers:
RAX=0x00007f7deebe9220, RBX=0x00007f7da4001000, RCX=0x00007f7db36fcdd0, RDX=0x00007f7da4001b78
RSP=0x00007f7db36fcd20, RBP=0x00007f7db36fcdc0, RSI=0x00007f7da4001000, RDI=0x00007f7da4001000
R8 =0x0000000000000000, R9 =0x0000000000000004, R10=0x00000000fffffffc, R11=0x0000000000000000
R12=0x00007f7da4002990, R13=0x00007f7da40011f8, R14=0x0000000000000000, R15=0x00007f7db36fcdd0
RIP=0x00007f7dee77176c, EFLAGS=0x0000000000010202, CSGSFS=0x002b000000000033, ERR=0x0000000000000004
  TRAPNO=0x000000000000000e

Top of Stack: (sp=0x00007f7db36fcd20)
0x00007f7db36fcd20:   00005558e314d79b 0000064eb36fcd50
0x00007f7db36fcd30:   00007f7da4001000 00007f7da4001b70
0x00007f7db36fcd40:   000000000000064e 00007f7deebe9220
0x00007f7db36fcd50:   00007f7def0b65c0 00005558e314d79b
0x00007f7db36fcd60:   00007f7db36fcde0 00007f7dee60bdf3
0x00007f7db36fcd70:   0000000000000000 4edd26ccc0bc2900
0x00007f7db36fcd80:   0000000500000000 00007f7dede78760
0x00007f7db36fcd90:   0000000000000001 00007f7da40011f8
0x00007f7db36fcda0:   00007f7da4002990 00007f7da4002998
0x00007f7db36fcdb0:   0000000000000000 00007fff1f2cc2f0
0x00007f7db36fcdc0:   00007f7def0293e0 00005558e314d5d3
0x00007f7db36fcdd0:   0000003000000018 00007f7db36fceb0
0x00007f7db36fcde0:   00007f7db36fcdf0 4edd26ccc0bc2900
0x00007f7db36fcdf0:   00007f7da4002998 000000000000064e
0x00007f7db36fce00:   00005558e314d7b9 00007f7da4002998
0x00007f7db36fce10:   0000000000000000 0000000000000004
0x00007f7db36fce20:   00007f7db36fce50 00007f7da4001b78
0x00007f7db36fce30:   00007f7da4002990 00007f7da4001000
0x00007f7db36fce40:   00007f7da40011f8 00007f7da4001000
0x00007f7db36fce50:   00007f7db36fcea0 00007f7dee76192f
0x00007f7db36fce60:   00007f7da4001000 00007f7da4001b70
0x00007f7db36fce70:   000000000000064e 00007f7deebe9220
0x00007f7db36fce80:   00007f7da40011f8 00007f7da4002990
0x00007f7db36fce90:   00007f7da40011f8 00007f7def0293e0
0x00007f7db36fcea0:   00007f7da4002990 00005558e314d378
0x00007f7db36fceb0:   00007f7da40011f8 4edd26ccc0bc2900
0x00007f7db36fcec0:   00005558e401daf0 0000000000000000
0x00007f7db36fced0:   00007f7db36fcfc0 0000000000000000
0x00007f7db36fcee0:   0000000000000000 00005558e314cf55
0x00007f7db36fcef0:   0000000000000000 00007f7dede846db
0x00007f7db36fcf00:   0000000000000000 00007f7db36fd700
0x00007f7db36fcf10:   00007f7db36fd700 7e4d164717b70ef9 

Instructions: (pc=0x00007f7dee77176c)
0x00007f7dee77174c:   48 89 9d 70 ff ff ff 48 c7 85 78 ff ff ff 00 00
0x00007f7dee77175c:   00 00 74 0c 48 8d bd 70 ff ff ff e8 a4 87 29 00
0x00007f7dee77176c:   49 8b 06 c7 85 60 ff ff ff 0e 00 00 00 4c 8d 65
0x00007f7dee77177c:   90 4c 89 e7 48 8b 40 08 0f b7 50 24 48 8b 40 08 

Register to memory mapping:

RAX=0x00007f7deebe9220: <offset 0xb4d220> in /usr/local/java/jre/lib/amd64/server/libjvm.so at 0x00007f7dee09c000
RBX=0x00007f7da4001000 is a thread
RCX=0x00007f7db36fcdd0 is pointing into the stack for thread: 0x00007f7da4001000
RDX=0x00007f7da4001b78 is an unknown value
RSP=0x00007f7db36fcd20 is pointing into the stack for thread: 0x00007f7da4001000
RBP=0x00007f7db36fcdc0 is pointing into the stack for thread: 0x00007f7da4001000
RSI=0x00007f7da4001000 is a thread
RDI=0x00007f7da4001000 is a thread
R8 =0x0000000000000000 is an unknown value
R9 =0x0000000000000004 is an unknown value
R10=0x00000000fffffffc is an unallocated location in the heap
R11=0x0000000000000000 is an unknown value
R12=0x00007f7da4002990 is an unknown value
R13=0x00007f7da40011f8 is an unknown value
R14=0x0000000000000000 is an unknown value
R15=0x00007f7db36fcdd0 is pointing into the stack for thread: 0x00007f7da4001000


Stack: [0x00007f7db2efe000,0x00007f7db36fe000],  sp=0x00007f7db36fcd20,  free space=8187k
Native frames: (J=compiled Java code, j=interpreted, Vv=VM code, C=native code)
V  [libjvm.so+0x6d576c]  jni_CallStaticVoidMethodV+0x6c
C  [main+0x15d3]  JNIEnv_::CallStaticVoidMethod(_jclass*, _jmethodID*, ...)+0x93


---------------  P R O C E S S  ---------------

Java Threads: ( => current thread )
  0x00007f7d94001000 JavaThread "Thread-3" [_thread_in_vm, id=18597, stack(0x00007f7db16fb000,0x00007f7db1efb000)]
  0x00007f7d84001000 JavaThread "Thread-5" [_thread_in_vm, id=18593, stack(0x00007f7db36ff000,0x00007f7db3eff000)]
  0x00007f7d9c001000 JavaThread "Thread-4" [_thread_in_vm, id=18598, stack(0x00007f7db0efa000,0x00007f7db16fa000)]
  0x00007f7d8c001000 JavaThread "Thread-2" [_thread_in_vm, id=18596, stack(0x00007f7db1efc000,0x00007f7db26fc000)]
  0x00007f7da8001000 JavaThread "Thread-1" [_thread_in_vm, id=18595, stack(0x00007f7db26fd000,0x00007f7db2efd000)]
=>0x00007f7da4001000 JavaThread "Thread-0" [_thread_in_vm, id=18594, stack(0x00007f7db2efe000,0x00007f7db36fe000)]
  0x00005558e401b000 JavaThread "Service Thread" daemon [_thread_blocked, id=18591, stack(0x00007f7dc80bf000,0x00007f7dc81c0000)]
  0x00005558e4019000 JavaThread "Signal Dispatcher" daemon [_thread_blocked, id=18590, stack(0x00007f7dc81c0000,0x00007f7dc82c1000)]
  0x00005558e3fe8800 JavaThread "Finalizer" daemon [_thread_blocked, id=18589, stack(0x00007f7dc8c90000,0x00007f7dc8d91000)]
  0x00005558e3fe4000 JavaThread "Reference Handler" daemon [_thread_blocked, id=18588, stack(0x00007f7dc8d91000,0x00007f7dc8e92000)]
  0x00005558e3f6c000 JavaThread "main" [_thread_in_native, id=18582, stack(0x00007fff1f1cd000,0x00007fff1f2cd000)]

Other Threads:
  0x00005558e3fda000 VMThread [stack: 0x00007f7dc8e93000,0x00007f7dc8f93000] [id=18587]
  0x00005558e401e000 WatcherThread [stack: 0x00007f7db3f00000,0x00007f7db4000000] [id=18592]

VM state:not at safepoint (normal execution)

VM Mutex/Monitor currently owned by a thread: None

heap address: 0x00000000c2a00000, size: 982 MB, Compressed Oops mode: 32-bit
Narrow klass base: 0x0000000000000000, Narrow klass shift: 3
Compressed class space size: 1073741824 Address: 0x0000000100000000

Heap:
 PSYoungGen      total 18432K, used 2541K [0x00000000eb900000, 0x00000000ecd80000, 0x0000000100000000)
  eden space 15872K, 16% used [0x00000000eb900000,0x00000000ebb7b718,0x00000000ec880000)
  from space 2560K, 0% used [0x00000000ecb00000,0x00000000ecb00000,0x00000000ecd80000)
  to   space 2560K, 0% used [0x00000000ec880000,0x00000000ec880000,0x00000000ecb00000)
 ParOldGen       total 42496K, used 0K [0x00000000c2a00000, 0x00000000c5380000, 0x00000000eb900000)
  object space 42496K, 0% used [0x00000000c2a00000,0x00000000c2a00000,0x00000000c5380000)
 Metaspace       used 2564K, capacity 4486K, committed 4864K, reserved 1056768K
  class space    used 281K, capacity 386K, committed 512K, reserved 1048576K

Card table byte_map: [0x00007f7ddce9a000,0x00007f7ddd086000] byte_map_base: 0x00007f7ddc885000

Marking Bits: (ParMarkBitMap*) 0x00007f7def067d80
 Begin Bits: [0x00007f7dca150000, 0x00007f7dcb0a8000)
 End Bits:   [0x00007f7dcb0a8000, 0x00007f7dcc000000)

Polling page: 0x00007f7def2a9000

CodeCache: size=245760Kb used=473Kb max_used=473Kb free=245286Kb
 bounds [0x00007f7ddd446000, 0x00007f7ddd6b6000, 0x00007f7dec446000]
 total_blobs=179 nmethods=0 adapters=145
 compilation: disabled (interpreter mode)

Compilation events (0 events):
No events

GC Heap History (0 events):
No events

Deoptimization events (0 events):
No events

Classes redefined (0 events):
No events

Internal exceptions (3 events):
Event: 0.043 Thread 0x00005558e3f6c000 Exception <a 'java/lang/NoSuchMethodError': Method sun.misc.Unsafe.defineClass(Ljava/lang/String;[BII)Ljava/lang/Class; name or signature does not match> (0x00000000eb907cb8) thrown at [/HUDSON/workspace/8-2-build-linux-amd64/jdk8u221/13320/hotspot/src/sh
Event: 0.044 Thread 0x00005558e3f6c000 Exception <a 'java/lang/NoSuchMethodError': Method sun.misc.Unsafe.prefetchRead(Ljava/lang/Object;J)V name or signature does not match> (0x00000000eb907fa0) thrown at [/HUDSON/workspace/8-2-build-linux-amd64/jdk8u221/13320/hotspot/src/share/vm/prims/jni.c
Event: 0.096 Thread 0x00007f7da4001000 Exception <a 'java/lang/NoSuchMethodError': name> (0x00000000eb9b2270) thrown at [/HUDSON/workspace/8-2-build-linux-amd64/jdk8u221/13320/hotspot/src/share/vm/prims/jni.cpp, line 1614]

Events (10 events):
Event: 0.095 loading class java/io/FilePermission$1
Event: 0.095 loading class java/io/FilePermission$1 done
Event: 0.095 loading class java/io/FilePermissionCollection
Event: 0.095 loading class java/io/FilePermissionCollection done
Event: 0.095 loading class java/security/AllPermission
Event: 0.095 loading class java/security/AllPermission done
Event: 0.095 loading class java/security/UnresolvedPermission
Event: 0.096 loading class java/security/UnresolvedPermission done
Event: 0.096 loading class java/security/BasicPermissionCollection
Event: 0.096 loading class java/security/BasicPermissionCollection done


Dynamic libraries:
c2a00000-c5380000 rw-p 00000000 00:00 0 
c5380000-eb900000 ---p 00000000 00:00 0 
eb900000-ecd80000 rw-p 00000000 00:00 0 
ecd80000-100000000 ---p 00000000 00:00 0 
100000000-100080000 rw-p 00000000 00:00 0 
100080000-140000000 ---p 00000000 00:00 0 
5558e314c000-5558e314e000 r-xp 00000000 08:01 7053                       /home/wanhui/CallJvm/callJvmThreadpool/cmake-build-debug/main
5558e334d000-5558e334e000 r--p 00001000 08:01 7053                       /home/wanhui/CallJvm/callJvmThreadpool/cmake-build-debug/main
5558e334e000-5558e334f000 rw-p 00002000 08:01 7053                       /home/wanhui/CallJvm/callJvmThreadpool/cmake-build-debug/main
5558e3f4f000-5558e4029000 rw-p 00000000 00:00 0                          [heap]
7f7d84000000-7f7d84021000 rw-p 00000000 00:00 0 
7f7d84021000-7f7d88000000 ---p 00000000 00:00 0 
7f7d8c000000-7f7d8c021000 rw-p 00000000 00:00 0 
7f7d8c021000-7f7d90000000 ---p 00000000 00:00 0 
7f7d94000000-7f7d94021000 rw-p 00000000 00:00 0 
7f7d94021000-7f7d98000000 ---p 00000000 00:00 0 
7f7d9c000000-7f7d9c021000 rw-p 00000000 00:00 0 
7f7d9c021000-7f7da0000000 ---p 00000000 00:00 0 
7f7da4000000-7f7da403e000 rw-p 00000000 00:00 0 
7f7da403e000-7f7da8000000 ---p 00000000 00:00 0 
7f7da8000000-7f7da8021000 rw-p 00000000 00:00 0 
7f7da8021000-7f7dac000000 ---p 00000000 00:00 0 
7f7dac000000-7f7dac021000 rw-p 00000000 00:00 0 
7f7dac021000-7f7db0000000 ---p 00000000 00:00 0 
7f7db0c64000-7f7db0ef9000 rw-p 00000000 00:00 0 
7f7db0ef9000-7f7db0efa000 ---p 00000000 00:00 0 
7f7db0efa000-7f7db0efd000 ---p 00000000 00:00 0 
7f7db0efd000-7f7db16fa000 rw-p 00000000 00:00 0 
7f7db16fa000-7f7db16fb000 ---p 00000000 00:00 0 
7f7db16fb000-7f7db16fe000 ---p 00000000 00:00 0 
7f7db16fe000-7f7db1efb000 rw-p 00000000 00:00 0 
7f7db1efb000-7f7db1efc000 ---p 00000000 00:00 0 
7f7db1efc000-7f7db1eff000 ---p 00000000 00:00 0 
7f7db1eff000-7f7db26fc000 rw-p 00000000 00:00 0 
7f7db26fc000-7f7db26fd000 ---p 00000000 00:00 0 
7f7db26fd000-7f7db2700000 ---p 00000000 00:00 0 
7f7db2700000-7f7db2efd000 rw-p 00000000 00:00 0 
7f7db2efd000-7f7db2efe000 ---p 00000000 00:00 0 
7f7db2efe000-7f7db2f01000 ---p 00000000 00:00 0 
7f7db2f01000-7f7db36fe000 rw-p 00000000 00:00 0 
7f7db36fe000-7f7db36ff000 ---p 00000000 00:00 0 
7f7db36ff000-7f7db3702000 ---p 00000000 00:00 0 
7f7db3702000-7f7db3eff000 rw-p 00000000 00:00 0 
7f7db3eff000-7f7db3f00000 ---p 00000000 00:00 0 
7f7db3f00000-7f7db4000000 rw-p 00000000 00:00 0 
7f7db4000000-7f7db4021000 rw-p 00000000 00:00 0 
7f7db4021000-7f7db8000000 ---p 00000000 00:00 0 
7f7db8000000-7f7db8021000 rw-p 00000000 00:00 0 
7f7db8021000-7f7dbc000000 ---p 00000000 00:00 0 
7f7dbc000000-7f7dbc021000 rw-p 00000000 00:00 0 
7f7dbc021000-7f7dc0000000 ---p 00000000 00:00 0 
7f7dc0000000-7f7dc0021000 rw-p 00000000 00:00 0 
7f7dc0021000-7f7dc4000000 ---p 00000000 00:00 0 
7f7dc4000000-7f7dc4021000 rw-p 00000000 00:00 0 
7f7dc4021000-7f7dc8000000 ---p 00000000 00:00 0 
7f7dc80bf000-7f7dc80c2000 ---p 00000000 00:00 0 
7f7dc80c2000-7f7dc81c0000 rw-p 00000000 00:00 0 
7f7dc81c0000-7f7dc81c3000 ---p 00000000 00:00 0 
7f7dc81c3000-7f7dc82c1000 rw-p 00000000 00:00 0 
7f7dc82c1000-7f7dc8c90000 r--p 00000000 08:01 1186501                    /usr/lib/locale/locale-archive
7f7dc8c90000-7f7dc8c93000 ---p 00000000 00:00 0 
7f7dc8c93000-7f7dc8d91000 rw-p 00000000 00:00 0 
7f7dc8d91000-7f7dc8d94000 ---p 00000000 00:00 0 
7f7dc8d94000-7f7dc8e92000 rw-p 00000000 00:00 0 
7f7dc8e92000-7f7dc8e93000 ---p 00000000 00:00 0 
7f7dc8e93000-7f7dc9f76000 rw-p 00000000 00:00 0 
7f7dc9f76000-7f7dca150000 r--s 03d88000 08:01 1324703                    /usr/local/java/jre/lib/rt.jar
7f7dca150000-7f7dcc000000 rw-p 00000000 00:00 0 
7f7dcc000000-7f7dcc021000 rw-p 00000000 00:00 0 
7f7dcc021000-7f7dd0000000 ---p 00000000 00:00 0 
7f7dd0000000-7f7dd0021000 rw-p 00000000 00:00 0 
7f7dd0021000-7f7dd4000000 ---p 00000000 00:00 0 
7f7dd4000000-7f7dd4021000 rw-p 00000000 00:00 0 
7f7dd4021000-7f7dd8000000 ---p 00000000 00:00 0 
7f7dd8000000-7f7dd8021000 rw-p 00000000 00:00 0 
7f7dd8021000-7f7ddc000000 ---p 00000000 00:00 0 
7f7ddc014000-7f7ddc4eb000 rw-p 00000000 00:00 0 
7f7ddc4eb000-7f7ddc8ab000 ---p 00000000 00:00 0 
7f7ddc8ab000-7f7ddca96000 rw-p 00000000 00:00 0 
7f7ddca96000-7f7ddca97000 ---p 00000000 00:00 0 
7f7ddca97000-7f7ddcb97000 rw-p 00000000 00:00 0 
7f7ddcb97000-7f7ddcb98000 ---p 00000000 00:00 0 
7f7ddcb98000-7f7ddcc98000 rw-p 00000000 00:00 0 
7f7ddcc98000-7f7ddcc99000 ---p 00000000 00:00 0 
7f7ddcc99000-7f7ddcd99000 rw-p 00000000 00:00 0 
7f7ddcd99000-7f7ddcd9a000 ---p 00000000 00:00 0 
7f7ddcd9a000-7f7ddceaf000 rw-p 00000000 00:00 0 
7f7ddceaf000-7f7ddcfe1000 ---p 00000000 00:00 0 
7f7ddcfe1000-7f7ddcfec000 rw-p 00000000 00:00 0 
7f7ddcfec000-7f7ddd085000 ---p 00000000 00:00 0 
7f7ddd085000-7f7ddd090000 rw-p 00000000 00:00 0 
7f7ddd090000-7f7ddd446000 ---p 00000000 00:00 0 
7f7ddd446000-7f7ddd6b6000 rwxp 00000000 00:00 0 
7f7ddd6b6000-7f7dec446000 ---p 00000000 00:00 0 
7f7dec446000-7f7dec461000 r-xp 00000000 08:01 1453051                    /usr/local/java/jre/lib/amd64/libzip.so
7f7dec461000-7f7dec660000 ---p 0001b000 08:01 1453051                    /usr/local/java/jre/lib/amd64/libzip.so
7f7dec660000-7f7dec661000 r--p 0001a000 08:01 1453051                    /usr/local/java/jre/lib/amd64/libzip.so
7f7dec661000-7f7dec662000 rw-p 0001b000 08:01 1453051                    /usr/local/java/jre/lib/amd64/libzip.so
7f7dec662000-7f7dec66d000 r-xp 00000000 08:01 2233846                    /lib/x86_64-linux-gnu/libnss_files-2.27.so
7f7dec66d000-7f7dec86c000 ---p 0000b000 08:01 2233846                    /lib/x86_64-linux-gnu/libnss_files-2.27.so
7f7dec86c000-7f7dec86d000 r--p 0000a000 08:01 2233846                    /lib/x86_64-linux-gnu/libnss_files-2.27.so
7f7dec86d000-7f7dec86e000 rw-p 0000b000 08:01 2233846                    /lib/x86_64-linux-gnu/libnss_files-2.27.so
7f7dec86e000-7f7dec874000 rw-p 00000000 00:00 0 
7f7dec874000-7f7dec88b000 r-xp 00000000 08:01 2233840                    /lib/x86_64-linux-gnu/libnsl-2.27.so
7f7dec88b000-7f7deca8a000 ---p 00017000 08:01 2233840                    /lib/x86_64-linux-gnu/libnsl-2.27.so
7f7deca8a000-7f7deca8b000 r--p 00016000 08:01 2233840                    /lib/x86_64-linux-gnu/libnsl-2.27.so
7f7deca8b000-7f7deca8c000 rw-p 00017000 08:01 2233840                    /lib/x86_64-linux-gnu/libnsl-2.27.so
7f7deca8c000-7f7deca8e000 rw-p 00000000 00:00 0 
7f7deca8e000-7f7deca99000 r-xp 00000000 08:01 2233857                    /lib/x86_64-linux-gnu/libnss_nis-2.27.so
7f7deca99000-7f7decc98000 ---p 0000b000 08:01 2233857                    /lib/x86_64-linux-gnu/libnss_nis-2.27.so
7f7decc98000-7f7decc99000 r--p 0000a000 08:01 2233857                    /lib/x86_64-linux-gnu/libnss_nis-2.27.so
7f7decc99000-7f7decc9a000 rw-p 0000b000 08:01 2233857                    /lib/x86_64-linux-gnu/libnss_nis-2.27.so
7f7decc9a000-7f7decca2000 r-xp 00000000 08:01 2233842                    /lib/x86_64-linux-gnu/libnss_compat-2.27.so
7f7decca2000-7f7decea2000 ---p 00008000 08:01 2233842                    /lib/x86_64-linux-gnu/libnss_compat-2.27.so
7f7decea2000-7f7decea3000 r--p 00008000 08:01 2233842                    /lib/x86_64-linux-gnu/libnss_compat-2.27.so
7f7decea3000-7f7decea4000 rw-p 00009000 08:01 2233842                    /lib/x86_64-linux-gnu/libnss_compat-2.27.so
7f7decea4000-7f7deced0000 r-xp 00000000 08:01 1453042                    /usr/local/java/jre/lib/amd64/libjava.so
7f7deced0000-7f7ded0d0000 ---p 0002c000 08:01 1453042                    /usr/local/java/jre/lib/amd64/libjava.so
7f7ded0d0000-7f7ded0d1000 r--p 0002c000 08:01 1453042                    /usr/local/java/jre/lib/amd64/libjava.so
7f7ded0d1000-7f7ded0d3000 rw-p 0002d000 08:01 1453042                    /usr/local/java/jre/lib/amd64/libjava.so
7f7ded0d3000-7f7ded0e0000 r-xp 00000000 08:01 1453033                    /usr/local/java/jre/lib/amd64/libverify.so
7f7ded0e0000-7f7ded2df000 ---p 0000d000 08:01 1453033                    /usr/local/java/jre/lib/amd64/libverify.so
7f7ded2df000-7f7ded2e1000 r--p 0000c000 08:01 1453033                    /usr/local/java/jre/lib/amd64/libverify.so
7f7ded2e1000-7f7ded2e2000 rw-p 0000e000 08:01 1453033                    /usr/local/java/jre/lib/amd64/libverify.so
7f7ded2e2000-7f7ded2e9000 r-xp 00000000 08:01 2233897                    /lib/x86_64-linux-gnu/librt-2.27.so
7f7ded2e9000-7f7ded4e8000 ---p 00007000 08:01 2233897                    /lib/x86_64-linux-gnu/librt-2.27.so
7f7ded4e8000-7f7ded4e9000 r--p 00006000 08:01 2233897                    /lib/x86_64-linux-gnu/librt-2.27.so
7f7ded4e9000-7f7ded4ea000 rw-p 00007000 08:01 2233897                    /lib/x86_64-linux-gnu/librt-2.27.so
7f7ded4ea000-7f7ded4ed000 r-xp 00000000 08:01 2233779                    /lib/x86_64-linux-gnu/libdl-2.27.so
7f7ded4ed000-7f7ded6ec000 ---p 00003000 08:01 2233779                    /lib/x86_64-linux-gnu/libdl-2.27.so
7f7ded6ec000-7f7ded6ed000 r--p 00002000 08:01 2233779                    /lib/x86_64-linux-gnu/libdl-2.27.so
7f7ded6ed000-7f7ded6ee000 rw-p 00003000 08:01 2233779                    /lib/x86_64-linux-gnu/libdl-2.27.so
7f7ded6ee000-7f7ded88b000 r-xp 00000000 08:01 2233819                    /lib/x86_64-linux-gnu/libm-2.27.so
7f7ded88b000-7f7deda8a000 ---p 0019d000 08:01 2233819                    /lib/x86_64-linux-gnu/libm-2.27.so
7f7deda8a000-7f7deda8b000 r--p 0019c000 08:01 2233819                    /lib/x86_64-linux-gnu/libm-2.27.so
7f7deda8b000-7f7deda8c000 rw-p 0019d000 08:01 2233819                    /lib/x86_64-linux-gnu/libm-2.27.so
7f7deda8c000-7f7dedc73000 r-xp 00000000 08:01 2233756                    /lib/x86_64-linux-gnu/libc-2.27.so
7f7dedc73000-7f7dede73000 ---p 001e7000 08:01 2233756                    /lib/x86_64-linux-gnu/libc-2.27.so
7f7dede73000-7f7dede77000 r--p 001e7000 08:01 2233756                    /lib/x86_64-linux-gnu/libc-2.27.so
7f7dede77000-7f7dede79000 rw-p 001eb000 08:01 2233756                    /lib/x86_64-linux-gnu/libc-2.27.so
7f7dede79000-7f7dede7d000 rw-p 00000000 00:00 0 
7f7dede7d000-7f7dede97000 r-xp 00000000 08:01 2233889                    /lib/x86_64-linux-gnu/libpthread-2.27.so
7f7dede97000-7f7dee096000 ---p 0001a000 08:01 2233889                    /lib/x86_64-linux-gnu/libpthread-2.27.so
7f7dee096000-7f7dee097000 r--p 00019000 08:01 2233889                    /lib/x86_64-linux-gnu/libpthread-2.27.so
7f7dee097000-7f7dee098000 rw-p 0001a000 08:01 2233889                    /lib/x86_64-linux-gnu/libpthread-2.27.so
7f7dee098000-7f7dee09c000 rw-p 00000000 00:00 0 
7f7dee09c000-7f7deed84000 r-xp 00000000 08:01 1453049                    /usr/local/java/jre/lib/amd64/server/libjvm.so
7f7deed84000-7f7deef83000 ---p 00ce8000 08:01 1453049                    /usr/local/java/jre/lib/amd64/server/libjvm.so
7f7deef83000-7f7def019000 r--p 00ce7000 08:01 1453049                    /usr/local/java/jre/lib/amd64/server/libjvm.so
7f7def019000-7f7def04a000 rw-p 00d7d000 08:01 1453049                    /usr/local/java/jre/lib/amd64/server/libjvm.so
7f7def04a000-7f7def085000 rw-p 00000000 00:00 0 
7f7def085000-7f7def0ac000 r-xp 00000000 08:01 2233728                    /lib/x86_64-linux-gnu/ld-2.27.so
7f7def0b5000-7f7def161000 rw-p 00000000 00:00 0 
7f7def161000-7f7def294000 ---p 00000000 00:00 0 
7f7def294000-7f7def296000 rw-p 00000000 00:00 0 
7f7def29f000-7f7def2a0000 r--s 00000000 08:01 7072                       /home/wanhui/CallJvm/callJvmThreadpool/qin_test1.jar
7f7def2a0000-7f7def2a8000 rw-s 00000000 08:01 6972                       /tmp/hsperfdata_wanhui/18582
7f7def2a8000-7f7def2a9000 rw-p 00000000 00:00 0 
7f7def2a9000-7f7def2aa000 r--p 00000000 00:00 0 
7f7def2aa000-7f7def2ac000 rw-p 00000000 00:00 0 
7f7def2ac000-7f7def2ad000 r--p 00027000 08:01 2233728                    /lib/x86_64-linux-gnu/ld-2.27.so
7f7def2ad000-7f7def2ae000 rw-p 00028000 08:01 2233728                    /lib/x86_64-linux-gnu/ld-2.27.so
7f7def2ae000-7f7def2af000 rw-p 00000000 00:00 0 
7fff1f1cd000-7fff1f1d0000 ---p 00000000 00:00 0 
7fff1f1d0000-7fff1f2cd000 rw-p 00000000 00:00 0                          [stack]
7fff1f35b000-7fff1f35e000 r--p 00000000 00:00 0                          [vvar]
7fff1f35e000-7fff1f360000 r-xp 00000000 00:00 0                          [vdso]
ffffffffff600000-ffffffffff601000 r-xp 00000000 00:00 0                  [vsyscall]

VM Arguments:
jvm_args: -Djava.compiler=NONE -verbose:jni 
java_command: <unknown>
java_class_path (initial): .:/home/wanhui/CallJvm/callJvmThreadpool/qin_test1.jar
Launcher Type: generic

Environment Variables:
JAVA_HOME=/usr/local/java
CLASSPATH=/home/wanhui/Downloads/clion-2019.2.1/lib/bootstrap.jar:/home/wanhui/Downloads/clion-2019.2.1/lib/extensions.jar:/home/wanhui/Downloads/clion-2019.2.1/lib/util.jar:/home/wanhui/Downloads/clion-2019.2.1/lib/jdom.jar:/home/wanhui/Downloads/clion-2019.2.1/lib/log4j.jar:/home/wanhui/Downloads/clion-2019.2.1/lib/trove4j.jar:/home/wanhui/Downloads/clion-2019.2.1/lib/jna.jar
PATH=/usr/local/sbin:/usr/local/bin:/usr/sbin:/usr/bin:/sbin:/bin:/snap/bin:/usr/local/redis/redis-4.0.9.tar_files/redis-4.0.9/src:/usr/local/mysql/bin
USERNAME=wanhui
SHELL=/bin/bash
DISPLAY=:0

Signal Handlers:
SIGSEGV: [libjvm.so+0xad3d90], sa_mask[0]=11111111011111111101111111111110, sa_flags=SA_RESTART|SA_SIGINFO
SIGBUS: [libjvm.so+0xad3d90], sa_mask[0]=11111111011111111101111111111110, sa_flags=SA_RESTART|SA_SIGINFO
SIGFPE: [libjvm.so+0x90b8b0], sa_mask[0]=11111111011111111101111111111110, sa_flags=SA_RESTART|SA_SIGINFO
SIGPIPE: [libjvm.so+0x90b8b0], sa_mask[0]=11111111011111111101111111111110, sa_flags=SA_RESTART|SA_SIGINFO
SIGXFSZ: [libjvm.so+0x90b8b0], sa_mask[0]=11111111011111111101111111111110, sa_flags=SA_RESTART|SA_SIGINFO
SIGILL: [libjvm.so+0x90b8b0], sa_mask[0]=11111111011111111101111111111110, sa_flags=SA_RESTART|SA_SIGINFO
SIGUSR1: SIG_DFL, sa_mask[0]=00000000000000000000000000000000, sa_flags=none
SIGUSR2: [libjvm.so+0x90b780], sa_mask[0]=00100000000000000000000000000000, sa_flags=SA_RESTART|SA_SIGINFO
SIGHUP: [libjvm.so+0x90bda0], sa_mask[0]=11111111011111111101111111111110, sa_flags=SA_RESTART|SA_SIGINFO
SIGINT: [libjvm.so+0x90bda0], sa_mask[0]=11111111011111111101111111111110, sa_flags=SA_RESTART|SA_SIGINFO
SIGTERM: [libjvm.so+0x90bda0], sa_mask[0]=11111111011111111101111111111110, sa_flags=SA_RESTART|SA_SIGINFO
SIGQUIT: [libjvm.so+0x90bda0], sa_mask[0]=11111111011111111101111111111110, sa_flags=SA_RESTART|SA_SIGINFO


---------------  S Y S T E M  ---------------

OS:DISTRIB_ID=Ubuntu
DISTRIB_RELEASE=18.04
DISTRIB_CODENAME=bionic
DISTRIB_DESCRIPTION="Ubuntu 18.04.3 LTS"

uname:Linux 4.15.0-66-generic #75-Ubuntu SMP Tue Oct 1 05:24:09 UTC 2019 x86_64
libc:glibc 2.27 NPTL 2.27 
rlimit: STACK 8192k, CORE 0k, NPROC 15513, NOFILE 1048576, AS infinity
load average:0.47 0.45 0.40

/proc/meminfo:
MemTotal:        4015688 kB
MemFree:          124068 kB
MemAvailable:     186704 kB
Buffers:            6324 kB
Cached:           282384 kB
SwapCached:        60792 kB
Active:          2380916 kB
Inactive:         660516 kB
Active(anon):    2243920 kB
Inactive(anon):   558480 kB
Active(file):     136996 kB
Inactive(file):   102036 kB
Unevictable:          48 kB
Mlocked:              48 kB
SwapTotal:       2097148 kB
SwapFree:         407816 kB
Dirty:                48 kB
Writeback:           708 kB
AnonPages:       2693384 kB
Mapped:           211160 kB
Shmem:             49616 kB
Slab:             135452 kB
SReclaimable:      57160 kB
SUnreclaim:        78292 kB
KernelStack:       18064 kB
PageTables:        65960 kB
NFS_Unstable:          0 kB
Bounce:                0 kB
WritebackTmp:          0 kB
CommitLimit:     4104992 kB
Committed_AS:   10215276 kB
VmallocTotal:   34359738367 kB
VmallocUsed:           0 kB
VmallocChunk:          0 kB
HardwareCorrupted:     0 kB
AnonHugePages:         0 kB
ShmemHugePages:        0 kB
ShmemPmdMapped:        0 kB
CmaTotal:              0 kB
CmaFree:               0 kB
HugePages_Total:       0
HugePages_Free:        0
HugePages_Rsvd:        0
HugePages_Surp:        0
Hugepagesize:       2048 kB
DirectMap4k:      374592 kB
DirectMap2M:     3819520 kB
DirectMap1G:     2097152 kB

container (cgroup) information:
container_type: cgroupv1
cpu_cpuset_cpus: 0-3
cpu_memory_nodes: 0
active_processor_count: 4
cpu_quota: -1
cpu_period: 100000
cpu_shares: -1
memory_limit_in_bytes: -1
memory_and_swap_limit_in_bytes: -2
memory_soft_limit_in_bytes: -1
memory_usage_in_bytes: 3063324672
memory_max_usage_in_bytes: 810557440


CPU:total 4 (initial active 4) (2 cores per cpu, 1 threads per core) family 6 model 158 stepping 13, cmov, cx8, fxsr, mmx, sse, sse2, sse3, ssse3, sse4.1, sse4.2, popcnt, avx, avx2, aes, clmul, erms, rtm, 3dnowpref, lzcnt, tsc, tscinvbit, bmi1, bmi2, adx

/proc/cpuinfo:
processor	: 0
vendor_id	: GenuineIntel
cpu family	: 6
model		: 158
model name	: Intel(R) Core(TM) i7-9700 CPU @ 3.00GHz
stepping	: 13
microcode	: 0xb4
cpu MHz		: 2999.999
cache size	: 12288 KB
physical id	: 0
siblings	: 2
core id		: 0
cpu cores	: 2
apicid		: 0
initial apicid	: 0
fpu		: yes
fpu_exception	: yes
cpuid level	: 22
wp		: yes
flags		: fpu vme de pse tsc msr pae mce cx8 apic sep mtrr pge mca cmov pat pse36 clflush mmx fxsr sse sse2 ss ht syscall nx pdpe1gb rdtscp lm constant_tsc arch_perfmon nopl xtopology tsc_reliable nonstop_tsc cpuid pni pclmulqdq vmx ssse3 fma cx16 pcid sse4_1 sse4_2 x2apic movbe popcnt tsc_deadline_timer aes xsave avx f16c rdrand hypervisor lahf_lm abm 3dnowprefetch cpuid_fault invpcid_single ssbd ibrs ibpb stibp ibrs_enhanced tpr_shadow vnmi ept vpid fsgsbase tsc_adjust bmi1 hle avx2 smep bmi2 invpcid rtm mpx rdseed adx smap clflushopt xsaveopt xsavec xsaves arat md_clear flush_l1d arch_capabilities
bugs		: spectre_v1 spectre_v2 spec_store_bypass swapgs
bogomips	: 5999.99
clflush size	: 64
cache_alignment	: 64
address sizes	: 43 bits physical, 48 bits virtual
power management:

processor	: 1
vendor_id	: GenuineIntel
cpu family	: 6
model		: 158
model name	: Intel(R) Core(TM) i7-9700 CPU @ 3.00GHz
stepping	: 13
microcode	: 0xb4
cpu MHz		: 2999.999
cache size	: 12288 KB
physical id	: 0
siblings	: 2
core id		: 1
cpu cores	: 2
apicid		: 1
initial apicid	: 1
fpu		: yes
fpu_exception	: yes
cpuid level	: 22
wp		: yes
flags		: fpu vme de pse tsc msr pae mce cx8 apic sep mtrr pge mca cmov pat pse36 clflush mmx fxsr sse sse2 ss ht syscall nx pdpe1gb rdtscp lm constant_tsc arch_perfmon nopl xtopology tsc_reliable nonstop_tsc cpuid pni pclmulqdq vmx ssse3 fma cx16 pcid sse4_1 sse4_2 x2apic movbe popcnt tsc_deadline_timer aes xsave avx f16c rdrand hypervisor lahf_lm abm 3dnowprefetch cpuid_fault invpcid_single ssbd ibrs ibpb stibp ibrs_enhanced tpr_shadow vnmi ept vpid fsgsbase tsc_adjust bmi1 hle avx2 smep bmi2 invpcid rtm mpx rdseed adx smap clflushopt xsaveopt xsavec xsaves arat md_clear flush_l1d arch_capabilities
bugs		: spectre_v1 spectre_v2 spec_store_bypass swapgs
bogomips	: 5999.99
clflush size	: 64
cache_alignment	: 64
address sizes	: 43 bits physical, 48 bits virtual
power management:

processor	: 2
vendor_id	: GenuineIntel
cpu family	: 6
model		: 158
model name	: Intel(R) Core(TM) i7-9700 CPU @ 3.00GHz
stepping	: 13
microcode	: 0xb4
cpu MHz		: 2999.999
cache size	: 12288 KB
physical id	: 1
siblings	: 2
core id		: 0
cpu cores	: 2
apicid		: 2
initial apicid	: 2
fpu		: yes
fpu_exception	: yes
cpuid level	: 22
wp		: yes
flags		: fpu vme de pse tsc msr pae mce cx8 apic sep mtrr pge mca cmov pat pse36 clflush mmx fxsr sse sse2 ss ht syscall nx pdpe1gb rdtscp lm constant_tsc arch_perfmon nopl xtopology tsc_reliable nonstop_tsc cpuid pni pclmulqdq vmx ssse3 fma cx16 pcid sse4_1 sse4_2 x2apic movbe popcnt tsc_deadline_timer aes xsave avx f16c rdrand hypervisor lahf_lm abm 3dnowprefetch cpuid_fault invpcid_single ssbd ibrs ibpb stibp ibrs_enhanced tpr_shadow vnmi ept vpid fsgsbase tsc_adjust bmi1 hle avx2 smep bmi2 invpcid rtm mpx rdseed adx smap clflushopt xsaveopt xsavec xsaves arat md_clear flush_l1d arch_capabilities
bugs		: spectre_v1 spectre_v2 spec_store_bypass swapgs
bogomips	: 5999.99
clflush size	: 64
cache_alignment	: 64
address sizes	: 43 bits physical, 48 bits virtual
power management:

processor	: 3
vendor_id	: GenuineIntel
cpu family	: 6
model		: 158
model name	: Intel(R) Core(TM) i7-9700 CPU @ 3.00GHz
stepping	: 13
microcode	: 0xb4
cpu MHz		: 2999.999
cache size	: 12288 KB
physical id	: 1
siblings	: 2
core id		: 1
cpu cores	: 2
apicid		: 3
initial apicid	: 3
fpu		: yes
fpu_exception	: yes
cpuid level	: 22
wp		: yes
flags		: fpu vme de pse tsc msr pae mce cx8 apic sep mtrr pge mca cmov pat pse36 clflush mmx fxsr sse sse2 ss ht syscall nx pdpe1gb rdtscp lm constant_tsc arch_perfmon nopl xtopology tsc_reliable nonstop_tsc cpuid pni pclmulqdq vmx ssse3 fma cx16 pcid sse4_1 sse4_2 x2apic movbe popcnt tsc_deadline_timer aes xsave avx f16c rdrand hypervisor lahf_lm abm 3dnowprefetch cpuid_fault invpcid_single ssbd ibrs ibpb stibp ibrs_enhanced tpr_shadow vnmi ept vpid fsgsbase tsc_adjust bmi1 hle avx2 smep bmi2 invpcid rtm mpx rdseed adx smap clflushopt xsaveopt xsavec xsaves arat md_clear flush_l1d arch_capabilities
bugs		: spectre_v1 spectre_v2 spec_store_bypass swapgs
bogomips	: 5999.99
clflush size	: 64
cache_alignment	: 64
address sizes	: 43 bits physical, 48 bits virtual
power management:



Memory: 4k page, physical 4015688k(124068k free), swap 2097148k(407816k free)

vm_info: Java HotSpot(TM) 64-Bit Server VM (25.221-b11) for linux-amd64 JRE (1.8.0_221-b11), built on Jul  4 2019 04:27:00 by "java_re" with gcc 7.3.0

time: Sat Nov  2 12:25:17 2019
timezone: CST
elapsed time: 0 seconds (0d 0h 0m 0s)

