#
# A fatal error has been detected by the Java Runtime Environment:
#
#  SIGSEGV (0xb) at pc=0x00007f9290c4276c, pid=18685, tid=0x00007f9268c98700
#
# JRE version: Java(TM) SE Runtime Environment (8.0_221-b11) (build 1.8.0_221-b11)
# Java VM: Java HotSpot(TM) 64-Bit Server VM (25.221-b11 interpreted mode linux-amd64 compressed oops)
# Problematic frame:
# V  [libjvm.so+0x6d576c]  jni_CallStaticVoidMethodV+0x6c
#
# Failed to write core dump. Core dumps have been disabled. To enable core dumping, try "ulimit -c unlimited" before starting Java again
#
# If you would like to submit a bug report, please visit:
#   http://bugreport.java.com/bugreport/crash.jsp
#

---------------  T H R E A D  ---------------

Current thread (0x00007f9244001000):  JavaThread "Thread-0" [_thread_in_vm, id=18699, stack(0x00007f9268499000,0x00007f9268c99000)]

siginfo: si_signo: 11 (SIGSEGV), si_code: 1 (SEGV_MAPERR), si_addr: 0x0000000000000000

Registers:
RAX=0x00007f92910ba220, RBX=0x00007f9244001000, RCX=0x00007f9268c97dd0, RDX=0x00007f9244001b78
RSP=0x00007f9268c97d20, RBP=0x00007f9268c97dc0, RSI=0x00007f9244001000, RDI=0x00007f9244001000
R8 =0x000055c75eb3f713, R9 =0x0000000000000003, R10=0x0000000000000000, R11=0x00007f92910a289c
R12=0x00007f9244002990, R13=0x00007f92440011f8, R14=0x0000000000000000, R15=0x00007f9268c97dd0
RIP=0x00007f9290c4276c, EFLAGS=0x0000000000010202, CSGSFS=0x002b000000000033, ERR=0x0000000000000004
  TRAPNO=0x000000000000000e

Top of Stack: (sp=0x00007f9268c97d20)
0x00007f9268c97d20:   000055c75eb3f70b 0000064e68c97d50
0x00007f9268c97d30:   00007f9244001000 00007f9244001b70
0x00007f9268c97d40:   000000000000064e 00007f92910ba220
0x00007f9268c97d50:   00007f92915875c0 000055c75eb3f70b
0x00007f9268c97d60:   00007f9268c97de0 00007f9290adcdf3
0x00007f9268c97d70:   0000000000000000 00007f92910000bd
0x00007f9268c97d80:   0000000300000000 0000000000000000
0x00007f9268c97d90:   00007f929152a301 00007f92440011f8
0x00007f9268c97da0:   00007f9244002990 0000000000000000
0x00007f9268c97db0:   0000000000000000 00007ffd9a8b8430
0x00007f9268c97dc0:   00007f92914fa3e0 000055c75eb3f543
0x00007f9268c97dd0:   0000003000000018 00007f9268c97eb0
0x00007f9268c97de0:   00007f9268c97df0 82fc98f77cc2ac00
0x00007f9268c97df0:   0000000144001000 00007f9244001b78
0x00007f9268c97e00:   000055c75eb3f710 00007f9244002998
0x00007f9268c97e10:   000055c75eb3f713 0000000000000003
0x00007f9268c97e20:   00007f9268c97e50 00007f9244001b78
0x00007f9268c97e30:   00007f9244002990 00007f9244001000
0x00007f9268c97e40:   00007f92440011f8 00007f9244001000
0x00007f9268c97e50:   00007f9268c97ea0 00007f9290c3292f
0x00007f9268c97e60:   00007f9244001000 00007f9244001b70
0x00007f9268c97e70:   000000000000064e 00007f92910ba220
0x00007f9268c97e80:   00007f92440011f8 00007f9244002990
0x00007f9268c97e90:   0000000000000000 0000000000000000
0x00007f9268c97ea0:   00007f92914fa3e0 000055c75eb3f346
0x00007f9268c97eb0:   00007f92440011f8 82fc98f77cc2ac00
0x00007f9268c97ec0:   0000000000000000 000055c75f28cbc0
0x00007f9268c97ed0:   0000000000000000 00007f9268c97fc0
0x00007f9268c97ee0:   0000000000000000 000055c75eb3ef55
0x00007f9268c97ef0:   0000000000000000 00007f92903556db
0x00007f9268c97f00:   0000000000000000 00007f9268c98700
0x00007f9268c97f10:   00007f9268c98700 f4b2148fa3ea5e9a 

Instructions: (pc=0x00007f9290c4276c)
0x00007f9290c4274c:   48 89 9d 70 ff ff ff 48 c7 85 78 ff ff ff 00 00
0x00007f9290c4275c:   00 00 74 0c 48 8d bd 70 ff ff ff e8 a4 87 29 00
0x00007f9290c4276c:   49 8b 06 c7 85 60 ff ff ff 0e 00 00 00 4c 8d 65
0x00007f9290c4277c:   90 4c 89 e7 48 8b 40 08 0f b7 50 24 48 8b 40 08 

Register to memory mapping:

RAX=0x00007f92910ba220: <offset 0xb4d220> in /usr/local/java/jre/lib/amd64/server/libjvm.so at 0x00007f929056d000
RBX=0x00007f9244001000 is a thread
RCX=0x00007f9268c97dd0 is pointing into the stack for thread: 0x00007f9244001000
RDX=0x00007f9244001b78 is an unknown value
RSP=0x00007f9268c97d20 is pointing into the stack for thread: 0x00007f9244001000
RBP=0x00007f9268c97dc0 is pointing into the stack for thread: 0x00007f9244001000
RSI=0x00007f9244001000 is a thread
RDI=0x00007f9244001000 is a thread
R8 =0x000055c75eb3f713: <offset 0x1713> in /home/wanhui/CallJvm/callJvmThreadpool/cmake-build-debug/main at 0x000055c75eb3e000
R9 =0x0000000000000003 is an unknown value
R10=0x0000000000000000 is an unknown value
R11=0x00007f92910a289c: <offset 0xb3589c> in /usr/local/java/jre/lib/amd64/server/libjvm.so at 0x00007f929056d000
R12=0x00007f9244002990 is an unknown value
R13=0x00007f92440011f8 is an unknown value
R14=0x0000000000000000 is an unknown value
R15=0x00007f9268c97dd0 is pointing into the stack for thread: 0x00007f9244001000


Stack: [0x00007f9268499000,0x00007f9268c99000],  sp=0x00007f9268c97d20,  free space=8187k
Native frames: (J=compiled Java code, j=interpreted, Vv=VM code, C=native code)
V  [libjvm.so+0x6d576c]  jni_CallStaticVoidMethodV+0x6c
C  [main+0x1543]  JNIEnv_::CallStaticVoidMethod(_jclass*, _jmethodID*, ...)+0x93


---------------  P R O C E S S  ---------------

Java Threads: ( => current thread )
  0x00007f9224001000 JavaThread "Thread-4" [_thread_in_vm, id=18697, stack(0x00007f926949b000,0x00007f9269c9b000)]
  0x00007f922c001000 JavaThread "Thread-3" [_thread_in_vm, id=18700, stack(0x00007f9253800000,0x00007f9254000000)]
  0x00007f9234001000 JavaThread "Thread-1" [_thread_in_vm, id=18698, stack(0x00007f9268c9a000,0x00007f926949a000)]
  0x00007f923c001000 JavaThread "Thread-2" [_thread_in_vm, id=18701, stack(0x00007f9252fff000,0x00007f92537ff000)]
=>0x00007f9244001000 JavaThread "Thread-0" [_thread_in_vm, id=18699, stack(0x00007f9268499000,0x00007f9268c99000)]
  0x00007f9248001000 JavaThread "Thread-5" [_thread_in_vm, id=18696, stack(0x00007f9269c9c000,0x00007f926a49c000)]
  0x000055c75f28a000 JavaThread "Service Thread" daemon [_thread_blocked, id=18694, stack(0x00007f926a59d000,0x00007f926a69e000)]
  0x000055c75f288000 JavaThread "Signal Dispatcher" daemon [_thread_blocked, id=18693, stack(0x00007f926a69e000,0x00007f926a79f000)]
  0x000055c75f257800 JavaThread "Finalizer" daemon [_thread_blocked, id=18692, stack(0x00007f926b16e000,0x00007f926b26f000)]
  0x000055c75f253000 JavaThread "Reference Handler" daemon [_thread_blocked, id=18691, stack(0x00007f926b26f000,0x00007f926b370000)]
  0x000055c75f1db000 JavaThread "main" [_thread_in_native, id=18685, stack(0x00007ffd9a7bb000,0x00007ffd9a8bb000)]

Other Threads:
  0x000055c75f249000 VMThread [stack: 0x00007f926b371000,0x00007f926b471000] [id=18690]
  0x000055c75f28d000 WatcherThread [stack: 0x00007f926a49d000,0x00007f926a59d000] [id=18695]

VM state:not at safepoint (normal execution)

VM Mutex/Monitor currently owned by a thread: None

heap address: 0x00000000c2a00000, size: 982 MB, Compressed Oops mode: 32-bit
Narrow klass base: 0x0000000000000000, Narrow klass shift: 3
Compressed class space size: 1073741824 Address: 0x0000000100000000

Heap:
 PSYoungGen      total 18432K, used 2541K [0x00000000eb900000, 0x00000000ecd80000, 0x0000000100000000)
  eden space 15872K, 16% used [0x00000000eb900000,0x00000000ebb7b718,0x00000000ec880000)
  from space 2560K, 0% used [0x00000000ecb00000,0x00000000ecb00000,0x00000000ecd80000)
  to   space 2560K, 0% used [0x00000000ec880000,0x00000000ec880000,0x00000000ecb00000)
 ParOldGen       total 42496K, used 0K [0x00000000c2a00000, 0x00000000c5380000, 0x00000000eb900000)
  object space 42496K, 0% used [0x00000000c2a00000,0x00000000c2a00000,0x00000000c5380000)
 Metaspace       used 2564K, capacity 4486K, committed 4864K, reserved 1056768K
  class space    used 281K, capacity 386K, committed 512K, reserved 1048576K

Card table byte_map: [0x00007f927f36b000,0x00007f927f557000] byte_map_base: 0x00007f927ed56000

Marking Bits: (ParMarkBitMap*) 0x00007f9291538d80
 Begin Bits: [0x00007f927d0b7000, 0x00007f927e00f000)
 End Bits:   [0x00007f927e00f000, 0x00007f927ef67000)

Polling page: 0x00007f929177a000

CodeCache: size=245760Kb used=473Kb max_used=473Kb free=245286Kb
 bounds [0x00007f927f917000, 0x00007f927fb87000, 0x00007f928e917000]
 total_blobs=179 nmethods=0 adapters=145
 compilation: disabled (interpreter mode)

Compilation events (0 events):
No events

GC Heap History (0 events):
No events

Deoptimization events (0 events):
No events

Classes redefined (0 events):
No events

Internal exceptions (3 events):
Event: 0.020 Thread 0x000055c75f1db000 Exception <a 'java/lang/NoSuchMethodError': Method sun.misc.Unsafe.defineClass(Ljava/lang/String;[BII)Ljava/lang/Class; name or signature does not match> (0x00000000eb907cb8) thrown at [/HUDSON/workspace/8-2-build-linux-amd64/jdk8u221/13320/hotspot/src/sh
Event: 0.020 Thread 0x000055c75f1db000 Exception <a 'java/lang/NoSuchMethodError': Method sun.misc.Unsafe.prefetchRead(Ljava/lang/Object;J)V name or signature does not match> (0x00000000eb907fa0) thrown at [/HUDSON/workspace/8-2-build-linux-amd64/jdk8u221/13320/hotspot/src/share/vm/prims/jni.c
Event: 0.045 Thread 0x00007f9244001000 Exception <a 'java/lang/NoSuchMethodError': name> (0x00000000eba019a8) thrown at [/HUDSON/workspace/8-2-build-linux-amd64/jdk8u221/13320/hotspot/src/share/vm/prims/jni.cpp, line 1614]

Events (10 events):
Event: 0.045 loading class java/io/FilePermission$1
Event: 0.045 loading class java/io/FilePermission$1 done
Event: 0.045 loading class java/io/FilePermissionCollection
Event: 0.045 loading class java/io/FilePermissionCollection done
Event: 0.045 loading class java/security/AllPermission
Event: 0.045 loading class java/security/AllPermission done
Event: 0.045 loading class java/security/UnresolvedPermission
Event: 0.045 loading class java/security/UnresolvedPermission done
Event: 0.045 loading class java/security/BasicPermissionCollection
Event: 0.045 loading class java/security/BasicPermissionCollection done


Dynamic libraries:
c2a00000-c5380000 rw-p 00000000 00:00 0 
c5380000-eb900000 ---p 00000000 00:00 0 
eb900000-ecd80000 rw-p 00000000 00:00 0 
ecd80000-100000000 ---p 00000000 00:00 0 
100000000-100080000 rw-p 00000000 00:00 0 
100080000-140000000 ---p 00000000 00:00 0 
55c75eb3e000-55c75eb40000 r-xp 00000000 08:01 7053                       /home/wanhui/CallJvm/callJvmThreadpool/cmake-build-debug/main
55c75ed3f000-55c75ed40000 r--p 00001000 08:01 7053                       /home/wanhui/CallJvm/callJvmThreadpool/cmake-build-debug/main
55c75ed40000-55c75ed41000 rw-p 00002000 08:01 7053                       /home/wanhui/CallJvm/callJvmThreadpool/cmake-build-debug/main
55c75f1be000-55c75f298000 rw-p 00000000 00:00 0                          [heap]
7f9224000000-7f9224021000 rw-p 00000000 00:00 0 
7f9224021000-7f9228000000 ---p 00000000 00:00 0 
7f922c000000-7f922c021000 rw-p 00000000 00:00 0 
7f922c021000-7f9230000000 ---p 00000000 00:00 0 
7f9234000000-7f9234021000 rw-p 00000000 00:00 0 
7f9234021000-7f9238000000 ---p 00000000 00:00 0 
7f923c000000-7f923c021000 rw-p 00000000 00:00 0 
7f923c021000-7f9240000000 ---p 00000000 00:00 0 
7f9244000000-7f924403e000 rw-p 00000000 00:00 0 
7f924403e000-7f9248000000 ---p 00000000 00:00 0 
7f9248000000-7f9248021000 rw-p 00000000 00:00 0 
7f9248021000-7f924c000000 ---p 00000000 00:00 0 
7f924c000000-7f924c021000 rw-p 00000000 00:00 0 
7f924c021000-7f9250000000 ---p 00000000 00:00 0 
7f9252ffe000-7f9252fff000 ---p 00000000 00:00 0 
7f9252fff000-7f9253002000 ---p 00000000 00:00 0 
7f9253002000-7f92537ff000 rw-p 00000000 00:00 0 
7f92537ff000-7f9253800000 ---p 00000000 00:00 0 
7f9253800000-7f9253803000 ---p 00000000 00:00 0 
7f9253803000-7f9254000000 rw-p 00000000 00:00 0 
7f9254000000-7f9254021000 rw-p 00000000 00:00 0 
7f9254021000-7f9258000000 ---p 00000000 00:00 0 
7f9258000000-7f9258021000 rw-p 00000000 00:00 0 
7f9258021000-7f925c000000 ---p 00000000 00:00 0 
7f925c000000-7f925c021000 rw-p 00000000 00:00 0 
7f925c021000-7f9260000000 ---p 00000000 00:00 0 
7f9260000000-7f9260021000 rw-p 00000000 00:00 0 
7f9260021000-7f9264000000 ---p 00000000 00:00 0 
7f9264000000-7f9264021000 rw-p 00000000 00:00 0 
7f9264021000-7f9268000000 ---p 00000000 00:00 0 
7f9268203000-7f9268498000 rw-p 00000000 00:00 0 
7f9268498000-7f9268499000 ---p 00000000 00:00 0 
7f9268499000-7f926849c000 ---p 00000000 00:00 0 
7f926849c000-7f9268c99000 rw-p 00000000 00:00 0 
7f9268c99000-7f9268c9a000 ---p 00000000 00:00 0 
7f9268c9a000-7f9268c9d000 ---p 00000000 00:00 0 
7f9268c9d000-7f926949a000 rw-p 00000000 00:00 0 
7f926949a000-7f926949b000 ---p 00000000 00:00 0 
7f926949b000-7f926949e000 ---p 00000000 00:00 0 
7f926949e000-7f9269c9b000 rw-p 00000000 00:00 0 
7f9269c9b000-7f9269c9c000 ---p 00000000 00:00 0 
7f9269c9c000-7f9269c9f000 ---p 00000000 00:00 0 
7f9269c9f000-7f926a49c000 rw-p 00000000 00:00 0 
7f926a49c000-7f926a49d000 ---p 00000000 00:00 0 
7f926a49d000-7f926a59d000 rw-p 00000000 00:00 0 
7f926a59d000-7f926a5a0000 ---p 00000000 00:00 0 
7f926a5a0000-7f926a69e000 rw-p 00000000 00:00 0 
7f926a69e000-7f926a6a1000 ---p 00000000 00:00 0 
7f926a6a1000-7f926a79f000 rw-p 00000000 00:00 0 
7f926a79f000-7f926b16e000 r--p 00000000 08:01 1186501                    /usr/lib/locale/locale-archive
7f926b16e000-7f926b171000 ---p 00000000 00:00 0 
7f926b171000-7f926b26f000 rw-p 00000000 00:00 0 
7f926b26f000-7f926b272000 ---p 00000000 00:00 0 
7f926b272000-7f926b370000 rw-p 00000000 00:00 0 
7f926b370000-7f926b371000 ---p 00000000 00:00 0 
7f926b371000-7f926c000000 rw-p 00000000 00:00 0 
7f926c000000-7f926c021000 rw-p 00000000 00:00 0 
7f926c021000-7f9270000000 ---p 00000000 00:00 0 
7f9270000000-7f9270021000 rw-p 00000000 00:00 0 
7f9270021000-7f9274000000 ---p 00000000 00:00 0 
7f9274000000-7f9274021000 rw-p 00000000 00:00 0 
7f9274021000-7f9278000000 ---p 00000000 00:00 0 
7f9278000000-7f9278021000 rw-p 00000000 00:00 0 
7f9278021000-7f927c000000 ---p 00000000 00:00 0 
7f927c007000-7f927c47c000 rw-p 00000000 00:00 0 
7f927c47c000-7f927c656000 r--s 03d88000 08:01 1324703                    /usr/local/java/jre/lib/rt.jar
7f927c656000-7f927cb0c000 rw-p 00000000 00:00 0 
7f927cb0c000-7f927cecc000 ---p 00000000 00:00 0 
7f927cecc000-7f927ef67000 rw-p 00000000 00:00 0 
7f927ef67000-7f927ef68000 ---p 00000000 00:00 0 
7f927ef68000-7f927f068000 rw-p 00000000 00:00 0 
7f927f068000-7f927f069000 ---p 00000000 00:00 0 
7f927f069000-7f927f169000 rw-p 00000000 00:00 0 
7f927f169000-7f927f16a000 ---p 00000000 00:00 0 
7f927f16a000-7f927f26a000 rw-p 00000000 00:00 0 
7f927f26a000-7f927f26b000 ---p 00000000 00:00 0 
7f927f26b000-7f927f380000 rw-p 00000000 00:00 0 
7f927f380000-7f927f4b2000 ---p 00000000 00:00 0 
7f927f4b2000-7f927f4bd000 rw-p 00000000 00:00 0 
7f927f4bd000-7f927f556000 ---p 00000000 00:00 0 
7f927f556000-7f927f561000 rw-p 00000000 00:00 0 
7f927f561000-7f927f917000 ---p 00000000 00:00 0 
7f927f917000-7f927fb87000 rwxp 00000000 00:00 0 
7f927fb87000-7f928e917000 ---p 00000000 00:00 0 
7f928e917000-7f928e932000 r-xp 00000000 08:01 1453051                    /usr/local/java/jre/lib/amd64/libzip.so
7f928e932000-7f928eb31000 ---p 0001b000 08:01 1453051                    /usr/local/java/jre/lib/amd64/libzip.so
7f928eb31000-7f928eb32000 r--p 0001a000 08:01 1453051                    /usr/local/java/jre/lib/amd64/libzip.so
7f928eb32000-7f928eb33000 rw-p 0001b000 08:01 1453051                    /usr/local/java/jre/lib/amd64/libzip.so
7f928eb33000-7f928eb3e000 r-xp 00000000 08:01 2233846                    /lib/x86_64-linux-gnu/libnss_files-2.27.so
7f928eb3e000-7f928ed3d000 ---p 0000b000 08:01 2233846                    /lib/x86_64-linux-gnu/libnss_files-2.27.so
7f928ed3d000-7f928ed3e000 r--p 0000a000 08:01 2233846                    /lib/x86_64-linux-gnu/libnss_files-2.27.so
7f928ed3e000-7f928ed3f000 rw-p 0000b000 08:01 2233846                    /lib/x86_64-linux-gnu/libnss_files-2.27.so
7f928ed3f000-7f928ed45000 rw-p 00000000 00:00 0 
7f928ed45000-7f928ed5c000 r-xp 00000000 08:01 2233840                    /lib/x86_64-linux-gnu/libnsl-2.27.so
7f928ed5c000-7f928ef5b000 ---p 00017000 08:01 2233840                    /lib/x86_64-linux-gnu/libnsl-2.27.so
7f928ef5b000-7f928ef5c000 r--p 00016000 08:01 2233840                    /lib/x86_64-linux-gnu/libnsl-2.27.so
7f928ef5c000-7f928ef5d000 rw-p 00017000 08:01 2233840                    /lib/x86_64-linux-gnu/libnsl-2.27.so
7f928ef5d000-7f928ef5f000 rw-p 00000000 00:00 0 
7f928ef5f000-7f928ef6a000 r-xp 00000000 08:01 2233857                    /lib/x86_64-linux-gnu/libnss_nis-2.27.so
7f928ef6a000-7f928f169000 ---p 0000b000 08:01 2233857                    /lib/x86_64-linux-gnu/libnss_nis-2.27.so
7f928f169000-7f928f16a000 r--p 0000a000 08:01 2233857                    /lib/x86_64-linux-gnu/libnss_nis-2.27.so
7f928f16a000-7f928f16b000 rw-p 0000b000 08:01 2233857                    /lib/x86_64-linux-gnu/libnss_nis-2.27.so
7f928f16b000-7f928f173000 r-xp 00000000 08:01 2233842                    /lib/x86_64-linux-gnu/libnss_compat-2.27.so
7f928f173000-7f928f373000 ---p 00008000 08:01 2233842                    /lib/x86_64-linux-gnu/libnss_compat-2.27.so
7f928f373000-7f928f374000 r--p 00008000 08:01 2233842                    /lib/x86_64-linux-gnu/libnss_compat-2.27.so
7f928f374000-7f928f375000 rw-p 00009000 08:01 2233842                    /lib/x86_64-linux-gnu/libnss_compat-2.27.so
7f928f375000-7f928f3a1000 r-xp 00000000 08:01 1453042                    /usr/local/java/jre/lib/amd64/libjava.so
7f928f3a1000-7f928f5a1000 ---p 0002c000 08:01 1453042                    /usr/local/java/jre/lib/amd64/libjava.so
7f928f5a1000-7f928f5a2000 r--p 0002c000 08:01 1453042                    /usr/local/java/jre/lib/amd64/libjava.so
7f928f5a2000-7f928f5a4000 rw-p 0002d000 08:01 1453042                    /usr/local/java/jre/lib/amd64/libjava.so
7f928f5a4000-7f928f5b1000 r-xp 00000000 08:01 1453033                    /usr/local/java/jre/lib/amd64/libverify.so
7f928f5b1000-7f928f7b0000 ---p 0000d000 08:01 1453033                    /usr/local/java/jre/lib/amd64/libverify.so
7f928f7b0000-7f928f7b2000 r--p 0000c000 08:01 1453033                    /usr/local/java/jre/lib/amd64/libverify.so
7f928f7b2000-7f928f7b3000 rw-p 0000e000 08:01 1453033                    /usr/local/java/jre/lib/amd64/libverify.so
7f928f7b3000-7f928f7ba000 r-xp 00000000 08:01 2233897                    /lib/x86_64-linux-gnu/librt-2.27.so
7f928f7ba000-7f928f9b9000 ---p 00007000 08:01 2233897                    /lib/x86_64-linux-gnu/librt-2.27.so
7f928f9b9000-7f928f9ba000 r--p 00006000 08:01 2233897                    /lib/x86_64-linux-gnu/librt-2.27.so
7f928f9ba000-7f928f9bb000 rw-p 00007000 08:01 2233897                    /lib/x86_64-linux-gnu/librt-2.27.so
7f928f9bb000-7f928f9be000 r-xp 00000000 08:01 2233779                    /lib/x86_64-linux-gnu/libdl-2.27.so
7f928f9be000-7f928fbbd000 ---p 00003000 08:01 2233779                    /lib/x86_64-linux-gnu/libdl-2.27.so
7f928fbbd000-7f928fbbe000 r--p 00002000 08:01 2233779                    /lib/x86_64-linux-gnu/libdl-2.27.so
7f928fbbe000-7f928fbbf000 rw-p 00003000 08:01 2233779                    /lib/x86_64-linux-gnu/libdl-2.27.so
7f928fbbf000-7f928fd5c000 r-xp 00000000 08:01 2233819                    /lib/x86_64-linux-gnu/libm-2.27.so
7f928fd5c000-7f928ff5b000 ---p 0019d000 08:01 2233819                    /lib/x86_64-linux-gnu/libm-2.27.so
7f928ff5b000-7f928ff5c000 r--p 0019c000 08:01 2233819                    /lib/x86_64-linux-gnu/libm-2.27.so
7f928ff5c000-7f928ff5d000 rw-p 0019d000 08:01 2233819                    /lib/x86_64-linux-gnu/libm-2.27.so
7f928ff5d000-7f9290144000 r-xp 00000000 08:01 2233756                    /lib/x86_64-linux-gnu/libc-2.27.so
7f9290144000-7f9290344000 ---p 001e7000 08:01 2233756                    /lib/x86_64-linux-gnu/libc-2.27.so
7f9290344000-7f9290348000 r--p 001e7000 08:01 2233756                    /lib/x86_64-linux-gnu/libc-2.27.so
7f9290348000-7f929034a000 rw-p 001eb000 08:01 2233756                    /lib/x86_64-linux-gnu/libc-2.27.so
7f929034a000-7f929034e000 rw-p 00000000 00:00 0 
7f929034e000-7f9290368000 r-xp 00000000 08:01 2233889                    /lib/x86_64-linux-gnu/libpthread-2.27.so
7f9290368000-7f9290567000 ---p 0001a000 08:01 2233889                    /lib/x86_64-linux-gnu/libpthread-2.27.so
7f9290567000-7f9290568000 r--p 00019000 08:01 2233889                    /lib/x86_64-linux-gnu/libpthread-2.27.so
7f9290568000-7f9290569000 rw-p 0001a000 08:01 2233889                    /lib/x86_64-linux-gnu/libpthread-2.27.so
7f9290569000-7f929056d000 rw-p 00000000 00:00 0 
7f929056d000-7f9291255000 r-xp 00000000 08:01 1453049                    /usr/local/java/jre/lib/amd64/server/libjvm.so
7f9291255000-7f9291454000 ---p 00ce8000 08:01 1453049                    /usr/local/java/jre/lib/amd64/server/libjvm.so
7f9291454000-7f92914ea000 r--p 00ce7000 08:01 1453049                    /usr/local/java/jre/lib/amd64/server/libjvm.so
7f92914ea000-7f929151b000 rw-p 00d7d000 08:01 1453049                    /usr/local/java/jre/lib/amd64/server/libjvm.so
7f929151b000-7f9291556000 rw-p 00000000 00:00 0 
7f9291556000-7f929157d000 r-xp 00000000 08:01 2233728                    /lib/x86_64-linux-gnu/ld-2.27.so
7f9291586000-7f9291632000 rw-p 00000000 00:00 0 
7f9291632000-7f9291765000 ---p 00000000 00:00 0 
7f9291765000-7f9291767000 rw-p 00000000 00:00 0 
7f9291770000-7f9291771000 r--s 00000000 08:01 7072                       /home/wanhui/CallJvm/callJvmThreadpool/qin_test1.jar
7f9291771000-7f9291779000 rw-s 00000000 08:01 6972                       /tmp/hsperfdata_wanhui/18685
7f9291779000-7f929177a000 rw-p 00000000 00:00 0 
7f929177a000-7f929177b000 r--p 00000000 00:00 0 
7f929177b000-7f929177d000 rw-p 00000000 00:00 0 
7f929177d000-7f929177e000 r--p 00027000 08:01 2233728                    /lib/x86_64-linux-gnu/ld-2.27.so
7f929177e000-7f929177f000 rw-p 00028000 08:01 2233728                    /lib/x86_64-linux-gnu/ld-2.27.so
7f929177f000-7f9291780000 rw-p 00000000 00:00 0 
7ffd9a7bb000-7ffd9a7be000 ---p 00000000 00:00 0 
7ffd9a7be000-7ffd9a8bb000 rw-p 00000000 00:00 0                          [stack]
7ffd9a8f6000-7ffd9a8f9000 r--p 00000000 00:00 0                          [vvar]
7ffd9a8f9000-7ffd9a8fb000 r-xp 00000000 00:00 0                          [vdso]
ffffffffff600000-ffffffffff601000 r-xp 00000000 00:00 0                  [vsyscall]

VM Arguments:
jvm_args: -Djava.compiler=NONE -verbose:jni 
java_command: <unknown>
java_class_path (initial): .:/home/wanhui/CallJvm/callJvmThreadpool/qin_test1.jar
Launcher Type: generic

Environment Variables:
JAVA_HOME=/usr/local/java
CLASSPATH=/home/wanhui/Downloads/clion-2019.2.1/lib/bootstrap.jar:/home/wanhui/Downloads/clion-2019.2.1/lib/extensions.jar:/home/wanhui/Downloads/clion-2019.2.1/lib/util.jar:/home/wanhui/Downloads/clion-2019.2.1/lib/jdom.jar:/home/wanhui/Downloads/clion-2019.2.1/lib/log4j.jar:/home/wanhui/Downloads/clion-2019.2.1/lib/trove4j.jar:/home/wanhui/Downloads/clion-2019.2.1/lib/jna.jar
PATH=/usr/local/sbin:/usr/local/bin:/usr/sbin:/usr/bin:/sbin:/bin:/snap/bin:/usr/local/redis/redis-4.0.9.tar_files/redis-4.0.9/src:/usr/local/mysql/bin
USERNAME=wanhui
SHELL=/bin/bash
DISPLAY=:0

Signal Handlers:
SIGSEGV: [libjvm.so+0xad3d90], sa_mask[0]=11111111011111111101111111111110, sa_flags=SA_RESTART|SA_SIGINFO
SIGBUS: [libjvm.so+0xad3d90], sa_mask[0]=11111111011111111101111111111110, sa_flags=SA_RESTART|SA_SIGINFO
SIGFPE: [libjvm.so+0x90b8b0], sa_mask[0]=11111111011111111101111111111110, sa_flags=SA_RESTART|SA_SIGINFO
SIGPIPE: [libjvm.so+0x90b8b0], sa_mask[0]=11111111011111111101111111111110, sa_flags=SA_RESTART|SA_SIGINFO
SIGXFSZ: [libjvm.so+0x90b8b0], sa_mask[0]=11111111011111111101111111111110, sa_flags=SA_RESTART|SA_SIGINFO
SIGILL: [libjvm.so+0x90b8b0], sa_mask[0]=11111111011111111101111111111110, sa_flags=SA_RESTART|SA_SIGINFO
SIGUSR1: SIG_DFL, sa_mask[0]=00000000000000000000000000000000, sa_flags=none
SIGUSR2: [libjvm.so+0x90b780], sa_mask[0]=00100000000000000000000000000000, sa_flags=SA_RESTART|SA_SIGINFO
SIGHUP: [libjvm.so+0x90bda0], sa_mask[0]=11111111011111111101111111111110, sa_flags=SA_RESTART|SA_SIGINFO
SIGINT: [libjvm.so+0x90bda0], sa_mask[0]=11111111011111111101111111111110, sa_flags=SA_RESTART|SA_SIGINFO
SIGTERM: [libjvm.so+0x90bda0], sa_mask[0]=11111111011111111101111111111110, sa_flags=SA_RESTART|SA_SIGINFO
SIGQUIT: [libjvm.so+0x90bda0], sa_mask[0]=11111111011111111101111111111110, sa_flags=SA_RESTART|SA_SIGINFO


---------------  S Y S T E M  ---------------

OS:DISTRIB_ID=Ubuntu
DISTRIB_RELEASE=18.04
DISTRIB_CODENAME=bionic
DISTRIB_DESCRIPTION="Ubuntu 18.04.3 LTS"

uname:Linux 4.15.0-66-generic #75-Ubuntu SMP Tue Oct 1 05:24:09 UTC 2019 x86_64
libc:glibc 2.27 NPTL 2.27 
rlimit: STACK 8192k, CORE 0k, NPROC 15513, NOFILE 1048576, AS infinity
load average:1.03 0.57 0.44

/proc/meminfo:
MemTotal:        4015688 kB
MemFree:          150016 kB
MemAvailable:     151384 kB
Buffers:            1936 kB
Cached:           225368 kB
SwapCached:        58024 kB
Active:          2363368 kB
Inactive:         653420 kB
Active(anon):    2262992 kB
Inactive(anon):   575944 kB
Active(file):     100376 kB
Inactive(file):    77476 kB
Unevictable:          48 kB
Mlocked:              48 kB
SwapTotal:       2097148 kB
SwapFree:         481556 kB
Dirty:               784 kB
Writeback:             0 kB
AnonPages:       2732568 kB
Mapped:           172392 kB
Shmem:             49612 kB
Slab:             135384 kB
SReclaimable:      56976 kB
SUnreclaim:        78408 kB
KernelStack:       18024 kB
PageTables:        65796 kB
NFS_Unstable:          0 kB
Bounce:                0 kB
WritebackTmp:          0 kB
CommitLimit:     4104992 kB
Committed_AS:   10214316 kB
VmallocTotal:   34359738367 kB
VmallocUsed:           0 kB
VmallocChunk:          0 kB
HardwareCorrupted:     0 kB
AnonHugePages:         0 kB
ShmemHugePages:        0 kB
ShmemPmdMapped:        0 kB
CmaTotal:              0 kB
CmaFree:               0 kB
HugePages_Total:       0
HugePages_Free:        0
HugePages_Rsvd:        0
HugePages_Surp:        0
Hugepagesize:       2048 kB
DirectMap4k:      374592 kB
DirectMap2M:     3819520 kB
DirectMap1G:     2097152 kB

container (cgroup) information:
container_type: cgroupv1
cpu_cpuset_cpus: 0-3
cpu_memory_nodes: 0
active_processor_count: 4
cpu_quota: -1
cpu_period: 100000
cpu_shares: -1
memory_limit_in_bytes: -1
memory_and_swap_limit_in_bytes: -2
memory_soft_limit_in_bytes: -1
memory_usage_in_bytes: 3035996160
memory_max_usage_in_bytes: 812437504


CPU:total 4 (initial active 4) (2 cores per cpu, 1 threads per core) family 6 model 158 stepping 13, cmov, cx8, fxsr, mmx, sse, sse2, sse3, ssse3, sse4.1, sse4.2, popcnt, avx, avx2, aes, clmul, erms, rtm, 3dnowpref, lzcnt, tsc, tscinvbit, bmi1, bmi2, adx

/proc/cpuinfo:
processor	: 0
vendor_id	: GenuineIntel
cpu family	: 6
model		: 158
model name	: Intel(R) Core(TM) i7-9700 CPU @ 3.00GHz
stepping	: 13
microcode	: 0xb4
cpu MHz		: 2999.999
cache size	: 12288 KB
physical id	: 0
siblings	: 2
core id		: 0
cpu cores	: 2
apicid		: 0
initial apicid	: 0
fpu		: yes
fpu_exception	: yes
cpuid level	: 22
wp		: yes
flags		: fpu vme de pse tsc msr pae mce cx8 apic sep mtrr pge mca cmov pat pse36 clflush mmx fxsr sse sse2 ss ht syscall nx pdpe1gb rdtscp lm constant_tsc arch_perfmon nopl xtopology tsc_reliable nonstop_tsc cpuid pni pclmulqdq vmx ssse3 fma cx16 pcid sse4_1 sse4_2 x2apic movbe popcnt tsc_deadline_timer aes xsave avx f16c rdrand hypervisor lahf_lm abm 3dnowprefetch cpuid_fault invpcid_single ssbd ibrs ibpb stibp ibrs_enhanced tpr_shadow vnmi ept vpid fsgsbase tsc_adjust bmi1 hle avx2 smep bmi2 invpcid rtm mpx rdseed adx smap clflushopt xsaveopt xsavec xsaves arat md_clear flush_l1d arch_capabilities
bugs		: spectre_v1 spectre_v2 spec_store_bypass swapgs
bogomips	: 5999.99
clflush size	: 64
cache_alignment	: 64
address sizes	: 43 bits physical, 48 bits virtual
power management:

processor	: 1
vendor_id	: GenuineIntel
cpu family	: 6
model		: 158
model name	: Intel(R) Core(TM) i7-9700 CPU @ 3.00GHz
stepping	: 13
microcode	: 0xb4
cpu MHz		: 2999.999
cache size	: 12288 KB
physical id	: 0
siblings	: 2
core id		: 1
cpu cores	: 2
apicid		: 1
initial apicid	: 1
fpu		: yes
fpu_exception	: yes
cpuid level	: 22
wp		: yes
flags		: fpu vme de pse tsc msr pae mce cx8 apic sep mtrr pge mca cmov pat pse36 clflush mmx fxsr sse sse2 ss ht syscall nx pdpe1gb rdtscp lm constant_tsc arch_perfmon nopl xtopology tsc_reliable nonstop_tsc cpuid pni pclmulqdq vmx ssse3 fma cx16 pcid sse4_1 sse4_2 x2apic movbe popcnt tsc_deadline_timer aes xsave avx f16c rdrand hypervisor lahf_lm abm 3dnowprefetch cpuid_fault invpcid_single ssbd ibrs ibpb stibp ibrs_enhanced tpr_shadow vnmi ept vpid fsgsbase tsc_adjust bmi1 hle avx2 smep bmi2 invpcid rtm mpx rdseed adx smap clflushopt xsaveopt xsavec xsaves arat md_clear flush_l1d arch_capabilities
bugs		: spectre_v1 spectre_v2 spec_store_bypass swapgs
bogomips	: 5999.99
clflush size	: 64
cache_alignment	: 64
address sizes	: 43 bits physical, 48 bits virtual
power management:

processor	: 2
vendor_id	: GenuineIntel
cpu family	: 6
model		: 158
model name	: Intel(R) Core(TM) i7-9700 CPU @ 3.00GHz
stepping	: 13
microcode	: 0xb4
cpu MHz		: 2999.999
cache size	: 12288 KB
physical id	: 1
siblings	: 2
core id		: 0
cpu cores	: 2
apicid		: 2
initial apicid	: 2
fpu		: yes
fpu_exception	: yes
cpuid level	: 22
wp		: yes
flags		: fpu vme de pse tsc msr pae mce cx8 apic sep mtrr pge mca cmov pat pse36 clflush mmx fxsr sse sse2 ss ht syscall nx pdpe1gb rdtscp lm constant_tsc arch_perfmon nopl xtopology tsc_reliable nonstop_tsc cpuid pni pclmulqdq vmx ssse3 fma cx16 pcid sse4_1 sse4_2 x2apic movbe popcnt tsc_deadline_timer aes xsave avx f16c rdrand hypervisor lahf_lm abm 3dnowprefetch cpuid_fault invpcid_single ssbd ibrs ibpb stibp ibrs_enhanced tpr_shadow vnmi ept vpid fsgsbase tsc_adjust bmi1 hle avx2 smep bmi2 invpcid rtm mpx rdseed adx smap clflushopt xsaveopt xsavec xsaves arat md_clear flush_l1d arch_capabilities
bugs		: spectre_v1 spectre_v2 spec_store_bypass swapgs
bogomips	: 5999.99
clflush size	: 64
cache_alignment	: 64
address sizes	: 43 bits physical, 48 bits virtual
power management:

processor	: 3
vendor_id	: GenuineIntel
cpu family	: 6
model		: 158
model name	: Intel(R) Core(TM) i7-9700 CPU @ 3.00GHz
stepping	: 13
microcode	: 0xb4
cpu MHz		: 2999.999
cache size	: 12288 KB
physical id	: 1
siblings	: 2
core id		: 1
cpu cores	: 2
apicid		: 3
initial apicid	: 3
fpu		: yes
fpu_exception	: yes
cpuid level	: 22
wp		: yes
flags		: fpu vme de pse tsc msr pae mce cx8 apic sep mtrr pge mca cmov pat pse36 clflush mmx fxsr sse sse2 ss ht syscall nx pdpe1gb rdtscp lm constant_tsc arch_perfmon nopl xtopology tsc_reliable nonstop_tsc cpuid pni pclmulqdq vmx ssse3 fma cx16 pcid sse4_1 sse4_2 x2apic movbe popcnt tsc_deadline_timer aes xsave avx f16c rdrand hypervisor lahf_lm abm 3dnowprefetch cpuid_fault invpcid_single ssbd ibrs ibpb stibp ibrs_enhanced tpr_shadow vnmi ept vpid fsgsbase tsc_adjust bmi1 hle avx2 smep bmi2 invpcid rtm mpx rdseed adx smap clflushopt xsaveopt xsavec xsaves arat md_clear flush_l1d arch_capabilities
bugs		: spectre_v1 spectre_v2 spec_store_bypass swapgs
bogomips	: 5999.99
clflush size	: 64
cache_alignment	: 64
address sizes	: 43 bits physical, 48 bits virtual
power management:



Memory: 4k page, physical 4015688k(150016k free), swap 2097148k(481556k free)

vm_info: Java HotSpot(TM) 64-Bit Server VM (25.221-b11) for linux-amd64 JRE (1.8.0_221-b11), built on Jul  4 2019 04:27:00 by "java_re" with gcc 7.3.0

time: Sat Nov  2 12:25:56 2019
timezone: CST
elapsed time: 0 seconds (0d 0h 0m 0s)

