#
# A fatal error has been detected by the Java Runtime Environment:
#
#  SIGSEGV (0xb) at pc=0x000056431d7bdb69, pid=13990, tid=0x00007fe6f0871700
#
# JRE version: Java(TM) SE Runtime Environment (8.0_221-b11) (build 1.8.0_221-b11)
# Java VM: Java HotSpot(TM) 64-Bit Server VM (25.221-b11 interpreted mode linux-amd64 compressed oops)
# Problematic frame:
# C  [main+0x1b69]  handle_stream(void*)+0x179
#
# Failed to write core dump. Core dumps have been disabled. To enable core dumping, try "ulimit -c unlimited" before starting Java again
#
# If you would like to submit a bug report, please visit:
#   http://bugreport.java.com/bugreport/crash.jsp
#

---------------  T H R E A D  ---------------

Current thread is native thread

siginfo: si_signo: 11 (SIGSEGV), si_code: 1 (SEGV_MAPERR), si_addr: 0x0000000000000008

Registers:
RAX=0x0000000000000000, RBX=0x00007fe6f0870ab0, RCX=0x00007fe70acee384, RDX=0x00007fe70a738a68
RSP=0x00007fe6f0870a90, RBP=0x0000000000000000, RSI=0x00007fe6f0870aae, RDI=0x00007fe6f0870ab0
R8 =0x0000000000000000, R9 =0x00007fe6f0871700, R10=0x00007fe6f08719d0, R11=0x0000000000000000
R12=0x00007fe6f0870aae, R13=0x0000000000000000, R14=0x00007ffc1bac73f0, R15=0x00007ffc1bac7360
RIP=0x000056431d7bdb69, EFLAGS=0x0000000000010246, CSGSFS=0x002b000000000033, ERR=0x0000000000000004
  TRAPNO=0x000000000000000e

Top of Stack: (sp=0x00007fe6f0870a90)
0x00007fe6f0870a90:   0000000000000000 0000000000000000
0x00007fe6f0870aa0:   000056431e0be790 0024000000000000
0x00007fe6f0870ab0:   0000000000000000 0000000000000000
0x00007fe6f0870ac0:   0000000000000000 0000000000000000
0x00007fe6f0870ad0:   0000000000000000 0000000000000000
0x00007fe6f0870ae0:   0000000000000000 0000000000000000
0x00007fe6f0870af0:   0000000000000000 0000000000000000
0x00007fe6f0870b00:   0000000000000000 0000000000000000
0x00007fe6f0870b10:   0000000000000000 0000000000000000
0x00007fe6f0870b20:   0000000000000000 0000000000000000
0x00007fe6f0870b30:   0000000000000000 0000000000000000
0x00007fe6f0870b40:   0000000000000000 0000000000000000
0x00007fe6f0870b50:   0000000000000000 0000000000000000
0x00007fe6f0870b60:   0000000000000000 0000000000000000
0x00007fe6f0870b70:   0000000000000000 0000000000000000
0x00007fe6f0870b80:   0000000000000000 0000000000000000
0x00007fe6f0870b90:   0000000000000000 0000000000000000
0x00007fe6f0870ba0:   0000000000000000 0000000000000000
0x00007fe6f0870bb0:   0000000000000000 0000000000000000
0x00007fe6f0870bc0:   0000000000000000 0000000000000000
0x00007fe6f0870bd0:   0000000000000000 0000000000000000
0x00007fe6f0870be0:   0000000000000000 0000000000000000
0x00007fe6f0870bf0:   0000000000000000 0000000000000000
0x00007fe6f0870c00:   0000000000000000 0000000000000000
0x00007fe6f0870c10:   0000000000000000 0000000000000000
0x00007fe6f0870c20:   0000000000000000 0000000000000000
0x00007fe6f0870c30:   0000000000000000 0000000000000000
0x00007fe6f0870c40:   0000000000000000 0000000000000000
0x00007fe6f0870c50:   0000000000000000 0000000000000000
0x00007fe6f0870c60:   0000000000000000 0000000000000000
0x00007fe6f0870c70:   0000000000000000 0000000000000000
0x00007fe6f0870c80:   0000000000000000 0000000000000000 

Instructions: (pc=0x000056431d7bdb69)
0x000056431d7bdb49:   ff 1f 48 39 c2 77 db 45 31 c0 48 85 d2 48 c7 04
0x000056431d7bdb59:   24 00 00 00 00 0f 84 65 ff ff ff e9 49 ff ff ff
0x000056431d7bdb69:   48 8b 14 25 08 00 00 00 48 8b 34 25 00 00 00 00
0x000056431d7bdb79:   48 8d 7c 24 10 e8 ed fd ff ff 48 89 c3 4c 89 ef 

Register to memory mapping:

RAX=0x0000000000000000 is an unknown value
RBX=0x00007fe6f0870ab0 is an unknown value
RCX=0x00007fe70acee384: read+0x44 in /lib/x86_64-linux-gnu/libpthread.so.0 at 0x00007fe70acdd000
RDX=0x00007fe70a738a68: <offset 0x3eda68> in /lib/x86_64-linux-gnu/libc.so.6 at 0x00007fe70a34b000
RSP=0x00007fe6f0870a90 is an unknown value
RBP=0x0000000000000000 is an unknown value
RSI=0x00007fe6f0870aae is an unknown value
RDI=0x00007fe6f0870ab0 is an unknown value
R8 =0x0000000000000000 is an unknown value
R9 =0x00007fe6f0871700 is an unknown value
R10=0x00007fe6f08719d0 is an unknown value
R11=0x0000000000000000 is an unknown value
R12=0x00007fe6f0870aae is an unknown value
R13=0x0000000000000000 is an unknown value
R14=0x00007ffc1bac73f0 is pointing into the stack for thread: 0x000056431e00d000
R15=0x00007ffc1bac7360 is pointing into the stack for thread: 0x000056431e00d000


Stack: [0x00007fe6f0072000,0x00007fe6f0872000],  sp=0x00007fe6f0870a90,  free space=8186k
Native frames: (J=compiled Java code, j=interpreted, Vv=VM code, C=native code)
C  [main+0x1b69]  handle_stream(void*)+0x179

[error occurred during error reporting (printing native stack), id 0xb]


---------------  P R O C E S S  ---------------

VM state:not at safepoint (normal execution)

VM Mutex/Monitor currently owned by a thread: None

heap address: 0x00000000c2a00000, size: 982 MB, Compressed Oops mode: 32-bit
Narrow klass base: 0x0000000000000000, Narrow klass shift: 3
Compressed class space size: 1073741824 Address: 0x0000000100000000

Heap:
 PSYoungGen      total 18432K, used 634K [0x00000000eb900000, 0x00000000ecd80000, 0x0000000100000000)
  eden space 15872K, 4% used [0x00000000eb900000,0x00000000eb99ebc8,0x00000000ec880000)
  from space 2560K, 0% used [0x00000000ecb00000,0x00000000ecb00000,0x00000000ecd80000)
  to   space 2560K, 0% used [0x00000000ec880000,0x00000000ec880000,0x00000000ecb00000)
 ParOldGen       total 42496K, used 0K [0x00000000c2a00000, 0x00000000c5380000, 0x00000000eb900000)
  object space 42496K, 0% used [0x00000000c2a00000,0x00000000c2a00000,0x00000000c5380000)
 Metaspace       used 2176K, capacity 4480K, committed 4480K, reserved 1056768K
  class space    used 240K, capacity 384K, committed 384K, reserved 1048576K

Card table byte_map: [0x00007fe6f9759000,0x00007fe6f9945000] byte_map_base: 0x00007fe6f9144000

Marking Bits: (ParMarkBitMap*) 0x00007fe70bec7d80
 Begin Bits: [0x00007fe6f2150000, 0x00007fe6f30a8000)
 End Bits:   [0x00007fe6f30a8000, 0x00007fe6f4000000)

Polling page: 0x00007fe70c109000

CodeCache: size=245760Kb used=469Kb max_used=469Kb free=245290Kb
 bounds [0x00007fe6f9d05000, 0x00007fe6f9f75000, 0x00007fe708d05000]
 total_blobs=171 nmethods=0 adapters=137
 compilation: disabled (interpreter mode)

Compilation events (0 events):
No events

GC Heap History (0 events):
No events

Deoptimization events (0 events):
No events

Classes redefined (0 events):
No events

Internal exceptions (2 events):
Event: 0.021 Thread 0x000056431e00d000 Exception <a 'java/lang/NoSuchMethodError': Method sun.misc.Unsafe.defineClass(Ljava/lang/String;[BII)Ljava/lang/Class; name or signature does not match> (0x00000000eb907cb8) thrown at [/HUDSON/workspace/8-2-build-linux-amd64/jdk8u221/13320/hotspot/src/sh
Event: 0.022 Thread 0x000056431e00d000 Exception <a 'java/lang/NoSuchMethodError': Method sun.misc.Unsafe.prefetchRead(Ljava/lang/Object;J)V name or signature does not match> (0x00000000eb907fa0) thrown at [/HUDSON/workspace/8-2-build-linux-amd64/jdk8u221/13320/hotspot/src/share/vm/prims/jni.c

Events (10 events):
Event: 0.036 loading class java/lang/invoke/MethodHandleStatics done
Event: 0.036 loading class java/lang/invoke/MethodHandleStatics$1
Event: 0.036 loading class java/lang/invoke/MethodHandleStatics$1 done
Event: 0.036 Thread 0x000056431e0bc000 Thread added: 0x000056431e0bc000
Event: 0.036 loading class sun/misc/PostVMInitHook
Event: 0.036 loading class sun/misc/PostVMInitHook done
Event: 0.036 loading class sun/misc/PostVMInitHook$1
Event: 0.036 loading class sun/misc/PostVMInitHook$1 done
Event: 4.079 Executing VM operation: EnableBiasedLocking
Event: 4.079 Executing VM operation: EnableBiasedLocking done


Dynamic libraries:
c2a00000-c5380000 rw-p 00000000 00:00 0 
c5380000-eb900000 ---p 00000000 00:00 0 
eb900000-ecd80000 rw-p 00000000 00:00 0 
ecd80000-100000000 ---p 00000000 00:00 0 
100000000-100060000 rw-p 00000000 00:00 0 
100060000-140000000 ---p 00000000 00:00 0 
56431d7bc000-56431d7bf000 r-xp 00000000 08:01 60                         /home/wanhui/CallJvm/callJvmThreadpool/cmake-build-debug/main
56431d9be000-56431d9bf000 r--p 00002000 08:01 60                         /home/wanhui/CallJvm/callJvmThreadpool/cmake-build-debug/main
56431d9bf000-56431d9c0000 rw-p 00003000 08:01 60                         /home/wanhui/CallJvm/callJvmThreadpool/cmake-build-debug/main
56431dfde000-56431e0ca000 rw-p 00000000 00:00 0                          [heap]
7fe6c4000000-7fe6c4021000 rw-p 00000000 00:00 0 
7fe6c4021000-7fe6c8000000 ---p 00000000 00:00 0 
7fe6c8000000-7fe6c8021000 rw-p 00000000 00:00 0 
7fe6c8021000-7fe6cc000000 ---p 00000000 00:00 0 
7fe6cc000000-7fe6cc021000 rw-p 00000000 00:00 0 
7fe6cc021000-7fe6d0000000 ---p 00000000 00:00 0 
7fe6d0000000-7fe6d0021000 rw-p 00000000 00:00 0 
7fe6d0021000-7fe6d4000000 ---p 00000000 00:00 0 
7fe6d4000000-7fe6d4021000 rw-p 00000000 00:00 0 
7fe6d4021000-7fe6d8000000 ---p 00000000 00:00 0 
7fe6d8000000-7fe6d8021000 rw-p 00000000 00:00 0 
7fe6d8021000-7fe6dc000000 ---p 00000000 00:00 0 
7fe6dc000000-7fe6dc021000 rw-p 00000000 00:00 0 
7fe6dc021000-7fe6e0000000 ---p 00000000 00:00 0 
7fe6e0000000-7fe6e0021000 rw-p 00000000 00:00 0 
7fe6e0021000-7fe6e4000000 ---p 00000000 00:00 0 
7fe6e4000000-7fe6e4021000 rw-p 00000000 00:00 0 
7fe6e4021000-7fe6e8000000 ---p 00000000 00:00 0 
7fe6ec000000-7fe6ec021000 rw-p 00000000 00:00 0 
7fe6ec021000-7fe6f0000000 ---p 00000000 00:00 0 
7fe6f0071000-7fe6f0072000 ---p 00000000 00:00 0 
7fe6f0072000-7fe6f0872000 rw-p 00000000 00:00 0 
7fe6f0872000-7fe6f0873000 ---p 00000000 00:00 0 
7fe6f0873000-7fe6f0973000 rw-p 00000000 00:00 0 
7fe6f0973000-7fe6f0976000 ---p 00000000 00:00 0 
7fe6f0976000-7fe6f0a74000 rw-p 00000000 00:00 0 
7fe6f0a74000-7fe6f0a77000 ---p 00000000 00:00 0 
7fe6f0a77000-7fe6f0b75000 rw-p 00000000 00:00 0 
7fe6f0b75000-7fe6f1544000 r--p 00000000 08:01 1186501                    /usr/lib/locale/locale-archive
7fe6f1544000-7fe6f1547000 ---p 00000000 00:00 0 
7fe6f1547000-7fe6f1645000 rw-p 00000000 00:00 0 
7fe6f1645000-7fe6f1648000 ---p 00000000 00:00 0 
7fe6f1648000-7fe6f1746000 rw-p 00000000 00:00 0 
7fe6f1746000-7fe6f1747000 ---p 00000000 00:00 0 
7fe6f1747000-7fe6f4000000 rw-p 00000000 00:00 0 
7fe6f4000000-7fe6f4021000 rw-p 00000000 00:00 0 
7fe6f4021000-7fe6f8000000 ---p 00000000 00:00 0 
7fe6f801f000-7fe6f871a000 rw-p 00000000 00:00 0 
7fe6f871a000-7fe6f88f4000 r--s 03d88000 08:01 1324703                    /usr/local/java/jre/lib/rt.jar
7fe6f88f4000-7fe6f8d6a000 rw-p 00000000 00:00 0 
7fe6f8d6a000-7fe6f916a000 ---p 00000000 00:00 0 
7fe6f916a000-7fe6f9355000 rw-p 00000000 00:00 0 
7fe6f9355000-7fe6f9356000 ---p 00000000 00:00 0 
7fe6f9356000-7fe6f9456000 rw-p 00000000 00:00 0 
7fe6f9456000-7fe6f9457000 ---p 00000000 00:00 0 
7fe6f9457000-7fe6f9557000 rw-p 00000000 00:00 0 
7fe6f9557000-7fe6f9558000 ---p 00000000 00:00 0 
7fe6f9558000-7fe6f9658000 rw-p 00000000 00:00 0 
7fe6f9658000-7fe6f9659000 ---p 00000000 00:00 0 
7fe6f9659000-7fe6f976e000 rw-p 00000000 00:00 0 
7fe6f976e000-7fe6f98a0000 ---p 00000000 00:00 0 
7fe6f98a0000-7fe6f98ab000 rw-p 00000000 00:00 0 
7fe6f98ab000-7fe6f9944000 ---p 00000000 00:00 0 
7fe6f9944000-7fe6f994f000 rw-p 00000000 00:00 0 
7fe6f994f000-7fe6f9d05000 ---p 00000000 00:00 0 
7fe6f9d05000-7fe6f9f75000 rwxp 00000000 00:00 0 
7fe6f9f75000-7fe708d05000 ---p 00000000 00:00 0 
7fe708d05000-7fe708d20000 r-xp 00000000 08:01 1453051                    /usr/local/java/jre/lib/amd64/libzip.so
7fe708d20000-7fe708f1f000 ---p 0001b000 08:01 1453051                    /usr/local/java/jre/lib/amd64/libzip.so
7fe708f1f000-7fe708f20000 r--p 0001a000 08:01 1453051                    /usr/local/java/jre/lib/amd64/libzip.so
7fe708f20000-7fe708f21000 rw-p 0001b000 08:01 1453051                    /usr/local/java/jre/lib/amd64/libzip.so
7fe708f21000-7fe708f2c000 r-xp 00000000 08:01 2233846                    /lib/x86_64-linux-gnu/libnss_files-2.27.so
7fe708f2c000-7fe70912b000 ---p 0000b000 08:01 2233846                    /lib/x86_64-linux-gnu/libnss_files-2.27.so
7fe70912b000-7fe70912c000 r--p 0000a000 08:01 2233846                    /lib/x86_64-linux-gnu/libnss_files-2.27.so
7fe70912c000-7fe70912d000 rw-p 0000b000 08:01 2233846                    /lib/x86_64-linux-gnu/libnss_files-2.27.so
7fe70912d000-7fe709133000 rw-p 00000000 00:00 0 
7fe709133000-7fe70914a000 r-xp 00000000 08:01 2233840                    /lib/x86_64-linux-gnu/libnsl-2.27.so
7fe70914a000-7fe709349000 ---p 00017000 08:01 2233840                    /lib/x86_64-linux-gnu/libnsl-2.27.so
7fe709349000-7fe70934a000 r--p 00016000 08:01 2233840                    /lib/x86_64-linux-gnu/libnsl-2.27.so
7fe70934a000-7fe70934b000 rw-p 00017000 08:01 2233840                    /lib/x86_64-linux-gnu/libnsl-2.27.so
7fe70934b000-7fe70934d000 rw-p 00000000 00:00 0 
7fe70934d000-7fe709358000 r-xp 00000000 08:01 2233857                    /lib/x86_64-linux-gnu/libnss_nis-2.27.so
7fe709358000-7fe709557000 ---p 0000b000 08:01 2233857                    /lib/x86_64-linux-gnu/libnss_nis-2.27.so
7fe709557000-7fe709558000 r--p 0000a000 08:01 2233857                    /lib/x86_64-linux-gnu/libnss_nis-2.27.so
7fe709558000-7fe709559000 rw-p 0000b000 08:01 2233857                    /lib/x86_64-linux-gnu/libnss_nis-2.27.so
7fe709559000-7fe709561000 r-xp 00000000 08:01 2233842                    /lib/x86_64-linux-gnu/libnss_compat-2.27.so
7fe709561000-7fe709761000 ---p 00008000 08:01 2233842                    /lib/x86_64-linux-gnu/libnss_compat-2.27.so
7fe709761000-7fe709762000 r--p 00008000 08:01 2233842                    /lib/x86_64-linux-gnu/libnss_compat-2.27.so
7fe709762000-7fe709763000 rw-p 00009000 08:01 2233842                    /lib/x86_64-linux-gnu/libnss_compat-2.27.so
7fe709763000-7fe70978f000 r-xp 00000000 08:01 1453042                    /usr/local/java/jre/lib/amd64/libjava.so
7fe70978f000-7fe70998f000 ---p 0002c000 08:01 1453042                    /usr/local/java/jre/lib/amd64/libjava.so
7fe70998f000-7fe709990000 r--p 0002c000 08:01 1453042                    /usr/local/java/jre/lib/amd64/libjava.so
7fe709990000-7fe709992000 rw-p 0002d000 08:01 1453042                    /usr/local/java/jre/lib/amd64/libjava.so
7fe709992000-7fe70999f000 r-xp 00000000 08:01 1453033                    /usr/local/java/jre/lib/amd64/libverify.so
7fe70999f000-7fe709b9e000 ---p 0000d000 08:01 1453033                    /usr/local/java/jre/lib/amd64/libverify.so
7fe709b9e000-7fe709ba0000 r--p 0000c000 08:01 1453033                    /usr/local/java/jre/lib/amd64/libverify.so
7fe709ba0000-7fe709ba1000 rw-p 0000e000 08:01 1453033                    /usr/local/java/jre/lib/amd64/libverify.so
7fe709ba1000-7fe709ba8000 r-xp 00000000 08:01 2233897                    /lib/x86_64-linux-gnu/librt-2.27.so
7fe709ba8000-7fe709da7000 ---p 00007000 08:01 2233897                    /lib/x86_64-linux-gnu/librt-2.27.so
7fe709da7000-7fe709da8000 r--p 00006000 08:01 2233897                    /lib/x86_64-linux-gnu/librt-2.27.so
7fe709da8000-7fe709da9000 rw-p 00007000 08:01 2233897                    /lib/x86_64-linux-gnu/librt-2.27.so
7fe709da9000-7fe709dac000 r-xp 00000000 08:01 2233779                    /lib/x86_64-linux-gnu/libdl-2.27.so
7fe709dac000-7fe709fab000 ---p 00003000 08:01 2233779                    /lib/x86_64-linux-gnu/libdl-2.27.so
7fe709fab000-7fe709fac000 r--p 00002000 08:01 2233779                    /lib/x86_64-linux-gnu/libdl-2.27.so
7fe709fac000-7fe709fad000 rw-p 00003000 08:01 2233779                    /lib/x86_64-linux-gnu/libdl-2.27.so
7fe709fad000-7fe70a14a000 r-xp 00000000 08:01 2233819                    /lib/x86_64-linux-gnu/libm-2.27.so
7fe70a14a000-7fe70a349000 ---p 0019d000 08:01 2233819                    /lib/x86_64-linux-gnu/libm-2.27.so
7fe70a349000-7fe70a34a000 r--p 0019c000 08:01 2233819                    /lib/x86_64-linux-gnu/libm-2.27.so
7fe70a34a000-7fe70a34b000 rw-p 0019d000 08:01 2233819                    /lib/x86_64-linux-gnu/libm-2.27.so
7fe70a34b000-7fe70a532000 r-xp 00000000 08:01 2233756                    /lib/x86_64-linux-gnu/libc-2.27.so
7fe70a532000-7fe70a732000 ---p 001e7000 08:01 2233756                    /lib/x86_64-linux-gnu/libc-2.27.so
7fe70a732000-7fe70a736000 r--p 001e7000 08:01 2233756                    /lib/x86_64-linux-gnu/libc-2.27.so
7fe70a736000-7fe70a738000 rw-p 001eb000 08:01 2233756                    /lib/x86_64-linux-gnu/libc-2.27.so
7fe70a738000-7fe70a73c000 rw-p 00000000 00:00 0 
7fe70a73c000-7fe70a753000 r-xp 00000000 08:01 2233339                    /lib/x86_64-linux-gnu/libgcc_s.so.1
7fe70a753000-7fe70a952000 ---p 00017000 08:01 2233339                    /lib/x86_64-linux-gnu/libgcc_s.so.1
7fe70a952000-7fe70a953000 r--p 00016000 08:01 2233339                    /lib/x86_64-linux-gnu/libgcc_s.so.1
7fe70a953000-7fe70a954000 rw-p 00017000 08:01 2233339                    /lib/x86_64-linux-gnu/libgcc_s.so.1
7fe70a954000-7fe70aacd000 r-xp 00000000 08:01 1188276                    /usr/lib/x86_64-linux-gnu/libstdc++.so.6.0.25
7fe70aacd000-7fe70accd000 ---p 00179000 08:01 1188276                    /usr/lib/x86_64-linux-gnu/libstdc++.so.6.0.25
7fe70accd000-7fe70acd7000 r--p 00179000 08:01 1188276                    /usr/lib/x86_64-linux-gnu/libstdc++.so.6.0.25
7fe70acd7000-7fe70acd9000 rw-p 00183000 08:01 1188276                    /usr/lib/x86_64-linux-gnu/libstdc++.so.6.0.25
7fe70acd9000-7fe70acdd000 rw-p 00000000 00:00 0 
7fe70acdd000-7fe70acf7000 r-xp 00000000 08:01 2233889                    /lib/x86_64-linux-gnu/libpthread-2.27.so
7fe70acf7000-7fe70aef6000 ---p 0001a000 08:01 2233889                    /lib/x86_64-linux-gnu/libpthread-2.27.so
7fe70aef6000-7fe70aef7000 r--p 00019000 08:01 2233889                    /lib/x86_64-linux-gnu/libpthread-2.27.so
7fe70aef7000-7fe70aef8000 rw-p 0001a000 08:01 2233889                    /lib/x86_64-linux-gnu/libpthread-2.27.so
7fe70aef8000-7fe70aefc000 rw-p 00000000 00:00 0 
7fe70aefc000-7fe70bbe4000 r-xp 00000000 08:01 1453049                    /usr/local/java/jre/lib/amd64/server/libjvm.so
7fe70bbe4000-7fe70bde3000 ---p 00ce8000 08:01 1453049                    /usr/local/java/jre/lib/amd64/server/libjvm.so
7fe70bde3000-7fe70be79000 r--p 00ce7000 08:01 1453049                    /usr/local/java/jre/lib/amd64/server/libjvm.so
7fe70be79000-7fe70beaa000 rw-p 00d7d000 08:01 1453049                    /usr/local/java/jre/lib/amd64/server/libjvm.so
7fe70beaa000-7fe70bee5000 rw-p 00000000 00:00 0 
7fe70bee5000-7fe70bf0c000 r-xp 00000000 08:01 2233728                    /lib/x86_64-linux-gnu/ld-2.27.so
7fe70bf12000-7fe70bfbe000 rw-p 00000000 00:00 0 
7fe70bfbe000-7fe70c0f1000 ---p 00000000 00:00 0 
7fe70c0f1000-7fe70c0f6000 rw-p 00000000 00:00 0 
7fe70c100000-7fe70c108000 rw-s 00000000 08:01 1327340                    /tmp/hsperfdata_wanhui/13990
7fe70c108000-7fe70c109000 rw-p 00000000 00:00 0 
7fe70c109000-7fe70c10a000 r--p 00000000 00:00 0 
7fe70c10a000-7fe70c10c000 rw-p 00000000 00:00 0 
7fe70c10c000-7fe70c10d000 r--p 00027000 08:01 2233728                    /lib/x86_64-linux-gnu/ld-2.27.so
7fe70c10d000-7fe70c10e000 rw-p 00028000 08:01 2233728                    /lib/x86_64-linux-gnu/ld-2.27.so
7fe70c10e000-7fe70c10f000 rw-p 00000000 00:00 0 
7ffc1b9c9000-7ffc1b9cc000 ---p 00000000 00:00 0 
7ffc1b9cc000-7ffc1bac9000 rw-p 00000000 00:00 0                          [stack]
7ffc1bbf0000-7ffc1bbf3000 r--p 00000000 00:00 0                          [vvar]
7ffc1bbf3000-7ffc1bbf5000 r-xp 00000000 00:00 0                          [vdso]
ffffffffff600000-ffffffffff601000 r-xp 00000000 00:00 0                  [vsyscall]

VM Arguments:
jvm_args: -Djava.compiler=NONE -verbose:jni 
java_command: <unknown>
java_class_path (initial): .:/home/wanhui/CallJvm/callJvmThreadpool/qin_test1.jar
Launcher Type: generic

Environment Variables:
JAVA_HOME=/usr/local/java
CLASSPATH=/home/wanhui/Downloads/clion-2019.2.1/lib/bootstrap.jar:/home/wanhui/Downloads/clion-2019.2.1/lib/extensions.jar:/home/wanhui/Downloads/clion-2019.2.1/lib/util.jar:/home/wanhui/Downloads/clion-2019.2.1/lib/jdom.jar:/home/wanhui/Downloads/clion-2019.2.1/lib/log4j.jar:/home/wanhui/Downloads/clion-2019.2.1/lib/trove4j.jar:/home/wanhui/Downloads/clion-2019.2.1/lib/jna.jar
PATH=/usr/local/sbin:/usr/local/bin:/usr/sbin:/usr/bin:/sbin:/bin:/snap/bin:/usr/local/redis/redis-4.0.9.tar_files/redis-4.0.9/src:/usr/local/mysql/bin
USERNAME=wanhui
SHELL=/bin/bash
DISPLAY=:0

Signal Handlers:
SIGSEGV: [libjvm.so+0xad3d90], sa_mask[0]=11111111011111111101111111111110, sa_flags=SA_RESTART|SA_SIGINFO
SIGBUS: [libjvm.so+0xad3d90], sa_mask[0]=11111111011111111101111111111110, sa_flags=SA_RESTART|SA_SIGINFO
SIGFPE: [libjvm.so+0x90b8b0], sa_mask[0]=11111111011111111101111111111110, sa_flags=SA_RESTART|SA_SIGINFO
SIGPIPE: [libjvm.so+0x90b8b0], sa_mask[0]=11111111011111111101111111111110, sa_flags=SA_RESTART|SA_SIGINFO
SIGXFSZ: [libjvm.so+0x90b8b0], sa_mask[0]=11111111011111111101111111111110, sa_flags=SA_RESTART|SA_SIGINFO
SIGILL: [libjvm.so+0x90b8b0], sa_mask[0]=11111111011111111101111111111110, sa_flags=SA_RESTART|SA_SIGINFO
SIGUSR1: SIG_DFL, sa_mask[0]=00000000000000000000000000000000, sa_flags=none
SIGUSR2: [libjvm.so+0x90b780], sa_mask[0]=00100000000000000000000000000000, sa_flags=SA_RESTART|SA_SIGINFO
SIGHUP: [libjvm.so+0x90bda0], sa_mask[0]=11111111011111111101111111111110, sa_flags=SA_RESTART|SA_SIGINFO
SIGINT: [libjvm.so+0x90bda0], sa_mask[0]=11111111011111111101111111111110, sa_flags=SA_RESTART|SA_SIGINFO
SIGTERM: [libjvm.so+0x90bda0], sa_mask[0]=11111111011111111101111111111110, sa_flags=SA_RESTART|SA_SIGINFO
SIGQUIT: [libjvm.so+0x90bda0], sa_mask[0]=11111111011111111101111111111110, sa_flags=SA_RESTART|SA_SIGINFO


---------------  S Y S T E M  ---------------

OS:DISTRIB_ID=Ubuntu
DISTRIB_RELEASE=18.04
DISTRIB_CODENAME=bionic
DISTRIB_DESCRIPTION="Ubuntu 18.04.3 LTS"

uname:Linux 4.15.0-66-generic #75-Ubuntu SMP Tue Oct 1 05:24:09 UTC 2019 x86_64
libc:glibc 2.27 NPTL 2.27 
rlimit: STACK 8192k, CORE 0k, NPROC 15513, NOFILE 1048576, AS infinity
load average:0.11 0.26 0.26

/proc/meminfo:
MemTotal:        4015688 kB
MemFree:          158156 kB
MemAvailable:     485924 kB
Buffers:           71768 kB
Cached:           406704 kB
SwapCached:       156112 kB
Active:          2398848 kB
Inactive:         738784 kB
Active(anon):    2138220 kB
Inactive(anon):   537920 kB
Active(file):     260628 kB
Inactive(file):   200864 kB
Unevictable:          16 kB
Mlocked:              16 kB
SwapTotal:       2097148 kB
SwapFree:        1427856 kB
Dirty:              6196 kB
Writeback:             0 kB
AnonPages:       2613980 kB
Mapped:           191492 kB
Shmem:             16980 kB
Slab:             210436 kB
SReclaimable:     142316 kB
SUnreclaim:        68120 kB
KernelStack:       13472 kB
PageTables:        47960 kB
NFS_Unstable:          0 kB
Bounce:                0 kB
WritebackTmp:          0 kB
CommitLimit:     4104992 kB
Committed_AS:    6876680 kB
VmallocTotal:   34359738367 kB
VmallocUsed:           0 kB
VmallocChunk:          0 kB
HardwareCorrupted:     0 kB
AnonHugePages:         0 kB
ShmemHugePages:        0 kB
ShmemPmdMapped:        0 kB
CmaTotal:              0 kB
CmaFree:               0 kB
HugePages_Total:       0
HugePages_Free:        0
HugePages_Rsvd:        0
HugePages_Surp:        0
Hugepagesize:       2048 kB
DirectMap4k:      198464 kB
DirectMap2M:     3995648 kB
DirectMap1G:     2097152 kB

container (cgroup) information:
container_type: cgroupv1
cpu_cpuset_cpus: 0-3
cpu_memory_nodes: 0
active_processor_count: 4
cpu_quota: -1
cpu_period: 100000
cpu_shares: -1
memory_limit_in_bytes: -1
memory_and_swap_limit_in_bytes: -2
memory_soft_limit_in_bytes: -1
memory_usage_in_bytes: 3168006144
memory_max_usage_in_bytes: 41361408


CPU:total 4 (initial active 4) (2 cores per cpu, 1 threads per core) family 6 model 158 stepping 13, cmov, cx8, fxsr, mmx, sse, sse2, sse3, ssse3, sse4.1, sse4.2, popcnt, avx, avx2, aes, clmul, erms, rtm, 3dnowpref, lzcnt, tsc, tscinvbit, bmi1, bmi2, adx

/proc/cpuinfo:
processor	: 0
vendor_id	: GenuineIntel
cpu family	: 6
model		: 158
model name	: Intel(R) Core(TM) i7-9700 CPU @ 3.00GHz
stepping	: 13
microcode	: 0xb4
cpu MHz		: 2999.999
cache size	: 12288 KB
physical id	: 0
siblings	: 2
core id		: 0
cpu cores	: 2
apicid		: 0
initial apicid	: 0
fpu		: yes
fpu_exception	: yes
cpuid level	: 22
wp		: yes
flags		: fpu vme de pse tsc msr pae mce cx8 apic sep mtrr pge mca cmov pat pse36 clflush mmx fxsr sse sse2 ss ht syscall nx pdpe1gb rdtscp lm constant_tsc arch_perfmon nopl xtopology tsc_reliable nonstop_tsc cpuid pni pclmulqdq vmx ssse3 fma cx16 pcid sse4_1 sse4_2 x2apic movbe popcnt tsc_deadline_timer aes xsave avx f16c rdrand hypervisor lahf_lm abm 3dnowprefetch cpuid_fault invpcid_single ssbd ibrs ibpb stibp ibrs_enhanced tpr_shadow vnmi ept vpid fsgsbase tsc_adjust bmi1 hle avx2 smep bmi2 invpcid rtm mpx rdseed adx smap clflushopt xsaveopt xsavec xsaves arat md_clear flush_l1d arch_capabilities
bugs		: spectre_v1 spectre_v2 spec_store_bypass swapgs
bogomips	: 5999.99
clflush size	: 64
cache_alignment	: 64
address sizes	: 43 bits physical, 48 bits virtual
power management:

processor	: 1
vendor_id	: GenuineIntel
cpu family	: 6
model		: 158
model name	: Intel(R) Core(TM) i7-9700 CPU @ 3.00GHz
stepping	: 13
microcode	: 0xb4
cpu MHz		: 2999.999
cache size	: 12288 KB
physical id	: 0
siblings	: 2
core id		: 1
cpu cores	: 2
apicid		: 1
initial apicid	: 1
fpu		: yes
fpu_exception	: yes
cpuid level	: 22
wp		: yes
flags		: fpu vme de pse tsc msr pae mce cx8 apic sep mtrr pge mca cmov pat pse36 clflush mmx fxsr sse sse2 ss ht syscall nx pdpe1gb rdtscp lm constant_tsc arch_perfmon nopl xtopology tsc_reliable nonstop_tsc cpuid pni pclmulqdq vmx ssse3 fma cx16 pcid sse4_1 sse4_2 x2apic movbe popcnt tsc_deadline_timer aes xsave avx f16c rdrand hypervisor lahf_lm abm 3dnowprefetch cpuid_fault invpcid_single ssbd ibrs ibpb stibp ibrs_enhanced tpr_shadow vnmi ept vpid fsgsbase tsc_adjust bmi1 hle avx2 smep bmi2 invpcid rtm mpx rdseed adx smap clflushopt xsaveopt xsavec xsaves arat md_clear flush_l1d arch_capabilities
bugs		: spectre_v1 spectre_v2 spec_store_bypass swapgs
bogomips	: 5999.99
clflush size	: 64
cache_alignment	: 64
address sizes	: 43 bits physical, 48 bits virtual
power management:

processor	: 2
vendor_id	: GenuineIntel
cpu family	: 6
model		: 158
model name	: Intel(R) Core(TM) i7-9700 CPU @ 3.00GHz
stepping	: 13
microcode	: 0xb4
cpu MHz		: 2999.999
cache size	: 12288 KB
physical id	: 1
siblings	: 2
core id		: 0
cpu cores	: 2
apicid		: 2
initial apicid	: 2
fpu		: yes
fpu_exception	: yes
cpuid level	: 22
wp		: yes
flags		: fpu vme de pse tsc msr pae mce cx8 apic sep mtrr pge mca cmov pat pse36 clflush mmx fxsr sse sse2 ss ht syscall nx pdpe1gb rdtscp lm constant_tsc arch_perfmon nopl xtopology tsc_reliable nonstop_tsc cpuid pni pclmulqdq vmx ssse3 fma cx16 pcid sse4_1 sse4_2 x2apic movbe popcnt tsc_deadline_timer aes xsave avx f16c rdrand hypervisor lahf_lm abm 3dnowprefetch cpuid_fault invpcid_single ssbd ibrs ibpb stibp ibrs_enhanced tpr_shadow vnmi ept vpid fsgsbase tsc_adjust bmi1 hle avx2 smep bmi2 invpcid rtm mpx rdseed adx smap clflushopt xsaveopt xsavec xsaves arat md_clear flush_l1d arch_capabilities
bugs		: spectre_v1 spectre_v2 spec_store_bypass swapgs
bogomips	: 5999.99
clflush size	: 64
cache_alignment	: 64
address sizes	: 43 bits physical, 48 bits virtual
power management:

processor	: 3
vendor_id	: GenuineIntel
cpu family	: 6
model		: 158
model name	: Intel(R) Core(TM) i7-9700 CPU @ 3.00GHz
stepping	: 13
microcode	: 0xb4
cpu MHz		: 2999.999
cache size	: 12288 KB
physical id	: 1
siblings	: 2
core id		: 1
cpu cores	: 2
apicid		: 3
initial apicid	: 3
fpu		: yes
fpu_exception	: yes
cpuid level	: 22
wp		: yes
flags		: fpu vme de pse tsc msr pae mce cx8 apic sep mtrr pge mca cmov pat pse36 clflush mmx fxsr sse sse2 ss ht syscall nx pdpe1gb rdtscp lm constant_tsc arch_perfmon nopl xtopology tsc_reliable nonstop_tsc cpuid pni pclmulqdq vmx ssse3 fma cx16 pcid sse4_1 sse4_2 x2apic movbe popcnt tsc_deadline_timer aes xsave avx f16c rdrand hypervisor lahf_lm abm 3dnowprefetch cpuid_fault invpcid_single ssbd ibrs ibpb stibp ibrs_enhanced tpr_shadow vnmi ept vpid fsgsbase tsc_adjust bmi1 hle avx2 smep bmi2 invpcid rtm mpx rdseed adx smap clflushopt xsaveopt xsavec xsaves arat md_clear flush_l1d arch_capabilities
bugs		: spectre_v1 spectre_v2 spec_store_bypass swapgs
bogomips	: 5999.99
clflush size	: 64
cache_alignment	: 64
address sizes	: 43 bits physical, 48 bits virtual
power management:



Memory: 4k page, physical 4015688k(158156k free), swap 2097148k(1427856k free)

vm_info: Java HotSpot(TM) 64-Bit Server VM (25.221-b11) for linux-amd64 JRE (1.8.0_221-b11), built on Jul  4 2019 04:27:00 by "java_re" with gcc 7.3.0

time: Mon Nov  4 19:41:23 2019
timezone: CST
elapsed time: 4 seconds (0d 0h 0m 4s)

