#
# A fatal error has been detected by the Java Runtime Environment:
#
#  SIGSEGV (0xb) at pc=0x00007fbc2fe4376c, pid=17497, tid=0x00007fbbf3fff700
#
# JRE version: Java(TM) SE Runtime Environment (8.0_221-b11) (build 1.8.0_221-b11)
# Java VM: Java HotSpot(TM) 64-Bit Server VM (25.221-b11 interpreted mode linux-amd64 compressed oops)
# Problematic frame:
# V  [libjvm.so+0x6d576c]  jni_CallStaticVoidMethodV+0x6c
#
# Failed to write core dump. Core dumps have been disabled. To enable core dumping, try "ulimit -c unlimited" before starting Java again
#
# If you would like to submit a bug report, please visit:
#   http://bugreport.java.com/bugreport/crash.jsp
#

---------------  T H R E A D  ---------------

Current thread (0x00007fbbd8001000):  JavaThread "Thread-0" [_thread_in_vm, id=17510, stack(0x00007fbbf3800000,0x00007fbbf4000000)]

siginfo: si_signo: 11 (SIGSEGV), si_code: 1 (SEGV_MAPERR), si_addr: 0x0000000000000000

Registers:
RAX=0x00007fbc302bb220, RBX=0x00007fbbd8001000, RCX=0x00007fbbf3ffede0, RDX=0x00007fbbd8001b78
RSP=0x00007fbbf3ffed30, RBP=0x00007fbbf3ffedd0, RSI=0x00007fbbd8001000, RDI=0x00007fbbd8001000
R8 =0x0000000000000000, R9 =0x0000000000000000, R10=0x0000000000000000, R11=0x00007fbc302a389c
R12=0x00007fbbd8002990, R13=0x00007fbbd80011f8, R14=0x0000000000000000, R15=0x00007fbbf3ffede0
RIP=0x00007fbc2fe4376c, EFLAGS=0x0000000000010206, CSGSFS=0x002b000000000033, ERR=0x0000000000000004
  TRAPNO=0x000000000000000e

Top of Stack: (sp=0x00007fbbf3ffed30)
0x00007fbbf3ffed30:   00005568f438e6cb 0000064ef3ffed60
0x00007fbbf3ffed40:   00007fbbd8001000 00007fbbd8001b70
0x00007fbbf3ffed50:   000000000000064e 00007fbc302bb220
0x00007fbbf3ffed60:   00007fbc307885c0 00005568f438e6cb
0x00007fbbf3ffed70:   00007fbbf3ffedf0 00007fbc2fcdddf3
0x00007fbbf3ffed80:   0000000000000000 00007fbc2fcdddbf
0x00007fbbf3ffed90:   0000000000000000 0000000000000000
0x00007fbbf3ffeda0:   00007fbc3078b730 00007fbbd80011f8
0x00007fbbf3ffedb0:   00007fbbd8002990 0000000000000000
0x00007fbbf3ffedc0:   0000000000000000 00007ffe4ced2c10
0x00007fbbf3ffedd0:   00007fbc306fb3e0 00005568f438e503
0x00007fbbf3ffede0:   0000003000000018 00007fbbf3ffeec0
0x00007fbbf3ffedf0:   00007fbbf3ffee00 0a7cf39ce417de00
0x00007fbbf3ffee00:   00000001d8001000 0000000100060028
0x00007fbbf3ffee10:   00007fbbf3ffeeb0 0000000000000000
0x00007fbbf3ffee20:   0000000000000000 0000000000000000
0x00007fbbf3ffee30:   00007fbbd40027f0 00007fbbd8001000
0x00007fbbf3ffee40:   00007fbbd8002990 00005568f438e6cb
0x00007fbbf3ffee50:   00005568f438e6b4 00007fbbd8001000
0x00007fbbf3ffee60:   00007fbbf3ffeeb0 00007fbc2fe357e8
0x00007fbbf3ffee70:   00007fbbd8001000 0000000000000000
0x00007fbbf3ffee80:   0000000000000002 00007fbbd80011f8
0x00007fbbf3ffee90:   00007fbbd80011f8 00007fbbd8002990
0x00007fbbf3ffeea0:   0000000000000000 0000000000000000
0x00007fbbf3ffeeb0:   00007fbc306fb3e0 00005568f438e32b
0x00007fbbf3ffeec0:   00007fbbd80011f8 0a7cf39ce417de00
0x00007fbbf3ffeed0:   00005568f4889bc0 0000000000000000
0x00007fbbf3ffeee0:   00007fbbf3ffefc0 00005568f438df55
0x00007fbbf3ffeef0:   0000000000000000 00007fbc2f5566db
0x00007fbbf3ffef00:   0000000000000000 00007fbbf3fff700
0x00007fbbf3ffef10:   00007fbbf3fff700 32c58dc0133fa8dc
0x00007fbbf3ffef20:   00007fbbf3ffefc0 0000000000000000 

Instructions: (pc=0x00007fbc2fe4376c)
0x00007fbc2fe4374c:   48 89 9d 70 ff ff ff 48 c7 85 78 ff ff ff 00 00
0x00007fbc2fe4375c:   00 00 74 0c 48 8d bd 70 ff ff ff e8 a4 87 29 00
0x00007fbc2fe4376c:   49 8b 06 c7 85 60 ff ff ff 0e 00 00 00 4c 8d 65
0x00007fbc2fe4377c:   90 4c 89 e7 48 8b 40 08 0f b7 50 24 48 8b 40 08 

Register to memory mapping:

RAX=0x00007fbc302bb220: <offset 0xb4d220> in /usr/local/java/jre/lib/amd64/server/libjvm.so at 0x00007fbc2f76e000
RBX=0x00007fbbd8001000 is a thread
RCX=0x00007fbbf3ffede0 is pointing into the stack for thread: 0x00007fbbd8001000
RDX=0x00007fbbd8001b78 is an unknown value
RSP=0x00007fbbf3ffed30 is pointing into the stack for thread: 0x00007fbbd8001000
RBP=0x00007fbbf3ffedd0 is pointing into the stack for thread: 0x00007fbbd8001000
RSI=0x00007fbbd8001000 is a thread
RDI=0x00007fbbd8001000 is a thread
R8 =0x0000000000000000 is an unknown value
R9 =0x0000000000000000 is an unknown value
R10=0x0000000000000000 is an unknown value
R11=0x00007fbc302a389c: <offset 0xb3589c> in /usr/local/java/jre/lib/amd64/server/libjvm.so at 0x00007fbc2f76e000
R12=0x00007fbbd8002990 is an unknown value
R13=0x00007fbbd80011f8 is an unknown value
R14=0x0000000000000000 is an unknown value
R15=0x00007fbbf3ffede0 is pointing into the stack for thread: 0x00007fbbd8001000


Stack: [0x00007fbbf3800000,0x00007fbbf4000000],  sp=0x00007fbbf3ffed30,  free space=8187k
Native frames: (J=compiled Java code, j=interpreted, Vv=VM code, C=native code)
V  [libjvm.so+0x6d576c]  jni_CallStaticVoidMethodV+0x6c
C  [main+0x1503]  JNIEnv_::CallStaticVoidMethod(_jclass*, _jmethodID*, ...)+0x93


---------------  P R O C E S S  ---------------

Java Threads: ( => current thread )
  0x00007fbbd4001000 JavaThread "Thread-1" [_thread_in_vm, id=17513, stack(0x00007fbbf1ffd000,0x00007fbbf27fd000)]
  0x00007fbbe0001000 JavaThread "Thread-3" [_thread_in_vm, id=17512, stack(0x00007fbbf27fe000,0x00007fbbf2ffe000)]
  0x00007fbbcc001000 JavaThread "Thread-5" [_thread_in_vm, id=17509, stack(0x00007fbc0c69c000,0x00007fbc0ce9c000)]
  0x00007fbbe8001000 JavaThread "Thread-4" [_thread_in_vm, id=17511, stack(0x00007fbbf2fff000,0x00007fbbf37ff000)]
  0x00007fbbe4001000 JavaThread "Thread-2" [_thread_in_vm, id=17508, stack(0x00007fbc0ce9d000,0x00007fbc0d69d000)]
=>0x00007fbbd8001000 JavaThread "Thread-0" [_thread_in_vm, id=17510, stack(0x00007fbbf3800000,0x00007fbbf4000000)]
  0x00005568f4887000 JavaThread "Service Thread" daemon [_thread_blocked, id=17506, stack(0x00007fbc0d79e000,0x00007fbc0d89f000)]
  0x00005568f4885000 JavaThread "Signal Dispatcher" daemon [_thread_blocked, id=17505, stack(0x00007fbc0d89f000,0x00007fbc0d9a0000)]
  0x00005568f4854800 JavaThread "Finalizer" daemon [_thread_blocked, id=17504, stack(0x00007fbc0e36f000,0x00007fbc0e470000)]
  0x00005568f4850000 JavaThread "Reference Handler" daemon [_thread_blocked, id=17503, stack(0x00007fbc0e470000,0x00007fbc0e571000)]
  0x00005568f47d8000 JavaThread "main" [_thread_in_native, id=17497, stack(0x00007ffe4cdd4000,0x00007ffe4ced4000)]

Other Threads:
  0x00005568f4846000 VMThread [stack: 0x00007fbc0e572000,0x00007fbc0e672000] [id=17502]
  0x00005568f488a000 WatcherThread [stack: 0x00007fbc0d69e000,0x00007fbc0d79e000] [id=17507]

VM state:not at safepoint (normal execution)

VM Mutex/Monitor currently owned by a thread: None

heap address: 0x00000000c2a00000, size: 982 MB, Compressed Oops mode: 32-bit
Narrow klass base: 0x0000000000000000, Narrow klass shift: 3
Compressed class space size: 1073741824 Address: 0x0000000100000000

Heap:
 PSYoungGen      total 18432K, used 2541K [0x00000000eb900000, 0x00000000ecd80000, 0x0000000100000000)
  eden space 15872K, 16% used [0x00000000eb900000,0x00000000ebb7b718,0x00000000ec880000)
  from space 2560K, 0% used [0x00000000ecb00000,0x00000000ecb00000,0x00000000ecd80000)
  to   space 2560K, 0% used [0x00000000ec880000,0x00000000ec880000,0x00000000ecb00000)
 ParOldGen       total 42496K, used 0K [0x00000000c2a00000, 0x00000000c5380000, 0x00000000eb900000)
  object space 42496K, 0% used [0x00000000c2a00000,0x00000000c2a00000,0x00000000c5380000)
 Metaspace       used 2564K, capacity 4486K, committed 4864K, reserved 1056768K
  class space    used 281K, capacity 386K, committed 512K, reserved 1048576K

Card table byte_map: [0x00007fbc1e56c000,0x00007fbc1e758000] byte_map_base: 0x00007fbc1df57000

Marking Bits: (ParMarkBitMap*) 0x00007fbc30739d80
 Begin Bits: [0x00007fbc1c2b8000, 0x00007fbc1d210000)
 End Bits:   [0x00007fbc1d210000, 0x00007fbc1e168000)

Polling page: 0x00007fbc3097b000

CodeCache: size=245760Kb used=473Kb max_used=473Kb free=245286Kb
 bounds [0x00007fbc1eb18000, 0x00007fbc1ed88000, 0x00007fbc2db18000]
 total_blobs=179 nmethods=0 adapters=145
 compilation: disabled (interpreter mode)

Compilation events (0 events):
No events

GC Heap History (0 events):
No events

Deoptimization events (0 events):
No events

Classes redefined (0 events):
No events

Internal exceptions (3 events):
Event: 0.019 Thread 0x00005568f47d8000 Exception <a 'java/lang/NoSuchMethodError': Method sun.misc.Unsafe.defineClass(Ljava/lang/String;[BII)Ljava/lang/Class; name or signature does not match> (0x00000000eb907cb8) thrown at [/HUDSON/workspace/8-2-build-linux-amd64/jdk8u221/13320/hotspot/src/sh
Event: 0.020 Thread 0x00005568f47d8000 Exception <a 'java/lang/NoSuchMethodError': Method sun.misc.Unsafe.prefetchRead(Ljava/lang/Object;J)V name or signature does not match> (0x00000000eb907fa0) thrown at [/HUDSON/workspace/8-2-build-linux-amd64/jdk8u221/13320/hotspot/src/share/vm/prims/jni.c
Event: 0.046 Thread 0x00007fbbd8001000 Exception <a 'java/lang/NoSuchMethodError': name> (0x00000000eb9b2210) thrown at [/HUDSON/workspace/8-2-build-linux-amd64/jdk8u221/13320/hotspot/src/share/vm/prims/jni.cpp, line 1614]

Events (10 events):
Event: 0.045 loading class java/io/FilePermission$1
Event: 0.045 loading class java/io/FilePermission$1 done
Event: 0.045 loading class java/io/FilePermissionCollection
Event: 0.045 loading class java/io/FilePermissionCollection done
Event: 0.045 loading class java/security/AllPermission
Event: 0.045 loading class java/security/AllPermission done
Event: 0.045 loading class java/security/UnresolvedPermission
Event: 0.045 loading class java/security/UnresolvedPermission done
Event: 0.045 loading class java/security/BasicPermissionCollection
Event: 0.045 loading class java/security/BasicPermissionCollection done


Dynamic libraries:
c2a00000-c5380000 rw-p 00000000 00:00 0 
c5380000-eb900000 ---p 00000000 00:00 0 
eb900000-ecd80000 rw-p 00000000 00:00 0 
ecd80000-100000000 ---p 00000000 00:00 0 
100000000-100080000 rw-p 00000000 00:00 0 
100080000-140000000 ---p 00000000 00:00 0 
5568f438d000-5568f438f000 r-xp 00000000 08:01 7053                       /home/wanhui/CallJvm/callJvmThreadpool/cmake-build-debug/main
5568f458e000-5568f458f000 r--p 00001000 08:01 7053                       /home/wanhui/CallJvm/callJvmThreadpool/cmake-build-debug/main
5568f458f000-5568f4590000 rw-p 00002000 08:01 7053                       /home/wanhui/CallJvm/callJvmThreadpool/cmake-build-debug/main
5568f47bb000-5568f4895000 rw-p 00000000 00:00 0                          [heap]
7fbbcc000000-7fbbcc021000 rw-p 00000000 00:00 0 
7fbbcc021000-7fbbd0000000 ---p 00000000 00:00 0 
7fbbd4000000-7fbbd4021000 rw-p 00000000 00:00 0 
7fbbd4021000-7fbbd8000000 ---p 00000000 00:00 0 
7fbbd8000000-7fbbd8043000 rw-p 00000000 00:00 0 
7fbbd8043000-7fbbdc000000 ---p 00000000 00:00 0 
7fbbe0000000-7fbbe0021000 rw-p 00000000 00:00 0 
7fbbe0021000-7fbbe4000000 ---p 00000000 00:00 0 
7fbbe4000000-7fbbe4021000 rw-p 00000000 00:00 0 
7fbbe4021000-7fbbe8000000 ---p 00000000 00:00 0 
7fbbe8000000-7fbbe8021000 rw-p 00000000 00:00 0 
7fbbe8021000-7fbbec000000 ---p 00000000 00:00 0 
7fbbec000000-7fbbec021000 rw-p 00000000 00:00 0 
7fbbec021000-7fbbf0000000 ---p 00000000 00:00 0 
7fbbf1ffc000-7fbbf1ffd000 ---p 00000000 00:00 0 
7fbbf1ffd000-7fbbf2000000 ---p 00000000 00:00 0 
7fbbf2000000-7fbbf27fd000 rw-p 00000000 00:00 0 
7fbbf27fd000-7fbbf27fe000 ---p 00000000 00:00 0 
7fbbf27fe000-7fbbf2801000 ---p 00000000 00:00 0 
7fbbf2801000-7fbbf2ffe000 rw-p 00000000 00:00 0 
7fbbf2ffe000-7fbbf2fff000 ---p 00000000 00:00 0 
7fbbf2fff000-7fbbf3002000 ---p 00000000 00:00 0 
7fbbf3002000-7fbbf37ff000 rw-p 00000000 00:00 0 
7fbbf37ff000-7fbbf3800000 ---p 00000000 00:00 0 
7fbbf3800000-7fbbf3803000 ---p 00000000 00:00 0 
7fbbf3803000-7fbbf4000000 rw-p 00000000 00:00 0 
7fbbf4000000-7fbbf4021000 rw-p 00000000 00:00 0 
7fbbf4021000-7fbbf8000000 ---p 00000000 00:00 0 
7fbbf8000000-7fbbf8021000 rw-p 00000000 00:00 0 
7fbbf8021000-7fbbfc000000 ---p 00000000 00:00 0 
7fbbfc000000-7fbbfc021000 rw-p 00000000 00:00 0 
7fbbfc021000-7fbc00000000 ---p 00000000 00:00 0 
7fbc00000000-7fbc00021000 rw-p 00000000 00:00 0 
7fbc00021000-7fbc04000000 ---p 00000000 00:00 0 
7fbc04000000-7fbc04021000 rw-p 00000000 00:00 0 
7fbc04021000-7fbc08000000 ---p 00000000 00:00 0 
7fbc08000000-7fbc08021000 rw-p 00000000 00:00 0 
7fbc08021000-7fbc0c000000 ---p 00000000 00:00 0 
7fbc0c406000-7fbc0c69b000 rw-p 00000000 00:00 0 
7fbc0c69b000-7fbc0c69c000 ---p 00000000 00:00 0 
7fbc0c69c000-7fbc0c69f000 ---p 00000000 00:00 0 
7fbc0c69f000-7fbc0ce9c000 rw-p 00000000 00:00 0 
7fbc0ce9c000-7fbc0ce9d000 ---p 00000000 00:00 0 
7fbc0ce9d000-7fbc0cea0000 ---p 00000000 00:00 0 
7fbc0cea0000-7fbc0d69d000 rw-p 00000000 00:00 0 
7fbc0d69d000-7fbc0d69e000 ---p 00000000 00:00 0 
7fbc0d69e000-7fbc0d79e000 rw-p 00000000 00:00 0 
7fbc0d79e000-7fbc0d7a1000 ---p 00000000 00:00 0 
7fbc0d7a1000-7fbc0d89f000 rw-p 00000000 00:00 0 
7fbc0d89f000-7fbc0d8a2000 ---p 00000000 00:00 0 
7fbc0d8a2000-7fbc0d9a0000 rw-p 00000000 00:00 0 
7fbc0d9a0000-7fbc0e36f000 r--p 00000000 08:01 1186501                    /usr/lib/locale/locale-archive
7fbc0e36f000-7fbc0e372000 ---p 00000000 00:00 0 
7fbc0e372000-7fbc0e470000 rw-p 00000000 00:00 0 
7fbc0e470000-7fbc0e473000 ---p 00000000 00:00 0 
7fbc0e473000-7fbc0e571000 rw-p 00000000 00:00 0 
7fbc0e571000-7fbc0e572000 ---p 00000000 00:00 0 
7fbc0e572000-7fbc0f626000 rw-p 00000000 00:00 0 
7fbc0f626000-7fbc0f800000 r--s 03d88000 08:01 1324703                    /usr/local/java/jre/lib/rt.jar
7fbc0f800000-7fbc0fc40000 rw-p 00000000 00:00 0 
7fbc0fc40000-7fbc10000000 ---p 00000000 00:00 0 
7fbc10000000-7fbc10021000 rw-p 00000000 00:00 0 
7fbc10021000-7fbc14000000 ---p 00000000 00:00 0 
7fbc14000000-7fbc14021000 rw-p 00000000 00:00 0 
7fbc14021000-7fbc18000000 ---p 00000000 00:00 0 
7fbc18000000-7fbc18021000 rw-p 00000000 00:00 0 
7fbc18021000-7fbc1c000000 ---p 00000000 00:00 0 
7fbc1c007000-7fbc1e168000 rw-p 00000000 00:00 0 
7fbc1e168000-7fbc1e169000 ---p 00000000 00:00 0 
7fbc1e169000-7fbc1e269000 rw-p 00000000 00:00 0 
7fbc1e269000-7fbc1e26a000 ---p 00000000 00:00 0 
7fbc1e26a000-7fbc1e36a000 rw-p 00000000 00:00 0 
7fbc1e36a000-7fbc1e36b000 ---p 00000000 00:00 0 
7fbc1e36b000-7fbc1e46b000 rw-p 00000000 00:00 0 
7fbc1e46b000-7fbc1e46c000 ---p 00000000 00:00 0 
7fbc1e46c000-7fbc1e581000 rw-p 00000000 00:00 0 
7fbc1e581000-7fbc1e6b3000 ---p 00000000 00:00 0 
7fbc1e6b3000-7fbc1e6be000 rw-p 00000000 00:00 0 
7fbc1e6be000-7fbc1e757000 ---p 00000000 00:00 0 
7fbc1e757000-7fbc1e762000 rw-p 00000000 00:00 0 
7fbc1e762000-7fbc1eb18000 ---p 00000000 00:00 0 
7fbc1eb18000-7fbc1ed88000 rwxp 00000000 00:00 0 
7fbc1ed88000-7fbc2db18000 ---p 00000000 00:00 0 
7fbc2db18000-7fbc2db33000 r-xp 00000000 08:01 1453051                    /usr/local/java/jre/lib/amd64/libzip.so
7fbc2db33000-7fbc2dd32000 ---p 0001b000 08:01 1453051                    /usr/local/java/jre/lib/amd64/libzip.so
7fbc2dd32000-7fbc2dd33000 r--p 0001a000 08:01 1453051                    /usr/local/java/jre/lib/amd64/libzip.so
7fbc2dd33000-7fbc2dd34000 rw-p 0001b000 08:01 1453051                    /usr/local/java/jre/lib/amd64/libzip.so
7fbc2dd34000-7fbc2dd3f000 r-xp 00000000 08:01 2233846                    /lib/x86_64-linux-gnu/libnss_files-2.27.so
7fbc2dd3f000-7fbc2df3e000 ---p 0000b000 08:01 2233846                    /lib/x86_64-linux-gnu/libnss_files-2.27.so
7fbc2df3e000-7fbc2df3f000 r--p 0000a000 08:01 2233846                    /lib/x86_64-linux-gnu/libnss_files-2.27.so
7fbc2df3f000-7fbc2df40000 rw-p 0000b000 08:01 2233846                    /lib/x86_64-linux-gnu/libnss_files-2.27.so
7fbc2df40000-7fbc2df46000 rw-p 00000000 00:00 0 
7fbc2df46000-7fbc2df5d000 r-xp 00000000 08:01 2233840                    /lib/x86_64-linux-gnu/libnsl-2.27.so
7fbc2df5d000-7fbc2e15c000 ---p 00017000 08:01 2233840                    /lib/x86_64-linux-gnu/libnsl-2.27.so
7fbc2e15c000-7fbc2e15d000 r--p 00016000 08:01 2233840                    /lib/x86_64-linux-gnu/libnsl-2.27.so
7fbc2e15d000-7fbc2e15e000 rw-p 00017000 08:01 2233840                    /lib/x86_64-linux-gnu/libnsl-2.27.so
7fbc2e15e000-7fbc2e160000 rw-p 00000000 00:00 0 
7fbc2e160000-7fbc2e16b000 r-xp 00000000 08:01 2233857                    /lib/x86_64-linux-gnu/libnss_nis-2.27.so
7fbc2e16b000-7fbc2e36a000 ---p 0000b000 08:01 2233857                    /lib/x86_64-linux-gnu/libnss_nis-2.27.so
7fbc2e36a000-7fbc2e36b000 r--p 0000a000 08:01 2233857                    /lib/x86_64-linux-gnu/libnss_nis-2.27.so
7fbc2e36b000-7fbc2e36c000 rw-p 0000b000 08:01 2233857                    /lib/x86_64-linux-gnu/libnss_nis-2.27.so
7fbc2e36c000-7fbc2e374000 r-xp 00000000 08:01 2233842                    /lib/x86_64-linux-gnu/libnss_compat-2.27.so
7fbc2e374000-7fbc2e574000 ---p 00008000 08:01 2233842                    /lib/x86_64-linux-gnu/libnss_compat-2.27.so
7fbc2e574000-7fbc2e575000 r--p 00008000 08:01 2233842                    /lib/x86_64-linux-gnu/libnss_compat-2.27.so
7fbc2e575000-7fbc2e576000 rw-p 00009000 08:01 2233842                    /lib/x86_64-linux-gnu/libnss_compat-2.27.so
7fbc2e576000-7fbc2e5a2000 r-xp 00000000 08:01 1453042                    /usr/local/java/jre/lib/amd64/libjava.so
7fbc2e5a2000-7fbc2e7a2000 ---p 0002c000 08:01 1453042                    /usr/local/java/jre/lib/amd64/libjava.so
7fbc2e7a2000-7fbc2e7a3000 r--p 0002c000 08:01 1453042                    /usr/local/java/jre/lib/amd64/libjava.so
7fbc2e7a3000-7fbc2e7a5000 rw-p 0002d000 08:01 1453042                    /usr/local/java/jre/lib/amd64/libjava.so
7fbc2e7a5000-7fbc2e7b2000 r-xp 00000000 08:01 1453033                    /usr/local/java/jre/lib/amd64/libverify.so
7fbc2e7b2000-7fbc2e9b1000 ---p 0000d000 08:01 1453033                    /usr/local/java/jre/lib/amd64/libverify.so
7fbc2e9b1000-7fbc2e9b3000 r--p 0000c000 08:01 1453033                    /usr/local/java/jre/lib/amd64/libverify.so
7fbc2e9b3000-7fbc2e9b4000 rw-p 0000e000 08:01 1453033                    /usr/local/java/jre/lib/amd64/libverify.so
7fbc2e9b4000-7fbc2e9bb000 r-xp 00000000 08:01 2233897                    /lib/x86_64-linux-gnu/librt-2.27.so
7fbc2e9bb000-7fbc2ebba000 ---p 00007000 08:01 2233897                    /lib/x86_64-linux-gnu/librt-2.27.so
7fbc2ebba000-7fbc2ebbb000 r--p 00006000 08:01 2233897                    /lib/x86_64-linux-gnu/librt-2.27.so
7fbc2ebbb000-7fbc2ebbc000 rw-p 00007000 08:01 2233897                    /lib/x86_64-linux-gnu/librt-2.27.so
7fbc2ebbc000-7fbc2ebbf000 r-xp 00000000 08:01 2233779                    /lib/x86_64-linux-gnu/libdl-2.27.so
7fbc2ebbf000-7fbc2edbe000 ---p 00003000 08:01 2233779                    /lib/x86_64-linux-gnu/libdl-2.27.so
7fbc2edbe000-7fbc2edbf000 r--p 00002000 08:01 2233779                    /lib/x86_64-linux-gnu/libdl-2.27.so
7fbc2edbf000-7fbc2edc0000 rw-p 00003000 08:01 2233779                    /lib/x86_64-linux-gnu/libdl-2.27.so
7fbc2edc0000-7fbc2ef5d000 r-xp 00000000 08:01 2233819                    /lib/x86_64-linux-gnu/libm-2.27.so
7fbc2ef5d000-7fbc2f15c000 ---p 0019d000 08:01 2233819                    /lib/x86_64-linux-gnu/libm-2.27.so
7fbc2f15c000-7fbc2f15d000 r--p 0019c000 08:01 2233819                    /lib/x86_64-linux-gnu/libm-2.27.so
7fbc2f15d000-7fbc2f15e000 rw-p 0019d000 08:01 2233819                    /lib/x86_64-linux-gnu/libm-2.27.so
7fbc2f15e000-7fbc2f345000 r-xp 00000000 08:01 2233756                    /lib/x86_64-linux-gnu/libc-2.27.so
7fbc2f345000-7fbc2f545000 ---p 001e7000 08:01 2233756                    /lib/x86_64-linux-gnu/libc-2.27.so
7fbc2f545000-7fbc2f549000 r--p 001e7000 08:01 2233756                    /lib/x86_64-linux-gnu/libc-2.27.so
7fbc2f549000-7fbc2f54b000 rw-p 001eb000 08:01 2233756                    /lib/x86_64-linux-gnu/libc-2.27.so
7fbc2f54b000-7fbc2f54f000 rw-p 00000000 00:00 0 
7fbc2f54f000-7fbc2f569000 r-xp 00000000 08:01 2233889                    /lib/x86_64-linux-gnu/libpthread-2.27.so
7fbc2f569000-7fbc2f768000 ---p 0001a000 08:01 2233889                    /lib/x86_64-linux-gnu/libpthread-2.27.so
7fbc2f768000-7fbc2f769000 r--p 00019000 08:01 2233889                    /lib/x86_64-linux-gnu/libpthread-2.27.so
7fbc2f769000-7fbc2f76a000 rw-p 0001a000 08:01 2233889                    /lib/x86_64-linux-gnu/libpthread-2.27.so
7fbc2f76a000-7fbc2f76e000 rw-p 00000000 00:00 0 
7fbc2f76e000-7fbc30456000 r-xp 00000000 08:01 1453049                    /usr/local/java/jre/lib/amd64/server/libjvm.so
7fbc30456000-7fbc30655000 ---p 00ce8000 08:01 1453049                    /usr/local/java/jre/lib/amd64/server/libjvm.so
7fbc30655000-7fbc306eb000 r--p 00ce7000 08:01 1453049                    /usr/local/java/jre/lib/amd64/server/libjvm.so
7fbc306eb000-7fbc3071c000 rw-p 00d7d000 08:01 1453049                    /usr/local/java/jre/lib/amd64/server/libjvm.so
7fbc3071c000-7fbc30757000 rw-p 00000000 00:00 0 
7fbc30757000-7fbc3077e000 r-xp 00000000 08:01 2233728                    /lib/x86_64-linux-gnu/ld-2.27.so
7fbc30787000-7fbc30833000 rw-p 00000000 00:00 0 
7fbc30833000-7fbc30966000 ---p 00000000 00:00 0 
7fbc30966000-7fbc30968000 rw-p 00000000 00:00 0 
7fbc30971000-7fbc30972000 r--s 00000000 08:01 7072                       /home/wanhui/CallJvm/callJvmThreadpool/qin_test1.jar
7fbc30972000-7fbc3097a000 rw-s 00000000 08:01 4417                       /tmp/hsperfdata_wanhui/17497
7fbc3097a000-7fbc3097b000 rw-p 00000000 00:00 0 
7fbc3097b000-7fbc3097c000 r--p 00000000 00:00 0 
7fbc3097c000-7fbc3097e000 rw-p 00000000 00:00 0 
7fbc3097e000-7fbc3097f000 r--p 00027000 08:01 2233728                    /lib/x86_64-linux-gnu/ld-2.27.so
7fbc3097f000-7fbc30980000 rw-p 00028000 08:01 2233728                    /lib/x86_64-linux-gnu/ld-2.27.so
7fbc30980000-7fbc30981000 rw-p 00000000 00:00 0 
7ffe4cdd4000-7ffe4cdd7000 ---p 00000000 00:00 0 
7ffe4cdd7000-7ffe4ced4000 rw-p 00000000 00:00 0                          [stack]
7ffe4cefa000-7ffe4cefd000 r--p 00000000 00:00 0                          [vvar]
7ffe4cefd000-7ffe4ceff000 r-xp 00000000 00:00 0                          [vdso]
ffffffffff600000-ffffffffff601000 r-xp 00000000 00:00 0                  [vsyscall]

VM Arguments:
jvm_args: -Djava.compiler=NONE -verbose:jni 
java_command: <unknown>
java_class_path (initial): .:/home/wanhui/CallJvm/callJvmThreadpool/qin_test1.jar
Launcher Type: generic

Environment Variables:
JAVA_HOME=/usr/local/java
CLASSPATH=/home/wanhui/Downloads/clion-2019.2.1/lib/bootstrap.jar:/home/wanhui/Downloads/clion-2019.2.1/lib/extensions.jar:/home/wanhui/Downloads/clion-2019.2.1/lib/util.jar:/home/wanhui/Downloads/clion-2019.2.1/lib/jdom.jar:/home/wanhui/Downloads/clion-2019.2.1/lib/log4j.jar:/home/wanhui/Downloads/clion-2019.2.1/lib/trove4j.jar:/home/wanhui/Downloads/clion-2019.2.1/lib/jna.jar
PATH=/usr/local/sbin:/usr/local/bin:/usr/sbin:/usr/bin:/sbin:/bin:/snap/bin:/usr/local/redis/redis-4.0.9.tar_files/redis-4.0.9/src:/usr/local/mysql/bin
USERNAME=wanhui
SHELL=/bin/bash
DISPLAY=:0

Signal Handlers:
SIGSEGV: [libjvm.so+0xad3d90], sa_mask[0]=11111111011111111101111111111110, sa_flags=SA_RESTART|SA_SIGINFO
SIGBUS: [libjvm.so+0xad3d90], sa_mask[0]=11111111011111111101111111111110, sa_flags=SA_RESTART|SA_SIGINFO
SIGFPE: [libjvm.so+0x90b8b0], sa_mask[0]=11111111011111111101111111111110, sa_flags=SA_RESTART|SA_SIGINFO
SIGPIPE: [libjvm.so+0x90b8b0], sa_mask[0]=11111111011111111101111111111110, sa_flags=SA_RESTART|SA_SIGINFO
SIGXFSZ: [libjvm.so+0x90b8b0], sa_mask[0]=11111111011111111101111111111110, sa_flags=SA_RESTART|SA_SIGINFO
SIGILL: [libjvm.so+0x90b8b0], sa_mask[0]=11111111011111111101111111111110, sa_flags=SA_RESTART|SA_SIGINFO
SIGUSR1: SIG_DFL, sa_mask[0]=00000000000000000000000000000000, sa_flags=none
SIGUSR2: [libjvm.so+0x90b780], sa_mask[0]=00100000000000000000000000000000, sa_flags=SA_RESTART|SA_SIGINFO
SIGHUP: [libjvm.so+0x90bda0], sa_mask[0]=11111111011111111101111111111110, sa_flags=SA_RESTART|SA_SIGINFO
SIGINT: [libjvm.so+0x90bda0], sa_mask[0]=11111111011111111101111111111110, sa_flags=SA_RESTART|SA_SIGINFO
SIGTERM: [libjvm.so+0x90bda0], sa_mask[0]=11111111011111111101111111111110, sa_flags=SA_RESTART|SA_SIGINFO
SIGQUIT: [libjvm.so+0x90bda0], sa_mask[0]=11111111011111111101111111111110, sa_flags=SA_RESTART|SA_SIGINFO


---------------  S Y S T E M  ---------------

OS:DISTRIB_ID=Ubuntu
DISTRIB_RELEASE=18.04
DISTRIB_CODENAME=bionic
DISTRIB_DESCRIPTION="Ubuntu 18.04.3 LTS"

uname:Linux 4.15.0-66-generic #75-Ubuntu SMP Tue Oct 1 05:24:09 UTC 2019 x86_64
libc:glibc 2.27 NPTL 2.27 
rlimit: STACK 8192k, CORE 0k, NPROC 15513, NOFILE 1048576, AS infinity
load average:0.64 0.45 0.36

/proc/meminfo:
MemTotal:        4015688 kB
MemFree:          132084 kB
MemAvailable:     126608 kB
Buffers:            1900 kB
Cached:           204660 kB
SwapCached:        46896 kB
Active:          2414808 kB
Inactive:         645752 kB
Active(anon):    2312948 kB
Inactive(anon):   578756 kB
Active(file):     101860 kB
Inactive(file):    66996 kB
Unevictable:          48 kB
Mlocked:              48 kB
SwapTotal:       2097148 kB
SwapFree:         686248 kB
Dirty:               180 kB
Writeback:             0 kB
AnonPages:       2809280 kB
Mapped:           138448 kB
Shmem:             37880 kB
Slab:             139404 kB
SReclaimable:      61212 kB
SUnreclaim:        78192 kB
KernelStack:       17856 kB
PageTables:        65260 kB
NFS_Unstable:          0 kB
Bounce:                0 kB
WritebackTmp:          0 kB
CommitLimit:     4104992 kB
Committed_AS:   10048796 kB
VmallocTotal:   34359738367 kB
VmallocUsed:           0 kB
VmallocChunk:          0 kB
HardwareCorrupted:     0 kB
AnonHugePages:         0 kB
ShmemHugePages:        0 kB
ShmemPmdMapped:        0 kB
CmaTotal:              0 kB
CmaFree:               0 kB
HugePages_Total:       0
HugePages_Free:        0
HugePages_Rsvd:        0
HugePages_Surp:        0
Hugepagesize:       2048 kB
DirectMap4k:      374592 kB
DirectMap2M:     3819520 kB
DirectMap1G:     2097152 kB

container (cgroup) information:
container_type: cgroupv1
cpu_cpuset_cpus: 0-3
cpu_memory_nodes: 0
active_processor_count: 4
cpu_quota: -1
cpu_period: 100000
cpu_shares: -1
memory_limit_in_bytes: -1
memory_and_swap_limit_in_bytes: -2
memory_soft_limit_in_bytes: -1
memory_usage_in_bytes: 3095408640
memory_max_usage_in_bytes: 682409984


CPU:total 4 (initial active 4) (2 cores per cpu, 1 threads per core) family 6 model 158 stepping 13, cmov, cx8, fxsr, mmx, sse, sse2, sse3, ssse3, sse4.1, sse4.2, popcnt, avx, avx2, aes, clmul, erms, rtm, 3dnowpref, lzcnt, tsc, tscinvbit, bmi1, bmi2, adx

/proc/cpuinfo:
processor	: 0
vendor_id	: GenuineIntel
cpu family	: 6
model		: 158
model name	: Intel(R) Core(TM) i7-9700 CPU @ 3.00GHz
stepping	: 13
microcode	: 0xb4
cpu MHz		: 2999.999
cache size	: 12288 KB
physical id	: 0
siblings	: 2
core id		: 0
cpu cores	: 2
apicid		: 0
initial apicid	: 0
fpu		: yes
fpu_exception	: yes
cpuid level	: 22
wp		: yes
flags		: fpu vme de pse tsc msr pae mce cx8 apic sep mtrr pge mca cmov pat pse36 clflush mmx fxsr sse sse2 ss ht syscall nx pdpe1gb rdtscp lm constant_tsc arch_perfmon nopl xtopology tsc_reliable nonstop_tsc cpuid pni pclmulqdq vmx ssse3 fma cx16 pcid sse4_1 sse4_2 x2apic movbe popcnt tsc_deadline_timer aes xsave avx f16c rdrand hypervisor lahf_lm abm 3dnowprefetch cpuid_fault invpcid_single ssbd ibrs ibpb stibp ibrs_enhanced tpr_shadow vnmi ept vpid fsgsbase tsc_adjust bmi1 hle avx2 smep bmi2 invpcid rtm mpx rdseed adx smap clflushopt xsaveopt xsavec xsaves arat md_clear flush_l1d arch_capabilities
bugs		: spectre_v1 spectre_v2 spec_store_bypass swapgs
bogomips	: 5999.99
clflush size	: 64
cache_alignment	: 64
address sizes	: 43 bits physical, 48 bits virtual
power management:

processor	: 1
vendor_id	: GenuineIntel
cpu family	: 6
model		: 158
model name	: Intel(R) Core(TM) i7-9700 CPU @ 3.00GHz
stepping	: 13
microcode	: 0xb4
cpu MHz		: 2999.999
cache size	: 12288 KB
physical id	: 0
siblings	: 2
core id		: 1
cpu cores	: 2
apicid		: 1
initial apicid	: 1
fpu		: yes
fpu_exception	: yes
cpuid level	: 22
wp		: yes
flags		: fpu vme de pse tsc msr pae mce cx8 apic sep mtrr pge mca cmov pat pse36 clflush mmx fxsr sse sse2 ss ht syscall nx pdpe1gb rdtscp lm constant_tsc arch_perfmon nopl xtopology tsc_reliable nonstop_tsc cpuid pni pclmulqdq vmx ssse3 fma cx16 pcid sse4_1 sse4_2 x2apic movbe popcnt tsc_deadline_timer aes xsave avx f16c rdrand hypervisor lahf_lm abm 3dnowprefetch cpuid_fault invpcid_single ssbd ibrs ibpb stibp ibrs_enhanced tpr_shadow vnmi ept vpid fsgsbase tsc_adjust bmi1 hle avx2 smep bmi2 invpcid rtm mpx rdseed adx smap clflushopt xsaveopt xsavec xsaves arat md_clear flush_l1d arch_capabilities
bugs		: spectre_v1 spectre_v2 spec_store_bypass swapgs
bogomips	: 5999.99
clflush size	: 64
cache_alignment	: 64
address sizes	: 43 bits physical, 48 bits virtual
power management:

processor	: 2
vendor_id	: GenuineIntel
cpu family	: 6
model		: 158
model name	: Intel(R) Core(TM) i7-9700 CPU @ 3.00GHz
stepping	: 13
microcode	: 0xb4
cpu MHz		: 2999.999
cache size	: 12288 KB
physical id	: 1
siblings	: 2
core id		: 0
cpu cores	: 2
apicid		: 2
initial apicid	: 2
fpu		: yes
fpu_exception	: yes
cpuid level	: 22
wp		: yes
flags		: fpu vme de pse tsc msr pae mce cx8 apic sep mtrr pge mca cmov pat pse36 clflush mmx fxsr sse sse2 ss ht syscall nx pdpe1gb rdtscp lm constant_tsc arch_perfmon nopl xtopology tsc_reliable nonstop_tsc cpuid pni pclmulqdq vmx ssse3 fma cx16 pcid sse4_1 sse4_2 x2apic movbe popcnt tsc_deadline_timer aes xsave avx f16c rdrand hypervisor lahf_lm abm 3dnowprefetch cpuid_fault invpcid_single ssbd ibrs ibpb stibp ibrs_enhanced tpr_shadow vnmi ept vpid fsgsbase tsc_adjust bmi1 hle avx2 smep bmi2 invpcid rtm mpx rdseed adx smap clflushopt xsaveopt xsavec xsaves arat md_clear flush_l1d arch_capabilities
bugs		: spectre_v1 spectre_v2 spec_store_bypass swapgs
bogomips	: 5999.99
clflush size	: 64
cache_alignment	: 64
address sizes	: 43 bits physical, 48 bits virtual
power management:

processor	: 3
vendor_id	: GenuineIntel
cpu family	: 6
model		: 158
model name	: Intel(R) Core(TM) i7-9700 CPU @ 3.00GHz
stepping	: 13
microcode	: 0xb4
cpu MHz		: 2999.999
cache size	: 12288 KB
physical id	: 1
siblings	: 2
core id		: 1
cpu cores	: 2
apicid		: 3
initial apicid	: 3
fpu		: yes
fpu_exception	: yes
cpuid level	: 22
wp		: yes
flags		: fpu vme de pse tsc msr pae mce cx8 apic sep mtrr pge mca cmov pat pse36 clflush mmx fxsr sse sse2 ss ht syscall nx pdpe1gb rdtscp lm constant_tsc arch_perfmon nopl xtopology tsc_reliable nonstop_tsc cpuid pni pclmulqdq vmx ssse3 fma cx16 pcid sse4_1 sse4_2 x2apic movbe popcnt tsc_deadline_timer aes xsave avx f16c rdrand hypervisor lahf_lm abm 3dnowprefetch cpuid_fault invpcid_single ssbd ibrs ibpb stibp ibrs_enhanced tpr_shadow vnmi ept vpid fsgsbase tsc_adjust bmi1 hle avx2 smep bmi2 invpcid rtm mpx rdseed adx smap clflushopt xsaveopt xsavec xsaves arat md_clear flush_l1d arch_capabilities
bugs		: spectre_v1 spectre_v2 spec_store_bypass swapgs
bogomips	: 5999.99
clflush size	: 64
cache_alignment	: 64
address sizes	: 43 bits physical, 48 bits virtual
power management:



Memory: 4k page, physical 4015688k(132084k free), swap 2097148k(686248k free)

vm_info: Java HotSpot(TM) 64-Bit Server VM (25.221-b11) for linux-amd64 JRE (1.8.0_221-b11), built on Jul  4 2019 04:27:00 by "java_re" with gcc 7.3.0

time: Sat Nov  2 11:55:46 2019
timezone: CST
elapsed time: 0 seconds (0d 0h 0m 0s)

