#
# A fatal error has been detected by the Java Runtime Environment:
#
#  SIGSEGV (0xb) at pc=0x00007f55dd3ac817, pid=20133, tid=0x00007f55c2324700
#
# JRE version: Java(TM) SE Runtime Environment (8.0_221-b11) (build 1.8.0_221-b11)
# Java VM: Java HotSpot(TM) 64-Bit Server VM (25.221-b11 interpreted mode linux-amd64 compressed oops)
# Problematic frame:
# V  [libjvm.so+0x6d9817]  JNI_ArgumentPusherVaArg::JNI_ArgumentPusherVaArg(_jmethodID*, __va_list_tag*)+0x7
#
# Failed to write core dump. Core dumps have been disabled. To enable core dumping, try "ulimit -c unlimited" before starting Java again
#
# If you would like to submit a bug report, please visit:
#   http://bugreport.java.com/bugreport/crash.jsp
#

---------------  T H R E A D  ---------------

Current thread (0x00007f5584001000):  JavaThread "Thread-0" [_thread_in_vm, id=20145, stack(0x00007f55c1b25000,0x00007f55c2325000)]

siginfo: si_signo: 11 (SIGSEGV), si_code: 1 (SEGV_MAPERR), si_addr: 0x0000000000000000

Registers:
RAX=0x00007f5584002998, RBX=0x00007f5584001000, RCX=0x0000000000000003, RDX=0x00007f55c2323dd0
RSP=0x00007f55c2323cf0, RBP=0x00007f55c2323d00, RSI=0x0000000000000000, RDI=0x00007f55c2323d50
R8 =0x00007f55c2323d50, R9 =0x0000000000000000, R10=0x0000000000000000, R11=0x00007f55dd80889c
R12=0x00007f55840011f8, R13=0x00007f5584002998, R14=0x0000000000000000, R15=0x00007f55c2323dd0
RIP=0x00007f55dd3ac817, EFLAGS=0x0000000000010202, CSGSFS=0x002b000000000033, ERR=0x0000000000000004
  TRAPNO=0x000000000000000e

Top of Stack: (sp=0x00007f55c2323cf0)
0x00007f55c2323cf0:   00007f5584001000 00007f55840011f8
0x00007f55c2323d00:   00007f55c2323dc0 00007f55dd3a9e99
0x00007f55c2323d10:   00007f5584001b18 00007f55c2323d50
0x00007f55c2323d20:   000055800000000e 0000062ec2323d50
0x00007f55c2323d30:   00007f5584001000 00007f5584001b70
0x00007f55c2323d40:   000000000000062e 00007f55dd820220
0x00007f55c2323d50:   00007f55ddced5c0 00005580fdae6849
0x00007f55c2323d60:   00007f55c2323de0 00007f55dd242df3
0x00007f55c2323d70:   0000000000000000 00007f55dd242dbf
0x00007f55c2323d80:   0000000000000000 0000000000000000
0x00007f55c2323d90:   00007f55c2323de0 00007f55840011f8
0x00007f55c2323da0:   00007f5584002990 0000000000000000
0x00007f55c2323db0:   0000000000000000 00007ffe509ee040
0x00007f55c2323dc0:   00007f55ddc603e0 00005580fdae65f3
0x00007f55c2323dd0:   0000003000000018 00007f55c2323eb0
0x00007f55c2323de0:   00007f55c2323df0 08d60958c58e3800
0x00007f55c2323df0:   00000000ddc9af98 00007f5584002990
0x00007f55c2323e00:   0000000000000001 0000000000000000
0x00007f55c2323e10:   0000000000000000 0000000000000000
0x00007f55c2323e20:   00007f55840027f0 00007f5584001000
0x00007f55c2323e30:   00007f5584002990 00005580fdae6849
0x00007f55c2323e40:   00005580fdae686f 00007f5584001000
0x00007f55c2323e50:   00007f55c2323ea0 00007f55dd39a8e5
0x00007f55c2323e60:   00007f5584001000 0000000000000000
0x00007f55c2323e70:   0000000000000000 00007f55840011f8
0x00007f55c2323e80:   00007f55840011f8 00007f5584002990
0x00007f55c2323e90:   0000000000000000 0000000000000000
0x00007f55c2323ea0:   00007f55ddc603e0 00005580fdae6346
0x00007f55c2323eb0:   00007f55840011f8 08d60958c58e3800
0x00007f55c2323ec0:   00005580ff29dbc0 0000000000000000
0x00007f55c2323ed0:   00007f55c2323fc0 0000000000000000
0x00007f55c2323ee0:   0000000000000000 00005580fdae5f55 

Instructions: (pc=0x00007f55dd3ac817)
0x00007f55dd3ac7f7:   66 0f 1f 84 00 00 00 00 00 31 c0 c3 66 2e 0f 1f
0x00007f55dd3ac807:   84 00 00 00 00 00 0f 1f 00 55 48 89 e5 41 54 53
0x00007f55dd3ac817:   48 8b 06 49 89 d4 48 89 fb 48 8b 40 08 0f b7 50
0x00007f55dd3ac827:   24 48 8b 40 08 48 8b 74 d0 50 e8 9a 97 30 00 48 

Register to memory mapping:

RAX=0x00007f5584002998 is an unknown value
RBX=0x00007f5584001000 is a thread
RCX=0x0000000000000003 is an unknown value
RDX=0x00007f55c2323dd0 is pointing into the stack for thread: 0x00007f5584001000
RSP=0x00007f55c2323cf0 is pointing into the stack for thread: 0x00007f5584001000
RBP=0x00007f55c2323d00 is pointing into the stack for thread: 0x00007f5584001000
RSI=0x0000000000000000 is an unknown value
RDI=0x00007f55c2323d50 is pointing into the stack for thread: 0x00007f5584001000
R8 =0x00007f55c2323d50 is pointing into the stack for thread: 0x00007f5584001000
R9 =0x0000000000000000 is an unknown value
R10=0x0000000000000000 is an unknown value
R11=0x00007f55dd80889c: <offset 0xb3589c> in /usr/local/java/jre/lib/amd64/server/libjvm.so at 0x00007f55dccd3000
R12=0x00007f55840011f8 is an unknown value
R13=0x00007f5584002998 is an unknown value
R14=0x0000000000000000 is an unknown value
R15=0x00007f55c2323dd0 is pointing into the stack for thread: 0x00007f5584001000


Stack: [0x00007f55c1b25000,0x00007f55c2325000],  sp=0x00007f55c2323cf0,  free space=8187k
Native frames: (J=compiled Java code, j=interpreted, Vv=VM code, C=native code)
V  [libjvm.so+0x6d9817]  JNI_ArgumentPusherVaArg::JNI_ArgumentPusherVaArg(_jmethodID*, __va_list_tag*)+0x7
V  [libjvm.so+0x6d6e99]  jni_NewObjectV+0xb9
C  [main+0x15f3]  JNIEnv_::NewObject(_jclass*, _jmethodID*, ...)+0x93


---------------  P R O C E S S  ---------------

Java Threads: ( => current thread )
  0x00007f5590001000 JavaThread "Thread-5" [_thread_in_vm, id=20149, stack(0x00007f559b800000,0x00007f559c000000)]
  0x00007f5574001000 JavaThread "Thread-4" [_thread_in_vm, id=20146, stack(0x00007f55c1324000,0x00007f55c1b24000)]
  0x00007f557c001000 JavaThread "Thread-3" [_thread_in_vm, id=20144, stack(0x00007f55c2326000,0x00007f55c2b26000)]
  0x00007f558c001000 JavaThread "Thread-1" [_thread_in_vm, id=20147, stack(0x00007f55c0b23000,0x00007f55c1323000)]
=>0x00007f5584001000 JavaThread "Thread-0" [_thread_in_vm, id=20145, stack(0x00007f55c1b25000,0x00007f55c2325000)]
  0x00007f5594001000 JavaThread "Thread-2" [_thread_in_vm, id=20148, stack(0x00007f55c0322000,0x00007f55c0b22000)]
  0x00005580ff29b000 JavaThread "Service Thread" daemon [_thread_blocked, id=20142, stack(0x00007f55c2c27000,0x00007f55c2d28000)]
  0x00005580ff299000 JavaThread "Signal Dispatcher" daemon [_thread_blocked, id=20141, stack(0x00007f55c2d28000,0x00007f55c2e29000)]
  0x00005580ff268800 JavaThread "Finalizer" daemon [_thread_blocked, id=20140, stack(0x00007f55c37f8000,0x00007f55c38f9000)]
  0x00005580ff264000 JavaThread "Reference Handler" daemon [_thread_blocked, id=20139, stack(0x00007f55c38f9000,0x00007f55c39fa000)]
  0x00005580ff1ec000 JavaThread "main" [_thread_in_native, id=20133, stack(0x00007ffe508ef000,0x00007ffe509ef000)]

Other Threads:
  0x00005580ff25a000 VMThread [stack: 0x00007f55c39fb000,0x00007f55c3afb000] [id=20138]
  0x00005580ff29e000 WatcherThread [stack: 0x00007f55c2b27000,0x00007f55c2c27000] [id=20143]

VM state:not at safepoint (normal execution)

VM Mutex/Monitor currently owned by a thread: None

heap address: 0x00000000c2a00000, size: 982 MB, Compressed Oops mode: 32-bit
Narrow klass base: 0x0000000000000000, Narrow klass shift: 3
Compressed class space size: 1073741824 Address: 0x0000000100000000

Heap:
 PSYoungGen      total 18432K, used 2541K [0x00000000eb900000, 0x00000000ecd80000, 0x0000000100000000)
  eden space 15872K, 16% used [0x00000000eb900000,0x00000000ebb7b718,0x00000000ec880000)
  from space 2560K, 0% used [0x00000000ecb00000,0x00000000ecb00000,0x00000000ecd80000)
  to   space 2560K, 0% used [0x00000000ec880000,0x00000000ec880000,0x00000000ecb00000)
 ParOldGen       total 42496K, used 0K [0x00000000c2a00000, 0x00000000c5380000, 0x00000000eb900000)
  object space 42496K, 0% used [0x00000000c2a00000,0x00000000c2a00000,0x00000000c5380000)
 Metaspace       used 2564K, capacity 4486K, committed 4864K, reserved 1056768K
  class space    used 281K, capacity 386K, committed 512K, reserved 1048576K

Card table byte_map: [0x00007f55cbad1000,0x00007f55cbcbd000] byte_map_base: 0x00007f55cb4bc000

Marking Bits: (ParMarkBitMap*) 0x00007f55ddc9ed80
 Begin Bits: [0x00007f55c981d000, 0x00007f55ca775000)
 End Bits:   [0x00007f55ca775000, 0x00007f55cb6cd000)

Polling page: 0x00007f55ddee0000

CodeCache: size=245760Kb used=473Kb max_used=473Kb free=245286Kb
 bounds [0x00007f55cc07d000, 0x00007f55cc2ed000, 0x00007f55db07d000]
 total_blobs=179 nmethods=0 adapters=145
 compilation: disabled (interpreter mode)

Compilation events (0 events):
No events

GC Heap History (0 events):
No events

Deoptimization events (0 events):
No events

Classes redefined (0 events):
No events

Internal exceptions (3 events):
Event: 0.026 Thread 0x00005580ff1ec000 Exception <a 'java/lang/NoSuchMethodError': Method sun.misc.Unsafe.defineClass(Ljava/lang/String;[BII)Ljava/lang/Class; name or signature does not match> (0x00000000eb907cb8) thrown at [/HUDSON/workspace/8-2-build-linux-amd64/jdk8u221/13320/hotspot/src/sh
Event: 0.026 Thread 0x00005580ff1ec000 Exception <a 'java/lang/NoSuchMethodError': Method sun.misc.Unsafe.prefetchRead(Ljava/lang/Object;J)V name or signature does not match> (0x00000000eb907fa0) thrown at [/HUDSON/workspace/8-2-build-linux-amd64/jdk8u221/13320/hotspot/src/share/vm/prims/jni.c
Event: 0.051 Thread 0x00007f5584001000 Exception <a 'java/lang/NoSuchMethodError': Helloworld> (0x00000000eba01970) thrown at [/HUDSON/workspace/8-2-build-linux-amd64/jdk8u221/13320/hotspot/src/share/vm/prims/jni.cpp, line 1582]

Events (10 events):
Event: 0.051 loading class java/io/FilePermission$1
Event: 0.051 loading class java/io/FilePermission$1 done
Event: 0.051 loading class java/io/FilePermissionCollection
Event: 0.051 loading class java/io/FilePermissionCollection done
Event: 0.051 loading class java/security/AllPermission
Event: 0.051 loading class java/security/AllPermission done
Event: 0.051 loading class java/security/UnresolvedPermission
Event: 0.051 loading class java/security/UnresolvedPermission done
Event: 0.051 loading class java/security/BasicPermissionCollection
Event: 0.051 loading class java/security/BasicPermissionCollection done


Dynamic libraries:
c2a00000-c5380000 rw-p 00000000 00:00 0 
c5380000-eb900000 ---p 00000000 00:00 0 
eb900000-ecd80000 rw-p 00000000 00:00 0 
ecd80000-100000000 ---p 00000000 00:00 0 
100000000-100080000 rw-p 00000000 00:00 0 
100080000-140000000 ---p 00000000 00:00 0 
5580fdae5000-5580fdae7000 r-xp 00000000 08:01 7053                       /home/wanhui/CallJvm/callJvmThreadpool/cmake-build-debug/main
5580fdce6000-5580fdce7000 r--p 00001000 08:01 7053                       /home/wanhui/CallJvm/callJvmThreadpool/cmake-build-debug/main
5580fdce7000-5580fdce8000 rw-p 00002000 08:01 7053                       /home/wanhui/CallJvm/callJvmThreadpool/cmake-build-debug/main
5580ff1cf000-5580ff2a9000 rw-p 00000000 00:00 0                          [heap]
7f5574000000-7f5574021000 rw-p 00000000 00:00 0 
7f5574021000-7f5578000000 ---p 00000000 00:00 0 
7f557c000000-7f557c021000 rw-p 00000000 00:00 0 
7f557c021000-7f5580000000 ---p 00000000 00:00 0 
7f5584000000-7f558403f000 rw-p 00000000 00:00 0 
7f558403f000-7f5588000000 ---p 00000000 00:00 0 
7f558c000000-7f558c021000 rw-p 00000000 00:00 0 
7f558c021000-7f5590000000 ---p 00000000 00:00 0 
7f5590000000-7f5590021000 rw-p 00000000 00:00 0 
7f5590021000-7f5594000000 ---p 00000000 00:00 0 
7f5594000000-7f5594021000 rw-p 00000000 00:00 0 
7f5594021000-7f5598000000 ---p 00000000 00:00 0 
7f559b7ff000-7f559b800000 ---p 00000000 00:00 0 
7f559b800000-7f559b803000 ---p 00000000 00:00 0 
7f559b803000-7f559c000000 rw-p 00000000 00:00 0 
7f559c000000-7f559c021000 rw-p 00000000 00:00 0 
7f559c021000-7f55a0000000 ---p 00000000 00:00 0 
7f55a0000000-7f55a0021000 rw-p 00000000 00:00 0 
7f55a0021000-7f55a4000000 ---p 00000000 00:00 0 
7f55a4000000-7f55a4021000 rw-p 00000000 00:00 0 
7f55a4021000-7f55a8000000 ---p 00000000 00:00 0 
7f55a8000000-7f55a8021000 rw-p 00000000 00:00 0 
7f55a8021000-7f55ac000000 ---p 00000000 00:00 0 
7f55ac000000-7f55ac021000 rw-p 00000000 00:00 0 
7f55ac021000-7f55b0000000 ---p 00000000 00:00 0 
7f55b0000000-7f55b0021000 rw-p 00000000 00:00 0 
7f55b0021000-7f55b4000000 ---p 00000000 00:00 0 
7f55b4000000-7f55b4021000 rw-p 00000000 00:00 0 
7f55b4021000-7f55b8000000 ---p 00000000 00:00 0 
7f55b8000000-7f55b8021000 rw-p 00000000 00:00 0 
7f55b8021000-7f55bc000000 ---p 00000000 00:00 0 
7f55bc000000-7f55bc021000 rw-p 00000000 00:00 0 
7f55bc021000-7f55c0000000 ---p 00000000 00:00 0 
7f55c008c000-7f55c0321000 rw-p 00000000 00:00 0 
7f55c0321000-7f55c0322000 ---p 00000000 00:00 0 
7f55c0322000-7f55c0325000 ---p 00000000 00:00 0 
7f55c0325000-7f55c0b22000 rw-p 00000000 00:00 0 
7f55c0b22000-7f55c0b23000 ---p 00000000 00:00 0 
7f55c0b23000-7f55c0b26000 ---p 00000000 00:00 0 
7f55c0b26000-7f55c1323000 rw-p 00000000 00:00 0 
7f55c1323000-7f55c1324000 ---p 00000000 00:00 0 
7f55c1324000-7f55c1327000 ---p 00000000 00:00 0 
7f55c1327000-7f55c1b24000 rw-p 00000000 00:00 0 
7f55c1b24000-7f55c1b25000 ---p 00000000 00:00 0 
7f55c1b25000-7f55c1b28000 ---p 00000000 00:00 0 
7f55c1b28000-7f55c2325000 rw-p 00000000 00:00 0 
7f55c2325000-7f55c2326000 ---p 00000000 00:00 0 
7f55c2326000-7f55c2329000 ---p 00000000 00:00 0 
7f55c2329000-7f55c2b26000 rw-p 00000000 00:00 0 
7f55c2b26000-7f55c2b27000 ---p 00000000 00:00 0 
7f55c2b27000-7f55c2c27000 rw-p 00000000 00:00 0 
7f55c2c27000-7f55c2c2a000 ---p 00000000 00:00 0 
7f55c2c2a000-7f55c2d28000 rw-p 00000000 00:00 0 
7f55c2d28000-7f55c2d2b000 ---p 00000000 00:00 0 
7f55c2d2b000-7f55c2e29000 rw-p 00000000 00:00 0 
7f55c2e29000-7f55c37f8000 r--p 00000000 08:01 1186501                    /usr/lib/locale/locale-archive
7f55c37f8000-7f55c37fb000 ---p 00000000 00:00 0 
7f55c37fb000-7f55c38f9000 rw-p 00000000 00:00 0 
7f55c38f9000-7f55c38fc000 ---p 00000000 00:00 0 
7f55c38fc000-7f55c39fa000 rw-p 00000000 00:00 0 
7f55c39fa000-7f55c39fb000 ---p 00000000 00:00 0 
7f55c39fb000-7f55c4000000 rw-p 00000000 00:00 0 
7f55c4000000-7f55c4021000 rw-p 00000000 00:00 0 
7f55c4021000-7f55c8000000 ---p 00000000 00:00 0 
7f55c80e3000-7f55c8be2000 rw-p 00000000 00:00 0 
7f55c8be2000-7f55c8dbc000 r--s 03d88000 08:01 1324703                    /usr/local/java/jre/lib/rt.jar
7f55c8dbc000-7f55c9272000 rw-p 00000000 00:00 0 
7f55c9272000-7f55c9632000 ---p 00000000 00:00 0 
7f55c9632000-7f55cb6cd000 rw-p 00000000 00:00 0 
7f55cb6cd000-7f55cb6ce000 ---p 00000000 00:00 0 
7f55cb6ce000-7f55cb7ce000 rw-p 00000000 00:00 0 
7f55cb7ce000-7f55cb7cf000 ---p 00000000 00:00 0 
7f55cb7cf000-7f55cb8cf000 rw-p 00000000 00:00 0 
7f55cb8cf000-7f55cb8d0000 ---p 00000000 00:00 0 
7f55cb8d0000-7f55cb9d0000 rw-p 00000000 00:00 0 
7f55cb9d0000-7f55cb9d1000 ---p 00000000 00:00 0 
7f55cb9d1000-7f55cbae6000 rw-p 00000000 00:00 0 
7f55cbae6000-7f55cbc18000 ---p 00000000 00:00 0 
7f55cbc18000-7f55cbc23000 rw-p 00000000 00:00 0 
7f55cbc23000-7f55cbcbc000 ---p 00000000 00:00 0 
7f55cbcbc000-7f55cbcc7000 rw-p 00000000 00:00 0 
7f55cbcc7000-7f55cc07d000 ---p 00000000 00:00 0 
7f55cc07d000-7f55cc2ed000 rwxp 00000000 00:00 0 
7f55cc2ed000-7f55db07d000 ---p 00000000 00:00 0 
7f55db07d000-7f55db098000 r-xp 00000000 08:01 1453051                    /usr/local/java/jre/lib/amd64/libzip.so
7f55db098000-7f55db297000 ---p 0001b000 08:01 1453051                    /usr/local/java/jre/lib/amd64/libzip.so
7f55db297000-7f55db298000 r--p 0001a000 08:01 1453051                    /usr/local/java/jre/lib/amd64/libzip.so
7f55db298000-7f55db299000 rw-p 0001b000 08:01 1453051                    /usr/local/java/jre/lib/amd64/libzip.so
7f55db299000-7f55db2a4000 r-xp 00000000 08:01 2233846                    /lib/x86_64-linux-gnu/libnss_files-2.27.so
7f55db2a4000-7f55db4a3000 ---p 0000b000 08:01 2233846                    /lib/x86_64-linux-gnu/libnss_files-2.27.so
7f55db4a3000-7f55db4a4000 r--p 0000a000 08:01 2233846                    /lib/x86_64-linux-gnu/libnss_files-2.27.so
7f55db4a4000-7f55db4a5000 rw-p 0000b000 08:01 2233846                    /lib/x86_64-linux-gnu/libnss_files-2.27.so
7f55db4a5000-7f55db4ab000 rw-p 00000000 00:00 0 
7f55db4ab000-7f55db4c2000 r-xp 00000000 08:01 2233840                    /lib/x86_64-linux-gnu/libnsl-2.27.so
7f55db4c2000-7f55db6c1000 ---p 00017000 08:01 2233840                    /lib/x86_64-linux-gnu/libnsl-2.27.so
7f55db6c1000-7f55db6c2000 r--p 00016000 08:01 2233840                    /lib/x86_64-linux-gnu/libnsl-2.27.so
7f55db6c2000-7f55db6c3000 rw-p 00017000 08:01 2233840                    /lib/x86_64-linux-gnu/libnsl-2.27.so
7f55db6c3000-7f55db6c5000 rw-p 00000000 00:00 0 
7f55db6c5000-7f55db6d0000 r-xp 00000000 08:01 2233857                    /lib/x86_64-linux-gnu/libnss_nis-2.27.so
7f55db6d0000-7f55db8cf000 ---p 0000b000 08:01 2233857                    /lib/x86_64-linux-gnu/libnss_nis-2.27.so
7f55db8cf000-7f55db8d0000 r--p 0000a000 08:01 2233857                    /lib/x86_64-linux-gnu/libnss_nis-2.27.so
7f55db8d0000-7f55db8d1000 rw-p 0000b000 08:01 2233857                    /lib/x86_64-linux-gnu/libnss_nis-2.27.so
7f55db8d1000-7f55db8d9000 r-xp 00000000 08:01 2233842                    /lib/x86_64-linux-gnu/libnss_compat-2.27.so
7f55db8d9000-7f55dbad9000 ---p 00008000 08:01 2233842                    /lib/x86_64-linux-gnu/libnss_compat-2.27.so
7f55dbad9000-7f55dbada000 r--p 00008000 08:01 2233842                    /lib/x86_64-linux-gnu/libnss_compat-2.27.so
7f55dbada000-7f55dbadb000 rw-p 00009000 08:01 2233842                    /lib/x86_64-linux-gnu/libnss_compat-2.27.so
7f55dbadb000-7f55dbb07000 r-xp 00000000 08:01 1453042                    /usr/local/java/jre/lib/amd64/libjava.so
7f55dbb07000-7f55dbd07000 ---p 0002c000 08:01 1453042                    /usr/local/java/jre/lib/amd64/libjava.so
7f55dbd07000-7f55dbd08000 r--p 0002c000 08:01 1453042                    /usr/local/java/jre/lib/amd64/libjava.so
7f55dbd08000-7f55dbd0a000 rw-p 0002d000 08:01 1453042                    /usr/local/java/jre/lib/amd64/libjava.so
7f55dbd0a000-7f55dbd17000 r-xp 00000000 08:01 1453033                    /usr/local/java/jre/lib/amd64/libverify.so
7f55dbd17000-7f55dbf16000 ---p 0000d000 08:01 1453033                    /usr/local/java/jre/lib/amd64/libverify.so
7f55dbf16000-7f55dbf18000 r--p 0000c000 08:01 1453033                    /usr/local/java/jre/lib/amd64/libverify.so
7f55dbf18000-7f55dbf19000 rw-p 0000e000 08:01 1453033                    /usr/local/java/jre/lib/amd64/libverify.so
7f55dbf19000-7f55dbf20000 r-xp 00000000 08:01 2233897                    /lib/x86_64-linux-gnu/librt-2.27.so
7f55dbf20000-7f55dc11f000 ---p 00007000 08:01 2233897                    /lib/x86_64-linux-gnu/librt-2.27.so
7f55dc11f000-7f55dc120000 r--p 00006000 08:01 2233897                    /lib/x86_64-linux-gnu/librt-2.27.so
7f55dc120000-7f55dc121000 rw-p 00007000 08:01 2233897                    /lib/x86_64-linux-gnu/librt-2.27.so
7f55dc121000-7f55dc124000 r-xp 00000000 08:01 2233779                    /lib/x86_64-linux-gnu/libdl-2.27.so
7f55dc124000-7f55dc323000 ---p 00003000 08:01 2233779                    /lib/x86_64-linux-gnu/libdl-2.27.so
7f55dc323000-7f55dc324000 r--p 00002000 08:01 2233779                    /lib/x86_64-linux-gnu/libdl-2.27.so
7f55dc324000-7f55dc325000 rw-p 00003000 08:01 2233779                    /lib/x86_64-linux-gnu/libdl-2.27.so
7f55dc325000-7f55dc4c2000 r-xp 00000000 08:01 2233819                    /lib/x86_64-linux-gnu/libm-2.27.so
7f55dc4c2000-7f55dc6c1000 ---p 0019d000 08:01 2233819                    /lib/x86_64-linux-gnu/libm-2.27.so
7f55dc6c1000-7f55dc6c2000 r--p 0019c000 08:01 2233819                    /lib/x86_64-linux-gnu/libm-2.27.so
7f55dc6c2000-7f55dc6c3000 rw-p 0019d000 08:01 2233819                    /lib/x86_64-linux-gnu/libm-2.27.so
7f55dc6c3000-7f55dc8aa000 r-xp 00000000 08:01 2233756                    /lib/x86_64-linux-gnu/libc-2.27.so
7f55dc8aa000-7f55dcaaa000 ---p 001e7000 08:01 2233756                    /lib/x86_64-linux-gnu/libc-2.27.so
7f55dcaaa000-7f55dcaae000 r--p 001e7000 08:01 2233756                    /lib/x86_64-linux-gnu/libc-2.27.so
7f55dcaae000-7f55dcab0000 rw-p 001eb000 08:01 2233756                    /lib/x86_64-linux-gnu/libc-2.27.so
7f55dcab0000-7f55dcab4000 rw-p 00000000 00:00 0 
7f55dcab4000-7f55dcace000 r-xp 00000000 08:01 2233889                    /lib/x86_64-linux-gnu/libpthread-2.27.so
7f55dcace000-7f55dcccd000 ---p 0001a000 08:01 2233889                    /lib/x86_64-linux-gnu/libpthread-2.27.so
7f55dcccd000-7f55dccce000 r--p 00019000 08:01 2233889                    /lib/x86_64-linux-gnu/libpthread-2.27.so
7f55dccce000-7f55dcccf000 rw-p 0001a000 08:01 2233889                    /lib/x86_64-linux-gnu/libpthread-2.27.so
7f55dcccf000-7f55dccd3000 rw-p 00000000 00:00 0 
7f55dccd3000-7f55dd9bb000 r-xp 00000000 08:01 1453049                    /usr/local/java/jre/lib/amd64/server/libjvm.so
7f55dd9bb000-7f55ddbba000 ---p 00ce8000 08:01 1453049                    /usr/local/java/jre/lib/amd64/server/libjvm.so
7f55ddbba000-7f55ddc50000 r--p 00ce7000 08:01 1453049                    /usr/local/java/jre/lib/amd64/server/libjvm.so
7f55ddc50000-7f55ddc81000 rw-p 00d7d000 08:01 1453049                    /usr/local/java/jre/lib/amd64/server/libjvm.so
7f55ddc81000-7f55ddcbc000 rw-p 00000000 00:00 0 
7f55ddcbc000-7f55ddce3000 r-xp 00000000 08:01 2233728                    /lib/x86_64-linux-gnu/ld-2.27.so
7f55ddcec000-7f55ddd98000 rw-p 00000000 00:00 0 
7f55ddd98000-7f55ddecb000 ---p 00000000 00:00 0 
7f55ddecb000-7f55ddecd000 rw-p 00000000 00:00 0 
7f55dded6000-7f55dded7000 r--s 00000000 08:01 7072                       /home/wanhui/CallJvm/callJvmThreadpool/qin_test1.jar
7f55dded7000-7f55ddedf000 rw-s 00000000 08:01 4417                       /tmp/hsperfdata_wanhui/20133
7f55ddedf000-7f55ddee0000 rw-p 00000000 00:00 0 
7f55ddee0000-7f55ddee1000 r--p 00000000 00:00 0 
7f55ddee1000-7f55ddee3000 rw-p 00000000 00:00 0 
7f55ddee3000-7f55ddee4000 r--p 00027000 08:01 2233728                    /lib/x86_64-linux-gnu/ld-2.27.so
7f55ddee4000-7f55ddee5000 rw-p 00028000 08:01 2233728                    /lib/x86_64-linux-gnu/ld-2.27.so
7f55ddee5000-7f55ddee6000 rw-p 00000000 00:00 0 
7ffe508ef000-7ffe508f2000 ---p 00000000 00:00 0 
7ffe508f2000-7ffe509ef000 rw-p 00000000 00:00 0                          [stack]
7ffe509f8000-7ffe509fb000 r--p 00000000 00:00 0                          [vvar]
7ffe509fb000-7ffe509fd000 r-xp 00000000 00:00 0                          [vdso]
ffffffffff600000-ffffffffff601000 r-xp 00000000 00:00 0                  [vsyscall]

VM Arguments:
jvm_args: -Djava.compiler=NONE -verbose:jni 
java_command: <unknown>
java_class_path (initial): .:/home/wanhui/CallJvm/callJvmThreadpool/qin_test1.jar
Launcher Type: generic

Environment Variables:
JAVA_HOME=/usr/local/java
CLASSPATH=/home/wanhui/Downloads/clion-2019.2.1/lib/bootstrap.jar:/home/wanhui/Downloads/clion-2019.2.1/lib/extensions.jar:/home/wanhui/Downloads/clion-2019.2.1/lib/util.jar:/home/wanhui/Downloads/clion-2019.2.1/lib/jdom.jar:/home/wanhui/Downloads/clion-2019.2.1/lib/log4j.jar:/home/wanhui/Downloads/clion-2019.2.1/lib/trove4j.jar:/home/wanhui/Downloads/clion-2019.2.1/lib/jna.jar
PATH=/usr/local/sbin:/usr/local/bin:/usr/sbin:/usr/bin:/sbin:/bin:/snap/bin:/usr/local/redis/redis-4.0.9.tar_files/redis-4.0.9/src:/usr/local/mysql/bin
USERNAME=wanhui
SHELL=/bin/bash
DISPLAY=:0

Signal Handlers:
SIGSEGV: [libjvm.so+0xad3d90], sa_mask[0]=11111111011111111101111111111110, sa_flags=SA_RESTART|SA_SIGINFO
SIGBUS: [libjvm.so+0xad3d90], sa_mask[0]=11111111011111111101111111111110, sa_flags=SA_RESTART|SA_SIGINFO
SIGFPE: [libjvm.so+0x90b8b0], sa_mask[0]=11111111011111111101111111111110, sa_flags=SA_RESTART|SA_SIGINFO
SIGPIPE: [libjvm.so+0x90b8b0], sa_mask[0]=11111111011111111101111111111110, sa_flags=SA_RESTART|SA_SIGINFO
SIGXFSZ: [libjvm.so+0x90b8b0], sa_mask[0]=11111111011111111101111111111110, sa_flags=SA_RESTART|SA_SIGINFO
SIGILL: [libjvm.so+0x90b8b0], sa_mask[0]=11111111011111111101111111111110, sa_flags=SA_RESTART|SA_SIGINFO
SIGUSR1: SIG_DFL, sa_mask[0]=00000000000000000000000000000000, sa_flags=none
SIGUSR2: [libjvm.so+0x90b780], sa_mask[0]=00100000000000000000000000000000, sa_flags=SA_RESTART|SA_SIGINFO
SIGHUP: [libjvm.so+0x90bda0], sa_mask[0]=11111111011111111101111111111110, sa_flags=SA_RESTART|SA_SIGINFO
SIGINT: [libjvm.so+0x90bda0], sa_mask[0]=11111111011111111101111111111110, sa_flags=SA_RESTART|SA_SIGINFO
SIGTERM: [libjvm.so+0x90bda0], sa_mask[0]=11111111011111111101111111111110, sa_flags=SA_RESTART|SA_SIGINFO
SIGQUIT: [libjvm.so+0x90bda0], sa_mask[0]=11111111011111111101111111111110, sa_flags=SA_RESTART|SA_SIGINFO


---------------  S Y S T E M  ---------------

OS:DISTRIB_ID=Ubuntu
DISTRIB_RELEASE=18.04
DISTRIB_CODENAME=bionic
DISTRIB_DESCRIPTION="Ubuntu 18.04.3 LTS"

uname:Linux 4.15.0-66-generic #75-Ubuntu SMP Tue Oct 1 05:24:09 UTC 2019 x86_64
libc:glibc 2.27 NPTL 2.27 
rlimit: STACK 8192k, CORE 0k, NPROC 15513, NOFILE 1048576, AS infinity
load average:0.93 0.51 0.26

/proc/meminfo:
MemTotal:        4015688 kB
MemFree:          130360 kB
MemAvailable:     133244 kB
Buffers:            4812 kB
Cached:           210232 kB
SwapCached:        33712 kB
Active:          2433676 kB
Inactive:         638592 kB
Active(anon):    2325912 kB
Inactive(anon):   567012 kB
Active(file):     107764 kB
Inactive(file):    71580 kB
Unevictable:          48 kB
Mlocked:              48 kB
SwapTotal:       2097148 kB
SwapFree:         487584 kB
Dirty:               556 kB
Writeback:            12 kB
AnonPages:       2824764 kB
Mapped:           141204 kB
Shmem:             36904 kB
Slab:             135364 kB
SReclaimable:      57024 kB
SUnreclaim:        78340 kB
KernelStack:       17936 kB
PageTables:        65892 kB
NFS_Unstable:          0 kB
Bounce:                0 kB
WritebackTmp:          0 kB
CommitLimit:     4104992 kB
Committed_AS:   10273696 kB
VmallocTotal:   34359738367 kB
VmallocUsed:           0 kB
VmallocChunk:          0 kB
HardwareCorrupted:     0 kB
AnonHugePages:         0 kB
ShmemHugePages:        0 kB
ShmemPmdMapped:        0 kB
CmaTotal:              0 kB
CmaFree:               0 kB
HugePages_Total:       0
HugePages_Free:        0
HugePages_Rsvd:        0
HugePages_Surp:        0
Hugepagesize:       2048 kB
DirectMap4k:      384832 kB
DirectMap2M:     3809280 kB
DirectMap1G:     2097152 kB

container (cgroup) information:
container_type: cgroupv1
cpu_cpuset_cpus: 0-3
cpu_memory_nodes: 0
active_processor_count: 4
cpu_quota: -1
cpu_period: 100000
cpu_shares: -1
memory_limit_in_bytes: -1
memory_and_swap_limit_in_bytes: -2
memory_soft_limit_in_bytes: -1
memory_usage_in_bytes: 3119607808
memory_max_usage_in_bytes: 876109824


CPU:total 4 (initial active 4) (2 cores per cpu, 1 threads per core) family 6 model 158 stepping 13, cmov, cx8, fxsr, mmx, sse, sse2, sse3, ssse3, sse4.1, sse4.2, popcnt, avx, avx2, aes, clmul, erms, rtm, 3dnowpref, lzcnt, tsc, tscinvbit, bmi1, bmi2, adx

/proc/cpuinfo:
processor	: 0
vendor_id	: GenuineIntel
cpu family	: 6
model		: 158
model name	: Intel(R) Core(TM) i7-9700 CPU @ 3.00GHz
stepping	: 13
microcode	: 0xb4
cpu MHz		: 2999.999
cache size	: 12288 KB
physical id	: 0
siblings	: 2
core id		: 0
cpu cores	: 2
apicid		: 0
initial apicid	: 0
fpu		: yes
fpu_exception	: yes
cpuid level	: 22
wp		: yes
flags		: fpu vme de pse tsc msr pae mce cx8 apic sep mtrr pge mca cmov pat pse36 clflush mmx fxsr sse sse2 ss ht syscall nx pdpe1gb rdtscp lm constant_tsc arch_perfmon nopl xtopology tsc_reliable nonstop_tsc cpuid pni pclmulqdq vmx ssse3 fma cx16 pcid sse4_1 sse4_2 x2apic movbe popcnt tsc_deadline_timer aes xsave avx f16c rdrand hypervisor lahf_lm abm 3dnowprefetch cpuid_fault invpcid_single ssbd ibrs ibpb stibp ibrs_enhanced tpr_shadow vnmi ept vpid fsgsbase tsc_adjust bmi1 hle avx2 smep bmi2 invpcid rtm mpx rdseed adx smap clflushopt xsaveopt xsavec xsaves arat md_clear flush_l1d arch_capabilities
bugs		: spectre_v1 spectre_v2 spec_store_bypass swapgs
bogomips	: 5999.99
clflush size	: 64
cache_alignment	: 64
address sizes	: 43 bits physical, 48 bits virtual
power management:

processor	: 1
vendor_id	: GenuineIntel
cpu family	: 6
model		: 158
model name	: Intel(R) Core(TM) i7-9700 CPU @ 3.00GHz
stepping	: 13
microcode	: 0xb4
cpu MHz		: 2999.999
cache size	: 12288 KB
physical id	: 0
siblings	: 2
core id		: 1
cpu cores	: 2
apicid		: 1
initial apicid	: 1
fpu		: yes
fpu_exception	: yes
cpuid level	: 22
wp		: yes
flags		: fpu vme de pse tsc msr pae mce cx8 apic sep mtrr pge mca cmov pat pse36 clflush mmx fxsr sse sse2 ss ht syscall nx pdpe1gb rdtscp lm constant_tsc arch_perfmon nopl xtopology tsc_reliable nonstop_tsc cpuid pni pclmulqdq vmx ssse3 fma cx16 pcid sse4_1 sse4_2 x2apic movbe popcnt tsc_deadline_timer aes xsave avx f16c rdrand hypervisor lahf_lm abm 3dnowprefetch cpuid_fault invpcid_single ssbd ibrs ibpb stibp ibrs_enhanced tpr_shadow vnmi ept vpid fsgsbase tsc_adjust bmi1 hle avx2 smep bmi2 invpcid rtm mpx rdseed adx smap clflushopt xsaveopt xsavec xsaves arat md_clear flush_l1d arch_capabilities
bugs		: spectre_v1 spectre_v2 spec_store_bypass swapgs
bogomips	: 5999.99
clflush size	: 64
cache_alignment	: 64
address sizes	: 43 bits physical, 48 bits virtual
power management:

processor	: 2
vendor_id	: GenuineIntel
cpu family	: 6
model		: 158
model name	: Intel(R) Core(TM) i7-9700 CPU @ 3.00GHz
stepping	: 13
microcode	: 0xb4
cpu MHz		: 2999.999
cache size	: 12288 KB
physical id	: 1
siblings	: 2
core id		: 0
cpu cores	: 2
apicid		: 2
initial apicid	: 2
fpu		: yes
fpu_exception	: yes
cpuid level	: 22
wp		: yes
flags		: fpu vme de pse tsc msr pae mce cx8 apic sep mtrr pge mca cmov pat pse36 clflush mmx fxsr sse sse2 ss ht syscall nx pdpe1gb rdtscp lm constant_tsc arch_perfmon nopl xtopology tsc_reliable nonstop_tsc cpuid pni pclmulqdq vmx ssse3 fma cx16 pcid sse4_1 sse4_2 x2apic movbe popcnt tsc_deadline_timer aes xsave avx f16c rdrand hypervisor lahf_lm abm 3dnowprefetch cpuid_fault invpcid_single ssbd ibrs ibpb stibp ibrs_enhanced tpr_shadow vnmi ept vpid fsgsbase tsc_adjust bmi1 hle avx2 smep bmi2 invpcid rtm mpx rdseed adx smap clflushopt xsaveopt xsavec xsaves arat md_clear flush_l1d arch_capabilities
bugs		: spectre_v1 spectre_v2 spec_store_bypass swapgs
bogomips	: 5999.99
clflush size	: 64
cache_alignment	: 64
address sizes	: 43 bits physical, 48 bits virtual
power management:

processor	: 3
vendor_id	: GenuineIntel
cpu family	: 6
model		: 158
model name	: Intel(R) Core(TM) i7-9700 CPU @ 3.00GHz
stepping	: 13
microcode	: 0xb4
cpu MHz		: 2999.999
cache size	: 12288 KB
physical id	: 1
siblings	: 2
core id		: 1
cpu cores	: 2
apicid		: 3
initial apicid	: 3
fpu		: yes
fpu_exception	: yes
cpuid level	: 22
wp		: yes
flags		: fpu vme de pse tsc msr pae mce cx8 apic sep mtrr pge mca cmov pat pse36 clflush mmx fxsr sse sse2 ss ht syscall nx pdpe1gb rdtscp lm constant_tsc arch_perfmon nopl xtopology tsc_reliable nonstop_tsc cpuid pni pclmulqdq vmx ssse3 fma cx16 pcid sse4_1 sse4_2 x2apic movbe popcnt tsc_deadline_timer aes xsave avx f16c rdrand hypervisor lahf_lm abm 3dnowprefetch cpuid_fault invpcid_single ssbd ibrs ibpb stibp ibrs_enhanced tpr_shadow vnmi ept vpid fsgsbase tsc_adjust bmi1 hle avx2 smep bmi2 invpcid rtm mpx rdseed adx smap clflushopt xsaveopt xsavec xsaves arat md_clear flush_l1d arch_capabilities
bugs		: spectre_v1 spectre_v2 spec_store_bypass swapgs
bogomips	: 5999.99
clflush size	: 64
cache_alignment	: 64
address sizes	: 43 bits physical, 48 bits virtual
power management:



Memory: 4k page, physical 4015688k(130360k free), swap 2097148k(487584k free)

vm_info: Java HotSpot(TM) 64-Bit Server VM (25.221-b11) for linux-amd64 JRE (1.8.0_221-b11), built on Jul  4 2019 04:27:00 by "java_re" with gcc 7.3.0

time: Sat Nov  2 14:16:38 2019
timezone: CST
elapsed time: 0 seconds (0d 0h 0m 0s)

