#
# A fatal error has been detected by the Java Runtime Environment:
#
#  SIGSEGV (0xb) at pc=0x00007fdf2e44b76c, pid=18166, tid=0x00007fdf13630700
#
# JRE version: Java(TM) SE Runtime Environment (8.0_221-b11) (build 1.8.0_221-b11)
# Java VM: Java HotSpot(TM) 64-Bit Server VM (25.221-b11 interpreted mode linux-amd64 compressed oops)
# Problematic frame:
# V  [libjvm.so+0x6d576c]  jni_CallStaticVoidMethodV+0x6c
#
# Failed to write core dump. Core dumps have been disabled. To enable core dumping, try "ulimit -c unlimited" before starting Java again
#
# If you would like to submit a bug report, please visit:
#   http://bugreport.java.com/bugreport/crash.jsp
#

---------------  T H R E A D  ---------------

Current thread (0x00007fdee8001000):  JavaThread "Thread-0" [_thread_in_vm, id=18177, stack(0x00007fdf12e31000,0x00007fdf13631000)]

siginfo: si_signo: 11 (SIGSEGV), si_code: 1 (SEGV_MAPERR), si_addr: 0x0000000000000000

Registers:
RAX=0x00007fdf2e8c3220, RBX=0x00007fdee8001000, RCX=0x00007fdf1362fdd0, RDX=0x00007fdee8001b78
RSP=0x00007fdf1362fd20, RBP=0x00007fdf1362fdc0, RSI=0x00007fdee8001000, RDI=0x00007fdee8001000
R8 =0x0000000000000000, R9 =0x0000000000001381, R10=0xfffffffffffff000, R11=0x0000000000035000
R12=0x00007fdee8002990, R13=0x00007fdee80011f8, R14=0x0000000000000000, R15=0x00007fdf1362fdd0
RIP=0x00007fdf2e44b76c, EFLAGS=0x0000000000010202, CSGSFS=0x002b000000000033, ERR=0x0000000000000004
  TRAPNO=0x000000000000000e

Top of Stack: (sp=0x00007fdf1362fd20)
0x00007fdf1362fd20:   000055a51858a72b 0000064e1362fd50
0x00007fdf1362fd30:   00007fdee8001000 00007fdee8001b70
0x00007fdf1362fd40:   000000000000064e 00007fdf2e8c3220
0x00007fdf1362fd50:   00007fdf2ed905c0 000055a51858a72b
0x00007fdf1362fd60:   00007fdf1362fde0 00007fdf2e2e5df3
0x00007fdf1362fd70:   0000000000000000 953536310e58b300
0x00007fdf1362fd80:   0000000000000000 00007fdf2db52760
0x00007fdf1362fd90:   0000000000000001 00007fdee80011f8
0x00007fdf1362fda0:   00007fdee8002990 0000000000000000
0x00007fdf1362fdb0:   0000000000000000 00007fffef4c7f60
0x00007fdf1362fdc0:   00007fdf2ed033e0 000055a51858a563
0x00007fdf1362fdd0:   0000003000000018 00007fdf1362feb0
0x00007fdf1362fde0:   00007fdf1362fdf0 953536310e58b300
0x00007fdf1362fdf0:   00007fdf2ed3df98 0000000000000000
0x00007fdf1362fe00:   0000000000000000 0000000000000000
0x00007fdf1362fe10:   0000000000000000 0000000000001381
0x00007fdf1362fe20:   00007fdee80027f0 00007fdee8001000
0x00007fdf1362fe30:   00007fdee8002990 000055a51858a72b
0x00007fdf1362fe40:   000055a51858a714 00007fdee8001000
0x00007fdf1362fe50:   00007fdf1362fea0 00007fdf2e43d7e8
0x00007fdf1362fe60:   00007fdee8001000 0000000000000000
0x00007fdf1362fe70:   0000000000000000 00007fdee80011f8
0x00007fdf1362fe80:   00007fdee80011f8 00007fdee8002990
0x00007fdf1362fe90:   00007fdee80011f8 00007fdf2ed033e0
0x00007fdf1362fea0:   00007fdee8002990 000055a51858a343
0x00007fdf1362feb0:   00007fdee80011f8 953536310e58b300
0x00007fdf1362fec0:   0000000000000000 000055a51a831af0
0x00007fdf1362fed0:   0000000000000000 00007fdf1362ffc0
0x00007fdf1362fee0:   0000000000000000 000055a518589f55
0x00007fdf1362fef0:   0000000000000000 00007fdf2db5e6db
0x00007fdf1362ff00:   0000000000000000 00007fdf13630700
0x00007fdf1362ff10:   00007fdf13630700 cae79fa1535c7823 

Instructions: (pc=0x00007fdf2e44b76c)
0x00007fdf2e44b74c:   48 89 9d 70 ff ff ff 48 c7 85 78 ff ff ff 00 00
0x00007fdf2e44b75c:   00 00 74 0c 48 8d bd 70 ff ff ff e8 a4 87 29 00
0x00007fdf2e44b76c:   49 8b 06 c7 85 60 ff ff ff 0e 00 00 00 4c 8d 65
0x00007fdf2e44b77c:   90 4c 89 e7 48 8b 40 08 0f b7 50 24 48 8b 40 08 

Register to memory mapping:

RAX=0x00007fdf2e8c3220: <offset 0xb4d220> in /usr/local/java/jre/lib/amd64/server/libjvm.so at 0x00007fdf2dd76000
RBX=0x00007fdee8001000 is a thread
RCX=0x00007fdf1362fdd0 is pointing into the stack for thread: 0x00007fdee8001000
RDX=0x00007fdee8001b78 is an unknown value
RSP=0x00007fdf1362fd20 is pointing into the stack for thread: 0x00007fdee8001000
RBP=0x00007fdf1362fdc0 is pointing into the stack for thread: 0x00007fdee8001000
RSI=0x00007fdee8001000 is a thread
RDI=0x00007fdee8001000 is a thread
R8 =0x0000000000000000 is an unknown value
R9 =0x0000000000001381 is an unknown value
R10=0xfffffffffffff000 is an unknown value
R11=0x0000000000035000 is an unknown value
R12=0x00007fdee8002990 is an unknown value
R13=0x00007fdee80011f8 is an unknown value
R14=0x0000000000000000 is an unknown value
R15=0x00007fdf1362fdd0 is pointing into the stack for thread: 0x00007fdee8001000


Stack: [0x00007fdf12e31000,0x00007fdf13631000],  sp=0x00007fdf1362fd20,  free space=8187k
Native frames: (J=compiled Java code, j=interpreted, Vv=VM code, C=native code)
V  [libjvm.so+0x6d576c]  jni_CallStaticVoidMethodV+0x6c
C  [main+0x1563]  JNIEnv_::CallStaticVoidMethod(_jclass*, _jmethodID*, ...)+0x93


---------------  P R O C E S S  ---------------

Java Threads: ( => current thread )
  0x00007fdee0001000 JavaThread "Thread-3" [_thread_in_vm, id=18178, stack(0x00007fdf12630000,0x00007fdf12e30000)]
  0x00007fdf08001000 JavaThread "Thread-4" [_thread_in_vm, id=18180, stack(0x00007fdf1162e000,0x00007fdf11e2e000)]
  0x00007fded4001000 JavaThread "Thread-5" [_thread_in_vm, id=18182, stack(0x00007fdf1062c000,0x00007fdf10e2c000)]
  0x00007fdecc001000 JavaThread "Thread-1" [_thread_in_vm, id=18181, stack(0x00007fdf10e2d000,0x00007fdf1162d000)]
  0x00007fdedc001000 JavaThread "Thread-2" [_thread_in_vm, id=18179, stack(0x00007fdf11e2f000,0x00007fdf1262f000)]
=>0x00007fdee8001000 JavaThread "Thread-0" [_thread_in_vm, id=18177, stack(0x00007fdf12e31000,0x00007fdf13631000)]
  0x000055a51a82f000 JavaThread "Service Thread" daemon [_thread_blocked, id=18175, stack(0x00007fdf1877c000,0x00007fdf1887d000)]
  0x000055a51a82d000 JavaThread "Signal Dispatcher" daemon [_thread_blocked, id=18174, stack(0x00007fdf1887d000,0x00007fdf1897e000)]
  0x000055a51a7fc800 JavaThread "Finalizer" daemon [_thread_blocked, id=18173, stack(0x00007fdf1897e000,0x00007fdf18a7f000)]
  0x000055a51a7f8000 JavaThread "Reference Handler" daemon [_thread_blocked, id=18172, stack(0x00007fdf18a7f000,0x00007fdf18b80000)]
  0x000055a51a780000 JavaThread "main" [_thread_in_native, id=18166, stack(0x00007fffef3ca000,0x00007fffef4ca000)]

Other Threads:
  0x000055a51a7ee000 VMThread [stack: 0x00007fdf18b81000,0x00007fdf18c81000] [id=18171]
  0x000055a51a832000 WatcherThread [stack: 0x00007fdf1867c000,0x00007fdf1877c000] [id=18176]

VM state:not at safepoint (normal execution)

VM Mutex/Monitor currently owned by a thread: None

heap address: 0x00000000c2a00000, size: 982 MB, Compressed Oops mode: 32-bit
Narrow klass base: 0x0000000000000000, Narrow klass shift: 3
Compressed class space size: 1073741824 Address: 0x0000000100000000

Heap:
 PSYoungGen      total 18432K, used 2541K [0x00000000eb900000, 0x00000000ecd80000, 0x0000000100000000)
  eden space 15872K, 16% used [0x00000000eb900000,0x00000000ebb7b718,0x00000000ec880000)
  from space 2560K, 0% used [0x00000000ecb00000,0x00000000ecb00000,0x00000000ecd80000)
  to   space 2560K, 0% used [0x00000000ec880000,0x00000000ec880000,0x00000000ecb00000)
 ParOldGen       total 42496K, used 0K [0x00000000c2a00000, 0x00000000c5380000, 0x00000000eb900000)
  object space 42496K, 0% used [0x00000000c2a00000,0x00000000c2a00000,0x00000000c5380000)
 Metaspace       used 2564K, capacity 4486K, committed 4864K, reserved 1056768K
  class space    used 281K, capacity 386K, committed 512K, reserved 1048576K

Card table byte_map: [0x00007fdf1cb74000,0x00007fdf1cd60000] byte_map_base: 0x00007fdf1c55f000

Marking Bits: (ParMarkBitMap*) 0x00007fdf2ed41d80
 Begin Bits: [0x00007fdf1a8c0000, 0x00007fdf1b818000)
 End Bits:   [0x00007fdf1b818000, 0x00007fdf1c770000)

Polling page: 0x00007fdf2ef83000

CodeCache: size=245760Kb used=473Kb max_used=473Kb free=245286Kb
 bounds [0x00007fdf1d120000, 0x00007fdf1d390000, 0x00007fdf2c120000]
 total_blobs=179 nmethods=0 adapters=145
 compilation: disabled (interpreter mode)

Compilation events (0 events):
No events

GC Heap History (0 events):
No events

Deoptimization events (0 events):
No events

Classes redefined (0 events):
No events

Internal exceptions (4 events):
Event: 0.025 Thread 0x000055a51a780000 Exception <a 'java/lang/NoSuchMethodError': Method sun.misc.Unsafe.defineClass(Ljava/lang/String;[BII)Ljava/lang/Class; name or signature does not match> (0x00000000eb907cb8) thrown at [/HUDSON/workspace/8-2-build-linux-amd64/jdk8u221/13320/hotspot/src/sh
Event: 0.025 Thread 0x000055a51a780000 Exception <a 'java/lang/NoSuchMethodError': Method sun.misc.Unsafe.prefetchRead(Ljava/lang/Object;J)V name or signature does not match> (0x00000000eb907fa0) thrown at [/HUDSON/workspace/8-2-build-linux-amd64/jdk8u221/13320/hotspot/src/share/vm/prims/jni.c
Event: 0.054 Thread 0x00007fdee8001000 Exception <a 'java/lang/NoSuchMethodError': name> (0x00000000eb9b2228) thrown at [/HUDSON/workspace/8-2-build-linux-amd64/jdk8u221/13320/hotspot/src/share/vm/prims/jni.cpp, line 1614]
Event: 0.054 Thread 0x00007fded4001000 Exception <a 'java/lang/NoSuchMethodError': name> (0x00000000eba8d4e8) thrown at [/HUDSON/workspace/8-2-build-linux-amd64/jdk8u221/13320/hotspot/src/share/vm/prims/jni.cpp, line 1614]

Events (10 events):
Event: 0.054 loading class java/io/FilePermission$1
Event: 0.054 loading class java/io/FilePermission$1 done
Event: 0.054 loading class java/io/FilePermissionCollection
Event: 0.054 loading class java/io/FilePermissionCollection done
Event: 0.054 loading class java/security/AllPermission
Event: 0.054 loading class java/security/AllPermission done
Event: 0.054 loading class java/security/UnresolvedPermission
Event: 0.054 loading class java/security/UnresolvedPermission done
Event: 0.054 loading class java/security/BasicPermissionCollection
Event: 0.054 loading class java/security/BasicPermissionCollection done


Dynamic libraries:
c2a00000-c5380000 rw-p 00000000 00:00 0 
c5380000-eb900000 ---p 00000000 00:00 0 
eb900000-ecd80000 rw-p 00000000 00:00 0 
ecd80000-100000000 ---p 00000000 00:00 0 
100000000-100080000 rw-p 00000000 00:00 0 
100080000-140000000 ---p 00000000 00:00 0 
55a518589000-55a51858b000 r-xp 00000000 08:01 7053                       /home/wanhui/CallJvm/callJvmThreadpool/cmake-build-debug/main
55a51878a000-55a51878b000 r--p 00001000 08:01 7053                       /home/wanhui/CallJvm/callJvmThreadpool/cmake-build-debug/main
55a51878b000-55a51878c000 rw-p 00002000 08:01 7053                       /home/wanhui/CallJvm/callJvmThreadpool/cmake-build-debug/main
55a51a763000-55a51a83d000 rw-p 00000000 00:00 0                          [heap]
7fdecc000000-7fdecc021000 rw-p 00000000 00:00 0 
7fdecc021000-7fded0000000 ---p 00000000 00:00 0 
7fded4000000-7fded4021000 rw-p 00000000 00:00 0 
7fded4021000-7fded8000000 ---p 00000000 00:00 0 
7fdedc000000-7fdedc021000 rw-p 00000000 00:00 0 
7fdedc021000-7fdee0000000 ---p 00000000 00:00 0 
7fdee0000000-7fdee0021000 rw-p 00000000 00:00 0 
7fdee0021000-7fdee4000000 ---p 00000000 00:00 0 
7fdee4000000-7fdee4021000 rw-p 00000000 00:00 0 
7fdee4021000-7fdee8000000 ---p 00000000 00:00 0 
7fdee8000000-7fdee803e000 rw-p 00000000 00:00 0 
7fdee803e000-7fdeec000000 ---p 00000000 00:00 0 
7fdeec000000-7fdeec021000 rw-p 00000000 00:00 0 
7fdeec021000-7fdef0000000 ---p 00000000 00:00 0 
7fdef0000000-7fdef0021000 rw-p 00000000 00:00 0 
7fdef0021000-7fdef4000000 ---p 00000000 00:00 0 
7fdef4000000-7fdef4021000 rw-p 00000000 00:00 0 
7fdef4021000-7fdef8000000 ---p 00000000 00:00 0 
7fdef8000000-7fdef8021000 rw-p 00000000 00:00 0 
7fdef8021000-7fdefc000000 ---p 00000000 00:00 0 
7fdefc000000-7fdefc021000 rw-p 00000000 00:00 0 
7fdefc021000-7fdf00000000 ---p 00000000 00:00 0 
7fdf00000000-7fdf00021000 rw-p 00000000 00:00 0 
7fdf00021000-7fdf04000000 ---p 00000000 00:00 0 
7fdf04000000-7fdf04021000 rw-p 00000000 00:00 0 
7fdf04021000-7fdf08000000 ---p 00000000 00:00 0 
7fdf08000000-7fdf08021000 rw-p 00000000 00:00 0 
7fdf08021000-7fdf0c000000 ---p 00000000 00:00 0 
7fdf0c000000-7fdf0c021000 rw-p 00000000 00:00 0 
7fdf0c021000-7fdf10000000 ---p 00000000 00:00 0 
7fdf1062b000-7fdf1062c000 ---p 00000000 00:00 0 
7fdf1062c000-7fdf1062f000 ---p 00000000 00:00 0 
7fdf1062f000-7fdf10e2c000 rw-p 00000000 00:00 0 
7fdf10e2c000-7fdf10e2d000 ---p 00000000 00:00 0 
7fdf10e2d000-7fdf10e30000 ---p 00000000 00:00 0 
7fdf10e30000-7fdf1162d000 rw-p 00000000 00:00 0 
7fdf1162d000-7fdf1162e000 ---p 00000000 00:00 0 
7fdf1162e000-7fdf11631000 ---p 00000000 00:00 0 
7fdf11631000-7fdf11e2e000 rw-p 00000000 00:00 0 
7fdf11e2e000-7fdf11e2f000 ---p 00000000 00:00 0 
7fdf11e2f000-7fdf11e32000 ---p 00000000 00:00 0 
7fdf11e32000-7fdf1262f000 rw-p 00000000 00:00 0 
7fdf1262f000-7fdf12630000 ---p 00000000 00:00 0 
7fdf12630000-7fdf12633000 ---p 00000000 00:00 0 
7fdf12633000-7fdf12e30000 rw-p 00000000 00:00 0 
7fdf12e30000-7fdf12e31000 ---p 00000000 00:00 0 
7fdf12e31000-7fdf12e34000 ---p 00000000 00:00 0 
7fdf12e34000-7fdf13631000 rw-p 00000000 00:00 0 
7fdf13631000-7fdf14000000 r--p 00000000 08:01 1186501                    /usr/lib/locale/locale-archive
7fdf14000000-7fdf14021000 rw-p 00000000 00:00 0 
7fdf14021000-7fdf18000000 ---p 00000000 00:00 0 
7fdf183e6000-7fdf1867b000 rw-p 00000000 00:00 0 
7fdf1867b000-7fdf1867c000 ---p 00000000 00:00 0 
7fdf1867c000-7fdf1877c000 rw-p 00000000 00:00 0 
7fdf1877c000-7fdf1877f000 ---p 00000000 00:00 0 
7fdf1877f000-7fdf1887d000 rw-p 00000000 00:00 0 
7fdf1887d000-7fdf18880000 ---p 00000000 00:00 0 
7fdf18880000-7fdf1897e000 rw-p 00000000 00:00 0 
7fdf1897e000-7fdf18981000 ---p 00000000 00:00 0 
7fdf18981000-7fdf18a7f000 rw-p 00000000 00:00 0 
7fdf18a7f000-7fdf18a82000 ---p 00000000 00:00 0 
7fdf18a82000-7fdf18b80000 rw-p 00000000 00:00 0 
7fdf18b80000-7fdf18b81000 ---p 00000000 00:00 0 
7fdf18b81000-7fdf19c85000 rw-p 00000000 00:00 0 
7fdf19c85000-7fdf19e5f000 r--s 03d88000 08:01 1324703                    /usr/local/java/jre/lib/rt.jar
7fdf19e5f000-7fdf1a315000 rw-p 00000000 00:00 0 
7fdf1a315000-7fdf1a6d5000 ---p 00000000 00:00 0 
7fdf1a6d5000-7fdf1c770000 rw-p 00000000 00:00 0 
7fdf1c770000-7fdf1c771000 ---p 00000000 00:00 0 
7fdf1c771000-7fdf1c871000 rw-p 00000000 00:00 0 
7fdf1c871000-7fdf1c872000 ---p 00000000 00:00 0 
7fdf1c872000-7fdf1c972000 rw-p 00000000 00:00 0 
7fdf1c972000-7fdf1c973000 ---p 00000000 00:00 0 
7fdf1c973000-7fdf1ca73000 rw-p 00000000 00:00 0 
7fdf1ca73000-7fdf1ca74000 ---p 00000000 00:00 0 
7fdf1ca74000-7fdf1cb89000 rw-p 00000000 00:00 0 
7fdf1cb89000-7fdf1ccbb000 ---p 00000000 00:00 0 
7fdf1ccbb000-7fdf1ccc6000 rw-p 00000000 00:00 0 
7fdf1ccc6000-7fdf1cd5f000 ---p 00000000 00:00 0 
7fdf1cd5f000-7fdf1cd6a000 rw-p 00000000 00:00 0 
7fdf1cd6a000-7fdf1d120000 ---p 00000000 00:00 0 
7fdf1d120000-7fdf1d390000 rwxp 00000000 00:00 0 
7fdf1d390000-7fdf2c120000 ---p 00000000 00:00 0 
7fdf2c120000-7fdf2c13b000 r-xp 00000000 08:01 1453051                    /usr/local/java/jre/lib/amd64/libzip.so
7fdf2c13b000-7fdf2c33a000 ---p 0001b000 08:01 1453051                    /usr/local/java/jre/lib/amd64/libzip.so
7fdf2c33a000-7fdf2c33b000 r--p 0001a000 08:01 1453051                    /usr/local/java/jre/lib/amd64/libzip.so
7fdf2c33b000-7fdf2c33c000 rw-p 0001b000 08:01 1453051                    /usr/local/java/jre/lib/amd64/libzip.so
7fdf2c33c000-7fdf2c347000 r-xp 00000000 08:01 2233846                    /lib/x86_64-linux-gnu/libnss_files-2.27.so
7fdf2c347000-7fdf2c546000 ---p 0000b000 08:01 2233846                    /lib/x86_64-linux-gnu/libnss_files-2.27.so
7fdf2c546000-7fdf2c547000 r--p 0000a000 08:01 2233846                    /lib/x86_64-linux-gnu/libnss_files-2.27.so
7fdf2c547000-7fdf2c548000 rw-p 0000b000 08:01 2233846                    /lib/x86_64-linux-gnu/libnss_files-2.27.so
7fdf2c548000-7fdf2c54e000 rw-p 00000000 00:00 0 
7fdf2c54e000-7fdf2c565000 r-xp 00000000 08:01 2233840                    /lib/x86_64-linux-gnu/libnsl-2.27.so
7fdf2c565000-7fdf2c764000 ---p 00017000 08:01 2233840                    /lib/x86_64-linux-gnu/libnsl-2.27.so
7fdf2c764000-7fdf2c765000 r--p 00016000 08:01 2233840                    /lib/x86_64-linux-gnu/libnsl-2.27.so
7fdf2c765000-7fdf2c766000 rw-p 00017000 08:01 2233840                    /lib/x86_64-linux-gnu/libnsl-2.27.so
7fdf2c766000-7fdf2c768000 rw-p 00000000 00:00 0 
7fdf2c768000-7fdf2c773000 r-xp 00000000 08:01 2233857                    /lib/x86_64-linux-gnu/libnss_nis-2.27.so
7fdf2c773000-7fdf2c972000 ---p 0000b000 08:01 2233857                    /lib/x86_64-linux-gnu/libnss_nis-2.27.so
7fdf2c972000-7fdf2c973000 r--p 0000a000 08:01 2233857                    /lib/x86_64-linux-gnu/libnss_nis-2.27.so
7fdf2c973000-7fdf2c974000 rw-p 0000b000 08:01 2233857                    /lib/x86_64-linux-gnu/libnss_nis-2.27.so
7fdf2c974000-7fdf2c97c000 r-xp 00000000 08:01 2233842                    /lib/x86_64-linux-gnu/libnss_compat-2.27.so
7fdf2c97c000-7fdf2cb7c000 ---p 00008000 08:01 2233842                    /lib/x86_64-linux-gnu/libnss_compat-2.27.so
7fdf2cb7c000-7fdf2cb7d000 r--p 00008000 08:01 2233842                    /lib/x86_64-linux-gnu/libnss_compat-2.27.so
7fdf2cb7d000-7fdf2cb7e000 rw-p 00009000 08:01 2233842                    /lib/x86_64-linux-gnu/libnss_compat-2.27.so
7fdf2cb7e000-7fdf2cbaa000 r-xp 00000000 08:01 1453042                    /usr/local/java/jre/lib/amd64/libjava.so
7fdf2cbaa000-7fdf2cdaa000 ---p 0002c000 08:01 1453042                    /usr/local/java/jre/lib/amd64/libjava.so
7fdf2cdaa000-7fdf2cdab000 r--p 0002c000 08:01 1453042                    /usr/local/java/jre/lib/amd64/libjava.so
7fdf2cdab000-7fdf2cdad000 rw-p 0002d000 08:01 1453042                    /usr/local/java/jre/lib/amd64/libjava.so
7fdf2cdad000-7fdf2cdba000 r-xp 00000000 08:01 1453033                    /usr/local/java/jre/lib/amd64/libverify.so
7fdf2cdba000-7fdf2cfb9000 ---p 0000d000 08:01 1453033                    /usr/local/java/jre/lib/amd64/libverify.so
7fdf2cfb9000-7fdf2cfbb000 r--p 0000c000 08:01 1453033                    /usr/local/java/jre/lib/amd64/libverify.so
7fdf2cfbb000-7fdf2cfbc000 rw-p 0000e000 08:01 1453033                    /usr/local/java/jre/lib/amd64/libverify.so
7fdf2cfbc000-7fdf2cfc3000 r-xp 00000000 08:01 2233897                    /lib/x86_64-linux-gnu/librt-2.27.so
7fdf2cfc3000-7fdf2d1c2000 ---p 00007000 08:01 2233897                    /lib/x86_64-linux-gnu/librt-2.27.so
7fdf2d1c2000-7fdf2d1c3000 r--p 00006000 08:01 2233897                    /lib/x86_64-linux-gnu/librt-2.27.so
7fdf2d1c3000-7fdf2d1c4000 rw-p 00007000 08:01 2233897                    /lib/x86_64-linux-gnu/librt-2.27.so
7fdf2d1c4000-7fdf2d1c7000 r-xp 00000000 08:01 2233779                    /lib/x86_64-linux-gnu/libdl-2.27.so
7fdf2d1c7000-7fdf2d3c6000 ---p 00003000 08:01 2233779                    /lib/x86_64-linux-gnu/libdl-2.27.so
7fdf2d3c6000-7fdf2d3c7000 r--p 00002000 08:01 2233779                    /lib/x86_64-linux-gnu/libdl-2.27.so
7fdf2d3c7000-7fdf2d3c8000 rw-p 00003000 08:01 2233779                    /lib/x86_64-linux-gnu/libdl-2.27.so
7fdf2d3c8000-7fdf2d565000 r-xp 00000000 08:01 2233819                    /lib/x86_64-linux-gnu/libm-2.27.so
7fdf2d565000-7fdf2d764000 ---p 0019d000 08:01 2233819                    /lib/x86_64-linux-gnu/libm-2.27.so
7fdf2d764000-7fdf2d765000 r--p 0019c000 08:01 2233819                    /lib/x86_64-linux-gnu/libm-2.27.so
7fdf2d765000-7fdf2d766000 rw-p 0019d000 08:01 2233819                    /lib/x86_64-linux-gnu/libm-2.27.so
7fdf2d766000-7fdf2d94d000 r-xp 00000000 08:01 2233756                    /lib/x86_64-linux-gnu/libc-2.27.so
7fdf2d94d000-7fdf2db4d000 ---p 001e7000 08:01 2233756                    /lib/x86_64-linux-gnu/libc-2.27.so
7fdf2db4d000-7fdf2db51000 r--p 001e7000 08:01 2233756                    /lib/x86_64-linux-gnu/libc-2.27.so
7fdf2db51000-7fdf2db53000 rw-p 001eb000 08:01 2233756                    /lib/x86_64-linux-gnu/libc-2.27.so
7fdf2db53000-7fdf2db57000 rw-p 00000000 00:00 0 
7fdf2db57000-7fdf2db71000 r-xp 00000000 08:01 2233889                    /lib/x86_64-linux-gnu/libpthread-2.27.so
7fdf2db71000-7fdf2dd70000 ---p 0001a000 08:01 2233889                    /lib/x86_64-linux-gnu/libpthread-2.27.so
7fdf2dd70000-7fdf2dd71000 r--p 00019000 08:01 2233889                    /lib/x86_64-linux-gnu/libpthread-2.27.so
7fdf2dd71000-7fdf2dd72000 rw-p 0001a000 08:01 2233889                    /lib/x86_64-linux-gnu/libpthread-2.27.so
7fdf2dd72000-7fdf2dd76000 rw-p 00000000 00:00 0 
7fdf2dd76000-7fdf2ea5e000 r-xp 00000000 08:01 1453049                    /usr/local/java/jre/lib/amd64/server/libjvm.so
7fdf2ea5e000-7fdf2ec5d000 ---p 00ce8000 08:01 1453049                    /usr/local/java/jre/lib/amd64/server/libjvm.so
7fdf2ec5d000-7fdf2ecf3000 r--p 00ce7000 08:01 1453049                    /usr/local/java/jre/lib/amd64/server/libjvm.so
7fdf2ecf3000-7fdf2ed24000 rw-p 00d7d000 08:01 1453049                    /usr/local/java/jre/lib/amd64/server/libjvm.so
7fdf2ed24000-7fdf2ed5f000 rw-p 00000000 00:00 0 
7fdf2ed5f000-7fdf2ed86000 r-xp 00000000 08:01 2233728                    /lib/x86_64-linux-gnu/ld-2.27.so
7fdf2ed8f000-7fdf2ee3b000 rw-p 00000000 00:00 0 
7fdf2ee3b000-7fdf2ef6e000 ---p 00000000 00:00 0 
7fdf2ef6e000-7fdf2ef70000 rw-p 00000000 00:00 0 
7fdf2ef79000-7fdf2ef7a000 r--s 00000000 08:01 7072                       /home/wanhui/CallJvm/callJvmThreadpool/qin_test1.jar
7fdf2ef7a000-7fdf2ef82000 rw-s 00000000 08:01 6972                       /tmp/hsperfdata_wanhui/18166
7fdf2ef82000-7fdf2ef83000 rw-p 00000000 00:00 0 
7fdf2ef83000-7fdf2ef84000 r--p 00000000 00:00 0 
7fdf2ef84000-7fdf2ef86000 rw-p 00000000 00:00 0 
7fdf2ef86000-7fdf2ef87000 r--p 00027000 08:01 2233728                    /lib/x86_64-linux-gnu/ld-2.27.so
7fdf2ef87000-7fdf2ef88000 rw-p 00028000 08:01 2233728                    /lib/x86_64-linux-gnu/ld-2.27.so
7fdf2ef88000-7fdf2ef89000 rw-p 00000000 00:00 0 
7fffef3ca000-7fffef3cd000 ---p 00000000 00:00 0 
7fffef3cd000-7fffef4ca000 rw-p 00000000 00:00 0                          [stack]
7fffef52a000-7fffef52d000 r--p 00000000 00:00 0                          [vvar]
7fffef52d000-7fffef52f000 r-xp 00000000 00:00 0                          [vdso]
ffffffffff600000-ffffffffff601000 r-xp 00000000 00:00 0                  [vsyscall]

VM Arguments:
jvm_args: -Djava.compiler=NONE -verbose:jni 
java_command: <unknown>
java_class_path (initial): .:/home/wanhui/CallJvm/callJvmThreadpool/qin_test1.jar
Launcher Type: generic

Environment Variables:
JAVA_HOME=/usr/local/java
CLASSPATH=/home/wanhui/Downloads/clion-2019.2.1/lib/bootstrap.jar:/home/wanhui/Downloads/clion-2019.2.1/lib/extensions.jar:/home/wanhui/Downloads/clion-2019.2.1/lib/util.jar:/home/wanhui/Downloads/clion-2019.2.1/lib/jdom.jar:/home/wanhui/Downloads/clion-2019.2.1/lib/log4j.jar:/home/wanhui/Downloads/clion-2019.2.1/lib/trove4j.jar:/home/wanhui/Downloads/clion-2019.2.1/lib/jna.jar
PATH=/usr/local/sbin:/usr/local/bin:/usr/sbin:/usr/bin:/sbin:/bin:/snap/bin:/usr/local/redis/redis-4.0.9.tar_files/redis-4.0.9/src:/usr/local/mysql/bin
USERNAME=wanhui
SHELL=/bin/bash
DISPLAY=:0

Signal Handlers:
SIGSEGV: [libjvm.so+0xad3d90], sa_mask[0]=11111111011111111101111111111110, sa_flags=SA_RESTART|SA_SIGINFO
SIGBUS: [libjvm.so+0xad3d90], sa_mask[0]=11111111011111111101111111111110, sa_flags=SA_RESTART|SA_SIGINFO
SIGFPE: [libjvm.so+0x90b8b0], sa_mask[0]=11111111011111111101111111111110, sa_flags=SA_RESTART|SA_SIGINFO
SIGPIPE: [libjvm.so+0x90b8b0], sa_mask[0]=11111111011111111101111111111110, sa_flags=SA_RESTART|SA_SIGINFO
SIGXFSZ: [libjvm.so+0x90b8b0], sa_mask[0]=11111111011111111101111111111110, sa_flags=SA_RESTART|SA_SIGINFO
SIGILL: [libjvm.so+0x90b8b0], sa_mask[0]=11111111011111111101111111111110, sa_flags=SA_RESTART|SA_SIGINFO
SIGUSR1: SIG_DFL, sa_mask[0]=00000000000000000000000000000000, sa_flags=none
SIGUSR2: [libjvm.so+0x90b780], sa_mask[0]=00100000000000000000000000000000, sa_flags=SA_RESTART|SA_SIGINFO
SIGHUP: [libjvm.so+0x90bda0], sa_mask[0]=11111111011111111101111111111110, sa_flags=SA_RESTART|SA_SIGINFO
SIGINT: [libjvm.so+0x90bda0], sa_mask[0]=11111111011111111101111111111110, sa_flags=SA_RESTART|SA_SIGINFO
SIGTERM: [libjvm.so+0x90bda0], sa_mask[0]=11111111011111111101111111111110, sa_flags=SA_RESTART|SA_SIGINFO
SIGQUIT: [libjvm.so+0x90bda0], sa_mask[0]=11111111011111111101111111111110, sa_flags=SA_RESTART|SA_SIGINFO


---------------  S Y S T E M  ---------------

OS:DISTRIB_ID=Ubuntu
DISTRIB_RELEASE=18.04
DISTRIB_CODENAME=bionic
DISTRIB_DESCRIPTION="Ubuntu 18.04.3 LTS"

uname:Linux 4.15.0-66-generic #75-Ubuntu SMP Tue Oct 1 05:24:09 UTC 2019 x86_64
libc:glibc 2.27 NPTL 2.27 
rlimit: STACK 8192k, CORE 0k, NPROC 15513, NOFILE 1048576, AS infinity
load average:0.61 0.50 0.41

/proc/meminfo:
MemTotal:        4015688 kB
MemFree:          144156 kB
MemAvailable:     181032 kB
Buffers:            7212 kB
Cached:           257232 kB
SwapCached:        41560 kB
Active:          2288760 kB
Inactive:         650012 kB
Active(anon):    2178832 kB
Inactive(anon):   546724 kB
Active(file):     109928 kB
Inactive(file):   103288 kB
Unevictable:          48 kB
Mlocked:              48 kB
SwapTotal:       2097148 kB
SwapFree:         402484 kB
Dirty:               248 kB
Writeback:             0 kB
AnonPages:       2634316 kB
Mapped:           190588 kB
Shmem:             51340 kB
Slab:             135432 kB
SReclaimable:      57272 kB
SUnreclaim:        78160 kB
KernelStack:       17984 kB
PageTables:        65880 kB
NFS_Unstable:          0 kB
Bounce:                0 kB
WritebackTmp:          0 kB
CommitLimit:     4104992 kB
Committed_AS:   10202644 kB
VmallocTotal:   34359738367 kB
VmallocUsed:           0 kB
VmallocChunk:          0 kB
HardwareCorrupted:     0 kB
AnonHugePages:         0 kB
ShmemHugePages:        0 kB
ShmemPmdMapped:        0 kB
CmaTotal:              0 kB
CmaFree:               0 kB
HugePages_Total:       0
HugePages_Free:        0
HugePages_Rsvd:        0
HugePages_Surp:        0
Hugepagesize:       2048 kB
DirectMap4k:      374592 kB
DirectMap2M:     3819520 kB
DirectMap1G:     2097152 kB

container (cgroup) information:
container_type: cgroupv1
cpu_cpuset_cpus: 0-3
cpu_memory_nodes: 0
active_processor_count: 4
cpu_quota: -1
cpu_period: 100000
cpu_shares: -1
memory_limit_in_bytes: -1
memory_and_swap_limit_in_bytes: -2
memory_soft_limit_in_bytes: -1
memory_usage_in_bytes: 2974244864
memory_max_usage_in_bytes: 794329088


CPU:total 4 (initial active 4) (2 cores per cpu, 1 threads per core) family 6 model 158 stepping 13, cmov, cx8, fxsr, mmx, sse, sse2, sse3, ssse3, sse4.1, sse4.2, popcnt, avx, avx2, aes, clmul, erms, rtm, 3dnowpref, lzcnt, tsc, tscinvbit, bmi1, bmi2, adx

/proc/cpuinfo:
processor	: 0
vendor_id	: GenuineIntel
cpu family	: 6
model		: 158
model name	: Intel(R) Core(TM) i7-9700 CPU @ 3.00GHz
stepping	: 13
microcode	: 0xb4
cpu MHz		: 2999.999
cache size	: 12288 KB
physical id	: 0
siblings	: 2
core id		: 0
cpu cores	: 2
apicid		: 0
initial apicid	: 0
fpu		: yes
fpu_exception	: yes
cpuid level	: 22
wp		: yes
flags		: fpu vme de pse tsc msr pae mce cx8 apic sep mtrr pge mca cmov pat pse36 clflush mmx fxsr sse sse2 ss ht syscall nx pdpe1gb rdtscp lm constant_tsc arch_perfmon nopl xtopology tsc_reliable nonstop_tsc cpuid pni pclmulqdq vmx ssse3 fma cx16 pcid sse4_1 sse4_2 x2apic movbe popcnt tsc_deadline_timer aes xsave avx f16c rdrand hypervisor lahf_lm abm 3dnowprefetch cpuid_fault invpcid_single ssbd ibrs ibpb stibp ibrs_enhanced tpr_shadow vnmi ept vpid fsgsbase tsc_adjust bmi1 hle avx2 smep bmi2 invpcid rtm mpx rdseed adx smap clflushopt xsaveopt xsavec xsaves arat md_clear flush_l1d arch_capabilities
bugs		: spectre_v1 spectre_v2 spec_store_bypass swapgs
bogomips	: 5999.99
clflush size	: 64
cache_alignment	: 64
address sizes	: 43 bits physical, 48 bits virtual
power management:

processor	: 1
vendor_id	: GenuineIntel
cpu family	: 6
model		: 158
model name	: Intel(R) Core(TM) i7-9700 CPU @ 3.00GHz
stepping	: 13
microcode	: 0xb4
cpu MHz		: 2999.999
cache size	: 12288 KB
physical id	: 0
siblings	: 2
core id		: 1
cpu cores	: 2
apicid		: 1
initial apicid	: 1
fpu		: yes
fpu_exception	: yes
cpuid level	: 22
wp		: yes
flags		: fpu vme de pse tsc msr pae mce cx8 apic sep mtrr pge mca cmov pat pse36 clflush mmx fxsr sse sse2 ss ht syscall nx pdpe1gb rdtscp lm constant_tsc arch_perfmon nopl xtopology tsc_reliable nonstop_tsc cpuid pni pclmulqdq vmx ssse3 fma cx16 pcid sse4_1 sse4_2 x2apic movbe popcnt tsc_deadline_timer aes xsave avx f16c rdrand hypervisor lahf_lm abm 3dnowprefetch cpuid_fault invpcid_single ssbd ibrs ibpb stibp ibrs_enhanced tpr_shadow vnmi ept vpid fsgsbase tsc_adjust bmi1 hle avx2 smep bmi2 invpcid rtm mpx rdseed adx smap clflushopt xsaveopt xsavec xsaves arat md_clear flush_l1d arch_capabilities
bugs		: spectre_v1 spectre_v2 spec_store_bypass swapgs
bogomips	: 5999.99
clflush size	: 64
cache_alignment	: 64
address sizes	: 43 bits physical, 48 bits virtual
power management:

processor	: 2
vendor_id	: GenuineIntel
cpu family	: 6
model		: 158
model name	: Intel(R) Core(TM) i7-9700 CPU @ 3.00GHz
stepping	: 13
microcode	: 0xb4
cpu MHz		: 2999.999
cache size	: 12288 KB
physical id	: 1
siblings	: 2
core id		: 0
cpu cores	: 2
apicid		: 2
initial apicid	: 2
fpu		: yes
fpu_exception	: yes
cpuid level	: 22
wp		: yes
flags		: fpu vme de pse tsc msr pae mce cx8 apic sep mtrr pge mca cmov pat pse36 clflush mmx fxsr sse sse2 ss ht syscall nx pdpe1gb rdtscp lm constant_tsc arch_perfmon nopl xtopology tsc_reliable nonstop_tsc cpuid pni pclmulqdq vmx ssse3 fma cx16 pcid sse4_1 sse4_2 x2apic movbe popcnt tsc_deadline_timer aes xsave avx f16c rdrand hypervisor lahf_lm abm 3dnowprefetch cpuid_fault invpcid_single ssbd ibrs ibpb stibp ibrs_enhanced tpr_shadow vnmi ept vpid fsgsbase tsc_adjust bmi1 hle avx2 smep bmi2 invpcid rtm mpx rdseed adx smap clflushopt xsaveopt xsavec xsaves arat md_clear flush_l1d arch_capabilities
bugs		: spectre_v1 spectre_v2 spec_store_bypass swapgs
bogomips	: 5999.99
clflush size	: 64
cache_alignment	: 64
address sizes	: 43 bits physical, 48 bits virtual
power management:

processor	: 3
vendor_id	: GenuineIntel
cpu family	: 6
model		: 158
model name	: Intel(R) Core(TM) i7-9700 CPU @ 3.00GHz
stepping	: 13
microcode	: 0xb4
cpu MHz		: 2999.999
cache size	: 12288 KB
physical id	: 1
siblings	: 2
core id		: 1
cpu cores	: 2
apicid		: 3
initial apicid	: 3
fpu		: yes
fpu_exception	: yes
cpuid level	: 22
wp		: yes
flags		: fpu vme de pse tsc msr pae mce cx8 apic sep mtrr pge mca cmov pat pse36 clflush mmx fxsr sse sse2 ss ht syscall nx pdpe1gb rdtscp lm constant_tsc arch_perfmon nopl xtopology tsc_reliable nonstop_tsc cpuid pni pclmulqdq vmx ssse3 fma cx16 pcid sse4_1 sse4_2 x2apic movbe popcnt tsc_deadline_timer aes xsave avx f16c rdrand hypervisor lahf_lm abm 3dnowprefetch cpuid_fault invpcid_single ssbd ibrs ibpb stibp ibrs_enhanced tpr_shadow vnmi ept vpid fsgsbase tsc_adjust bmi1 hle avx2 smep bmi2 invpcid rtm mpx rdseed adx smap clflushopt xsaveopt xsavec xsaves arat md_clear flush_l1d arch_capabilities
bugs		: spectre_v1 spectre_v2 spec_store_bypass swapgs
bogomips	: 5999.99
clflush size	: 64
cache_alignment	: 64
address sizes	: 43 bits physical, 48 bits virtual
power management:



Memory: 4k page, physical 4015688k(144156k free), swap 2097148k(402484k free)

vm_info: Java HotSpot(TM) 64-Bit Server VM (25.221-b11) for linux-amd64 JRE (1.8.0_221-b11), built on Jul  4 2019 04:27:00 by "java_re" with gcc 7.3.0

time: Sat Nov  2 12:17:58 2019
timezone: CST
elapsed time: 0 seconds (0d 0h 0m 0s)

