#
# A fatal error has been detected by the Java Runtime Environment:
#
#  SIGSEGV (0xb) at pc=0x00005650f2ef2b69, pid=14788, tid=0x00007f161b630700
#
# JRE version: Java(TM) SE Runtime Environment (8.0_221-b11) (build 1.8.0_221-b11)
# Java VM: Java HotSpot(TM) 64-Bit Server VM (25.221-b11 interpreted mode linux-amd64 compressed oops)
# Problematic frame:
# C  [main+0x1b69]  handle_stream(void*)+0x179
#
# Failed to write core dump. Core dumps have been disabled. To enable core dumping, try "ulimit -c unlimited" before starting Java again
#
# If you would like to submit a bug report, please visit:
#   http://bugreport.java.com/bugreport/crash.jsp
#

---------------  T H R E A D  ---------------

Current thread is native thread

siginfo: si_signo: 11 (SIGSEGV), si_code: 1 (SEGV_MAPERR), si_addr: 0x0000000000000008

Registers:
RAX=0x0000000000000000, RBX=0x00007f161b62fab0, RCX=0x00007f1645c3a384, RDX=0x00007f1645684a68
RSP=0x00007f161b62fa90, RBP=0x0000000000000000, RSI=0x00007f161b62faae, RDI=0x00007f161b62fab0
R8 =0x0000000000000000, R9 =0x00007f161b630700, R10=0x00007f161b6309d0, R11=0x0000000000000000
R12=0x00007f161b62faae, R13=0x0000000000000000, R14=0x00007fff63f10d30, R15=0x00007fff63f10ca0
RIP=0x00005650f2ef2b69, EFLAGS=0x0000000000010246, CSGSFS=0x002b000000000033, ERR=0x0000000000000004
  TRAPNO=0x000000000000000e

Top of Stack: (sp=0x00007f161b62fa90)
0x00007f161b62fa90:   0000000000000000 0000000000000000
0x00007f161b62faa0:   00005650f3e57790 0024000000000000
0x00007f161b62fab0:   0000000000000000 0000000000000000
0x00007f161b62fac0:   0000000000000000 0000000000000000
0x00007f161b62fad0:   0000000000000000 0000000000000000
0x00007f161b62fae0:   0000000000000000 0000000000000000
0x00007f161b62faf0:   0000000000000000 0000000000000000
0x00007f161b62fb00:   0000000000000000 0000000000000000
0x00007f161b62fb10:   0000000000000000 0000000000000000
0x00007f161b62fb20:   0000000000000000 0000000000000000
0x00007f161b62fb30:   0000000000000000 0000000000000000
0x00007f161b62fb40:   0000000000000000 0000000000000000
0x00007f161b62fb50:   0000000000000000 0000000000000000
0x00007f161b62fb60:   0000000000000000 0000000000000000
0x00007f161b62fb70:   0000000000000000 0000000000000000
0x00007f161b62fb80:   0000000000000000 0000000000000000
0x00007f161b62fb90:   0000000000000000 0000000000000000
0x00007f161b62fba0:   0000000000000000 0000000000000000
0x00007f161b62fbb0:   0000000000000000 0000000000000000
0x00007f161b62fbc0:   0000000000000000 0000000000000000
0x00007f161b62fbd0:   0000000000000000 0000000000000000
0x00007f161b62fbe0:   0000000000000000 0000000000000000
0x00007f161b62fbf0:   0000000000000000 0000000000000000
0x00007f161b62fc00:   0000000000000000 0000000000000000
0x00007f161b62fc10:   0000000000000000 0000000000000000
0x00007f161b62fc20:   0000000000000000 0000000000000000
0x00007f161b62fc30:   0000000000000000 0000000000000000
0x00007f161b62fc40:   0000000000000000 0000000000000000
0x00007f161b62fc50:   0000000000000000 0000000000000000
0x00007f161b62fc60:   0000000000000000 0000000000000000
0x00007f161b62fc70:   0000000000000000 0000000000000000
0x00007f161b62fc80:   0000000000000000 0000000000000000 

Instructions: (pc=0x00005650f2ef2b69)
0x00005650f2ef2b49:   ff 1f 48 39 c2 77 db 45 31 c0 48 85 d2 48 c7 04
0x00005650f2ef2b59:   24 00 00 00 00 0f 84 65 ff ff ff e9 49 ff ff ff
0x00005650f2ef2b69:   48 8b 14 25 08 00 00 00 48 8b 34 25 00 00 00 00
0x00005650f2ef2b79:   48 8d 7c 24 10 e8 ed fd ff ff 48 89 c3 4c 89 ef 

Register to memory mapping:

RAX=0x0000000000000000 is an unknown value
RBX=0x00007f161b62fab0 is an unknown value
RCX=0x00007f1645c3a384: read+0x44 in /lib/x86_64-linux-gnu/libpthread.so.0 at 0x00007f1645c29000
RDX=0x00007f1645684a68: <offset 0x3eda68> in /lib/x86_64-linux-gnu/libc.so.6 at 0x00007f1645297000
RSP=0x00007f161b62fa90 is an unknown value
RBP=0x0000000000000000 is an unknown value
RSI=0x00007f161b62faae is an unknown value
RDI=0x00007f161b62fab0 is an unknown value
R8 =0x0000000000000000 is an unknown value
R9 =0x00007f161b630700 is an unknown value
R10=0x00007f161b6309d0 is an unknown value
R11=0x0000000000000000 is an unknown value
R12=0x00007f161b62faae is an unknown value
R13=0x0000000000000000 is an unknown value
R14=0x00007fff63f10d30 is pointing into the stack for thread: 0x00005650f3da6000
R15=0x00007fff63f10ca0 is pointing into the stack for thread: 0x00005650f3da6000


Stack: [0x00007f161ae31000,0x00007f161b631000],  sp=0x00007f161b62fa90,  free space=8186k
Native frames: (J=compiled Java code, j=interpreted, Vv=VM code, C=native code)
C  [main+0x1b69]  handle_stream(void*)+0x179

[error occurred during error reporting (printing native stack), id 0xb]


---------------  P R O C E S S  ---------------

VM state:not at safepoint (normal execution)

VM Mutex/Monitor currently owned by a thread: None

heap address: 0x00000000c2a00000, size: 982 MB, Compressed Oops mode: 32-bit
Narrow klass base: 0x0000000000000000, Narrow klass shift: 3
Compressed class space size: 1073741824 Address: 0x0000000100000000

Heap:
 PSYoungGen      total 18432K, used 634K [0x00000000eb900000, 0x00000000ecd80000, 0x0000000100000000)
  eden space 15872K, 4% used [0x00000000eb900000,0x00000000eb99ebc8,0x00000000ec880000)
  from space 2560K, 0% used [0x00000000ecb00000,0x00000000ecb00000,0x00000000ecd80000)
  to   space 2560K, 0% used [0x00000000ec880000,0x00000000ec880000,0x00000000ecb00000)
 ParOldGen       total 42496K, used 0K [0x00000000c2a00000, 0x00000000c5380000, 0x00000000eb900000)
  object space 42496K, 0% used [0x00000000c2a00000,0x00000000c2a00000,0x00000000c5380000)
 Metaspace       used 2176K, capacity 4480K, committed 4480K, reserved 1056768K
  class space    used 240K, capacity 384K, committed 384K, reserved 1048576K

Card table byte_map: [0x00007f16346a5000,0x00007f1634891000] byte_map_base: 0x00007f1634090000

Marking Bits: (ParMarkBitMap*) 0x00007f1646e13d80
 Begin Bits: [0x00007f16323f1000, 0x00007f1633349000)
 End Bits:   [0x00007f1633349000, 0x00007f16342a1000)

Polling page: 0x00007f1647055000

CodeCache: size=245760Kb used=469Kb max_used=469Kb free=245290Kb
 bounds [0x00007f1634c51000, 0x00007f1634ec1000, 0x00007f1643c51000]
 total_blobs=171 nmethods=0 adapters=137
 compilation: disabled (interpreter mode)

Compilation events (0 events):
No events

GC Heap History (0 events):
No events

Deoptimization events (0 events):
No events

Classes redefined (0 events):
No events

Internal exceptions (2 events):
Event: 0.019 Thread 0x00005650f3da6000 Exception <a 'java/lang/NoSuchMethodError': Method sun.misc.Unsafe.defineClass(Ljava/lang/String;[BII)Ljava/lang/Class; name or signature does not match> (0x00000000eb907cb8) thrown at [/HUDSON/workspace/8-2-build-linux-amd64/jdk8u221/13320/hotspot/src/sh
Event: 0.019 Thread 0x00005650f3da6000 Exception <a 'java/lang/NoSuchMethodError': Method sun.misc.Unsafe.prefetchRead(Ljava/lang/Object;J)V name or signature does not match> (0x00000000eb907fa0) thrown at [/HUDSON/workspace/8-2-build-linux-amd64/jdk8u221/13320/hotspot/src/share/vm/prims/jni.c

Events (10 events):
Event: 0.033 loading class java/lang/invoke/MemberName$Factory done
Event: 0.033 loading class java/lang/invoke/MethodHandleStatics
Event: 0.033 loading class java/lang/invoke/MethodHandleStatics done
Event: 0.033 loading class java/lang/invoke/MethodHandleStatics$1
Event: 0.033 loading class java/lang/invoke/MethodHandleStatics$1 done
Event: 0.033 Thread 0x00005650f3e55000 Thread added: 0x00005650f3e55000
Event: 0.033 loading class sun/misc/PostVMInitHook
Event: 0.033 loading class sun/misc/PostVMInitHook done
Event: 0.033 loading class sun/misc/PostVMInitHook$1
Event: 0.034 loading class sun/misc/PostVMInitHook$1 done


Dynamic libraries:
c2a00000-c5380000 rw-p 00000000 00:00 0 
c5380000-eb900000 ---p 00000000 00:00 0 
eb900000-ecd80000 rw-p 00000000 00:00 0 
ecd80000-100000000 ---p 00000000 00:00 0 
100000000-100060000 rw-p 00000000 00:00 0 
100060000-140000000 ---p 00000000 00:00 0 
5650f2ef1000-5650f2ef4000 r-xp 00000000 08:01 27                         /home/wanhui/CallJvm/callJvmThreadpool/cmake-build-debug/main
5650f30f3000-5650f30f4000 r--p 00002000 08:01 27                         /home/wanhui/CallJvm/callJvmThreadpool/cmake-build-debug/main
5650f30f4000-5650f30f5000 rw-p 00003000 08:01 27                         /home/wanhui/CallJvm/callJvmThreadpool/cmake-build-debug/main
5650f3d77000-5650f3e63000 rw-p 00000000 00:00 0                          [heap]
7f1600000000-7f1600021000 rw-p 00000000 00:00 0 
7f1600021000-7f1604000000 ---p 00000000 00:00 0 
7f1604000000-7f1604021000 rw-p 00000000 00:00 0 
7f1604021000-7f1608000000 ---p 00000000 00:00 0 
7f1608000000-7f1608021000 rw-p 00000000 00:00 0 
7f1608021000-7f160c000000 ---p 00000000 00:00 0 
7f160c000000-7f160c021000 rw-p 00000000 00:00 0 
7f160c021000-7f1610000000 ---p 00000000 00:00 0 
7f1610000000-7f1610021000 rw-p 00000000 00:00 0 
7f1610021000-7f1614000000 ---p 00000000 00:00 0 
7f1614000000-7f1614021000 rw-p 00000000 00:00 0 
7f1614021000-7f1618000000 ---p 00000000 00:00 0 
7f161ae30000-7f161ae31000 ---p 00000000 00:00 0 
7f161ae31000-7f161b631000 rw-p 00000000 00:00 0 
7f161b631000-7f161c000000 r--p 00000000 08:01 1186501                    /usr/lib/locale/locale-archive
7f161c000000-7f161c021000 rw-p 00000000 00:00 0 
7f161c021000-7f1620000000 ---p 00000000 00:00 0 
7f1620000000-7f1620021000 rw-p 00000000 00:00 0 
7f1620021000-7f1624000000 ---p 00000000 00:00 0 
7f1624000000-7f1624021000 rw-p 00000000 00:00 0 
7f1624021000-7f1628000000 ---p 00000000 00:00 0 
7f1628000000-7f1628021000 rw-p 00000000 00:00 0 
7f1628021000-7f162c000000 ---p 00000000 00:00 0 
7f162c000000-7f162c021000 rw-p 00000000 00:00 0 
7f162c021000-7f1630000000 ---p 00000000 00:00 0 
7f16301ac000-7f16301ad000 ---p 00000000 00:00 0 
7f16301ad000-7f16302ad000 rw-p 00000000 00:00 0 
7f16302ad000-7f16302b0000 ---p 00000000 00:00 0 
7f16302b0000-7f16303ae000 rw-p 00000000 00:00 0 
7f16303ae000-7f16303b1000 ---p 00000000 00:00 0 
7f16303b1000-7f16304af000 rw-p 00000000 00:00 0 
7f16304af000-7f16304b2000 ---p 00000000 00:00 0 
7f16304b2000-7f16305b0000 rw-p 00000000 00:00 0 
7f16305b0000-7f16305b3000 ---p 00000000 00:00 0 
7f16305b3000-7f16306b1000 rw-p 00000000 00:00 0 
7f16306b1000-7f16306b2000 ---p 00000000 00:00 0 
7f16306b2000-7f16317b6000 rw-p 00000000 00:00 0 
7f16317b6000-7f1631990000 r--s 03d88000 08:01 1324703                    /usr/local/java/jre/lib/rt.jar
7f1631990000-7f1631e06000 rw-p 00000000 00:00 0 
7f1631e06000-7f1632206000 ---p 00000000 00:00 0 
7f1632206000-7f16342a1000 rw-p 00000000 00:00 0 
7f16342a1000-7f16342a2000 ---p 00000000 00:00 0 
7f16342a2000-7f16343a2000 rw-p 00000000 00:00 0 
7f16343a2000-7f16343a3000 ---p 00000000 00:00 0 
7f16343a3000-7f16344a3000 rw-p 00000000 00:00 0 
7f16344a3000-7f16344a4000 ---p 00000000 00:00 0 
7f16344a4000-7f16345a4000 rw-p 00000000 00:00 0 
7f16345a4000-7f16345a5000 ---p 00000000 00:00 0 
7f16345a5000-7f16346ba000 rw-p 00000000 00:00 0 
7f16346ba000-7f16347ec000 ---p 00000000 00:00 0 
7f16347ec000-7f16347f7000 rw-p 00000000 00:00 0 
7f16347f7000-7f1634890000 ---p 00000000 00:00 0 
7f1634890000-7f163489b000 rw-p 00000000 00:00 0 
7f163489b000-7f1634c51000 ---p 00000000 00:00 0 
7f1634c51000-7f1634ec1000 rwxp 00000000 00:00 0 
7f1634ec1000-7f1643c51000 ---p 00000000 00:00 0 
7f1643c51000-7f1643c6c000 r-xp 00000000 08:01 1453051                    /usr/local/java/jre/lib/amd64/libzip.so
7f1643c6c000-7f1643e6b000 ---p 0001b000 08:01 1453051                    /usr/local/java/jre/lib/amd64/libzip.so
7f1643e6b000-7f1643e6c000 r--p 0001a000 08:01 1453051                    /usr/local/java/jre/lib/amd64/libzip.so
7f1643e6c000-7f1643e6d000 rw-p 0001b000 08:01 1453051                    /usr/local/java/jre/lib/amd64/libzip.so
7f1643e6d000-7f1643e78000 r-xp 00000000 08:01 2233846                    /lib/x86_64-linux-gnu/libnss_files-2.27.so
7f1643e78000-7f1644077000 ---p 0000b000 08:01 2233846                    /lib/x86_64-linux-gnu/libnss_files-2.27.so
7f1644077000-7f1644078000 r--p 0000a000 08:01 2233846                    /lib/x86_64-linux-gnu/libnss_files-2.27.so
7f1644078000-7f1644079000 rw-p 0000b000 08:01 2233846                    /lib/x86_64-linux-gnu/libnss_files-2.27.so
7f1644079000-7f164407f000 rw-p 00000000 00:00 0 
7f164407f000-7f1644096000 r-xp 00000000 08:01 2233840                    /lib/x86_64-linux-gnu/libnsl-2.27.so
7f1644096000-7f1644295000 ---p 00017000 08:01 2233840                    /lib/x86_64-linux-gnu/libnsl-2.27.so
7f1644295000-7f1644296000 r--p 00016000 08:01 2233840                    /lib/x86_64-linux-gnu/libnsl-2.27.so
7f1644296000-7f1644297000 rw-p 00017000 08:01 2233840                    /lib/x86_64-linux-gnu/libnsl-2.27.so
7f1644297000-7f1644299000 rw-p 00000000 00:00 0 
7f1644299000-7f16442a4000 r-xp 00000000 08:01 2233857                    /lib/x86_64-linux-gnu/libnss_nis-2.27.so
7f16442a4000-7f16444a3000 ---p 0000b000 08:01 2233857                    /lib/x86_64-linux-gnu/libnss_nis-2.27.so
7f16444a3000-7f16444a4000 r--p 0000a000 08:01 2233857                    /lib/x86_64-linux-gnu/libnss_nis-2.27.so
7f16444a4000-7f16444a5000 rw-p 0000b000 08:01 2233857                    /lib/x86_64-linux-gnu/libnss_nis-2.27.so
7f16444a5000-7f16444ad000 r-xp 00000000 08:01 2233842                    /lib/x86_64-linux-gnu/libnss_compat-2.27.so
7f16444ad000-7f16446ad000 ---p 00008000 08:01 2233842                    /lib/x86_64-linux-gnu/libnss_compat-2.27.so
7f16446ad000-7f16446ae000 r--p 00008000 08:01 2233842                    /lib/x86_64-linux-gnu/libnss_compat-2.27.so
7f16446ae000-7f16446af000 rw-p 00009000 08:01 2233842                    /lib/x86_64-linux-gnu/libnss_compat-2.27.so
7f16446af000-7f16446db000 r-xp 00000000 08:01 1453042                    /usr/local/java/jre/lib/amd64/libjava.so
7f16446db000-7f16448db000 ---p 0002c000 08:01 1453042                    /usr/local/java/jre/lib/amd64/libjava.so
7f16448db000-7f16448dc000 r--p 0002c000 08:01 1453042                    /usr/local/java/jre/lib/amd64/libjava.so
7f16448dc000-7f16448de000 rw-p 0002d000 08:01 1453042                    /usr/local/java/jre/lib/amd64/libjava.so
7f16448de000-7f16448eb000 r-xp 00000000 08:01 1453033                    /usr/local/java/jre/lib/amd64/libverify.so
7f16448eb000-7f1644aea000 ---p 0000d000 08:01 1453033                    /usr/local/java/jre/lib/amd64/libverify.so
7f1644aea000-7f1644aec000 r--p 0000c000 08:01 1453033                    /usr/local/java/jre/lib/amd64/libverify.so
7f1644aec000-7f1644aed000 rw-p 0000e000 08:01 1453033                    /usr/local/java/jre/lib/amd64/libverify.so
7f1644aed000-7f1644af4000 r-xp 00000000 08:01 2233897                    /lib/x86_64-linux-gnu/librt-2.27.so
7f1644af4000-7f1644cf3000 ---p 00007000 08:01 2233897                    /lib/x86_64-linux-gnu/librt-2.27.so
7f1644cf3000-7f1644cf4000 r--p 00006000 08:01 2233897                    /lib/x86_64-linux-gnu/librt-2.27.so
7f1644cf4000-7f1644cf5000 rw-p 00007000 08:01 2233897                    /lib/x86_64-linux-gnu/librt-2.27.so
7f1644cf5000-7f1644cf8000 r-xp 00000000 08:01 2233779                    /lib/x86_64-linux-gnu/libdl-2.27.so
7f1644cf8000-7f1644ef7000 ---p 00003000 08:01 2233779                    /lib/x86_64-linux-gnu/libdl-2.27.so
7f1644ef7000-7f1644ef8000 r--p 00002000 08:01 2233779                    /lib/x86_64-linux-gnu/libdl-2.27.so
7f1644ef8000-7f1644ef9000 rw-p 00003000 08:01 2233779                    /lib/x86_64-linux-gnu/libdl-2.27.so
7f1644ef9000-7f1645096000 r-xp 00000000 08:01 2233819                    /lib/x86_64-linux-gnu/libm-2.27.so
7f1645096000-7f1645295000 ---p 0019d000 08:01 2233819                    /lib/x86_64-linux-gnu/libm-2.27.so
7f1645295000-7f1645296000 r--p 0019c000 08:01 2233819                    /lib/x86_64-linux-gnu/libm-2.27.so
7f1645296000-7f1645297000 rw-p 0019d000 08:01 2233819                    /lib/x86_64-linux-gnu/libm-2.27.so
7f1645297000-7f164547e000 r-xp 00000000 08:01 2233756                    /lib/x86_64-linux-gnu/libc-2.27.so
7f164547e000-7f164567e000 ---p 001e7000 08:01 2233756                    /lib/x86_64-linux-gnu/libc-2.27.so
7f164567e000-7f1645682000 r--p 001e7000 08:01 2233756                    /lib/x86_64-linux-gnu/libc-2.27.so
7f1645682000-7f1645684000 rw-p 001eb000 08:01 2233756                    /lib/x86_64-linux-gnu/libc-2.27.so
7f1645684000-7f1645688000 rw-p 00000000 00:00 0 
7f1645688000-7f164569f000 r-xp 00000000 08:01 2233339                    /lib/x86_64-linux-gnu/libgcc_s.so.1
7f164569f000-7f164589e000 ---p 00017000 08:01 2233339                    /lib/x86_64-linux-gnu/libgcc_s.so.1
7f164589e000-7f164589f000 r--p 00016000 08:01 2233339                    /lib/x86_64-linux-gnu/libgcc_s.so.1
7f164589f000-7f16458a0000 rw-p 00017000 08:01 2233339                    /lib/x86_64-linux-gnu/libgcc_s.so.1
7f16458a0000-7f1645a19000 r-xp 00000000 08:01 1188276                    /usr/lib/x86_64-linux-gnu/libstdc++.so.6.0.25
7f1645a19000-7f1645c19000 ---p 00179000 08:01 1188276                    /usr/lib/x86_64-linux-gnu/libstdc++.so.6.0.25
7f1645c19000-7f1645c23000 r--p 00179000 08:01 1188276                    /usr/lib/x86_64-linux-gnu/libstdc++.so.6.0.25
7f1645c23000-7f1645c25000 rw-p 00183000 08:01 1188276                    /usr/lib/x86_64-linux-gnu/libstdc++.so.6.0.25
7f1645c25000-7f1645c29000 rw-p 00000000 00:00 0 
7f1645c29000-7f1645c43000 r-xp 00000000 08:01 2233889                    /lib/x86_64-linux-gnu/libpthread-2.27.so
7f1645c43000-7f1645e42000 ---p 0001a000 08:01 2233889                    /lib/x86_64-linux-gnu/libpthread-2.27.so
7f1645e42000-7f1645e43000 r--p 00019000 08:01 2233889                    /lib/x86_64-linux-gnu/libpthread-2.27.so
7f1645e43000-7f1645e44000 rw-p 0001a000 08:01 2233889                    /lib/x86_64-linux-gnu/libpthread-2.27.so
7f1645e44000-7f1645e48000 rw-p 00000000 00:00 0 
7f1645e48000-7f1646b30000 r-xp 00000000 08:01 1453049                    /usr/local/java/jre/lib/amd64/server/libjvm.so
7f1646b30000-7f1646d2f000 ---p 00ce8000 08:01 1453049                    /usr/local/java/jre/lib/amd64/server/libjvm.so
7f1646d2f000-7f1646dc5000 r--p 00ce7000 08:01 1453049                    /usr/local/java/jre/lib/amd64/server/libjvm.so
7f1646dc5000-7f1646df6000 rw-p 00d7d000 08:01 1453049                    /usr/local/java/jre/lib/amd64/server/libjvm.so
7f1646df6000-7f1646e31000 rw-p 00000000 00:00 0 
7f1646e31000-7f1646e58000 r-xp 00000000 08:01 2233728                    /lib/x86_64-linux-gnu/ld-2.27.so
7f1646e5e000-7f1646f0a000 rw-p 00000000 00:00 0 
7f1646f0a000-7f164703d000 ---p 00000000 00:00 0 
7f164703d000-7f1647042000 rw-p 00000000 00:00 0 
7f164704c000-7f1647054000 rw-s 00000000 08:01 1327340                    /tmp/hsperfdata_wanhui/14788
7f1647054000-7f1647055000 rw-p 00000000 00:00 0 
7f1647055000-7f1647056000 r--p 00000000 00:00 0 
7f1647056000-7f1647058000 rw-p 00000000 00:00 0 
7f1647058000-7f1647059000 r--p 00027000 08:01 2233728                    /lib/x86_64-linux-gnu/ld-2.27.so
7f1647059000-7f164705a000 rw-p 00028000 08:01 2233728                    /lib/x86_64-linux-gnu/ld-2.27.so
7f164705a000-7f164705b000 rw-p 00000000 00:00 0 
7fff63e13000-7fff63e16000 ---p 00000000 00:00 0 
7fff63e16000-7fff63f13000 rw-p 00000000 00:00 0                          [stack]
7fff63f28000-7fff63f2b000 r--p 00000000 00:00 0                          [vvar]
7fff63f2b000-7fff63f2d000 r-xp 00000000 00:00 0                          [vdso]
ffffffffff600000-ffffffffff601000 r-xp 00000000 00:00 0                  [vsyscall]

VM Arguments:
jvm_args: -Djava.compiler=NONE -verbose:jni 
java_command: <unknown>
java_class_path (initial): .:/home/wanhui/CallJvm/callJvmThreadpool/qin_test1.jar
Launcher Type: generic

Environment Variables:
JAVA_HOME=/usr/local/java
CLASSPATH=/home/wanhui/Downloads/clion-2019.2.1/lib/bootstrap.jar:/home/wanhui/Downloads/clion-2019.2.1/lib/extensions.jar:/home/wanhui/Downloads/clion-2019.2.1/lib/util.jar:/home/wanhui/Downloads/clion-2019.2.1/lib/jdom.jar:/home/wanhui/Downloads/clion-2019.2.1/lib/log4j.jar:/home/wanhui/Downloads/clion-2019.2.1/lib/trove4j.jar:/home/wanhui/Downloads/clion-2019.2.1/lib/jna.jar
PATH=/usr/local/sbin:/usr/local/bin:/usr/sbin:/usr/bin:/sbin:/bin:/snap/bin:/usr/local/redis/redis-4.0.9.tar_files/redis-4.0.9/src:/usr/local/mysql/bin
USERNAME=wanhui
SHELL=/bin/bash
DISPLAY=:0

Signal Handlers:
SIGSEGV: [libjvm.so+0xad3d90], sa_mask[0]=11111111011111111101111111111110, sa_flags=SA_RESTART|SA_SIGINFO
SIGBUS: [libjvm.so+0xad3d90], sa_mask[0]=11111111011111111101111111111110, sa_flags=SA_RESTART|SA_SIGINFO
SIGFPE: [libjvm.so+0x90b8b0], sa_mask[0]=11111111011111111101111111111110, sa_flags=SA_RESTART|SA_SIGINFO
SIGPIPE: [libjvm.so+0x90b8b0], sa_mask[0]=11111111011111111101111111111110, sa_flags=SA_RESTART|SA_SIGINFO
SIGXFSZ: [libjvm.so+0x90b8b0], sa_mask[0]=11111111011111111101111111111110, sa_flags=SA_RESTART|SA_SIGINFO
SIGILL: [libjvm.so+0x90b8b0], sa_mask[0]=11111111011111111101111111111110, sa_flags=SA_RESTART|SA_SIGINFO
SIGUSR1: SIG_DFL, sa_mask[0]=00000000000000000000000000000000, sa_flags=none
SIGUSR2: [libjvm.so+0x90b780], sa_mask[0]=00100000000000000000000000000000, sa_flags=SA_RESTART|SA_SIGINFO
SIGHUP: [libjvm.so+0x90bda0], sa_mask[0]=11111111011111111101111111111110, sa_flags=SA_RESTART|SA_SIGINFO
SIGINT: [libjvm.so+0x90bda0], sa_mask[0]=11111111011111111101111111111110, sa_flags=SA_RESTART|SA_SIGINFO
SIGTERM: [libjvm.so+0x90bda0], sa_mask[0]=11111111011111111101111111111110, sa_flags=SA_RESTART|SA_SIGINFO
SIGQUIT: [libjvm.so+0x90bda0], sa_mask[0]=11111111011111111101111111111110, sa_flags=SA_RESTART|SA_SIGINFO


---------------  S Y S T E M  ---------------

OS:DISTRIB_ID=Ubuntu
DISTRIB_RELEASE=18.04
DISTRIB_CODENAME=bionic
DISTRIB_DESCRIPTION="Ubuntu 18.04.3 LTS"

uname:Linux 4.15.0-66-generic #75-Ubuntu SMP Tue Oct 1 05:24:09 UTC 2019 x86_64
libc:glibc 2.27 NPTL 2.27 
rlimit: STACK 8192k, CORE 0k, NPROC 15513, NOFILE 1048576, AS infinity
load average:0.35 0.30 0.27

/proc/meminfo:
MemTotal:        4015688 kB
MemFree:          198396 kB
MemAvailable:     451964 kB
Buffers:           60056 kB
Cached:           346480 kB
SwapCached:       155728 kB
Active:          2352300 kB
Inactive:         749976 kB
Active(anon):    2155168 kB
Inactive(anon):   557572 kB
Active(file):     197132 kB
Inactive(file):   192404 kB
Unevictable:          16 kB
Mlocked:              16 kB
SwapTotal:       2097148 kB
SwapFree:        1428220 kB
Dirty:              8656 kB
Writeback:             0 kB
AnonPages:       2650504 kB
Mapped:           194848 kB
Shmem:             17000 kB
Slab:             206072 kB
SReclaimable:     137832 kB
SUnreclaim:        68240 kB
KernelStack:       13488 kB
PageTables:        48112 kB
NFS_Unstable:          0 kB
Bounce:                0 kB
WritebackTmp:          0 kB
CommitLimit:     4104992 kB
Committed_AS:    6903732 kB
VmallocTotal:   34359738367 kB
VmallocUsed:           0 kB
VmallocChunk:          0 kB
HardwareCorrupted:     0 kB
AnonHugePages:         0 kB
ShmemHugePages:        0 kB
ShmemPmdMapped:        0 kB
CmaTotal:              0 kB
CmaFree:               0 kB
HugePages_Total:       0
HugePages_Free:        0
HugePages_Rsvd:        0
HugePages_Surp:        0
Hugepagesize:       2048 kB
DirectMap4k:      198464 kB
DirectMap2M:     3995648 kB
DirectMap1G:     2097152 kB

container (cgroup) information:
container_type: cgroupv1
cpu_cpuset_cpus: 0-3
cpu_memory_nodes: 0
active_processor_count: 4
cpu_quota: -1
cpu_period: 100000
cpu_shares: -1
memory_limit_in_bytes: -1
memory_and_swap_limit_in_bytes: -2
memory_soft_limit_in_bytes: -1
memory_usage_in_bytes: 3131850752
memory_max_usage_in_bytes: 41361408


CPU:total 4 (initial active 4) (2 cores per cpu, 1 threads per core) family 6 model 158 stepping 13, cmov, cx8, fxsr, mmx, sse, sse2, sse3, ssse3, sse4.1, sse4.2, popcnt, avx, avx2, aes, clmul, erms, rtm, 3dnowpref, lzcnt, tsc, tscinvbit, bmi1, bmi2, adx

/proc/cpuinfo:
processor	: 0
vendor_id	: GenuineIntel
cpu family	: 6
model		: 158
model name	: Intel(R) Core(TM) i7-9700 CPU @ 3.00GHz
stepping	: 13
microcode	: 0xb4
cpu MHz		: 2999.999
cache size	: 12288 KB
physical id	: 0
siblings	: 2
core id		: 0
cpu cores	: 2
apicid		: 0
initial apicid	: 0
fpu		: yes
fpu_exception	: yes
cpuid level	: 22
wp		: yes
flags		: fpu vme de pse tsc msr pae mce cx8 apic sep mtrr pge mca cmov pat pse36 clflush mmx fxsr sse sse2 ss ht syscall nx pdpe1gb rdtscp lm constant_tsc arch_perfmon nopl xtopology tsc_reliable nonstop_tsc cpuid pni pclmulqdq vmx ssse3 fma cx16 pcid sse4_1 sse4_2 x2apic movbe popcnt tsc_deadline_timer aes xsave avx f16c rdrand hypervisor lahf_lm abm 3dnowprefetch cpuid_fault invpcid_single ssbd ibrs ibpb stibp ibrs_enhanced tpr_shadow vnmi ept vpid fsgsbase tsc_adjust bmi1 hle avx2 smep bmi2 invpcid rtm mpx rdseed adx smap clflushopt xsaveopt xsavec xsaves arat md_clear flush_l1d arch_capabilities
bugs		: spectre_v1 spectre_v2 spec_store_bypass swapgs
bogomips	: 5999.99
clflush size	: 64
cache_alignment	: 64
address sizes	: 43 bits physical, 48 bits virtual
power management:

processor	: 1
vendor_id	: GenuineIntel
cpu family	: 6
model		: 158
model name	: Intel(R) Core(TM) i7-9700 CPU @ 3.00GHz
stepping	: 13
microcode	: 0xb4
cpu MHz		: 2999.999
cache size	: 12288 KB
physical id	: 0
siblings	: 2
core id		: 1
cpu cores	: 2
apicid		: 1
initial apicid	: 1
fpu		: yes
fpu_exception	: yes
cpuid level	: 22
wp		: yes
flags		: fpu vme de pse tsc msr pae mce cx8 apic sep mtrr pge mca cmov pat pse36 clflush mmx fxsr sse sse2 ss ht syscall nx pdpe1gb rdtscp lm constant_tsc arch_perfmon nopl xtopology tsc_reliable nonstop_tsc cpuid pni pclmulqdq vmx ssse3 fma cx16 pcid sse4_1 sse4_2 x2apic movbe popcnt tsc_deadline_timer aes xsave avx f16c rdrand hypervisor lahf_lm abm 3dnowprefetch cpuid_fault invpcid_single ssbd ibrs ibpb stibp ibrs_enhanced tpr_shadow vnmi ept vpid fsgsbase tsc_adjust bmi1 hle avx2 smep bmi2 invpcid rtm mpx rdseed adx smap clflushopt xsaveopt xsavec xsaves arat md_clear flush_l1d arch_capabilities
bugs		: spectre_v1 spectre_v2 spec_store_bypass swapgs
bogomips	: 5999.99
clflush size	: 64
cache_alignment	: 64
address sizes	: 43 bits physical, 48 bits virtual
power management:

processor	: 2
vendor_id	: GenuineIntel
cpu family	: 6
model		: 158
model name	: Intel(R) Core(TM) i7-9700 CPU @ 3.00GHz
stepping	: 13
microcode	: 0xb4
cpu MHz		: 2999.999
cache size	: 12288 KB
physical id	: 1
siblings	: 2
core id		: 0
cpu cores	: 2
apicid		: 2
initial apicid	: 2
fpu		: yes
fpu_exception	: yes
cpuid level	: 22
wp		: yes
flags		: fpu vme de pse tsc msr pae mce cx8 apic sep mtrr pge mca cmov pat pse36 clflush mmx fxsr sse sse2 ss ht syscall nx pdpe1gb rdtscp lm constant_tsc arch_perfmon nopl xtopology tsc_reliable nonstop_tsc cpuid pni pclmulqdq vmx ssse3 fma cx16 pcid sse4_1 sse4_2 x2apic movbe popcnt tsc_deadline_timer aes xsave avx f16c rdrand hypervisor lahf_lm abm 3dnowprefetch cpuid_fault invpcid_single ssbd ibrs ibpb stibp ibrs_enhanced tpr_shadow vnmi ept vpid fsgsbase tsc_adjust bmi1 hle avx2 smep bmi2 invpcid rtm mpx rdseed adx smap clflushopt xsaveopt xsavec xsaves arat md_clear flush_l1d arch_capabilities
bugs		: spectre_v1 spectre_v2 spec_store_bypass swapgs
bogomips	: 5999.99
clflush size	: 64
cache_alignment	: 64
address sizes	: 43 bits physical, 48 bits virtual
power management:

processor	: 3
vendor_id	: GenuineIntel
cpu family	: 6
model		: 158
model name	: Intel(R) Core(TM) i7-9700 CPU @ 3.00GHz
stepping	: 13
microcode	: 0xb4
cpu MHz		: 2999.999
cache size	: 12288 KB
physical id	: 1
siblings	: 2
core id		: 1
cpu cores	: 2
apicid		: 3
initial apicid	: 3
fpu		: yes
fpu_exception	: yes
cpuid level	: 22
wp		: yes
flags		: fpu vme de pse tsc msr pae mce cx8 apic sep mtrr pge mca cmov pat pse36 clflush mmx fxsr sse sse2 ss ht syscall nx pdpe1gb rdtscp lm constant_tsc arch_perfmon nopl xtopology tsc_reliable nonstop_tsc cpuid pni pclmulqdq vmx ssse3 fma cx16 pcid sse4_1 sse4_2 x2apic movbe popcnt tsc_deadline_timer aes xsave avx f16c rdrand hypervisor lahf_lm abm 3dnowprefetch cpuid_fault invpcid_single ssbd ibrs ibpb stibp ibrs_enhanced tpr_shadow vnmi ept vpid fsgsbase tsc_adjust bmi1 hle avx2 smep bmi2 invpcid rtm mpx rdseed adx smap clflushopt xsaveopt xsavec xsaves arat md_clear flush_l1d arch_capabilities
bugs		: spectre_v1 spectre_v2 spec_store_bypass swapgs
bogomips	: 5999.99
clflush size	: 64
cache_alignment	: 64
address sizes	: 43 bits physical, 48 bits virtual
power management:



Memory: 4k page, physical 4015688k(198396k free), swap 2097148k(1428220k free)

vm_info: Java HotSpot(TM) 64-Bit Server VM (25.221-b11) for linux-amd64 JRE (1.8.0_221-b11), built on Jul  4 2019 04:27:00 by "java_re" with gcc 7.3.0

time: Mon Nov  4 20:03:20 2019
timezone: CST
elapsed time: 3 seconds (0d 0h 0m 3s)

