#
# A fatal error has been detected by the Java Runtime Environment:
#
#  SIGSEGV (0xb) at pc=0x00007fd9e339476c, pid=17768, tid=0x00007fd9c6ffd700
#
# JRE version: Java(TM) SE Runtime Environment (8.0_221-b11) (build 1.8.0_221-b11)
# Java VM: Java HotSpot(TM) 64-Bit Server VM (25.221-b11 interpreted mode linux-amd64 compressed oops)
# Problematic frame:
# V  [libjvm.so+0x6d576c]  jni_CallStaticVoidMethodV+0x6c
#
# Failed to write core dump. Core dumps have been disabled. To enable core dumping, try "ulimit -c unlimited" before starting Java again
#
# If you would like to submit a bug report, please visit:
#   http://bugreport.java.com/bugreport/crash.jsp
#

---------------  T H R E A D  ---------------

Current thread (0x00007fd980001000):  JavaThread "Thread-0" [_thread_in_vm, id=17782, stack(0x00007fd9c67fe000,0x00007fd9c6ffe000)]

siginfo: si_signo: 11 (SIGSEGV), si_code: 1 (SEGV_MAPERR), si_addr: 0x0000000000000000

Registers:
RAX=0x00007fd9e380c220, RBX=0x00007fd980001000, RCX=0x00007fd9c6ffcdd0, RDX=0x00007fd980001b78
RSP=0x00007fd9c6ffcd20, RBP=0x00007fd9c6ffcdc0, RSI=0x00007fd980001000, RDI=0x00007fd980001000
R8 =0x00007fd9c6ffd700, R9 =0x0000000000000000, R10=0x000055581e1b5740, R11=0x0000000000000202
R12=0x00007fd980002990, R13=0x00007fd9800011f8, R14=0x0000000000000000, R15=0x00007fd9c6ffcdd0
RIP=0x00007fd9e339476c, EFLAGS=0x0000000000010202, CSGSFS=0x002b000000000033, ERR=0x0000000000000004
  TRAPNO=0x000000000000000e

Top of Stack: (sp=0x00007fd9c6ffcd20)
0x00007fd9c6ffcd20:   000055581e1b573b 00007fd9e2a9c8c0
0x00007fd9c6ffcd30:   00007fd980001000 00007fd980001b70
0x00007fd9c6ffcd40:   000000000000064e 00007fd9e380c220
0x00007fd9c6ffcd50:   00007fd9e3cd95c0 000055581e1b573b
0x00007fd9c6ffcd60:   00007fd9c6ffcde0 00007fd9e322edf3
0x00007fd9c6ffcd70:   0000000000000000 f4bb92db70696500
0x00007fd9c6ffcd80:   0000000000000000 00007fd9e2a9b760
0x00007fd9c6ffcd90:   0000000000000001 00007fd9e3c4c3e0
0x00007fd9c6ffcda0:   00007fd980002990 0000000000000000
0x00007fd9c6ffcdb0:   0000000000000000 00007ffec3d0e180
0x00007fd9c6ffcdc0:   00007fd9800011f8 000055581e1b5563
0x00007fd9c6ffcdd0:   0000003000000018 00007fd9c6ffceb0
0x00007fd9c6ffcde0:   00007fd9c6ffcdf0 f4bb92db70696500
0x00007fd9c6ffcdf0:   00007fd9e3c86f98 0000000000000000
0x00007fd9c6ffce00:   0000000000000000 0000000000000000
0x00007fd9c6ffce10:   00007fd9c6ffd700 0000000000000000
0x00007fd9c6ffce20:   00007fd9800027f0 00007fd980001000
0x00007fd9c6ffce30:   00007fd980002990 000055581e1b573b
0x00007fd9c6ffce40:   000055581e1b5724 00007fd980001000
0x00007fd9c6ffce50:   00007fd9c6ffcea0 00007fd9e33867e8
0x00007fd9c6ffce60:   00007fd980001000 0000000000000000
0x00007fd9c6ffce70:   0000000000000000 00007fd9e3c4c3e0
0x00007fd9c6ffce80:   00007fd9e3c4c3e0 00007fd980002990
0x00007fd9c6ffce90:   00007fd9e3c4c3e0 00007fd9800011f8
0x00007fd9c6ffcea0:   00007fd980002990 000055581e1b5357
0x00007fd9c6ffceb0:   00007fd9800011f8 f4bb92db70696500
0x00007fd9c6ffcec0:   0000000000000000 000055581ec3efe0
0x00007fd9c6ffced0:   0000000000000000 00007fd9c6ffcfc0
0x00007fd9c6ffcee0:   0000000000000000 000055581e1b4f55
0x00007fd9c6ffcef0:   0000000000000000 00007fd9e2aa76db
0x00007fd9c6ffcf00:   0000000000000000 00007fd9c6ffd700
0x00007fd9c6ffcf10:   00007fd9c6ffd700 b78657f235f9b279 

Instructions: (pc=0x00007fd9e339476c)
0x00007fd9e339474c:   48 89 9d 70 ff ff ff 48 c7 85 78 ff ff ff 00 00
0x00007fd9e339475c:   00 00 74 0c 48 8d bd 70 ff ff ff e8 a4 87 29 00
0x00007fd9e339476c:   49 8b 06 c7 85 60 ff ff ff 0e 00 00 00 4c 8d 65
0x00007fd9e339477c:   90 4c 89 e7 48 8b 40 08 0f b7 50 24 48 8b 40 08 

Register to memory mapping:

RAX=0x00007fd9e380c220: <offset 0xb4d220> in /usr/local/java/jre/lib/amd64/server/libjvm.so at 0x00007fd9e2cbf000
RBX=0x00007fd980001000 is a thread
RCX=0x00007fd9c6ffcdd0 is pointing into the stack for thread: 0x00007fd980001000
RDX=0x00007fd980001b78 is an unknown value
RSP=0x00007fd9c6ffcd20 is pointing into the stack for thread: 0x00007fd980001000
RBP=0x00007fd9c6ffcdc0 is pointing into the stack for thread: 0x00007fd980001000
RSI=0x00007fd980001000 is a thread
RDI=0x00007fd980001000 is a thread
R8 =0x00007fd9c6ffd700 is pointing into the stack for thread: 0x00007fd980001000
R9 =0x0000000000000000 is an unknown value
R10=0x000055581e1b5740: <offset 0x1740> in /home/wanhui/CallJvm/callJvmThreadpool/cmake-build-debug/main at 0x000055581e1b4000
R11=0x0000000000000202 is an unknown value
R12=0x00007fd980002990 is an unknown value
R13=0x00007fd9800011f8 is an unknown value
R14=0x0000000000000000 is an unknown value
R15=0x00007fd9c6ffcdd0 is pointing into the stack for thread: 0x00007fd980001000


Stack: [0x00007fd9c67fe000,0x00007fd9c6ffe000],  sp=0x00007fd9c6ffcd20,  free space=8187k
Native frames: (J=compiled Java code, j=interpreted, Vv=VM code, C=native code)
V  [libjvm.so+0x6d576c]  jni_CallStaticVoidMethodV+0x6c
C  [main+0x1563]  JNIEnv_::CallStaticVoidMethod(_jclass*, _jmethodID*, ...)+0x93


---------------  P R O C E S S  ---------------

Java Threads: ( => current thread )
  0x00007fd988001000 JavaThread "Thread-5" [_thread_in_vm, id=17779, stack(0x00007fd9cc3f5000,0x00007fd9ccbf5000)]
=>0x00007fd980001000 JavaThread "Thread-0" [_thread_in_vm, id=17782, stack(0x00007fd9c67fe000,0x00007fd9c6ffe000)]
  0x00007fd990001000 JavaThread "Thread-3" [_thread_in_vm, id=17784, stack(0x00007fd9c57fc000,0x00007fd9c5ffc000)]
  0x00007fd994001000 JavaThread "Thread-4" [_thread_in_vm, id=17783, stack(0x00007fd9c5ffd000,0x00007fd9c67fd000)]
  0x00007fd978001000 JavaThread "Thread-1" [_thread_in_vm, id=17780, stack(0x00007fd9c7800000,0x00007fd9c8000000)]
  0x00007fd99c001000 JavaThread "Thread-2" [_thread_in_vm, id=17781, stack(0x00007fd9c6fff000,0x00007fd9c77ff000)]
  0x000055581ec3a000 JavaThread "Service Thread" daemon [_thread_blocked, id=17777, stack(0x00007fd9cccf6000,0x00007fd9ccdf7000)]
  0x000055581ec38000 JavaThread "Signal Dispatcher" daemon [_thread_blocked, id=17776, stack(0x00007fd9ccdf7000,0x00007fd9ccef8000)]
  0x000055581ec07800 JavaThread "Finalizer" daemon [_thread_blocked, id=17775, stack(0x00007fd9cd8c7000,0x00007fd9cd9c8000)]
  0x000055581ec03000 JavaThread "Reference Handler" daemon [_thread_blocked, id=17774, stack(0x00007fd9cd9c8000,0x00007fd9cdac9000)]
  0x000055581eb8b000 JavaThread "main" [_thread_in_native, id=17768, stack(0x00007ffec3c0f000,0x00007ffec3d0f000)]

Other Threads:
  0x000055581ebf9000 VMThread [stack: 0x00007fd9cdaca000,0x00007fd9cdbca000] [id=17773]
  0x000055581ec3d000 WatcherThread [stack: 0x00007fd9ccbf6000,0x00007fd9cccf6000] [id=17778]

VM state:not at safepoint (normal execution)

VM Mutex/Monitor currently owned by a thread: None

heap address: 0x00000000c2a00000, size: 982 MB, Compressed Oops mode: 32-bit
Narrow klass base: 0x0000000000000000, Narrow klass shift: 3
Compressed class space size: 1073741824 Address: 0x0000000100000000

Heap:
 PSYoungGen      total 18432K, used 2541K [0x00000000eb900000, 0x00000000ecd80000, 0x0000000100000000)
  eden space 15872K, 16% used [0x00000000eb900000,0x00000000ebb7b718,0x00000000ec880000)
  from space 2560K, 0% used [0x00000000ecb00000,0x00000000ecb00000,0x00000000ecd80000)
  to   space 2560K, 0% used [0x00000000ec880000,0x00000000ec880000,0x00000000ecb00000)
 ParOldGen       total 42496K, used 0K [0x00000000c2a00000, 0x00000000c5380000, 0x00000000eb900000)
  object space 42496K, 0% used [0x00000000c2a00000,0x00000000c2a00000,0x00000000c5380000)
 Metaspace       used 2564K, capacity 4486K, committed 4864K, reserved 1056768K
  class space    used 281K, capacity 386K, committed 512K, reserved 1048576K

Card table byte_map: [0x00007fd9d1abd000,0x00007fd9d1ca9000] byte_map_base: 0x00007fd9d14a8000

Marking Bits: (ParMarkBitMap*) 0x00007fd9e3c8ad80
 Begin Bits: [0x00007fd9cf809000, 0x00007fd9d0761000)
 End Bits:   [0x00007fd9d0761000, 0x00007fd9d16b9000)

Polling page: 0x00007fd9e3ecc000

CodeCache: size=245760Kb used=473Kb max_used=473Kb free=245286Kb
 bounds [0x00007fd9d2069000, 0x00007fd9d22d9000, 0x00007fd9e1069000]
 total_blobs=179 nmethods=0 adapters=145
 compilation: disabled (interpreter mode)

Compilation events (0 events):
No events

GC Heap History (0 events):
No events

Deoptimization events (0 events):
No events

Classes redefined (0 events):
No events

Internal exceptions (3 events):
Event: 0.019 Thread 0x000055581eb8b000 Exception <a 'java/lang/NoSuchMethodError': Method sun.misc.Unsafe.defineClass(Ljava/lang/String;[BII)Ljava/lang/Class; name or signature does not match> (0x00000000eb907cb8) thrown at [/HUDSON/workspace/8-2-build-linux-amd64/jdk8u221/13320/hotspot/src/sh
Event: 0.019 Thread 0x000055581eb8b000 Exception <a 'java/lang/NoSuchMethodError': Method sun.misc.Unsafe.prefetchRead(Ljava/lang/Object;J)V name or signature does not match> (0x00000000eb907fa0) thrown at [/HUDSON/workspace/8-2-build-linux-amd64/jdk8u221/13320/hotspot/src/share/vm/prims/jni.c
Event: 0.046 Thread 0x00007fd980001000 Exception <a 'java/lang/NoSuchMethodError': name> (0x00000000ebaeff08) thrown at [/HUDSON/workspace/8-2-build-linux-amd64/jdk8u221/13320/hotspot/src/share/vm/prims/jni.cpp, line 1614]

Events (10 events):
Event: 0.046 loading class java/io/FilePermission$1
Event: 0.046 loading class java/io/FilePermission$1 done
Event: 0.046 loading class java/io/FilePermissionCollection
Event: 0.046 loading class java/io/FilePermissionCollection done
Event: 0.046 loading class java/security/AllPermission
Event: 0.046 loading class java/security/AllPermission done
Event: 0.046 loading class java/security/UnresolvedPermission
Event: 0.046 loading class java/security/UnresolvedPermission done
Event: 0.046 loading class java/security/BasicPermissionCollection
Event: 0.046 loading class java/security/BasicPermissionCollection done


Dynamic libraries:
c2a00000-c5380000 rw-p 00000000 00:00 0 
c5380000-eb900000 ---p 00000000 00:00 0 
eb900000-ecd80000 rw-p 00000000 00:00 0 
ecd80000-100000000 ---p 00000000 00:00 0 
100000000-100080000 rw-p 00000000 00:00 0 
100080000-140000000 ---p 00000000 00:00 0 
55581e1b4000-55581e1b6000 r-xp 00000000 08:01 7053                       /home/wanhui/CallJvm/callJvmThreadpool/cmake-build-debug/main
55581e3b5000-55581e3b6000 r--p 00001000 08:01 7053                       /home/wanhui/CallJvm/callJvmThreadpool/cmake-build-debug/main
55581e3b6000-55581e3b7000 rw-p 00002000 08:01 7053                       /home/wanhui/CallJvm/callJvmThreadpool/cmake-build-debug/main
55581eb6e000-55581ec48000 rw-p 00000000 00:00 0                          [heap]
7fd978000000-7fd978021000 rw-p 00000000 00:00 0 
7fd978021000-7fd97c000000 ---p 00000000 00:00 0 
7fd980000000-7fd98003e000 rw-p 00000000 00:00 0 
7fd98003e000-7fd984000000 ---p 00000000 00:00 0 
7fd988000000-7fd988021000 rw-p 00000000 00:00 0 
7fd988021000-7fd98c000000 ---p 00000000 00:00 0 
7fd990000000-7fd990021000 rw-p 00000000 00:00 0 
7fd990021000-7fd994000000 ---p 00000000 00:00 0 
7fd994000000-7fd994021000 rw-p 00000000 00:00 0 
7fd994021000-7fd998000000 ---p 00000000 00:00 0 
7fd998000000-7fd998021000 rw-p 00000000 00:00 0 
7fd998021000-7fd99c000000 ---p 00000000 00:00 0 
7fd99c000000-7fd99c021000 rw-p 00000000 00:00 0 
7fd99c021000-7fd9a0000000 ---p 00000000 00:00 0 
7fd9a0000000-7fd9a0021000 rw-p 00000000 00:00 0 
7fd9a0021000-7fd9a4000000 ---p 00000000 00:00 0 
7fd9a4000000-7fd9a4021000 rw-p 00000000 00:00 0 
7fd9a4021000-7fd9a8000000 ---p 00000000 00:00 0 
7fd9a8000000-7fd9a8021000 rw-p 00000000 00:00 0 
7fd9a8021000-7fd9ac000000 ---p 00000000 00:00 0 
7fd9ac000000-7fd9ac021000 rw-p 00000000 00:00 0 
7fd9ac021000-7fd9b0000000 ---p 00000000 00:00 0 
7fd9b0000000-7fd9b0021000 rw-p 00000000 00:00 0 
7fd9b0021000-7fd9b4000000 ---p 00000000 00:00 0 
7fd9b4000000-7fd9b4021000 rw-p 00000000 00:00 0 
7fd9b4021000-7fd9b8000000 ---p 00000000 00:00 0 
7fd9b8000000-7fd9b8021000 rw-p 00000000 00:00 0 
7fd9b8021000-7fd9bc000000 ---p 00000000 00:00 0 
7fd9c0000000-7fd9c0021000 rw-p 00000000 00:00 0 
7fd9c0021000-7fd9c4000000 ---p 00000000 00:00 0 
7fd9c57fb000-7fd9c57fc000 ---p 00000000 00:00 0 
7fd9c57fc000-7fd9c57ff000 ---p 00000000 00:00 0 
7fd9c57ff000-7fd9c5ffc000 rw-p 00000000 00:00 0 
7fd9c5ffc000-7fd9c5ffd000 ---p 00000000 00:00 0 
7fd9c5ffd000-7fd9c6000000 ---p 00000000 00:00 0 
7fd9c6000000-7fd9c67fd000 rw-p 00000000 00:00 0 
7fd9c67fd000-7fd9c67fe000 ---p 00000000 00:00 0 
7fd9c67fe000-7fd9c6801000 ---p 00000000 00:00 0 
7fd9c6801000-7fd9c6ffe000 rw-p 00000000 00:00 0 
7fd9c6ffe000-7fd9c6fff000 ---p 00000000 00:00 0 
7fd9c6fff000-7fd9c7002000 ---p 00000000 00:00 0 
7fd9c7002000-7fd9c77ff000 rw-p 00000000 00:00 0 
7fd9c77ff000-7fd9c7800000 ---p 00000000 00:00 0 
7fd9c7800000-7fd9c7803000 ---p 00000000 00:00 0 
7fd9c7803000-7fd9c8000000 rw-p 00000000 00:00 0 
7fd9c8000000-7fd9c8021000 rw-p 00000000 00:00 0 
7fd9c8021000-7fd9cc000000 ---p 00000000 00:00 0 
7fd9cc15f000-7fd9cc3f4000 rw-p 00000000 00:00 0 
7fd9cc3f4000-7fd9cc3f5000 ---p 00000000 00:00 0 
7fd9cc3f5000-7fd9cc3f8000 ---p 00000000 00:00 0 
7fd9cc3f8000-7fd9ccbf5000 rw-p 00000000 00:00 0 
7fd9ccbf5000-7fd9ccbf6000 ---p 00000000 00:00 0 
7fd9ccbf6000-7fd9cccf6000 rw-p 00000000 00:00 0 
7fd9cccf6000-7fd9cccf9000 ---p 00000000 00:00 0 
7fd9cccf9000-7fd9ccdf7000 rw-p 00000000 00:00 0 
7fd9ccdf7000-7fd9ccdfa000 ---p 00000000 00:00 0 
7fd9ccdfa000-7fd9ccef8000 rw-p 00000000 00:00 0 
7fd9ccef8000-7fd9cd8c7000 r--p 00000000 08:01 1186501                    /usr/lib/locale/locale-archive
7fd9cd8c7000-7fd9cd8ca000 ---p 00000000 00:00 0 
7fd9cd8ca000-7fd9cd9c8000 rw-p 00000000 00:00 0 
7fd9cd9c8000-7fd9cd9cb000 ---p 00000000 00:00 0 
7fd9cd9cb000-7fd9cdac9000 rw-p 00000000 00:00 0 
7fd9cdac9000-7fd9cdaca000 ---p 00000000 00:00 0 
7fd9cdaca000-7fd9cebce000 rw-p 00000000 00:00 0 
7fd9cebce000-7fd9ceda8000 r--s 03d88000 08:01 1324703                    /usr/local/java/jre/lib/rt.jar
7fd9ceda8000-7fd9cf25e000 rw-p 00000000 00:00 0 
7fd9cf25e000-7fd9cf61e000 ---p 00000000 00:00 0 
7fd9cf61e000-7fd9d16b9000 rw-p 00000000 00:00 0 
7fd9d16b9000-7fd9d16ba000 ---p 00000000 00:00 0 
7fd9d16ba000-7fd9d17ba000 rw-p 00000000 00:00 0 
7fd9d17ba000-7fd9d17bb000 ---p 00000000 00:00 0 
7fd9d17bb000-7fd9d18bb000 rw-p 00000000 00:00 0 
7fd9d18bb000-7fd9d18bc000 ---p 00000000 00:00 0 
7fd9d18bc000-7fd9d19bc000 rw-p 00000000 00:00 0 
7fd9d19bc000-7fd9d19bd000 ---p 00000000 00:00 0 
7fd9d19bd000-7fd9d1ad2000 rw-p 00000000 00:00 0 
7fd9d1ad2000-7fd9d1c04000 ---p 00000000 00:00 0 
7fd9d1c04000-7fd9d1c0f000 rw-p 00000000 00:00 0 
7fd9d1c0f000-7fd9d1ca8000 ---p 00000000 00:00 0 
7fd9d1ca8000-7fd9d1cb3000 rw-p 00000000 00:00 0 
7fd9d1cb3000-7fd9d2069000 ---p 00000000 00:00 0 
7fd9d2069000-7fd9d22d9000 rwxp 00000000 00:00 0 
7fd9d22d9000-7fd9e1069000 ---p 00000000 00:00 0 
7fd9e1069000-7fd9e1084000 r-xp 00000000 08:01 1453051                    /usr/local/java/jre/lib/amd64/libzip.so
7fd9e1084000-7fd9e1283000 ---p 0001b000 08:01 1453051                    /usr/local/java/jre/lib/amd64/libzip.so
7fd9e1283000-7fd9e1284000 r--p 0001a000 08:01 1453051                    /usr/local/java/jre/lib/amd64/libzip.so
7fd9e1284000-7fd9e1285000 rw-p 0001b000 08:01 1453051                    /usr/local/java/jre/lib/amd64/libzip.so
7fd9e1285000-7fd9e1290000 r-xp 00000000 08:01 2233846                    /lib/x86_64-linux-gnu/libnss_files-2.27.so
7fd9e1290000-7fd9e148f000 ---p 0000b000 08:01 2233846                    /lib/x86_64-linux-gnu/libnss_files-2.27.so
7fd9e148f000-7fd9e1490000 r--p 0000a000 08:01 2233846                    /lib/x86_64-linux-gnu/libnss_files-2.27.so
7fd9e1490000-7fd9e1491000 rw-p 0000b000 08:01 2233846                    /lib/x86_64-linux-gnu/libnss_files-2.27.so
7fd9e1491000-7fd9e1497000 rw-p 00000000 00:00 0 
7fd9e1497000-7fd9e14ae000 r-xp 00000000 08:01 2233840                    /lib/x86_64-linux-gnu/libnsl-2.27.so
7fd9e14ae000-7fd9e16ad000 ---p 00017000 08:01 2233840                    /lib/x86_64-linux-gnu/libnsl-2.27.so
7fd9e16ad000-7fd9e16ae000 r--p 00016000 08:01 2233840                    /lib/x86_64-linux-gnu/libnsl-2.27.so
7fd9e16ae000-7fd9e16af000 rw-p 00017000 08:01 2233840                    /lib/x86_64-linux-gnu/libnsl-2.27.so
7fd9e16af000-7fd9e16b1000 rw-p 00000000 00:00 0 
7fd9e16b1000-7fd9e16bc000 r-xp 00000000 08:01 2233857                    /lib/x86_64-linux-gnu/libnss_nis-2.27.so
7fd9e16bc000-7fd9e18bb000 ---p 0000b000 08:01 2233857                    /lib/x86_64-linux-gnu/libnss_nis-2.27.so
7fd9e18bb000-7fd9e18bc000 r--p 0000a000 08:01 2233857                    /lib/x86_64-linux-gnu/libnss_nis-2.27.so
7fd9e18bc000-7fd9e18bd000 rw-p 0000b000 08:01 2233857                    /lib/x86_64-linux-gnu/libnss_nis-2.27.so
7fd9e18bd000-7fd9e18c5000 r-xp 00000000 08:01 2233842                    /lib/x86_64-linux-gnu/libnss_compat-2.27.so
7fd9e18c5000-7fd9e1ac5000 ---p 00008000 08:01 2233842                    /lib/x86_64-linux-gnu/libnss_compat-2.27.so
7fd9e1ac5000-7fd9e1ac6000 r--p 00008000 08:01 2233842                    /lib/x86_64-linux-gnu/libnss_compat-2.27.so
7fd9e1ac6000-7fd9e1ac7000 rw-p 00009000 08:01 2233842                    /lib/x86_64-linux-gnu/libnss_compat-2.27.so
7fd9e1ac7000-7fd9e1af3000 r-xp 00000000 08:01 1453042                    /usr/local/java/jre/lib/amd64/libjava.so
7fd9e1af3000-7fd9e1cf3000 ---p 0002c000 08:01 1453042                    /usr/local/java/jre/lib/amd64/libjava.so
7fd9e1cf3000-7fd9e1cf4000 r--p 0002c000 08:01 1453042                    /usr/local/java/jre/lib/amd64/libjava.so
7fd9e1cf4000-7fd9e1cf6000 rw-p 0002d000 08:01 1453042                    /usr/local/java/jre/lib/amd64/libjava.so
7fd9e1cf6000-7fd9e1d03000 r-xp 00000000 08:01 1453033                    /usr/local/java/jre/lib/amd64/libverify.so
7fd9e1d03000-7fd9e1f02000 ---p 0000d000 08:01 1453033                    /usr/local/java/jre/lib/amd64/libverify.so
7fd9e1f02000-7fd9e1f04000 r--p 0000c000 08:01 1453033                    /usr/local/java/jre/lib/amd64/libverify.so
7fd9e1f04000-7fd9e1f05000 rw-p 0000e000 08:01 1453033                    /usr/local/java/jre/lib/amd64/libverify.so
7fd9e1f05000-7fd9e1f0c000 r-xp 00000000 08:01 2233897                    /lib/x86_64-linux-gnu/librt-2.27.so
7fd9e1f0c000-7fd9e210b000 ---p 00007000 08:01 2233897                    /lib/x86_64-linux-gnu/librt-2.27.so
7fd9e210b000-7fd9e210c000 r--p 00006000 08:01 2233897                    /lib/x86_64-linux-gnu/librt-2.27.so
7fd9e210c000-7fd9e210d000 rw-p 00007000 08:01 2233897                    /lib/x86_64-linux-gnu/librt-2.27.so
7fd9e210d000-7fd9e2110000 r-xp 00000000 08:01 2233779                    /lib/x86_64-linux-gnu/libdl-2.27.so
7fd9e2110000-7fd9e230f000 ---p 00003000 08:01 2233779                    /lib/x86_64-linux-gnu/libdl-2.27.so
7fd9e230f000-7fd9e2310000 r--p 00002000 08:01 2233779                    /lib/x86_64-linux-gnu/libdl-2.27.so
7fd9e2310000-7fd9e2311000 rw-p 00003000 08:01 2233779                    /lib/x86_64-linux-gnu/libdl-2.27.so
7fd9e2311000-7fd9e24ae000 r-xp 00000000 08:01 2233819                    /lib/x86_64-linux-gnu/libm-2.27.so
7fd9e24ae000-7fd9e26ad000 ---p 0019d000 08:01 2233819                    /lib/x86_64-linux-gnu/libm-2.27.so
7fd9e26ad000-7fd9e26ae000 r--p 0019c000 08:01 2233819                    /lib/x86_64-linux-gnu/libm-2.27.so
7fd9e26ae000-7fd9e26af000 rw-p 0019d000 08:01 2233819                    /lib/x86_64-linux-gnu/libm-2.27.so
7fd9e26af000-7fd9e2896000 r-xp 00000000 08:01 2233756                    /lib/x86_64-linux-gnu/libc-2.27.so
7fd9e2896000-7fd9e2a96000 ---p 001e7000 08:01 2233756                    /lib/x86_64-linux-gnu/libc-2.27.so
7fd9e2a96000-7fd9e2a9a000 r--p 001e7000 08:01 2233756                    /lib/x86_64-linux-gnu/libc-2.27.so
7fd9e2a9a000-7fd9e2a9c000 rw-p 001eb000 08:01 2233756                    /lib/x86_64-linux-gnu/libc-2.27.so
7fd9e2a9c000-7fd9e2aa0000 rw-p 00000000 00:00 0 
7fd9e2aa0000-7fd9e2aba000 r-xp 00000000 08:01 2233889                    /lib/x86_64-linux-gnu/libpthread-2.27.so
7fd9e2aba000-7fd9e2cb9000 ---p 0001a000 08:01 2233889                    /lib/x86_64-linux-gnu/libpthread-2.27.so
7fd9e2cb9000-7fd9e2cba000 r--p 00019000 08:01 2233889                    /lib/x86_64-linux-gnu/libpthread-2.27.so
7fd9e2cba000-7fd9e2cbb000 rw-p 0001a000 08:01 2233889                    /lib/x86_64-linux-gnu/libpthread-2.27.so
7fd9e2cbb000-7fd9e2cbf000 rw-p 00000000 00:00 0 
7fd9e2cbf000-7fd9e39a7000 r-xp 00000000 08:01 1453049                    /usr/local/java/jre/lib/amd64/server/libjvm.so
7fd9e39a7000-7fd9e3ba6000 ---p 00ce8000 08:01 1453049                    /usr/local/java/jre/lib/amd64/server/libjvm.so
7fd9e3ba6000-7fd9e3c3c000 r--p 00ce7000 08:01 1453049                    /usr/local/java/jre/lib/amd64/server/libjvm.so
7fd9e3c3c000-7fd9e3c6d000 rw-p 00d7d000 08:01 1453049                    /usr/local/java/jre/lib/amd64/server/libjvm.so
7fd9e3c6d000-7fd9e3ca8000 rw-p 00000000 00:00 0 
7fd9e3ca8000-7fd9e3ccf000 r-xp 00000000 08:01 2233728                    /lib/x86_64-linux-gnu/ld-2.27.so
7fd9e3cd8000-7fd9e3d84000 rw-p 00000000 00:00 0 
7fd9e3d84000-7fd9e3eb7000 ---p 00000000 00:00 0 
7fd9e3eb7000-7fd9e3eb9000 rw-p 00000000 00:00 0 
7fd9e3ec2000-7fd9e3ec3000 r--s 00000000 08:01 7072                       /home/wanhui/CallJvm/callJvmThreadpool/qin_test1.jar
7fd9e3ec3000-7fd9e3ecb000 rw-s 00000000 08:01 6972                       /tmp/hsperfdata_wanhui/17768
7fd9e3ecb000-7fd9e3ecc000 rw-p 00000000 00:00 0 
7fd9e3ecc000-7fd9e3ecd000 r--p 00000000 00:00 0 
7fd9e3ecd000-7fd9e3ecf000 rw-p 00000000 00:00 0 
7fd9e3ecf000-7fd9e3ed0000 r--p 00027000 08:01 2233728                    /lib/x86_64-linux-gnu/ld-2.27.so
7fd9e3ed0000-7fd9e3ed1000 rw-p 00028000 08:01 2233728                    /lib/x86_64-linux-gnu/ld-2.27.so
7fd9e3ed1000-7fd9e3ed2000 rw-p 00000000 00:00 0 
7ffec3c0f000-7ffec3c12000 ---p 00000000 00:00 0 
7ffec3c12000-7ffec3d0f000 rw-p 00000000 00:00 0                          [stack]
7ffec3da5000-7ffec3da8000 r--p 00000000 00:00 0                          [vvar]
7ffec3da8000-7ffec3daa000 r-xp 00000000 00:00 0                          [vdso]
ffffffffff600000-ffffffffff601000 r-xp 00000000 00:00 0                  [vsyscall]

VM Arguments:
jvm_args: -Djava.compiler=NONE -verbose:jni 
java_command: <unknown>
java_class_path (initial): .:/home/wanhui/CallJvm/callJvmThreadpool/qin_test1.jar
Launcher Type: generic

Environment Variables:
JAVA_HOME=/usr/local/java
CLASSPATH=/home/wanhui/Downloads/clion-2019.2.1/lib/bootstrap.jar:/home/wanhui/Downloads/clion-2019.2.1/lib/extensions.jar:/home/wanhui/Downloads/clion-2019.2.1/lib/util.jar:/home/wanhui/Downloads/clion-2019.2.1/lib/jdom.jar:/home/wanhui/Downloads/clion-2019.2.1/lib/log4j.jar:/home/wanhui/Downloads/clion-2019.2.1/lib/trove4j.jar:/home/wanhui/Downloads/clion-2019.2.1/lib/jna.jar
PATH=/usr/local/sbin:/usr/local/bin:/usr/sbin:/usr/bin:/sbin:/bin:/snap/bin:/usr/local/redis/redis-4.0.9.tar_files/redis-4.0.9/src:/usr/local/mysql/bin
USERNAME=wanhui
SHELL=/bin/bash
DISPLAY=:0

Signal Handlers:
SIGSEGV: [libjvm.so+0xad3d90], sa_mask[0]=11111111011111111101111111111110, sa_flags=SA_RESTART|SA_SIGINFO
SIGBUS: [libjvm.so+0xad3d90], sa_mask[0]=11111111011111111101111111111110, sa_flags=SA_RESTART|SA_SIGINFO
SIGFPE: [libjvm.so+0x90b8b0], sa_mask[0]=11111111011111111101111111111110, sa_flags=SA_RESTART|SA_SIGINFO
SIGPIPE: [libjvm.so+0x90b8b0], sa_mask[0]=11111111011111111101111111111110, sa_flags=SA_RESTART|SA_SIGINFO
SIGXFSZ: [libjvm.so+0x90b8b0], sa_mask[0]=11111111011111111101111111111110, sa_flags=SA_RESTART|SA_SIGINFO
SIGILL: [libjvm.so+0x90b8b0], sa_mask[0]=11111111011111111101111111111110, sa_flags=SA_RESTART|SA_SIGINFO
SIGUSR1: SIG_DFL, sa_mask[0]=00000000000000000000000000000000, sa_flags=none
SIGUSR2: [libjvm.so+0x90b780], sa_mask[0]=00100000000000000000000000000000, sa_flags=SA_RESTART|SA_SIGINFO
SIGHUP: [libjvm.so+0x90bda0], sa_mask[0]=11111111011111111101111111111110, sa_flags=SA_RESTART|SA_SIGINFO
SIGINT: [libjvm.so+0x90bda0], sa_mask[0]=11111111011111111101111111111110, sa_flags=SA_RESTART|SA_SIGINFO
SIGTERM: [libjvm.so+0x90bda0], sa_mask[0]=11111111011111111101111111111110, sa_flags=SA_RESTART|SA_SIGINFO
SIGQUIT: [libjvm.so+0x90bda0], sa_mask[0]=11111111011111111101111111111110, sa_flags=SA_RESTART|SA_SIGINFO


---------------  S Y S T E M  ---------------

OS:DISTRIB_ID=Ubuntu
DISTRIB_RELEASE=18.04
DISTRIB_CODENAME=bionic
DISTRIB_DESCRIPTION="Ubuntu 18.04.3 LTS"

uname:Linux 4.15.0-66-generic #75-Ubuntu SMP Tue Oct 1 05:24:09 UTC 2019 x86_64
libc:glibc 2.27 NPTL 2.27 
rlimit: STACK 8192k, CORE 0k, NPROC 15513, NOFILE 1048576, AS infinity
load average:0.38 0.36 0.33

/proc/meminfo:
MemTotal:        4015688 kB
MemFree:          128472 kB
MemAvailable:     166692 kB
Buffers:            7528 kB
Cached:           242112 kB
SwapCached:        19512 kB
Active:          2435452 kB
Inactive:         628560 kB
Active(anon):    2281892 kB
Inactive(anon):   569528 kB
Active(file):     153560 kB
Inactive(file):    59032 kB
Unevictable:          48 kB
Mlocked:              48 kB
SwapTotal:       2097148 kB
SwapFree:         648764 kB
Dirty:              2452 kB
Writeback:             0 kB
AnonPages:       2796844 kB
Mapped:           167328 kB
Shmem:             37052 kB
Slab:             139360 kB
SReclaimable:      61200 kB
SUnreclaim:        78160 kB
KernelStack:       17948 kB
PageTables:        65524 kB
NFS_Unstable:          0 kB
Bounce:                0 kB
WritebackTmp:          0 kB
CommitLimit:     4104992 kB
Committed_AS:   10066420 kB
VmallocTotal:   34359738367 kB
VmallocUsed:           0 kB
VmallocChunk:          0 kB
HardwareCorrupted:     0 kB
AnonHugePages:         0 kB
ShmemHugePages:        0 kB
ShmemPmdMapped:        0 kB
CmaTotal:              0 kB
CmaFree:               0 kB
HugePages_Total:       0
HugePages_Free:        0
HugePages_Rsvd:        0
HugePages_Surp:        0
Hugepagesize:       2048 kB
DirectMap4k:      374592 kB
DirectMap2M:     3819520 kB
DirectMap1G:     2097152 kB

container (cgroup) information:
container_type: cgroupv1
cpu_cpuset_cpus: 0-3
cpu_memory_nodes: 0
active_processor_count: 4
cpu_quota: -1
cpu_period: 100000
cpu_shares: -1
memory_limit_in_bytes: -1
memory_and_swap_limit_in_bytes: -2
memory_soft_limit_in_bytes: -1
memory_usage_in_bytes: 3127857152
memory_max_usage_in_bytes: 682409984


CPU:total 4 (initial active 4) (2 cores per cpu, 1 threads per core) family 6 model 158 stepping 13, cmov, cx8, fxsr, mmx, sse, sse2, sse3, ssse3, sse4.1, sse4.2, popcnt, avx, avx2, aes, clmul, erms, rtm, 3dnowpref, lzcnt, tsc, tscinvbit, bmi1, bmi2, adx

/proc/cpuinfo:
processor	: 0
vendor_id	: GenuineIntel
cpu family	: 6
model		: 158
model name	: Intel(R) Core(TM) i7-9700 CPU @ 3.00GHz
stepping	: 13
microcode	: 0xb4
cpu MHz		: 2999.999
cache size	: 12288 KB
physical id	: 0
siblings	: 2
core id		: 0
cpu cores	: 2
apicid		: 0
initial apicid	: 0
fpu		: yes
fpu_exception	: yes
cpuid level	: 22
wp		: yes
flags		: fpu vme de pse tsc msr pae mce cx8 apic sep mtrr pge mca cmov pat pse36 clflush mmx fxsr sse sse2 ss ht syscall nx pdpe1gb rdtscp lm constant_tsc arch_perfmon nopl xtopology tsc_reliable nonstop_tsc cpuid pni pclmulqdq vmx ssse3 fma cx16 pcid sse4_1 sse4_2 x2apic movbe popcnt tsc_deadline_timer aes xsave avx f16c rdrand hypervisor lahf_lm abm 3dnowprefetch cpuid_fault invpcid_single ssbd ibrs ibpb stibp ibrs_enhanced tpr_shadow vnmi ept vpid fsgsbase tsc_adjust bmi1 hle avx2 smep bmi2 invpcid rtm mpx rdseed adx smap clflushopt xsaveopt xsavec xsaves arat md_clear flush_l1d arch_capabilities
bugs		: spectre_v1 spectre_v2 spec_store_bypass swapgs
bogomips	: 5999.99
clflush size	: 64
cache_alignment	: 64
address sizes	: 43 bits physical, 48 bits virtual
power management:

processor	: 1
vendor_id	: GenuineIntel
cpu family	: 6
model		: 158
model name	: Intel(R) Core(TM) i7-9700 CPU @ 3.00GHz
stepping	: 13
microcode	: 0xb4
cpu MHz		: 2999.999
cache size	: 12288 KB
physical id	: 0
siblings	: 2
core id		: 1
cpu cores	: 2
apicid		: 1
initial apicid	: 1
fpu		: yes
fpu_exception	: yes
cpuid level	: 22
wp		: yes
flags		: fpu vme de pse tsc msr pae mce cx8 apic sep mtrr pge mca cmov pat pse36 clflush mmx fxsr sse sse2 ss ht syscall nx pdpe1gb rdtscp lm constant_tsc arch_perfmon nopl xtopology tsc_reliable nonstop_tsc cpuid pni pclmulqdq vmx ssse3 fma cx16 pcid sse4_1 sse4_2 x2apic movbe popcnt tsc_deadline_timer aes xsave avx f16c rdrand hypervisor lahf_lm abm 3dnowprefetch cpuid_fault invpcid_single ssbd ibrs ibpb stibp ibrs_enhanced tpr_shadow vnmi ept vpid fsgsbase tsc_adjust bmi1 hle avx2 smep bmi2 invpcid rtm mpx rdseed adx smap clflushopt xsaveopt xsavec xsaves arat md_clear flush_l1d arch_capabilities
bugs		: spectre_v1 spectre_v2 spec_store_bypass swapgs
bogomips	: 5999.99
clflush size	: 64
cache_alignment	: 64
address sizes	: 43 bits physical, 48 bits virtual
power management:

processor	: 2
vendor_id	: GenuineIntel
cpu family	: 6
model		: 158
model name	: Intel(R) Core(TM) i7-9700 CPU @ 3.00GHz
stepping	: 13
microcode	: 0xb4
cpu MHz		: 2999.999
cache size	: 12288 KB
physical id	: 1
siblings	: 2
core id		: 0
cpu cores	: 2
apicid		: 2
initial apicid	: 2
fpu		: yes
fpu_exception	: yes
cpuid level	: 22
wp		: yes
flags		: fpu vme de pse tsc msr pae mce cx8 apic sep mtrr pge mca cmov pat pse36 clflush mmx fxsr sse sse2 ss ht syscall nx pdpe1gb rdtscp lm constant_tsc arch_perfmon nopl xtopology tsc_reliable nonstop_tsc cpuid pni pclmulqdq vmx ssse3 fma cx16 pcid sse4_1 sse4_2 x2apic movbe popcnt tsc_deadline_timer aes xsave avx f16c rdrand hypervisor lahf_lm abm 3dnowprefetch cpuid_fault invpcid_single ssbd ibrs ibpb stibp ibrs_enhanced tpr_shadow vnmi ept vpid fsgsbase tsc_adjust bmi1 hle avx2 smep bmi2 invpcid rtm mpx rdseed adx smap clflushopt xsaveopt xsavec xsaves arat md_clear flush_l1d arch_capabilities
bugs		: spectre_v1 spectre_v2 spec_store_bypass swapgs
bogomips	: 5999.99
clflush size	: 64
cache_alignment	: 64
address sizes	: 43 bits physical, 48 bits virtual
power management:

processor	: 3
vendor_id	: GenuineIntel
cpu family	: 6
model		: 158
model name	: Intel(R) Core(TM) i7-9700 CPU @ 3.00GHz
stepping	: 13
microcode	: 0xb4
cpu MHz		: 2999.999
cache size	: 12288 KB
physical id	: 1
siblings	: 2
core id		: 1
cpu cores	: 2
apicid		: 3
initial apicid	: 3
fpu		: yes
fpu_exception	: yes
cpuid level	: 22
wp		: yes
flags		: fpu vme de pse tsc msr pae mce cx8 apic sep mtrr pge mca cmov pat pse36 clflush mmx fxsr sse sse2 ss ht syscall nx pdpe1gb rdtscp lm constant_tsc arch_perfmon nopl xtopology tsc_reliable nonstop_tsc cpuid pni pclmulqdq vmx ssse3 fma cx16 pcid sse4_1 sse4_2 x2apic movbe popcnt tsc_deadline_timer aes xsave avx f16c rdrand hypervisor lahf_lm abm 3dnowprefetch cpuid_fault invpcid_single ssbd ibrs ibpb stibp ibrs_enhanced tpr_shadow vnmi ept vpid fsgsbase tsc_adjust bmi1 hle avx2 smep bmi2 invpcid rtm mpx rdseed adx smap clflushopt xsaveopt xsavec xsaves arat md_clear flush_l1d arch_capabilities
bugs		: spectre_v1 spectre_v2 spec_store_bypass swapgs
bogomips	: 5999.99
clflush size	: 64
cache_alignment	: 64
address sizes	: 43 bits physical, 48 bits virtual
power management:



Memory: 4k page, physical 4015688k(128472k free), swap 2097148k(648764k free)

vm_info: Java HotSpot(TM) 64-Bit Server VM (25.221-b11) for linux-amd64 JRE (1.8.0_221-b11), built on Jul  4 2019 04:27:00 by "java_re" with gcc 7.3.0

time: Sat Nov  2 12:04:29 2019
timezone: CST
elapsed time: 0 seconds (0d 0h 0m 0s)

