#
# A fatal error has been detected by the Java Runtime Environment:
#
#  SIGSEGV (0xb) at pc=0x000055c9ee9f9e20, pid=17209, tid=0x00007f79d494c700
#
# JRE version: Java(TM) SE Runtime Environment (8.0_221-b11) (build 1.8.0_221-b11)
# Java VM: Java HotSpot(TM) 64-Bit Server VM (25.221-b11 interpreted mode linux-amd64 compressed oops)
# Problematic frame:
# C  [main+0x1e20]  handle_stream(void*)+0xe0
#
# Failed to write core dump. Core dumps have been disabled. To enable core dumping, try "ulimit -c unlimited" before starting Java again
#
# If you would like to submit a bug report, please visit:
#   http://bugreport.java.com/bugreport/crash.jsp
#

---------------  T H R E A D  ---------------

Current thread is native thread

siginfo: si_signo: 11 (SIGSEGV), si_code: 1 (SEGV_MAPERR), si_addr: 0x0000000000000000

Registers:
RAX=0x0000000000000000, RBX=0x00007f79f242d3e0, RCX=0x00007f79f1292384, RDX=0x0000000000000000
RSP=0x00007f79d494ba70, RBP=0x0000000000000005, RSI=0x00007f79d494ba78, RDI=0x00007f79d494bab0
R8 =0x0000000000000000, R9 =0x0000000000000000, R10=0x0000000000000000, R11=0x0000000000000000
R12=0x00007ffe0521cf50, R13=0x00007f79d494bab0, R14=0x0000000000000000, R15=0x00007ffe0521ceb0
RIP=0x000055c9ee9f9e20, EFLAGS=0x0000000000010246, CSGSFS=0x002b000000000033, ERR=0x0000000000000004
  TRAPNO=0x000000000000000e

Top of Stack: (sp=0x00007f79d494ba70)
0x00007f79d494ba70:   0000000000000000 0000000000000000
0x00007f79d494ba80:   0000000000000000 0000000000000000
0x00007f79d494ba90:   0000000000000000 0000000000000000
0x00007f79d494baa0:   0000000024000000 0000000000000000
0x00007f79d494bab0:   0000000000000000 0000000000000000
0x00007f79d494bac0:   0000000000000000 0000000000000000
0x00007f79d494bad0:   0000000000000000 0000000000000000
0x00007f79d494bae0:   0000000000000000 0000000000000000
0x00007f79d494baf0:   0000000000000000 0000000000000000
0x00007f79d494bb00:   0000000000000000 0000000000000000
0x00007f79d494bb10:   0000000000000000 0000000000000000
0x00007f79d494bb20:   0000000000000000 0000000000000000
0x00007f79d494bb30:   0000000000000000 0000000000000000
0x00007f79d494bb40:   0000000000000000 0000000000000000
0x00007f79d494bb50:   0000000000000000 0000000000000000
0x00007f79d494bb60:   0000000000000000 0000000000000000
0x00007f79d494bb70:   0000000000000000 0000000000000000
0x00007f79d494bb80:   0000000000000000 0000000000000000
0x00007f79d494bb90:   0000000000000000 0000000000000000
0x00007f79d494bba0:   0000000000000000 0000000000000000
0x00007f79d494bbb0:   0000000000000000 0000000000000000
0x00007f79d494bbc0:   0000000000000000 0000000000000000
0x00007f79d494bbd0:   0000000000000000 0000000000000000
0x00007f79d494bbe0:   0000000000000000 0000000000000000
0x00007f79d494bbf0:   0000000000000000 0000000000000000
0x00007f79d494bc00:   0000000000000000 0000000000000000
0x00007f79d494bc10:   0000000000000000 0000000000000000
0x00007f79d494bc20:   0000000000000000 0000000000000000
0x00007f79d494bc30:   0000000000000000 0000000000000000
0x00007f79d494bc40:   0000000000000000 0000000000000000
0x00007f79d494bc50:   0000000000000000 0000000000000000
0x00007f79d494bc60:   0000000000000000 0000000000000000 

Instructions: (pc=0x000055c9ee9f9e20)
0x000055c9ee9f9e00:   4c 89 ea 4c 89 f7 e8 35 02 00 00 eb d4 0f 1f 00
0x000055c9ee9f9e10:   48 8b 44 24 10 49 8b 1c 24 48 8d 74 24 08 31 d2
0x000055c9ee9f9e20:   4c 8b 28 4c 8b 70 08 48 89 df 48 8b 03 48 c7 44
0x000055c9ee9f9e30:   24 08 00 00 00 00 ff 50 20 48 8b 7c 24 08 4c 89 

Register to memory mapping:

RAX=0x0000000000000000 is an unknown value
RBX=0x00007f79f242d3e0: <offset 0xf8d3e0> in /usr/local/java/jre/lib/amd64/server/libjvm.so at 0x00007f79f14a0000
RCX=0x00007f79f1292384: read+0x44 in /lib/x86_64-linux-gnu/libpthread.so.0 at 0x00007f79f1281000
RDX=0x0000000000000000 is an unknown value
RSP=0x00007f79d494ba70 is an unknown value
RBP=0x0000000000000005 is an unknown value
RSI=0x00007f79d494ba78 is an unknown value
RDI=0x00007f79d494bab0 is an unknown value
R8 =0x0000000000000000 is an unknown value
R9 =0x0000000000000000 is an unknown value
R10=0x0000000000000000 is an unknown value
R11=0x0000000000000000 is an unknown value
R12=0x00007ffe0521cf50 is pointing into the stack for thread: 0x000055c9f003a000
R13=0x00007f79d494bab0 is an unknown value
R14=0x0000000000000000 is an unknown value
R15=0x00007ffe0521ceb0 is pointing into the stack for thread: 0x000055c9f003a000


Stack: [0x00007f79d414d000,0x00007f79d494d000],  sp=0x00007f79d494ba70,  free space=8186k
Native frames: (J=compiled Java code, j=interpreted, Vv=VM code, C=native code)
C  [main+0x1e20]  handle_stream(void*)+0xe0


---------------  P R O C E S S  ---------------

VM state:not at safepoint (normal execution)

VM Mutex/Monitor currently owned by a thread: None

heap address: 0x00000000c2a00000, size: 982 MB, Compressed Oops mode: 32-bit
Narrow klass base: 0x0000000000000000, Narrow klass shift: 3
Compressed class space size: 1073741824 Address: 0x0000000100000000

Heap:
 PSYoungGen      total 18432K, used 634K [0x00000000eb900000, 0x00000000ecd80000, 0x0000000100000000)
  eden space 15872K, 4% used [0x00000000eb900000,0x00000000eb99ebc8,0x00000000ec880000)
  from space 2560K, 0% used [0x00000000ecb00000,0x00000000ecb00000,0x00000000ecd80000)
  to   space 2560K, 0% used [0x00000000ec880000,0x00000000ec880000,0x00000000ecb00000)
 ParOldGen       total 42496K, used 0K [0x00000000c2a00000, 0x00000000c5380000, 0x00000000eb900000)
  object space 42496K, 0% used [0x00000000c2a00000,0x00000000c2a00000,0x00000000c5380000)
 Metaspace       used 2176K, capacity 4480K, committed 4480K, reserved 1056768K
  class space    used 240K, capacity 384K, committed 384K, reserved 1048576K

Card table byte_map: [0x00007f79dfcfd000,0x00007f79dfee9000] byte_map_base: 0x00007f79df6e8000

Marking Bits: (ParMarkBitMap*) 0x00007f79f246bd80
 Begin Bits: [0x00007f79d6150000, 0x00007f79d70a8000)
 End Bits:   [0x00007f79d70a8000, 0x00007f79d8000000)

Polling page: 0x00007f79f26ad000

CodeCache: size=245760Kb used=469Kb max_used=469Kb free=245290Kb
 bounds [0x00007f79e02a9000, 0x00007f79e0519000, 0x00007f79ef2a9000]
 total_blobs=171 nmethods=0 adapters=137
 compilation: disabled (interpreter mode)

Compilation events (0 events):
No events

GC Heap History (0 events):
No events

Deoptimization events (0 events):
No events

Classes redefined (0 events):
No events

Internal exceptions (2 events):
Event: 0.039 Thread 0x000055c9f003a000 Exception <a 'java/lang/NoSuchMethodError': Method sun.misc.Unsafe.defineClass(Ljava/lang/String;[BII)Ljava/lang/Class; name or signature does not match> (0x00000000eb907cb8) thrown at [/HUDSON/workspace/8-2-build-linux-amd64/jdk8u221/13320/hotspot/src/sh
Event: 0.039 Thread 0x000055c9f003a000 Exception <a 'java/lang/NoSuchMethodError': Method sun.misc.Unsafe.prefetchRead(Ljava/lang/Object;J)V name or signature does not match> (0x00000000eb907fa0) thrown at [/HUDSON/workspace/8-2-build-linux-amd64/jdk8u221/13320/hotspot/src/share/vm/prims/jni.c

Events (10 events):
Event: 0.072 loading class java/lang/invoke/MemberName$Factory done
Event: 0.072 loading class java/lang/invoke/MethodHandleStatics
Event: 0.072 loading class java/lang/invoke/MethodHandleStatics done
Event: 0.072 loading class java/lang/invoke/MethodHandleStatics$1
Event: 0.072 loading class java/lang/invoke/MethodHandleStatics$1 done
Event: 0.072 Thread 0x000055c9f00e9000 Thread added: 0x000055c9f00e9000
Event: 0.072 loading class sun/misc/PostVMInitHook
Event: 0.072 loading class sun/misc/PostVMInitHook done
Event: 0.073 loading class sun/misc/PostVMInitHook$1
Event: 0.073 loading class sun/misc/PostVMInitHook$1 done


Dynamic libraries:
c2a00000-c5380000 rw-p 00000000 00:00 0 
c5380000-eb900000 ---p 00000000 00:00 0 
eb900000-ecd80000 rw-p 00000000 00:00 0 
ecd80000-100000000 ---p 00000000 00:00 0 
100000000-100060000 rw-p 00000000 00:00 0 
100060000-140000000 ---p 00000000 00:00 0 
55c9ee9f8000-55c9ee9fb000 r-xp 00000000 08:01 27                         /home/wanhui/CallJvm/callJvmThreadpool/cmake-build-debug/main
55c9eebfa000-55c9eebfb000 r--p 00002000 08:01 27                         /home/wanhui/CallJvm/callJvmThreadpool/cmake-build-debug/main
55c9eebfb000-55c9eebfc000 rw-p 00003000 08:01 27                         /home/wanhui/CallJvm/callJvmThreadpool/cmake-build-debug/main
55c9f000b000-55c9f00f7000 rw-p 00000000 00:00 0                          [heap]
7f79a8000000-7f79a8021000 rw-p 00000000 00:00 0 
7f79a8021000-7f79ac000000 ---p 00000000 00:00 0 
7f79ac000000-7f79ac021000 rw-p 00000000 00:00 0 
7f79ac021000-7f79b0000000 ---p 00000000 00:00 0 
7f79b0000000-7f79b0021000 rw-p 00000000 00:00 0 
7f79b0021000-7f79b4000000 ---p 00000000 00:00 0 
7f79b4000000-7f79b4021000 rw-p 00000000 00:00 0 
7f79b4021000-7f79b8000000 ---p 00000000 00:00 0 
7f79b8000000-7f79b8021000 rw-p 00000000 00:00 0 
7f79b8021000-7f79bc000000 ---p 00000000 00:00 0 
7f79bc000000-7f79bc021000 rw-p 00000000 00:00 0 
7f79bc021000-7f79c0000000 ---p 00000000 00:00 0 
7f79c0000000-7f79c0021000 rw-p 00000000 00:00 0 
7f79c0021000-7f79c4000000 ---p 00000000 00:00 0 
7f79c4000000-7f79c4021000 rw-p 00000000 00:00 0 
7f79c4021000-7f79c8000000 ---p 00000000 00:00 0 
7f79c8000000-7f79c8021000 rw-p 00000000 00:00 0 
7f79c8021000-7f79cc000000 ---p 00000000 00:00 0 
7f79cf7ff000-7f79cf800000 ---p 00000000 00:00 0 
7f79cf800000-7f79d0000000 rw-p 00000000 00:00 0 
7f79d0000000-7f79d0021000 rw-p 00000000 00:00 0 
7f79d0021000-7f79d4000000 ---p 00000000 00:00 0 
7f79d414c000-7f79d414d000 ---p 00000000 00:00 0 
7f79d414d000-7f79d494d000 rw-p 00000000 00:00 0 
7f79d494d000-7f79d494e000 ---p 00000000 00:00 0 
7f79d494e000-7f79d514e000 rw-p 00000000 00:00 0 
7f79d514e000-7f79d514f000 ---p 00000000 00:00 0 
7f79d514f000-7f79d594f000 rw-p 00000000 00:00 0 
7f79d594f000-7f79d5950000 ---p 00000000 00:00 0 
7f79d5950000-7f79d8000000 rw-p 00000000 00:00 0 
7f79d8000000-7f79d8021000 rw-p 00000000 00:00 0 
7f79d8021000-7f79dc000000 ---p 00000000 00:00 0 
7f79dc4e4000-7f79dc4e5000 ---p 00000000 00:00 0 
7f79dc4e5000-7f79dcce5000 rw-p 00000000 00:00 0 
7f79dcce5000-7f79dcce6000 ---p 00000000 00:00 0 
7f79dcce6000-7f79dcde6000 rw-p 00000000 00:00 0 
7f79dcde6000-7f79dcde9000 ---p 00000000 00:00 0 
7f79dcde9000-7f79dcee7000 rw-p 00000000 00:00 0 
7f79dcee7000-7f79dceea000 ---p 00000000 00:00 0 
7f79dceea000-7f79dcfe8000 rw-p 00000000 00:00 0 
7f79dcfe8000-7f79dd9b7000 r--p 00000000 08:01 1186501                    /usr/lib/locale/locale-archive
7f79dd9b7000-7f79dd9ba000 ---p 00000000 00:00 0 
7f79dd9ba000-7f79ddab8000 rw-p 00000000 00:00 0 
7f79ddab8000-7f79ddabb000 ---p 00000000 00:00 0 
7f79ddabb000-7f79ddbb9000 rw-p 00000000 00:00 0 
7f79ddbb9000-7f79ddbba000 ---p 00000000 00:00 0 
7f79ddbba000-7f79decbe000 rw-p 00000000 00:00 0 
7f79decbe000-7f79dee98000 r--s 03d88000 08:01 1324703                    /usr/local/java/jre/lib/rt.jar
7f79dee98000-7f79df30e000 rw-p 00000000 00:00 0 
7f79df30e000-7f79df70e000 ---p 00000000 00:00 0 
7f79df70e000-7f79df8f9000 rw-p 00000000 00:00 0 
7f79df8f9000-7f79df8fa000 ---p 00000000 00:00 0 
7f79df8fa000-7f79df9fa000 rw-p 00000000 00:00 0 
7f79df9fa000-7f79df9fb000 ---p 00000000 00:00 0 
7f79df9fb000-7f79dfafb000 rw-p 00000000 00:00 0 
7f79dfafb000-7f79dfafc000 ---p 00000000 00:00 0 
7f79dfafc000-7f79dfbfc000 rw-p 00000000 00:00 0 
7f79dfbfc000-7f79dfbfd000 ---p 00000000 00:00 0 
7f79dfbfd000-7f79dfd12000 rw-p 00000000 00:00 0 
7f79dfd12000-7f79dfe44000 ---p 00000000 00:00 0 
7f79dfe44000-7f79dfe4f000 rw-p 00000000 00:00 0 
7f79dfe4f000-7f79dfee8000 ---p 00000000 00:00 0 
7f79dfee8000-7f79dfef3000 rw-p 00000000 00:00 0 
7f79dfef3000-7f79e02a9000 ---p 00000000 00:00 0 
7f79e02a9000-7f79e0519000 rwxp 00000000 00:00 0 
7f79e0519000-7f79ef2a9000 ---p 00000000 00:00 0 
7f79ef2a9000-7f79ef2c4000 r-xp 00000000 08:01 1453051                    /usr/local/java/jre/lib/amd64/libzip.so
7f79ef2c4000-7f79ef4c3000 ---p 0001b000 08:01 1453051                    /usr/local/java/jre/lib/amd64/libzip.so
7f79ef4c3000-7f79ef4c4000 r--p 0001a000 08:01 1453051                    /usr/local/java/jre/lib/amd64/libzip.so
7f79ef4c4000-7f79ef4c5000 rw-p 0001b000 08:01 1453051                    /usr/local/java/jre/lib/amd64/libzip.so
7f79ef4c5000-7f79ef4d0000 r-xp 00000000 08:01 2233846                    /lib/x86_64-linux-gnu/libnss_files-2.27.so
7f79ef4d0000-7f79ef6cf000 ---p 0000b000 08:01 2233846                    /lib/x86_64-linux-gnu/libnss_files-2.27.so
7f79ef6cf000-7f79ef6d0000 r--p 0000a000 08:01 2233846                    /lib/x86_64-linux-gnu/libnss_files-2.27.so
7f79ef6d0000-7f79ef6d1000 rw-p 0000b000 08:01 2233846                    /lib/x86_64-linux-gnu/libnss_files-2.27.so
7f79ef6d1000-7f79ef6d7000 rw-p 00000000 00:00 0 
7f79ef6d7000-7f79ef6ee000 r-xp 00000000 08:01 2233840                    /lib/x86_64-linux-gnu/libnsl-2.27.so
7f79ef6ee000-7f79ef8ed000 ---p 00017000 08:01 2233840                    /lib/x86_64-linux-gnu/libnsl-2.27.so
7f79ef8ed000-7f79ef8ee000 r--p 00016000 08:01 2233840                    /lib/x86_64-linux-gnu/libnsl-2.27.so
7f79ef8ee000-7f79ef8ef000 rw-p 00017000 08:01 2233840                    /lib/x86_64-linux-gnu/libnsl-2.27.so
7f79ef8ef000-7f79ef8f1000 rw-p 00000000 00:00 0 
7f79ef8f1000-7f79ef8fc000 r-xp 00000000 08:01 2233857                    /lib/x86_64-linux-gnu/libnss_nis-2.27.so
7f79ef8fc000-7f79efafb000 ---p 0000b000 08:01 2233857                    /lib/x86_64-linux-gnu/libnss_nis-2.27.so
7f79efafb000-7f79efafc000 r--p 0000a000 08:01 2233857                    /lib/x86_64-linux-gnu/libnss_nis-2.27.so
7f79efafc000-7f79efafd000 rw-p 0000b000 08:01 2233857                    /lib/x86_64-linux-gnu/libnss_nis-2.27.so
7f79efafd000-7f79efb05000 r-xp 00000000 08:01 2233842                    /lib/x86_64-linux-gnu/libnss_compat-2.27.so
7f79efb05000-7f79efd05000 ---p 00008000 08:01 2233842                    /lib/x86_64-linux-gnu/libnss_compat-2.27.so
7f79efd05000-7f79efd06000 r--p 00008000 08:01 2233842                    /lib/x86_64-linux-gnu/libnss_compat-2.27.so
7f79efd06000-7f79efd07000 rw-p 00009000 08:01 2233842                    /lib/x86_64-linux-gnu/libnss_compat-2.27.so
7f79efd07000-7f79efd33000 r-xp 00000000 08:01 1453042                    /usr/local/java/jre/lib/amd64/libjava.so
7f79efd33000-7f79eff33000 ---p 0002c000 08:01 1453042                    /usr/local/java/jre/lib/amd64/libjava.so
7f79eff33000-7f79eff34000 r--p 0002c000 08:01 1453042                    /usr/local/java/jre/lib/amd64/libjava.so
7f79eff34000-7f79eff36000 rw-p 0002d000 08:01 1453042                    /usr/local/java/jre/lib/amd64/libjava.so
7f79eff36000-7f79eff43000 r-xp 00000000 08:01 1453033                    /usr/local/java/jre/lib/amd64/libverify.so
7f79eff43000-7f79f0142000 ---p 0000d000 08:01 1453033                    /usr/local/java/jre/lib/amd64/libverify.so
7f79f0142000-7f79f0144000 r--p 0000c000 08:01 1453033                    /usr/local/java/jre/lib/amd64/libverify.so
7f79f0144000-7f79f0145000 rw-p 0000e000 08:01 1453033                    /usr/local/java/jre/lib/amd64/libverify.so
7f79f0145000-7f79f014c000 r-xp 00000000 08:01 2233897                    /lib/x86_64-linux-gnu/librt-2.27.so
7f79f014c000-7f79f034b000 ---p 00007000 08:01 2233897                    /lib/x86_64-linux-gnu/librt-2.27.so
7f79f034b000-7f79f034c000 r--p 00006000 08:01 2233897                    /lib/x86_64-linux-gnu/librt-2.27.so
7f79f034c000-7f79f034d000 rw-p 00007000 08:01 2233897                    /lib/x86_64-linux-gnu/librt-2.27.so
7f79f034d000-7f79f0350000 r-xp 00000000 08:01 2233779                    /lib/x86_64-linux-gnu/libdl-2.27.so
7f79f0350000-7f79f054f000 ---p 00003000 08:01 2233779                    /lib/x86_64-linux-gnu/libdl-2.27.so
7f79f054f000-7f79f0550000 r--p 00002000 08:01 2233779                    /lib/x86_64-linux-gnu/libdl-2.27.so
7f79f0550000-7f79f0551000 rw-p 00003000 08:01 2233779                    /lib/x86_64-linux-gnu/libdl-2.27.so
7f79f0551000-7f79f06ee000 r-xp 00000000 08:01 2233819                    /lib/x86_64-linux-gnu/libm-2.27.so
7f79f06ee000-7f79f08ed000 ---p 0019d000 08:01 2233819                    /lib/x86_64-linux-gnu/libm-2.27.so
7f79f08ed000-7f79f08ee000 r--p 0019c000 08:01 2233819                    /lib/x86_64-linux-gnu/libm-2.27.so
7f79f08ee000-7f79f08ef000 rw-p 0019d000 08:01 2233819                    /lib/x86_64-linux-gnu/libm-2.27.so
7f79f08ef000-7f79f0ad6000 r-xp 00000000 08:01 2233756                    /lib/x86_64-linux-gnu/libc-2.27.so
7f79f0ad6000-7f79f0cd6000 ---p 001e7000 08:01 2233756                    /lib/x86_64-linux-gnu/libc-2.27.so
7f79f0cd6000-7f79f0cda000 r--p 001e7000 08:01 2233756                    /lib/x86_64-linux-gnu/libc-2.27.so
7f79f0cda000-7f79f0cdc000 rw-p 001eb000 08:01 2233756                    /lib/x86_64-linux-gnu/libc-2.27.so
7f79f0cdc000-7f79f0ce0000 rw-p 00000000 00:00 0 
7f79f0ce0000-7f79f0cf7000 r-xp 00000000 08:01 2233339                    /lib/x86_64-linux-gnu/libgcc_s.so.1
7f79f0cf7000-7f79f0ef6000 ---p 00017000 08:01 2233339                    /lib/x86_64-linux-gnu/libgcc_s.so.1
7f79f0ef6000-7f79f0ef7000 r--p 00016000 08:01 2233339                    /lib/x86_64-linux-gnu/libgcc_s.so.1
7f79f0ef7000-7f79f0ef8000 rw-p 00017000 08:01 2233339                    /lib/x86_64-linux-gnu/libgcc_s.so.1
7f79f0ef8000-7f79f1071000 r-xp 00000000 08:01 1188276                    /usr/lib/x86_64-linux-gnu/libstdc++.so.6.0.25
7f79f1071000-7f79f1271000 ---p 00179000 08:01 1188276                    /usr/lib/x86_64-linux-gnu/libstdc++.so.6.0.25
7f79f1271000-7f79f127b000 r--p 00179000 08:01 1188276                    /usr/lib/x86_64-linux-gnu/libstdc++.so.6.0.25
7f79f127b000-7f79f127d000 rw-p 00183000 08:01 1188276                    /usr/lib/x86_64-linux-gnu/libstdc++.so.6.0.25
7f79f127d000-7f79f1281000 rw-p 00000000 00:00 0 
7f79f1281000-7f79f129b000 r-xp 00000000 08:01 2233889                    /lib/x86_64-linux-gnu/libpthread-2.27.so
7f79f129b000-7f79f149a000 ---p 0001a000 08:01 2233889                    /lib/x86_64-linux-gnu/libpthread-2.27.so
7f79f149a000-7f79f149b000 r--p 00019000 08:01 2233889                    /lib/x86_64-linux-gnu/libpthread-2.27.so
7f79f149b000-7f79f149c000 rw-p 0001a000 08:01 2233889                    /lib/x86_64-linux-gnu/libpthread-2.27.so
7f79f149c000-7f79f14a0000 rw-p 00000000 00:00 0 
7f79f14a0000-7f79f2188000 r-xp 00000000 08:01 1453049                    /usr/local/java/jre/lib/amd64/server/libjvm.so
7f79f2188000-7f79f2387000 ---p 00ce8000 08:01 1453049                    /usr/local/java/jre/lib/amd64/server/libjvm.so
7f79f2387000-7f79f241d000 r--p 00ce7000 08:01 1453049                    /usr/local/java/jre/lib/amd64/server/libjvm.so
7f79f241d000-7f79f244e000 rw-p 00d7d000 08:01 1453049                    /usr/local/java/jre/lib/amd64/server/libjvm.so
7f79f244e000-7f79f2489000 rw-p 00000000 00:00 0 
7f79f2489000-7f79f24b0000 r-xp 00000000 08:01 2233728                    /lib/x86_64-linux-gnu/ld-2.27.so
7f79f24b6000-7f79f2562000 rw-p 00000000 00:00 0 
7f79f2562000-7f79f2695000 ---p 00000000 00:00 0 
7f79f2695000-7f79f269a000 rw-p 00000000 00:00 0 
7f79f26a4000-7f79f26ac000 rw-s 00000000 08:01 1327545                    /tmp/hsperfdata_wanhui/17209
7f79f26ac000-7f79f26ad000 rw-p 00000000 00:00 0 
7f79f26ad000-7f79f26ae000 r--p 00000000 00:00 0 
7f79f26ae000-7f79f26b0000 rw-p 00000000 00:00 0 
7f79f26b0000-7f79f26b1000 r--p 00027000 08:01 2233728                    /lib/x86_64-linux-gnu/ld-2.27.so
7f79f26b1000-7f79f26b2000 rw-p 00028000 08:01 2233728                    /lib/x86_64-linux-gnu/ld-2.27.so
7f79f26b2000-7f79f26b3000 rw-p 00000000 00:00 0 
7ffe0511f000-7ffe05122000 ---p 00000000 00:00 0 
7ffe05122000-7ffe0521f000 rw-p 00000000 00:00 0                          [stack]
7ffe053c4000-7ffe053c7000 r--p 00000000 00:00 0                          [vvar]
7ffe053c7000-7ffe053c9000 r-xp 00000000 00:00 0                          [vdso]
ffffffffff600000-ffffffffff601000 r-xp 00000000 00:00 0                  [vsyscall]

VM Arguments:
jvm_args: -Djava.compiler=NONE -verbose:jni 
java_command: <unknown>
java_class_path (initial): .:/home/wanhui/CallJvm/callJvmThreadpool/qin_test1.jar
Launcher Type: generic

Environment Variables:
JAVA_HOME=/usr/local/java
CLASSPATH=/home/wanhui/Downloads/clion-2019.2.1/lib/bootstrap.jar:/home/wanhui/Downloads/clion-2019.2.1/lib/extensions.jar:/home/wanhui/Downloads/clion-2019.2.1/lib/util.jar:/home/wanhui/Downloads/clion-2019.2.1/lib/jdom.jar:/home/wanhui/Downloads/clion-2019.2.1/lib/log4j.jar:/home/wanhui/Downloads/clion-2019.2.1/lib/trove4j.jar:/home/wanhui/Downloads/clion-2019.2.1/lib/jna.jar
PATH=/usr/local/sbin:/usr/local/bin:/usr/sbin:/usr/bin:/sbin:/bin:/snap/bin:/usr/local/redis/redis-4.0.9.tar_files/redis-4.0.9/src:/usr/local/mysql/bin
USERNAME=wanhui
SHELL=/bin/bash
DISPLAY=:0

Signal Handlers:
SIGSEGV: [libjvm.so+0xad3d90], sa_mask[0]=11111111011111111101111111111110, sa_flags=SA_RESTART|SA_SIGINFO
SIGBUS: [libjvm.so+0xad3d90], sa_mask[0]=11111111011111111101111111111110, sa_flags=SA_RESTART|SA_SIGINFO
SIGFPE: [libjvm.so+0x90b8b0], sa_mask[0]=11111111011111111101111111111110, sa_flags=SA_RESTART|SA_SIGINFO
SIGPIPE: [libjvm.so+0x90b8b0], sa_mask[0]=11111111011111111101111111111110, sa_flags=SA_RESTART|SA_SIGINFO
SIGXFSZ: [libjvm.so+0x90b8b0], sa_mask[0]=11111111011111111101111111111110, sa_flags=SA_RESTART|SA_SIGINFO
SIGILL: [libjvm.so+0x90b8b0], sa_mask[0]=11111111011111111101111111111110, sa_flags=SA_RESTART|SA_SIGINFO
SIGUSR1: SIG_DFL, sa_mask[0]=00000000000000000000000000000000, sa_flags=none
SIGUSR2: [libjvm.so+0x90b780], sa_mask[0]=00100000000000000000000000000000, sa_flags=SA_RESTART|SA_SIGINFO
SIGHUP: [libjvm.so+0x90bda0], sa_mask[0]=11111111011111111101111111111110, sa_flags=SA_RESTART|SA_SIGINFO
SIGINT: [libjvm.so+0x90bda0], sa_mask[0]=11111111011111111101111111111110, sa_flags=SA_RESTART|SA_SIGINFO
SIGTERM: [libjvm.so+0x90bda0], sa_mask[0]=11111111011111111101111111111110, sa_flags=SA_RESTART|SA_SIGINFO
SIGQUIT: [libjvm.so+0x90bda0], sa_mask[0]=11111111011111111101111111111110, sa_flags=SA_RESTART|SA_SIGINFO


---------------  S Y S T E M  ---------------

OS:DISTRIB_ID=Ubuntu
DISTRIB_RELEASE=18.04
DISTRIB_CODENAME=bionic
DISTRIB_DESCRIPTION="Ubuntu 18.04.3 LTS"

uname:Linux 4.15.0-66-generic #75-Ubuntu SMP Tue Oct 1 05:24:09 UTC 2019 x86_64
libc:glibc 2.27 NPTL 2.27 
rlimit: STACK 8192k, CORE 0k, NPROC 15513, NOFILE 1048576, AS infinity
load average:0.28 0.19 0.12

/proc/meminfo:
MemTotal:        4015688 kB
MemFree:          153168 kB
MemAvailable:     130728 kB
Buffers:            2212 kB
Cached:           142152 kB
SwapCached:       138260 kB
Active:          2470176 kB
Inactive:         656488 kB
Active(anon):    2394324 kB
Inactive(anon):   601192 kB
Active(file):      75852 kB
Inactive(file):    55296 kB
Unevictable:          16 kB
Mlocked:              16 kB
SwapTotal:       2097148 kB
SwapFree:        1167356 kB
Dirty:              4512 kB
Writeback:             0 kB
AnonPages:       2967268 kB
Mapped:            92972 kB
Shmem:             13196 kB
Slab:             135312 kB
SReclaimable:      64968 kB
SUnreclaim:        70344 kB
KernelStack:       14496 kB
PageTables:        50204 kB
NFS_Unstable:          0 kB
Bounce:                0 kB
WritebackTmp:          0 kB
CommitLimit:     4104992 kB
Committed_AS:    7569276 kB
VmallocTotal:   34359738367 kB
VmallocUsed:           0 kB
VmallocChunk:          0 kB
HardwareCorrupted:     0 kB
AnonHugePages:         0 kB
ShmemHugePages:        0 kB
ShmemPmdMapped:        0 kB
CmaTotal:              0 kB
CmaFree:               0 kB
HugePages_Total:       0
HugePages_Free:        0
HugePages_Rsvd:        0
HugePages_Surp:        0
Hugepagesize:       2048 kB
DirectMap4k:      200512 kB
DirectMap2M:     3993600 kB
DirectMap1G:     2097152 kB

container (cgroup) information:
container_type: cgroupv1
cpu_cpuset_cpus: 0-3
cpu_memory_nodes: 0
active_processor_count: 4
cpu_quota: -1
cpu_period: 100000
cpu_shares: -1
memory_limit_in_bytes: -1
memory_and_swap_limit_in_bytes: -2
memory_soft_limit_in_bytes: -1
memory_usage_in_bytes: 3188441088
memory_max_usage_in_bytes: 152309760


CPU:total 4 (initial active 4) (2 cores per cpu, 1 threads per core) family 6 model 158 stepping 13, cmov, cx8, fxsr, mmx, sse, sse2, sse3, ssse3, sse4.1, sse4.2, popcnt, avx, avx2, aes, clmul, erms, rtm, 3dnowpref, lzcnt, tsc, tscinvbit, bmi1, bmi2, adx

/proc/cpuinfo:
processor	: 0
vendor_id	: GenuineIntel
cpu family	: 6
model		: 158
model name	: Intel(R) Core(TM) i7-9700 CPU @ 3.00GHz
stepping	: 13
microcode	: 0xb4
cpu MHz		: 2999.999
cache size	: 12288 KB
physical id	: 0
siblings	: 2
core id		: 0
cpu cores	: 2
apicid		: 0
initial apicid	: 0
fpu		: yes
fpu_exception	: yes
cpuid level	: 22
wp		: yes
flags		: fpu vme de pse tsc msr pae mce cx8 apic sep mtrr pge mca cmov pat pse36 clflush mmx fxsr sse sse2 ss ht syscall nx pdpe1gb rdtscp lm constant_tsc arch_perfmon nopl xtopology tsc_reliable nonstop_tsc cpuid pni pclmulqdq vmx ssse3 fma cx16 pcid sse4_1 sse4_2 x2apic movbe popcnt tsc_deadline_timer aes xsave avx f16c rdrand hypervisor lahf_lm abm 3dnowprefetch cpuid_fault invpcid_single ssbd ibrs ibpb stibp ibrs_enhanced tpr_shadow vnmi ept vpid fsgsbase tsc_adjust bmi1 hle avx2 smep bmi2 invpcid rtm mpx rdseed adx smap clflushopt xsaveopt xsavec xsaves arat md_clear flush_l1d arch_capabilities
bugs		: spectre_v1 spectre_v2 spec_store_bypass swapgs
bogomips	: 5999.99
clflush size	: 64
cache_alignment	: 64
address sizes	: 43 bits physical, 48 bits virtual
power management:

processor	: 1
vendor_id	: GenuineIntel
cpu family	: 6
model		: 158
model name	: Intel(R) Core(TM) i7-9700 CPU @ 3.00GHz
stepping	: 13
microcode	: 0xb4
cpu MHz		: 2999.999
cache size	: 12288 KB
physical id	: 0
siblings	: 2
core id		: 1
cpu cores	: 2
apicid		: 1
initial apicid	: 1
fpu		: yes
fpu_exception	: yes
cpuid level	: 22
wp		: yes
flags		: fpu vme de pse tsc msr pae mce cx8 apic sep mtrr pge mca cmov pat pse36 clflush mmx fxsr sse sse2 ss ht syscall nx pdpe1gb rdtscp lm constant_tsc arch_perfmon nopl xtopology tsc_reliable nonstop_tsc cpuid pni pclmulqdq vmx ssse3 fma cx16 pcid sse4_1 sse4_2 x2apic movbe popcnt tsc_deadline_timer aes xsave avx f16c rdrand hypervisor lahf_lm abm 3dnowprefetch cpuid_fault invpcid_single ssbd ibrs ibpb stibp ibrs_enhanced tpr_shadow vnmi ept vpid fsgsbase tsc_adjust bmi1 hle avx2 smep bmi2 invpcid rtm mpx rdseed adx smap clflushopt xsaveopt xsavec xsaves arat md_clear flush_l1d arch_capabilities
bugs		: spectre_v1 spectre_v2 spec_store_bypass swapgs
bogomips	: 5999.99
clflush size	: 64
cache_alignment	: 64
address sizes	: 43 bits physical, 48 bits virtual
power management:

processor	: 2
vendor_id	: GenuineIntel
cpu family	: 6
model		: 158
model name	: Intel(R) Core(TM) i7-9700 CPU @ 3.00GHz
stepping	: 13
microcode	: 0xb4
cpu MHz		: 2999.999
cache size	: 12288 KB
physical id	: 1
siblings	: 2
core id		: 0
cpu cores	: 2
apicid		: 2
initial apicid	: 2
fpu		: yes
fpu_exception	: yes
cpuid level	: 22
wp		: yes
flags		: fpu vme de pse tsc msr pae mce cx8 apic sep mtrr pge mca cmov pat pse36 clflush mmx fxsr sse sse2 ss ht syscall nx pdpe1gb rdtscp lm constant_tsc arch_perfmon nopl xtopology tsc_reliable nonstop_tsc cpuid pni pclmulqdq vmx ssse3 fma cx16 pcid sse4_1 sse4_2 x2apic movbe popcnt tsc_deadline_timer aes xsave avx f16c rdrand hypervisor lahf_lm abm 3dnowprefetch cpuid_fault invpcid_single ssbd ibrs ibpb stibp ibrs_enhanced tpr_shadow vnmi ept vpid fsgsbase tsc_adjust bmi1 hle avx2 smep bmi2 invpcid rtm mpx rdseed adx smap clflushopt xsaveopt xsavec xsaves arat md_clear flush_l1d arch_capabilities
bugs		: spectre_v1 spectre_v2 spec_store_bypass swapgs
bogomips	: 5999.99
clflush size	: 64
cache_alignment	: 64
address sizes	: 43 bits physical, 48 bits virtual
power management:

processor	: 3
vendor_id	: GenuineIntel
cpu family	: 6
model		: 158
model name	: Intel(R) Core(TM) i7-9700 CPU @ 3.00GHz
stepping	: 13
microcode	: 0xb4
cpu MHz		: 2999.999
cache size	: 12288 KB
physical id	: 1
siblings	: 2
core id		: 1
cpu cores	: 2
apicid		: 3
initial apicid	: 3
fpu		: yes
fpu_exception	: yes
cpuid level	: 22
wp		: yes
flags		: fpu vme de pse tsc msr pae mce cx8 apic sep mtrr pge mca cmov pat pse36 clflush mmx fxsr sse sse2 ss ht syscall nx pdpe1gb rdtscp lm constant_tsc arch_perfmon nopl xtopology tsc_reliable nonstop_tsc cpuid pni pclmulqdq vmx ssse3 fma cx16 pcid sse4_1 sse4_2 x2apic movbe popcnt tsc_deadline_timer aes xsave avx f16c rdrand hypervisor lahf_lm abm 3dnowprefetch cpuid_fault invpcid_single ssbd ibrs ibpb stibp ibrs_enhanced tpr_shadow vnmi ept vpid fsgsbase tsc_adjust bmi1 hle avx2 smep bmi2 invpcid rtm mpx rdseed adx smap clflushopt xsaveopt xsavec xsaves arat md_clear flush_l1d arch_capabilities
bugs		: spectre_v1 spectre_v2 spec_store_bypass swapgs
bogomips	: 5999.99
clflush size	: 64
cache_alignment	: 64
address sizes	: 43 bits physical, 48 bits virtual
power management:



Memory: 4k page, physical 4015688k(153168k free), swap 2097148k(1167356k free)

vm_info: Java HotSpot(TM) 64-Bit Server VM (25.221-b11) for linux-amd64 JRE (1.8.0_221-b11), built on Jul  4 2019 04:27:00 by "java_re" with gcc 7.3.0

time: Mon Nov  4 21:46:38 2019
timezone: CST
elapsed time: 2 seconds (0d 0h 0m 2s)

