#
# A fatal error has been detected by the Java Runtime Environment:
#
#  SIGSEGV (0xb) at pc=0x00007f73207fc76c, pid=18633, tid=0x00007f72df7fe700
#
# JRE version: Java(TM) SE Runtime Environment (8.0_221-b11) (build 1.8.0_221-b11)
# Java VM: Java HotSpot(TM) 64-Bit Server VM (25.221-b11 interpreted mode linux-amd64 compressed oops)
# Problematic frame:
# V  [libjvm.so+0x6d576c]  jni_CallStaticVoidMethodV+0x6c
#
# Failed to write core dump. Core dumps have been disabled. To enable core dumping, try "ulimit -c unlimited" before starting Java again
#
# If you would like to submit a bug report, please visit:
#   http://bugreport.java.com/bugreport/crash.jsp
#

---------------  T H R E A D  ---------------

Current thread (0x00007f72c8001000):  JavaThread "Thread-1" [_thread_in_vm, id=18649, stack(0x00007f72defff000,0x00007f72df7ff000)]

siginfo: si_signo: 11 (SIGSEGV), si_code: 1 (SEGV_MAPERR), si_addr: 0x0000000000000000

Registers:
RAX=0x00007f7320c74220, RBX=0x00007f72c8001000, RCX=0x00007f72df7fddd0, RDX=0x00007f72c8001b78
RSP=0x00007f72df7fdd20, RBP=0x00007f72df7fddc0, RSI=0x00007f72c8001000, RDI=0x00007f72c8001000
R8 =0x0000000000000000, R9 =0x0000000000000004, R10=0x00000000fffffffc, R11=0x0000000000000202
R12=0x00007f72c8002990, R13=0x00007f72c80011f8, R14=0x0000000000000000, R15=0x00007f72df7fddd0
RIP=0x00007f73207fc76c, EFLAGS=0x0000000000010202, CSGSFS=0x002b000000000033, ERR=0x0000000000000004
  TRAPNO=0x000000000000000e

Top of Stack: (sp=0x00007f72df7fdd20)
0x00007f72df7fdd20:   000055d84e3c373b 00007f731ff048c0
0x00007f72df7fdd30:   00007f72c8001000 00007f72c8001b70
0x00007f72df7fdd40:   000000000000064e 00007f7320c74220
0x00007f72df7fdd50:   00007f73211415c0 000055d84e3c373b
0x00007f72df7fdd60:   00007f72df7fdde0 00007f7320696df3
0x00007f72df7fdd70:   0000000000000000 dc7a2548472cf800
0x00007f72df7fdd80:   0000000500000000 00007f731ff03760
0x00007f72df7fdd90:   0000000000000001 00007f72c80011f8
0x00007f72df7fdda0:   00007f72c8002990 00007f72c8002998
0x00007f72df7fddb0:   0000000000000000 00007ffd2e84b530
0x00007f72df7fddc0:   00007f73210b43e0 000055d84e3c3573
0x00007f72df7fddd0:   0000003000000018 00007f72df7fdeb0
0x00007f72df7fdde0:   00007f72df7fddf0 dc7a2548472cf800
0x00007f72df7fddf0:   00007f72c8002998 000000000000064e
0x00007f72df7fde00:   000055d84e3c3749 00007f72c8002998
0x00007f72df7fde10:   0000000000000000 0000000000000004
0x00007f72df7fde20:   00007f72df7fde50 00007f72c8001b78
0x00007f72df7fde30:   00007f72c8002990 00007f72c8001000
0x00007f72df7fde40:   00007f72c80011f8 00007f72c8001000
0x00007f72df7fde50:   00007f72df7fdea0 00007f73207ec92f
0x00007f72df7fde60:   00007f72c8001000 00007f72c8001b70
0x00007f72df7fde70:   000000000000064e 00007f7320c74220
0x00007f72df7fde80:   00007f72c80011f8 00007f72c8002990
0x00007f72df7fde90:   00007f72c80011f8 00007f73210b43e0
0x00007f72df7fdea0:   00007f72c8002990 000055d84e3c3361
0x00007f72df7fdeb0:   00007f72c80011f8 dc7a2548472cf800
0x00007f72df7fdec0:   000055d84e953fa0 0000000000000000
0x00007f72df7fded0:   00007f72df7fdfc0 0000000000000000
0x00007f72df7fdee0:   0000000000000000 000055d84e3c2f55
0x00007f72df7fdef0:   0000000000000000 00007f731ff0f6db
0x00007f72df7fdf00:   0000000000000000 00007f72df7fe700
0x00007f72df7fdf10:   00007f72df7fe700 d3b13a4c53f0baff 

Instructions: (pc=0x00007f73207fc76c)
0x00007f73207fc74c:   48 89 9d 70 ff ff ff 48 c7 85 78 ff ff ff 00 00
0x00007f73207fc75c:   00 00 74 0c 48 8d bd 70 ff ff ff e8 a4 87 29 00
0x00007f73207fc76c:   49 8b 06 c7 85 60 ff ff ff 0e 00 00 00 4c 8d 65
0x00007f73207fc77c:   90 4c 89 e7 48 8b 40 08 0f b7 50 24 48 8b 40 08 

Register to memory mapping:

RAX=0x00007f7320c74220: <offset 0xb4d220> in /usr/local/java/jre/lib/amd64/server/libjvm.so at 0x00007f7320127000
RBX=0x00007f72c8001000 is a thread
RCX=0x00007f72df7fddd0 is pointing into the stack for thread: 0x00007f72c8001000
RDX=0x00007f72c8001b78 is an unknown value
RSP=0x00007f72df7fdd20 is pointing into the stack for thread: 0x00007f72c8001000
RBP=0x00007f72df7fddc0 is pointing into the stack for thread: 0x00007f72c8001000
RSI=0x00007f72c8001000 is a thread
RDI=0x00007f72c8001000 is a thread
R8 =0x0000000000000000 is an unknown value
R9 =0x0000000000000004 is an unknown value
R10=0x00000000fffffffc is an unallocated location in the heap
R11=0x0000000000000202 is an unknown value
R12=0x00007f72c8002990 is an unknown value
R13=0x00007f72c80011f8 is an unknown value
R14=0x0000000000000000 is an unknown value
R15=0x00007f72df7fddd0 is pointing into the stack for thread: 0x00007f72c8001000


Stack: [0x00007f72defff000,0x00007f72df7ff000],  sp=0x00007f72df7fdd20,  free space=8187k
Native frames: (J=compiled Java code, j=interpreted, Vv=VM code, C=native code)
V  [libjvm.so+0x6d576c]  jni_CallStaticVoidMethodV+0x6c
C  [main+0x1573]  JNIEnv_::CallStaticVoidMethod(_jclass*, _jmethodID*, ...)+0x93


---------------  P R O C E S S  ---------------

Java Threads: ( => current thread )
  0x00007f72c0001000 JavaThread "Thread-5" [_thread_in_vm, id=18644, stack(0x00007f72fd848000,0x00007f72fe048000)]
=>0x00007f72c8001000 JavaThread "Thread-1" [_thread_in_vm, id=18649, stack(0x00007f72defff000,0x00007f72df7ff000)]
  0x00007f72d0001000 JavaThread "Thread-4" [_thread_in_vm, id=18648, stack(0x00007f72df800000,0x00007f72e0000000)]
  0x00007f72cc001000 JavaThread "Thread-3" [_thread_in_vm, id=18647, stack(0x00007f72fc045000,0x00007f72fc845000)]
  0x00007f72d4001000 JavaThread "Thread-2" [_thread_in_vm, id=18645, stack(0x00007f72fd047000,0x00007f72fd847000)]
  0x00007f72d8001000 JavaThread "Thread-0" [_thread_in_vm, id=18646, stack(0x00007f72fc846000,0x00007f72fd046000)]
  0x000055d84e94f000 JavaThread "Service Thread" daemon [_thread_blocked, id=18642, stack(0x00007f72fe149000,0x00007f72fe24a000)]
  0x000055d84e94d000 JavaThread "Signal Dispatcher" daemon [_thread_blocked, id=18641, stack(0x00007f72fe24a000,0x00007f72fe34b000)]
  0x000055d84e91c800 JavaThread "Finalizer" daemon [_thread_blocked, id=18640, stack(0x00007f72fed1a000,0x00007f72fee1b000)]
  0x000055d84e918000 JavaThread "Reference Handler" daemon [_thread_blocked, id=18639, stack(0x00007f72fee1b000,0x00007f72fef1c000)]
  0x000055d84e8a0000 JavaThread "main" [_thread_in_native, id=18633, stack(0x00007ffd2e74d000,0x00007ffd2e84d000)]

Other Threads:
  0x000055d84e90e000 VMThread [stack: 0x00007f72fef1d000,0x00007f72ff01d000] [id=18638]
  0x000055d84e952000 WatcherThread [stack: 0x00007f72fe049000,0x00007f72fe149000] [id=18643]

VM state:not at safepoint (normal execution)

VM Mutex/Monitor currently owned by a thread: None

heap address: 0x00000000c2a00000, size: 982 MB, Compressed Oops mode: 32-bit
Narrow klass base: 0x0000000000000000, Narrow klass shift: 3
Compressed class space size: 1073741824 Address: 0x0000000100000000

Heap:
 PSYoungGen      total 18432K, used 2541K [0x00000000eb900000, 0x00000000ecd80000, 0x0000000100000000)
  eden space 15872K, 16% used [0x00000000eb900000,0x00000000ebb7b718,0x00000000ec880000)
  from space 2560K, 0% used [0x00000000ecb00000,0x00000000ecb00000,0x00000000ecd80000)
  to   space 2560K, 0% used [0x00000000ec880000,0x00000000ec880000,0x00000000ecb00000)
 ParOldGen       total 42496K, used 0K [0x00000000c2a00000, 0x00000000c5380000, 0x00000000eb900000)
  object space 42496K, 0% used [0x00000000c2a00000,0x00000000c2a00000,0x00000000c5380000)
 Metaspace       used 2564K, capacity 4486K, committed 4864K, reserved 1056768K
  class space    used 281K, capacity 386K, committed 512K, reserved 1048576K

Card table byte_map: [0x00007f730ef25000,0x00007f730f111000] byte_map_base: 0x00007f730e910000

Marking Bits: (ParMarkBitMap*) 0x00007f73210f2d80
 Begin Bits: [0x00007f730cc71000, 0x00007f730dbc9000)
 End Bits:   [0x00007f730dbc9000, 0x00007f730eb21000)

Polling page: 0x00007f7321334000

CodeCache: size=245760Kb used=473Kb max_used=473Kb free=245286Kb
 bounds [0x00007f730f4d1000, 0x00007f730f741000, 0x00007f731e4d1000]
 total_blobs=179 nmethods=0 adapters=145
 compilation: disabled (interpreter mode)

Compilation events (0 events):
No events

GC Heap History (0 events):
No events

Deoptimization events (0 events):
No events

Classes redefined (0 events):
No events

Internal exceptions (4 events):
Event: 0.023 Thread 0x000055d84e8a0000 Exception <a 'java/lang/NoSuchMethodError': Method sun.misc.Unsafe.defineClass(Ljava/lang/String;[BII)Ljava/lang/Class; name or signature does not match> (0x00000000eb907cb8) thrown at [/HUDSON/workspace/8-2-build-linux-amd64/jdk8u221/13320/hotspot/src/sh
Event: 0.023 Thread 0x000055d84e8a0000 Exception <a 'java/lang/NoSuchMethodError': Method sun.misc.Unsafe.prefetchRead(Ljava/lang/Object;J)V name or signature does not match> (0x00000000eb907fa0) thrown at [/HUDSON/workspace/8-2-build-linux-amd64/jdk8u221/13320/hotspot/src/share/vm/prims/jni.c
Event: 0.050 Thread 0x00007f72c8001000 Exception <a 'java/lang/NoSuchMethodError': name> (0x00000000ebaeff18) thrown at [/HUDSON/workspace/8-2-build-linux-amd64/jdk8u221/13320/hotspot/src/share/vm/prims/jni.cpp, line 1614]
Event: 0.050 Thread 0x00007f72c0001000 Exception <a 'java/lang/NoSuchMethodError': name> (0x00000000ebb2c358) thrown at [/HUDSON/workspace/8-2-build-linux-amd64/jdk8u221/13320/hotspot/src/share/vm/prims/jni.cpp, line 1614]

Events (10 events):
Event: 0.050 loading class java/io/FilePermission$1
Event: 0.050 loading class java/io/FilePermission$1 done
Event: 0.050 loading class java/io/FilePermissionCollection
Event: 0.050 loading class java/io/FilePermissionCollection done
Event: 0.050 loading class java/security/AllPermission
Event: 0.050 loading class java/security/AllPermission done
Event: 0.050 loading class java/security/UnresolvedPermission
Event: 0.050 loading class java/security/UnresolvedPermission done
Event: 0.050 loading class java/security/BasicPermissionCollection
Event: 0.050 loading class java/security/BasicPermissionCollection done


Dynamic libraries:
c2a00000-c5380000 rw-p 00000000 00:00 0 
c5380000-eb900000 ---p 00000000 00:00 0 
eb900000-ecd80000 rw-p 00000000 00:00 0 
ecd80000-100000000 ---p 00000000 00:00 0 
100000000-100080000 rw-p 00000000 00:00 0 
100080000-140000000 ---p 00000000 00:00 0 
55d84e3c2000-55d84e3c4000 r-xp 00000000 08:01 7053                       /home/wanhui/CallJvm/callJvmThreadpool/cmake-build-debug/main
55d84e5c3000-55d84e5c4000 r--p 00001000 08:01 7053                       /home/wanhui/CallJvm/callJvmThreadpool/cmake-build-debug/main
55d84e5c4000-55d84e5c5000 rw-p 00002000 08:01 7053                       /home/wanhui/CallJvm/callJvmThreadpool/cmake-build-debug/main
55d84e883000-55d84e95d000 rw-p 00000000 00:00 0                          [heap]
7f72c0000000-7f72c0021000 rw-p 00000000 00:00 0 
7f72c0021000-7f72c4000000 ---p 00000000 00:00 0 
7f72c8000000-7f72c803e000 rw-p 00000000 00:00 0 
7f72c803e000-7f72cc000000 ---p 00000000 00:00 0 
7f72cc000000-7f72cc021000 rw-p 00000000 00:00 0 
7f72cc021000-7f72d0000000 ---p 00000000 00:00 0 
7f72d0000000-7f72d0021000 rw-p 00000000 00:00 0 
7f72d0021000-7f72d4000000 ---p 00000000 00:00 0 
7f72d4000000-7f72d4021000 rw-p 00000000 00:00 0 
7f72d4021000-7f72d8000000 ---p 00000000 00:00 0 
7f72d8000000-7f72d8021000 rw-p 00000000 00:00 0 
7f72d8021000-7f72dc000000 ---p 00000000 00:00 0 
7f72ded69000-7f72deffe000 rw-p 00000000 00:00 0 
7f72deffe000-7f72defff000 ---p 00000000 00:00 0 
7f72defff000-7f72df002000 ---p 00000000 00:00 0 
7f72df002000-7f72df7ff000 rw-p 00000000 00:00 0 
7f72df7ff000-7f72df800000 ---p 00000000 00:00 0 
7f72df800000-7f72df803000 ---p 00000000 00:00 0 
7f72df803000-7f72e0000000 rw-p 00000000 00:00 0 
7f72e0000000-7f72e0021000 rw-p 00000000 00:00 0 
7f72e0021000-7f72e4000000 ---p 00000000 00:00 0 
7f72e4000000-7f72e4021000 rw-p 00000000 00:00 0 
7f72e4021000-7f72e8000000 ---p 00000000 00:00 0 
7f72e8000000-7f72e8021000 rw-p 00000000 00:00 0 
7f72e8021000-7f72ec000000 ---p 00000000 00:00 0 
7f72ec000000-7f72ec021000 rw-p 00000000 00:00 0 
7f72ec021000-7f72f0000000 ---p 00000000 00:00 0 
7f72f0000000-7f72f0021000 rw-p 00000000 00:00 0 
7f72f0021000-7f72f4000000 ---p 00000000 00:00 0 
7f72f4000000-7f72f4021000 rw-p 00000000 00:00 0 
7f72f4021000-7f72f8000000 ---p 00000000 00:00 0 
7f72f8000000-7f72f8021000 rw-p 00000000 00:00 0 
7f72f8021000-7f72fc000000 ---p 00000000 00:00 0 
7f72fc044000-7f72fc045000 ---p 00000000 00:00 0 
7f72fc045000-7f72fc048000 ---p 00000000 00:00 0 
7f72fc048000-7f72fc845000 rw-p 00000000 00:00 0 
7f72fc845000-7f72fc846000 ---p 00000000 00:00 0 
7f72fc846000-7f72fc849000 ---p 00000000 00:00 0 
7f72fc849000-7f72fd046000 rw-p 00000000 00:00 0 
7f72fd046000-7f72fd047000 ---p 00000000 00:00 0 
7f72fd047000-7f72fd04a000 ---p 00000000 00:00 0 
7f72fd04a000-7f72fd847000 rw-p 00000000 00:00 0 
7f72fd847000-7f72fd848000 ---p 00000000 00:00 0 
7f72fd848000-7f72fd84b000 ---p 00000000 00:00 0 
7f72fd84b000-7f72fe048000 rw-p 00000000 00:00 0 
7f72fe048000-7f72fe049000 ---p 00000000 00:00 0 
7f72fe049000-7f72fe149000 rw-p 00000000 00:00 0 
7f72fe149000-7f72fe14c000 ---p 00000000 00:00 0 
7f72fe14c000-7f72fe24a000 rw-p 00000000 00:00 0 
7f72fe24a000-7f72fe24d000 ---p 00000000 00:00 0 
7f72fe24d000-7f72fe34b000 rw-p 00000000 00:00 0 
7f72fe34b000-7f72fed1a000 r--p 00000000 08:01 1186501                    /usr/lib/locale/locale-archive
7f72fed1a000-7f72fed1d000 ---p 00000000 00:00 0 
7f72fed1d000-7f72fee1b000 rw-p 00000000 00:00 0 
7f72fee1b000-7f72fee1e000 ---p 00000000 00:00 0 
7f72fee1e000-7f72fef1c000 rw-p 00000000 00:00 0 
7f72fef1c000-7f72fef1d000 ---p 00000000 00:00 0 
7f72fef1d000-7f7300000000 rw-p 00000000 00:00 0 
7f7300000000-7f7300021000 rw-p 00000000 00:00 0 
7f7300021000-7f7304000000 ---p 00000000 00:00 0 
7f7304000000-7f7304021000 rw-p 00000000 00:00 0 
7f7304021000-7f7308000000 ---p 00000000 00:00 0 
7f7308000000-7f7308021000 rw-p 00000000 00:00 0 
7f7308021000-7f730c000000 ---p 00000000 00:00 0 
7f730c015000-7f730c036000 rw-p 00000000 00:00 0 
7f730c036000-7f730c210000 r--s 03d88000 08:01 1324703                    /usr/local/java/jre/lib/rt.jar
7f730c210000-7f730c6c6000 rw-p 00000000 00:00 0 
7f730c6c6000-7f730ca86000 ---p 00000000 00:00 0 
7f730ca86000-7f730eb21000 rw-p 00000000 00:00 0 
7f730eb21000-7f730eb22000 ---p 00000000 00:00 0 
7f730eb22000-7f730ec22000 rw-p 00000000 00:00 0 
7f730ec22000-7f730ec23000 ---p 00000000 00:00 0 
7f730ec23000-7f730ed23000 rw-p 00000000 00:00 0 
7f730ed23000-7f730ed24000 ---p 00000000 00:00 0 
7f730ed24000-7f730ee24000 rw-p 00000000 00:00 0 
7f730ee24000-7f730ee25000 ---p 00000000 00:00 0 
7f730ee25000-7f730ef3a000 rw-p 00000000 00:00 0 
7f730ef3a000-7f730f06c000 ---p 00000000 00:00 0 
7f730f06c000-7f730f077000 rw-p 00000000 00:00 0 
7f730f077000-7f730f110000 ---p 00000000 00:00 0 
7f730f110000-7f730f11b000 rw-p 00000000 00:00 0 
7f730f11b000-7f730f4d1000 ---p 00000000 00:00 0 
7f730f4d1000-7f730f741000 rwxp 00000000 00:00 0 
7f730f741000-7f731e4d1000 ---p 00000000 00:00 0 
7f731e4d1000-7f731e4ec000 r-xp 00000000 08:01 1453051                    /usr/local/java/jre/lib/amd64/libzip.so
7f731e4ec000-7f731e6eb000 ---p 0001b000 08:01 1453051                    /usr/local/java/jre/lib/amd64/libzip.so
7f731e6eb000-7f731e6ec000 r--p 0001a000 08:01 1453051                    /usr/local/java/jre/lib/amd64/libzip.so
7f731e6ec000-7f731e6ed000 rw-p 0001b000 08:01 1453051                    /usr/local/java/jre/lib/amd64/libzip.so
7f731e6ed000-7f731e6f8000 r-xp 00000000 08:01 2233846                    /lib/x86_64-linux-gnu/libnss_files-2.27.so
7f731e6f8000-7f731e8f7000 ---p 0000b000 08:01 2233846                    /lib/x86_64-linux-gnu/libnss_files-2.27.so
7f731e8f7000-7f731e8f8000 r--p 0000a000 08:01 2233846                    /lib/x86_64-linux-gnu/libnss_files-2.27.so
7f731e8f8000-7f731e8f9000 rw-p 0000b000 08:01 2233846                    /lib/x86_64-linux-gnu/libnss_files-2.27.so
7f731e8f9000-7f731e8ff000 rw-p 00000000 00:00 0 
7f731e8ff000-7f731e916000 r-xp 00000000 08:01 2233840                    /lib/x86_64-linux-gnu/libnsl-2.27.so
7f731e916000-7f731eb15000 ---p 00017000 08:01 2233840                    /lib/x86_64-linux-gnu/libnsl-2.27.so
7f731eb15000-7f731eb16000 r--p 00016000 08:01 2233840                    /lib/x86_64-linux-gnu/libnsl-2.27.so
7f731eb16000-7f731eb17000 rw-p 00017000 08:01 2233840                    /lib/x86_64-linux-gnu/libnsl-2.27.so
7f731eb17000-7f731eb19000 rw-p 00000000 00:00 0 
7f731eb19000-7f731eb24000 r-xp 00000000 08:01 2233857                    /lib/x86_64-linux-gnu/libnss_nis-2.27.so
7f731eb24000-7f731ed23000 ---p 0000b000 08:01 2233857                    /lib/x86_64-linux-gnu/libnss_nis-2.27.so
7f731ed23000-7f731ed24000 r--p 0000a000 08:01 2233857                    /lib/x86_64-linux-gnu/libnss_nis-2.27.so
7f731ed24000-7f731ed25000 rw-p 0000b000 08:01 2233857                    /lib/x86_64-linux-gnu/libnss_nis-2.27.so
7f731ed25000-7f731ed2d000 r-xp 00000000 08:01 2233842                    /lib/x86_64-linux-gnu/libnss_compat-2.27.so
7f731ed2d000-7f731ef2d000 ---p 00008000 08:01 2233842                    /lib/x86_64-linux-gnu/libnss_compat-2.27.so
7f731ef2d000-7f731ef2e000 r--p 00008000 08:01 2233842                    /lib/x86_64-linux-gnu/libnss_compat-2.27.so
7f731ef2e000-7f731ef2f000 rw-p 00009000 08:01 2233842                    /lib/x86_64-linux-gnu/libnss_compat-2.27.so
7f731ef2f000-7f731ef5b000 r-xp 00000000 08:01 1453042                    /usr/local/java/jre/lib/amd64/libjava.so
7f731ef5b000-7f731f15b000 ---p 0002c000 08:01 1453042                    /usr/local/java/jre/lib/amd64/libjava.so
7f731f15b000-7f731f15c000 r--p 0002c000 08:01 1453042                    /usr/local/java/jre/lib/amd64/libjava.so
7f731f15c000-7f731f15e000 rw-p 0002d000 08:01 1453042                    /usr/local/java/jre/lib/amd64/libjava.so
7f731f15e000-7f731f16b000 r-xp 00000000 08:01 1453033                    /usr/local/java/jre/lib/amd64/libverify.so
7f731f16b000-7f731f36a000 ---p 0000d000 08:01 1453033                    /usr/local/java/jre/lib/amd64/libverify.so
7f731f36a000-7f731f36c000 r--p 0000c000 08:01 1453033                    /usr/local/java/jre/lib/amd64/libverify.so
7f731f36c000-7f731f36d000 rw-p 0000e000 08:01 1453033                    /usr/local/java/jre/lib/amd64/libverify.so
7f731f36d000-7f731f374000 r-xp 00000000 08:01 2233897                    /lib/x86_64-linux-gnu/librt-2.27.so
7f731f374000-7f731f573000 ---p 00007000 08:01 2233897                    /lib/x86_64-linux-gnu/librt-2.27.so
7f731f573000-7f731f574000 r--p 00006000 08:01 2233897                    /lib/x86_64-linux-gnu/librt-2.27.so
7f731f574000-7f731f575000 rw-p 00007000 08:01 2233897                    /lib/x86_64-linux-gnu/librt-2.27.so
7f731f575000-7f731f578000 r-xp 00000000 08:01 2233779                    /lib/x86_64-linux-gnu/libdl-2.27.so
7f731f578000-7f731f777000 ---p 00003000 08:01 2233779                    /lib/x86_64-linux-gnu/libdl-2.27.so
7f731f777000-7f731f778000 r--p 00002000 08:01 2233779                    /lib/x86_64-linux-gnu/libdl-2.27.so
7f731f778000-7f731f779000 rw-p 00003000 08:01 2233779                    /lib/x86_64-linux-gnu/libdl-2.27.so
7f731f779000-7f731f916000 r-xp 00000000 08:01 2233819                    /lib/x86_64-linux-gnu/libm-2.27.so
7f731f916000-7f731fb15000 ---p 0019d000 08:01 2233819                    /lib/x86_64-linux-gnu/libm-2.27.so
7f731fb15000-7f731fb16000 r--p 0019c000 08:01 2233819                    /lib/x86_64-linux-gnu/libm-2.27.so
7f731fb16000-7f731fb17000 rw-p 0019d000 08:01 2233819                    /lib/x86_64-linux-gnu/libm-2.27.so
7f731fb17000-7f731fcfe000 r-xp 00000000 08:01 2233756                    /lib/x86_64-linux-gnu/libc-2.27.so
7f731fcfe000-7f731fefe000 ---p 001e7000 08:01 2233756                    /lib/x86_64-linux-gnu/libc-2.27.so
7f731fefe000-7f731ff02000 r--p 001e7000 08:01 2233756                    /lib/x86_64-linux-gnu/libc-2.27.so
7f731ff02000-7f731ff04000 rw-p 001eb000 08:01 2233756                    /lib/x86_64-linux-gnu/libc-2.27.so
7f731ff04000-7f731ff08000 rw-p 00000000 00:00 0 
7f731ff08000-7f731ff22000 r-xp 00000000 08:01 2233889                    /lib/x86_64-linux-gnu/libpthread-2.27.so
7f731ff22000-7f7320121000 ---p 0001a000 08:01 2233889                    /lib/x86_64-linux-gnu/libpthread-2.27.so
7f7320121000-7f7320122000 r--p 00019000 08:01 2233889                    /lib/x86_64-linux-gnu/libpthread-2.27.so
7f7320122000-7f7320123000 rw-p 0001a000 08:01 2233889                    /lib/x86_64-linux-gnu/libpthread-2.27.so
7f7320123000-7f7320127000 rw-p 00000000 00:00 0 
7f7320127000-7f7320e0f000 r-xp 00000000 08:01 1453049                    /usr/local/java/jre/lib/amd64/server/libjvm.so
7f7320e0f000-7f732100e000 ---p 00ce8000 08:01 1453049                    /usr/local/java/jre/lib/amd64/server/libjvm.so
7f732100e000-7f73210a4000 r--p 00ce7000 08:01 1453049                    /usr/local/java/jre/lib/amd64/server/libjvm.so
7f73210a4000-7f73210d5000 rw-p 00d7d000 08:01 1453049                    /usr/local/java/jre/lib/amd64/server/libjvm.so
7f73210d5000-7f7321110000 rw-p 00000000 00:00 0 
7f7321110000-7f7321137000 r-xp 00000000 08:01 2233728                    /lib/x86_64-linux-gnu/ld-2.27.so
7f7321140000-7f73211ec000 rw-p 00000000 00:00 0 
7f73211ec000-7f732131f000 ---p 00000000 00:00 0 
7f732131f000-7f7321321000 rw-p 00000000 00:00 0 
7f732132a000-7f732132b000 r--s 00000000 08:01 7072                       /home/wanhui/CallJvm/callJvmThreadpool/qin_test1.jar
7f732132b000-7f7321333000 rw-s 00000000 08:01 7080                       /tmp/hsperfdata_wanhui/18633
7f7321333000-7f7321334000 rw-p 00000000 00:00 0 
7f7321334000-7f7321335000 r--p 00000000 00:00 0 
7f7321335000-7f7321337000 rw-p 00000000 00:00 0 
7f7321337000-7f7321338000 r--p 00027000 08:01 2233728                    /lib/x86_64-linux-gnu/ld-2.27.so
7f7321338000-7f7321339000 rw-p 00028000 08:01 2233728                    /lib/x86_64-linux-gnu/ld-2.27.so
7f7321339000-7f732133a000 rw-p 00000000 00:00 0 
7ffd2e74d000-7ffd2e750000 ---p 00000000 00:00 0 
7ffd2e750000-7ffd2e84d000 rw-p 00000000 00:00 0                          [stack]
7ffd2e876000-7ffd2e879000 r--p 00000000 00:00 0                          [vvar]
7ffd2e879000-7ffd2e87b000 r-xp 00000000 00:00 0                          [vdso]
ffffffffff600000-ffffffffff601000 r-xp 00000000 00:00 0                  [vsyscall]

VM Arguments:
jvm_args: -Djava.compiler=NONE -verbose:jni 
java_command: <unknown>
java_class_path (initial): .:/home/wanhui/CallJvm/callJvmThreadpool/qin_test1.jar
Launcher Type: generic

Environment Variables:
JAVA_HOME=/usr/local/java
CLASSPATH=/home/wanhui/Downloads/clion-2019.2.1/lib/bootstrap.jar:/home/wanhui/Downloads/clion-2019.2.1/lib/extensions.jar:/home/wanhui/Downloads/clion-2019.2.1/lib/util.jar:/home/wanhui/Downloads/clion-2019.2.1/lib/jdom.jar:/home/wanhui/Downloads/clion-2019.2.1/lib/log4j.jar:/home/wanhui/Downloads/clion-2019.2.1/lib/trove4j.jar:/home/wanhui/Downloads/clion-2019.2.1/lib/jna.jar
PATH=/usr/local/sbin:/usr/local/bin:/usr/sbin:/usr/bin:/sbin:/bin:/snap/bin:/usr/local/redis/redis-4.0.9.tar_files/redis-4.0.9/src:/usr/local/mysql/bin
USERNAME=wanhui
SHELL=/bin/bash
DISPLAY=:0

Signal Handlers:
SIGSEGV: [libjvm.so+0xad3d90], sa_mask[0]=11111111011111111101111111111110, sa_flags=SA_RESTART|SA_SIGINFO
SIGBUS: [libjvm.so+0xad3d90], sa_mask[0]=11111111011111111101111111111110, sa_flags=SA_RESTART|SA_SIGINFO
SIGFPE: [libjvm.so+0x90b8b0], sa_mask[0]=11111111011111111101111111111110, sa_flags=SA_RESTART|SA_SIGINFO
SIGPIPE: [libjvm.so+0x90b8b0], sa_mask[0]=11111111011111111101111111111110, sa_flags=SA_RESTART|SA_SIGINFO
SIGXFSZ: [libjvm.so+0x90b8b0], sa_mask[0]=11111111011111111101111111111110, sa_flags=SA_RESTART|SA_SIGINFO
SIGILL: [libjvm.so+0x90b8b0], sa_mask[0]=11111111011111111101111111111110, sa_flags=SA_RESTART|SA_SIGINFO
SIGUSR1: SIG_DFL, sa_mask[0]=00000000000000000000000000000000, sa_flags=none
SIGUSR2: [libjvm.so+0x90b780], sa_mask[0]=00100000000000000000000000000000, sa_flags=SA_RESTART|SA_SIGINFO
SIGHUP: [libjvm.so+0x90bda0], sa_mask[0]=11111111011111111101111111111110, sa_flags=SA_RESTART|SA_SIGINFO
SIGINT: [libjvm.so+0x90bda0], sa_mask[0]=11111111011111111101111111111110, sa_flags=SA_RESTART|SA_SIGINFO
SIGTERM: [libjvm.so+0x90bda0], sa_mask[0]=11111111011111111101111111111110, sa_flags=SA_RESTART|SA_SIGINFO
SIGQUIT: [libjvm.so+0x90bda0], sa_mask[0]=11111111011111111101111111111110, sa_flags=SA_RESTART|SA_SIGINFO


---------------  S Y S T E M  ---------------

OS:DISTRIB_ID=Ubuntu
DISTRIB_RELEASE=18.04
DISTRIB_CODENAME=bionic
DISTRIB_DESCRIPTION="Ubuntu 18.04.3 LTS"

uname:Linux 4.15.0-66-generic #75-Ubuntu SMP Tue Oct 1 05:24:09 UTC 2019 x86_64
libc:glibc 2.27 NPTL 2.27 
rlimit: STACK 8192k, CORE 0k, NPROC 15513, NOFILE 1048576, AS infinity
load average:0.54 0.46 0.40

/proc/meminfo:
MemTotal:        4015688 kB
MemFree:          125900 kB
MemAvailable:     191888 kB
Buffers:            7004 kB
Cached:           285036 kB
SwapCached:        59896 kB
Active:          2390664 kB
Inactive:         648684 kB
Active(anon):    2234496 kB
Inactive(anon):   562472 kB
Active(file):     156168 kB
Inactive(file):    86212 kB
Unevictable:          48 kB
Mlocked:              48 kB
SwapTotal:       2097148 kB
SwapFree:         403152 kB
Dirty:               336 kB
Writeback:             0 kB
AnonPages:       2688880 kB
Mapped:           212916 kB
Shmem:             49616 kB
Slab:             135416 kB
SReclaimable:      57160 kB
SUnreclaim:        78256 kB
KernelStack:       18040 kB
PageTables:        65768 kB
NFS_Unstable:          0 kB
Bounce:                0 kB
WritebackTmp:          0 kB
CommitLimit:     4104992 kB
Committed_AS:   10215012 kB
VmallocTotal:   34359738367 kB
VmallocUsed:           0 kB
VmallocChunk:          0 kB
HardwareCorrupted:     0 kB
AnonHugePages:         0 kB
ShmemHugePages:        0 kB
ShmemPmdMapped:        0 kB
CmaTotal:              0 kB
CmaFree:               0 kB
HugePages_Total:       0
HugePages_Free:        0
HugePages_Rsvd:        0
HugePages_Surp:        0
Hugepagesize:       2048 kB
DirectMap4k:      374592 kB
DirectMap2M:     3819520 kB
DirectMap1G:     2097152 kB

container (cgroup) information:
container_type: cgroupv1
cpu_cpuset_cpus: 0-3
cpu_memory_nodes: 0
active_processor_count: 4
cpu_quota: -1
cpu_period: 100000
cpu_shares: -1
memory_limit_in_bytes: -1
memory_and_swap_limit_in_bytes: -2
memory_soft_limit_in_bytes: -1
memory_usage_in_bytes: 3060625408
memory_max_usage_in_bytes: 810557440


CPU:total 4 (initial active 4) (2 cores per cpu, 1 threads per core) family 6 model 158 stepping 13, cmov, cx8, fxsr, mmx, sse, sse2, sse3, ssse3, sse4.1, sse4.2, popcnt, avx, avx2, aes, clmul, erms, rtm, 3dnowpref, lzcnt, tsc, tscinvbit, bmi1, bmi2, adx

/proc/cpuinfo:
processor	: 0
vendor_id	: GenuineIntel
cpu family	: 6
model		: 158
model name	: Intel(R) Core(TM) i7-9700 CPU @ 3.00GHz
stepping	: 13
microcode	: 0xb4
cpu MHz		: 2999.999
cache size	: 12288 KB
physical id	: 0
siblings	: 2
core id		: 0
cpu cores	: 2
apicid		: 0
initial apicid	: 0
fpu		: yes
fpu_exception	: yes
cpuid level	: 22
wp		: yes
flags		: fpu vme de pse tsc msr pae mce cx8 apic sep mtrr pge mca cmov pat pse36 clflush mmx fxsr sse sse2 ss ht syscall nx pdpe1gb rdtscp lm constant_tsc arch_perfmon nopl xtopology tsc_reliable nonstop_tsc cpuid pni pclmulqdq vmx ssse3 fma cx16 pcid sse4_1 sse4_2 x2apic movbe popcnt tsc_deadline_timer aes xsave avx f16c rdrand hypervisor lahf_lm abm 3dnowprefetch cpuid_fault invpcid_single ssbd ibrs ibpb stibp ibrs_enhanced tpr_shadow vnmi ept vpid fsgsbase tsc_adjust bmi1 hle avx2 smep bmi2 invpcid rtm mpx rdseed adx smap clflushopt xsaveopt xsavec xsaves arat md_clear flush_l1d arch_capabilities
bugs		: spectre_v1 spectre_v2 spec_store_bypass swapgs
bogomips	: 5999.99
clflush size	: 64
cache_alignment	: 64
address sizes	: 43 bits physical, 48 bits virtual
power management:

processor	: 1
vendor_id	: GenuineIntel
cpu family	: 6
model		: 158
model name	: Intel(R) Core(TM) i7-9700 CPU @ 3.00GHz
stepping	: 13
microcode	: 0xb4
cpu MHz		: 2999.999
cache size	: 12288 KB
physical id	: 0
siblings	: 2
core id		: 1
cpu cores	: 2
apicid		: 1
initial apicid	: 1
fpu		: yes
fpu_exception	: yes
cpuid level	: 22
wp		: yes
flags		: fpu vme de pse tsc msr pae mce cx8 apic sep mtrr pge mca cmov pat pse36 clflush mmx fxsr sse sse2 ss ht syscall nx pdpe1gb rdtscp lm constant_tsc arch_perfmon nopl xtopology tsc_reliable nonstop_tsc cpuid pni pclmulqdq vmx ssse3 fma cx16 pcid sse4_1 sse4_2 x2apic movbe popcnt tsc_deadline_timer aes xsave avx f16c rdrand hypervisor lahf_lm abm 3dnowprefetch cpuid_fault invpcid_single ssbd ibrs ibpb stibp ibrs_enhanced tpr_shadow vnmi ept vpid fsgsbase tsc_adjust bmi1 hle avx2 smep bmi2 invpcid rtm mpx rdseed adx smap clflushopt xsaveopt xsavec xsaves arat md_clear flush_l1d arch_capabilities
bugs		: spectre_v1 spectre_v2 spec_store_bypass swapgs
bogomips	: 5999.99
clflush size	: 64
cache_alignment	: 64
address sizes	: 43 bits physical, 48 bits virtual
power management:

processor	: 2
vendor_id	: GenuineIntel
cpu family	: 6
model		: 158
model name	: Intel(R) Core(TM) i7-9700 CPU @ 3.00GHz
stepping	: 13
microcode	: 0xb4
cpu MHz		: 2999.999
cache size	: 12288 KB
physical id	: 1
siblings	: 2
core id		: 0
cpu cores	: 2
apicid		: 2
initial apicid	: 2
fpu		: yes
fpu_exception	: yes
cpuid level	: 22
wp		: yes
flags		: fpu vme de pse tsc msr pae mce cx8 apic sep mtrr pge mca cmov pat pse36 clflush mmx fxsr sse sse2 ss ht syscall nx pdpe1gb rdtscp lm constant_tsc arch_perfmon nopl xtopology tsc_reliable nonstop_tsc cpuid pni pclmulqdq vmx ssse3 fma cx16 pcid sse4_1 sse4_2 x2apic movbe popcnt tsc_deadline_timer aes xsave avx f16c rdrand hypervisor lahf_lm abm 3dnowprefetch cpuid_fault invpcid_single ssbd ibrs ibpb stibp ibrs_enhanced tpr_shadow vnmi ept vpid fsgsbase tsc_adjust bmi1 hle avx2 smep bmi2 invpcid rtm mpx rdseed adx smap clflushopt xsaveopt xsavec xsaves arat md_clear flush_l1d arch_capabilities
bugs		: spectre_v1 spectre_v2 spec_store_bypass swapgs
bogomips	: 5999.99
clflush size	: 64
cache_alignment	: 64
address sizes	: 43 bits physical, 48 bits virtual
power management:

processor	: 3
vendor_id	: GenuineIntel
cpu family	: 6
model		: 158
model name	: Intel(R) Core(TM) i7-9700 CPU @ 3.00GHz
stepping	: 13
microcode	: 0xb4
cpu MHz		: 2999.999
cache size	: 12288 KB
physical id	: 1
siblings	: 2
core id		: 1
cpu cores	: 2
apicid		: 3
initial apicid	: 3
fpu		: yes
fpu_exception	: yes
cpuid level	: 22
wp		: yes
flags		: fpu vme de pse tsc msr pae mce cx8 apic sep mtrr pge mca cmov pat pse36 clflush mmx fxsr sse sse2 ss ht syscall nx pdpe1gb rdtscp lm constant_tsc arch_perfmon nopl xtopology tsc_reliable nonstop_tsc cpuid pni pclmulqdq vmx ssse3 fma cx16 pcid sse4_1 sse4_2 x2apic movbe popcnt tsc_deadline_timer aes xsave avx f16c rdrand hypervisor lahf_lm abm 3dnowprefetch cpuid_fault invpcid_single ssbd ibrs ibpb stibp ibrs_enhanced tpr_shadow vnmi ept vpid fsgsbase tsc_adjust bmi1 hle avx2 smep bmi2 invpcid rtm mpx rdseed adx smap clflushopt xsaveopt xsavec xsaves arat md_clear flush_l1d arch_capabilities
bugs		: spectre_v1 spectre_v2 spec_store_bypass swapgs
bogomips	: 5999.99
clflush size	: 64
cache_alignment	: 64
address sizes	: 43 bits physical, 48 bits virtual
power management:



Memory: 4k page, physical 4015688k(125900k free), swap 2097148k(403152k free)

vm_info: Java HotSpot(TM) 64-Bit Server VM (25.221-b11) for linux-amd64 JRE (1.8.0_221-b11), built on Jul  4 2019 04:27:00 by "java_re" with gcc 7.3.0

time: Sat Nov  2 12:25:42 2019
timezone: CST
elapsed time: 0 seconds (0d 0h 0m 0s)

