#
# A fatal error has been detected by the Java Runtime Environment:
#
#  SIGSEGV (0xb) at pc=0x0000000000000000, pid=15468, tid=0x00007f7d93fff700
#
# JRE version: Java(TM) SE Runtime Environment (8.0_221-b11) (build 1.8.0_221-b11)
# Java VM: Java HotSpot(TM) 64-Bit Server VM (25.221-b11 interpreted mode linux-amd64 compressed oops)
# Problematic frame:
# C  0x0000000000000000
#
# Failed to write core dump. Core dumps have been disabled. To enable core dumping, try "ulimit -c unlimited" before starting Java again
#
# If you would like to submit a bug report, please visit:
#   http://bugreport.java.com/bugreport/crash.jsp
#

---------------  T H R E A D  ---------------

Current thread is native thread

siginfo: si_signo: 11 (SIGSEGV), si_code: 1 (SEGV_MAPERR), si_addr: 0x0000000000000000

Registers:
RAX=0x00007f7dcbb0a3e0, RBX=0x00007ffdbcdb2858, RCX=0x00007f7dca0dc187, RDX=0x0000000000000000
RSP=0x00007f7d93ffea58, RBP=0x0000000000000005, RSI=0x00007f7d93ffea78, RDI=0x00007ffdbcdb2858
R8 =0x0000000000000000, R9 =0x0000000000000000, R10=0x0000000000000009, R11=0x0000000000000000
R12=0x00007f7d93ffeab0, R13=0x00007f7d93ffeac3, R14=0x0000000000000000, R15=0x00007ffdbcdb27b0
RIP=0x0000000000000000, EFLAGS=0x0000000000010246, CSGSFS=0x002b000000000033, ERR=0x0000000000000014
  TRAPNO=0x000000000000000e

Top of Stack: (sp=0x00007f7d93ffea58)
0x00007f7d93ffea58:   000055de19ef6f66 0000000000000000
0x00007f7d93ffea68:   00007ffdbcdb2858 0000000000000000
0x00007f7d93ffea78:   0000000000000000 00007f7d80000b40
0x00007f7d93ffea88:   00007f7d80000b50 00007f7d80000b50
0x00007f7d93ffea98:   0000000000000000 0000000024000000
0x00007f7d93ffeaa8:   0000000000000000 2a207463656c6573
0x00007f7d93ffeab8:   6574206d6f726620 6564757473007473
0x00007f7d93ffeac8:   000000000000746e 0000000000000000
0x00007f7d93ffead8:   0000000000000000 0000000000000000
0x00007f7d93ffeae8:   0000000000000000 0000000000000000
0x00007f7d93ffeaf8:   0000000000000000 0000000000000000
0x00007f7d93ffeb08:   0000000000000000 0000000000000000
0x00007f7d93ffeb18:   0000000000000000 0000000000000000
0x00007f7d93ffeb28:   0000000000000000 0000000000000000
0x00007f7d93ffeb38:   0000000000000000 0000000000000000
0x00007f7d93ffeb48:   0000000000000000 0000000000000000
0x00007f7d93ffeb58:   0000000000000000 0000000000000000
0x00007f7d93ffeb68:   0000000000000000 0000000000000000
0x00007f7d93ffeb78:   0000000000000000 0000000000000000
0x00007f7d93ffeb88:   0000000000000000 0000000000000000
0x00007f7d93ffeb98:   0000000000000000 0000000000000000
0x00007f7d93ffeba8:   0000000000000000 0000000000000000
0x00007f7d93ffebb8:   0000000000000000 0000000000000000
0x00007f7d93ffebc8:   0000000000000000 0000000000000000
0x00007f7d93ffebd8:   0000000000000000 0000000000000000
0x00007f7d93ffebe8:   0000000000000000 0000000000000000
0x00007f7d93ffebf8:   0000000000000000 0000000000000000
0x00007f7d93ffec08:   0000000000000000 0000000000000000
0x00007f7d93ffec18:   0000000000000000 0000000000000000
0x00007f7d93ffec28:   0000000000000000 0000000000000000
0x00007f7d93ffec38:   0000000000000000 0000000000000000
0x00007f7d93ffec48:   0000000000000000 0000000000000000 

Instructions: (pc=0x0000000000000000)
0xffffffffffffffe0:   

Register to memory mapping:

RAX=0x00007f7dcbb0a3e0: <offset 0xf8d3e0> in /usr/local/java/jre/lib/amd64/server/libjvm.so at 0x00007f7dcab7d000
RBX=0x00007ffdbcdb2858 is pointing into the stack for thread: 0x000055de1b48a000
RCX=0x00007f7dca0dc187: __write+0x47 in /lib/x86_64-linux-gnu/libc.so.6 at 0x00007f7dc9fcc000
RDX=0x0000000000000000 is an unknown value
RSP=0x00007f7d93ffea58 is an unknown value
RBP=0x0000000000000005 is an unknown value
RSI=0x00007f7d93ffea78 is an unknown value
RDI=0x00007ffdbcdb2858 is pointing into the stack for thread: 0x000055de1b48a000
R8 =0x0000000000000000 is an unknown value
R9 =0x0000000000000000 is an unknown value
R10=0x0000000000000009 is an unknown value
R11=0x0000000000000000 is an unknown value
R12=0x00007f7d93ffeab0 is an unknown value
R13=0x00007f7d93ffeac3 is an unknown value
R14=0x0000000000000000 is an unknown value
R15=0x00007ffdbcdb27b0 is pointing into the stack for thread: 0x000055de1b48a000


Stack: [0x00007f7d93800000,0x00007f7d94000000],  sp=0x00007f7d93ffea58,  free space=8186k

---------------  P R O C E S S  ---------------

VM state:not at safepoint (normal execution)

VM Mutex/Monitor currently owned by a thread: None

heap address: 0x00000000c2a00000, size: 982 MB, Compressed Oops mode: 32-bit
Narrow klass base: 0x0000000000000000, Narrow klass shift: 3
Compressed class space size: 1073741824 Address: 0x0000000100000000

Heap:
 PSYoungGen      total 18432K, used 634K [0x00000000eb900000, 0x00000000ecd80000, 0x0000000100000000)
  eden space 15872K, 4% used [0x00000000eb900000,0x00000000eb99ebc8,0x00000000ec880000)
  from space 2560K, 0% used [0x00000000ecb00000,0x00000000ecb00000,0x00000000ecd80000)
  to   space 2560K, 0% used [0x00000000ec880000,0x00000000ec880000,0x00000000ecb00000)
 ParOldGen       total 42496K, used 0K [0x00000000c2a00000, 0x00000000c5380000, 0x00000000eb900000)
  object space 42496K, 0% used [0x00000000c2a00000,0x00000000c2a00000,0x00000000c5380000)
 Metaspace       used 2176K, capacity 4480K, committed 4480K, reserved 1056768K
  class space    used 240K, capacity 384K, committed 384K, reserved 1048576K

Card table byte_map: [0x00007f7db93da000,0x00007f7db95c6000] byte_map_base: 0x00007f7db8dc5000

Marking Bits: (ParMarkBitMap*) 0x00007f7dcbb48d80
 Begin Bits: [0x00007f7daa150000, 0x00007f7dab0a8000)
 End Bits:   [0x00007f7dab0a8000, 0x00007f7dac000000)

Polling page: 0x00007f7dcbd8a000

CodeCache: size=245760Kb used=469Kb max_used=469Kb free=245290Kb
 bounds [0x00007f7db9986000, 0x00007f7db9bf6000, 0x00007f7dc8986000]
 total_blobs=171 nmethods=0 adapters=137
 compilation: disabled (interpreter mode)

Compilation events (0 events):
No events

GC Heap History (0 events):
No events

Deoptimization events (0 events):
No events

Classes redefined (0 events):
No events

Internal exceptions (2 events):
Event: 0.018 Thread 0x000055de1b48a000 Exception <a 'java/lang/NoSuchMethodError': Method sun.misc.Unsafe.defineClass(Ljava/lang/String;[BII)Ljava/lang/Class; name or signature does not match> (0x00000000eb907cb8) thrown at [/HUDSON/workspace/8-2-build-linux-amd64/jdk8u221/13320/hotspot/src/sh
Event: 0.018 Thread 0x000055de1b48a000 Exception <a 'java/lang/NoSuchMethodError': Method sun.misc.Unsafe.prefetchRead(Ljava/lang/Object;J)V name or signature does not match> (0x00000000eb907fa0) thrown at [/HUDSON/workspace/8-2-build-linux-amd64/jdk8u221/13320/hotspot/src/share/vm/prims/jni.c

Events (10 events):
Event: 0.034 loading class java/lang/invoke/MemberName$Factory done
Event: 0.034 loading class java/lang/invoke/MethodHandleStatics
Event: 0.034 loading class java/lang/invoke/MethodHandleStatics done
Event: 0.034 loading class java/lang/invoke/MethodHandleStatics$1
Event: 0.034 loading class java/lang/invoke/MethodHandleStatics$1 done
Event: 0.034 Thread 0x000055de1b539000 Thread added: 0x000055de1b539000
Event: 0.034 loading class sun/misc/PostVMInitHook
Event: 0.034 loading class sun/misc/PostVMInitHook done
Event: 0.034 loading class sun/misc/PostVMInitHook$1
Event: 0.034 loading class sun/misc/PostVMInitHook$1 done


Dynamic libraries:
c2a00000-c5380000 rw-p 00000000 00:00 0 
c5380000-eb900000 ---p 00000000 00:00 0 
eb900000-ecd80000 rw-p 00000000 00:00 0 
ecd80000-100000000 ---p 00000000 00:00 0 
100000000-100060000 rw-p 00000000 00:00 0 
100060000-140000000 ---p 00000000 00:00 0 
55de19ef5000-55de19ef8000 r-xp 00000000 08:01 27                         /home/wanhui/CallJvm/callJvmThreadpool/cmake-build-debug/main
55de1a0f7000-55de1a0f8000 r--p 00002000 08:01 27                         /home/wanhui/CallJvm/callJvmThreadpool/cmake-build-debug/main
55de1a0f8000-55de1a0f9000 rw-p 00003000 08:01 27                         /home/wanhui/CallJvm/callJvmThreadpool/cmake-build-debug/main
55de1b45b000-55de1b547000 rw-p 00000000 00:00 0                          [heap]
7f7d80000000-7f7d80021000 rw-p 00000000 00:00 0 
7f7d80021000-7f7d84000000 ---p 00000000 00:00 0 
7f7d88000000-7f7d88021000 rw-p 00000000 00:00 0 
7f7d88021000-7f7d8c000000 ---p 00000000 00:00 0 
7f7d8c000000-7f7d8c021000 rw-p 00000000 00:00 0 
7f7d8c021000-7f7d90000000 ---p 00000000 00:00 0 
7f7d90ffa000-7f7d90ffb000 ---p 00000000 00:00 0 
7f7d90ffb000-7f7d917fb000 rw-p 00000000 00:00 0 
7f7d917fb000-7f7d917fc000 ---p 00000000 00:00 0 
7f7d917fc000-7f7d91ffc000 rw-p 00000000 00:00 0 
7f7d91ffc000-7f7d91ffd000 ---p 00000000 00:00 0 
7f7d91ffd000-7f7d927fd000 rw-p 00000000 00:00 0 
7f7d927fd000-7f7d927fe000 ---p 00000000 00:00 0 
7f7d927fe000-7f7d92ffe000 rw-p 00000000 00:00 0 
7f7d92ffe000-7f7d92fff000 ---p 00000000 00:00 0 
7f7d92fff000-7f7d937ff000 rw-p 00000000 00:00 0 
7f7d937ff000-7f7d93800000 ---p 00000000 00:00 0 
7f7d93800000-7f7d94000000 rw-p 00000000 00:00 0 
7f7d94000000-7f7d94021000 rw-p 00000000 00:00 0 
7f7d94021000-7f7d98000000 ---p 00000000 00:00 0 
7f7d98000000-7f7d98021000 rw-p 00000000 00:00 0 
7f7d98021000-7f7d9c000000 ---p 00000000 00:00 0 
7f7d9c000000-7f7d9c021000 rw-p 00000000 00:00 0 
7f7d9c021000-7f7da0000000 ---p 00000000 00:00 0 
7f7da0000000-7f7da0021000 rw-p 00000000 00:00 0 
7f7da0021000-7f7da4000000 ---p 00000000 00:00 0 
7f7da4000000-7f7da4021000 rw-p 00000000 00:00 0 
7f7da4021000-7f7da8000000 ---p 00000000 00:00 0 
7f7da850c000-7f7da850d000 ---p 00000000 00:00 0 
7f7da850d000-7f7da860d000 rw-p 00000000 00:00 0 
7f7da860d000-7f7da8610000 ---p 00000000 00:00 0 
7f7da8610000-7f7da870e000 rw-p 00000000 00:00 0 
7f7da870e000-7f7da8711000 ---p 00000000 00:00 0 
7f7da8711000-7f7da880f000 rw-p 00000000 00:00 0 
7f7da880f000-7f7da91de000 r--p 00000000 08:01 1186501                    /usr/lib/locale/locale-archive
7f7da91de000-7f7da91e1000 ---p 00000000 00:00 0 
7f7da91e1000-7f7da92df000 rw-p 00000000 00:00 0 
7f7da92df000-7f7da92e2000 ---p 00000000 00:00 0 
7f7da92e2000-7f7da93e0000 rw-p 00000000 00:00 0 
7f7da93e0000-7f7da93e1000 ---p 00000000 00:00 0 
7f7da93e1000-7f7dac000000 rw-p 00000000 00:00 0 
7f7dac000000-7f7dac021000 rw-p 00000000 00:00 0 
7f7dac021000-7f7db0000000 ---p 00000000 00:00 0 
7f7db0000000-7f7db0021000 rw-p 00000000 00:00 0 
7f7db0021000-7f7db4000000 ---p 00000000 00:00 0 
7f7db4000000-7f7db4021000 rw-p 00000000 00:00 0 
7f7db4021000-7f7db8000000 ---p 00000000 00:00 0 
7f7db8006000-7f7db839b000 rw-p 00000000 00:00 0 
7f7db839b000-7f7db8575000 r--s 03d88000 08:01 1324703                    /usr/local/java/jre/lib/rt.jar
7f7db8575000-7f7db89eb000 rw-p 00000000 00:00 0 
7f7db89eb000-7f7db8deb000 ---p 00000000 00:00 0 
7f7db8deb000-7f7db8fd6000 rw-p 00000000 00:00 0 
7f7db8fd6000-7f7db8fd7000 ---p 00000000 00:00 0 
7f7db8fd7000-7f7db90d7000 rw-p 00000000 00:00 0 
7f7db90d7000-7f7db90d8000 ---p 00000000 00:00 0 
7f7db90d8000-7f7db91d8000 rw-p 00000000 00:00 0 
7f7db91d8000-7f7db91d9000 ---p 00000000 00:00 0 
7f7db91d9000-7f7db92d9000 rw-p 00000000 00:00 0 
7f7db92d9000-7f7db92da000 ---p 00000000 00:00 0 
7f7db92da000-7f7db93ef000 rw-p 00000000 00:00 0 
7f7db93ef000-7f7db9521000 ---p 00000000 00:00 0 
7f7db9521000-7f7db952c000 rw-p 00000000 00:00 0 
7f7db952c000-7f7db95c5000 ---p 00000000 00:00 0 
7f7db95c5000-7f7db95d0000 rw-p 00000000 00:00 0 
7f7db95d0000-7f7db9986000 ---p 00000000 00:00 0 
7f7db9986000-7f7db9bf6000 rwxp 00000000 00:00 0 
7f7db9bf6000-7f7dc8986000 ---p 00000000 00:00 0 
7f7dc8986000-7f7dc89a1000 r-xp 00000000 08:01 1453051                    /usr/local/java/jre/lib/amd64/libzip.so
7f7dc89a1000-7f7dc8ba0000 ---p 0001b000 08:01 1453051                    /usr/local/java/jre/lib/amd64/libzip.so
7f7dc8ba0000-7f7dc8ba1000 r--p 0001a000 08:01 1453051                    /usr/local/java/jre/lib/amd64/libzip.so
7f7dc8ba1000-7f7dc8ba2000 rw-p 0001b000 08:01 1453051                    /usr/local/java/jre/lib/amd64/libzip.so
7f7dc8ba2000-7f7dc8bad000 r-xp 00000000 08:01 2233846                    /lib/x86_64-linux-gnu/libnss_files-2.27.so
7f7dc8bad000-7f7dc8dac000 ---p 0000b000 08:01 2233846                    /lib/x86_64-linux-gnu/libnss_files-2.27.so
7f7dc8dac000-7f7dc8dad000 r--p 0000a000 08:01 2233846                    /lib/x86_64-linux-gnu/libnss_files-2.27.so
7f7dc8dad000-7f7dc8dae000 rw-p 0000b000 08:01 2233846                    /lib/x86_64-linux-gnu/libnss_files-2.27.so
7f7dc8dae000-7f7dc8db4000 rw-p 00000000 00:00 0 
7f7dc8db4000-7f7dc8dcb000 r-xp 00000000 08:01 2233840                    /lib/x86_64-linux-gnu/libnsl-2.27.so
7f7dc8dcb000-7f7dc8fca000 ---p 00017000 08:01 2233840                    /lib/x86_64-linux-gnu/libnsl-2.27.so
7f7dc8fca000-7f7dc8fcb000 r--p 00016000 08:01 2233840                    /lib/x86_64-linux-gnu/libnsl-2.27.so
7f7dc8fcb000-7f7dc8fcc000 rw-p 00017000 08:01 2233840                    /lib/x86_64-linux-gnu/libnsl-2.27.so
7f7dc8fcc000-7f7dc8fce000 rw-p 00000000 00:00 0 
7f7dc8fce000-7f7dc8fd9000 r-xp 00000000 08:01 2233857                    /lib/x86_64-linux-gnu/libnss_nis-2.27.so
7f7dc8fd9000-7f7dc91d8000 ---p 0000b000 08:01 2233857                    /lib/x86_64-linux-gnu/libnss_nis-2.27.so
7f7dc91d8000-7f7dc91d9000 r--p 0000a000 08:01 2233857                    /lib/x86_64-linux-gnu/libnss_nis-2.27.so
7f7dc91d9000-7f7dc91da000 rw-p 0000b000 08:01 2233857                    /lib/x86_64-linux-gnu/libnss_nis-2.27.so
7f7dc91da000-7f7dc91e2000 r-xp 00000000 08:01 2233842                    /lib/x86_64-linux-gnu/libnss_compat-2.27.so
7f7dc91e2000-7f7dc93e2000 ---p 00008000 08:01 2233842                    /lib/x86_64-linux-gnu/libnss_compat-2.27.so
7f7dc93e2000-7f7dc93e3000 r--p 00008000 08:01 2233842                    /lib/x86_64-linux-gnu/libnss_compat-2.27.so
7f7dc93e3000-7f7dc93e4000 rw-p 00009000 08:01 2233842                    /lib/x86_64-linux-gnu/libnss_compat-2.27.so
7f7dc93e4000-7f7dc9410000 r-xp 00000000 08:01 1453042                    /usr/local/java/jre/lib/amd64/libjava.so
7f7dc9410000-7f7dc9610000 ---p 0002c000 08:01 1453042                    /usr/local/java/jre/lib/amd64/libjava.so
7f7dc9610000-7f7dc9611000 r--p 0002c000 08:01 1453042                    /usr/local/java/jre/lib/amd64/libjava.so
7f7dc9611000-7f7dc9613000 rw-p 0002d000 08:01 1453042                    /usr/local/java/jre/lib/amd64/libjava.so
7f7dc9613000-7f7dc9620000 r-xp 00000000 08:01 1453033                    /usr/local/java/jre/lib/amd64/libverify.so
7f7dc9620000-7f7dc981f000 ---p 0000d000 08:01 1453033                    /usr/local/java/jre/lib/amd64/libverify.so
7f7dc981f000-7f7dc9821000 r--p 0000c000 08:01 1453033                    /usr/local/java/jre/lib/amd64/libverify.so
7f7dc9821000-7f7dc9822000 rw-p 0000e000 08:01 1453033                    /usr/local/java/jre/lib/amd64/libverify.so
7f7dc9822000-7f7dc9829000 r-xp 00000000 08:01 2233897                    /lib/x86_64-linux-gnu/librt-2.27.so
7f7dc9829000-7f7dc9a28000 ---p 00007000 08:01 2233897                    /lib/x86_64-linux-gnu/librt-2.27.so
7f7dc9a28000-7f7dc9a29000 r--p 00006000 08:01 2233897                    /lib/x86_64-linux-gnu/librt-2.27.so
7f7dc9a29000-7f7dc9a2a000 rw-p 00007000 08:01 2233897                    /lib/x86_64-linux-gnu/librt-2.27.so
7f7dc9a2a000-7f7dc9a2d000 r-xp 00000000 08:01 2233779                    /lib/x86_64-linux-gnu/libdl-2.27.so
7f7dc9a2d000-7f7dc9c2c000 ---p 00003000 08:01 2233779                    /lib/x86_64-linux-gnu/libdl-2.27.so
7f7dc9c2c000-7f7dc9c2d000 r--p 00002000 08:01 2233779                    /lib/x86_64-linux-gnu/libdl-2.27.so
7f7dc9c2d000-7f7dc9c2e000 rw-p 00003000 08:01 2233779                    /lib/x86_64-linux-gnu/libdl-2.27.so
7f7dc9c2e000-7f7dc9dcb000 r-xp 00000000 08:01 2233819                    /lib/x86_64-linux-gnu/libm-2.27.so
7f7dc9dcb000-7f7dc9fca000 ---p 0019d000 08:01 2233819                    /lib/x86_64-linux-gnu/libm-2.27.so
7f7dc9fca000-7f7dc9fcb000 r--p 0019c000 08:01 2233819                    /lib/x86_64-linux-gnu/libm-2.27.so
7f7dc9fcb000-7f7dc9fcc000 rw-p 0019d000 08:01 2233819                    /lib/x86_64-linux-gnu/libm-2.27.so
7f7dc9fcc000-7f7dca1b3000 r-xp 00000000 08:01 2233756                    /lib/x86_64-linux-gnu/libc-2.27.so
7f7dca1b3000-7f7dca3b3000 ---p 001e7000 08:01 2233756                    /lib/x86_64-linux-gnu/libc-2.27.so
7f7dca3b3000-7f7dca3b7000 r--p 001e7000 08:01 2233756                    /lib/x86_64-linux-gnu/libc-2.27.so
7f7dca3b7000-7f7dca3b9000 rw-p 001eb000 08:01 2233756                    /lib/x86_64-linux-gnu/libc-2.27.so
7f7dca3b9000-7f7dca3bd000 rw-p 00000000 00:00 0 
7f7dca3bd000-7f7dca3d4000 r-xp 00000000 08:01 2233339                    /lib/x86_64-linux-gnu/libgcc_s.so.1
7f7dca3d4000-7f7dca5d3000 ---p 00017000 08:01 2233339                    /lib/x86_64-linux-gnu/libgcc_s.so.1
7f7dca5d3000-7f7dca5d4000 r--p 00016000 08:01 2233339                    /lib/x86_64-linux-gnu/libgcc_s.so.1
7f7dca5d4000-7f7dca5d5000 rw-p 00017000 08:01 2233339                    /lib/x86_64-linux-gnu/libgcc_s.so.1
7f7dca5d5000-7f7dca74e000 r-xp 00000000 08:01 1188276                    /usr/lib/x86_64-linux-gnu/libstdc++.so.6.0.25
7f7dca74e000-7f7dca94e000 ---p 00179000 08:01 1188276                    /usr/lib/x86_64-linux-gnu/libstdc++.so.6.0.25
7f7dca94e000-7f7dca958000 r--p 00179000 08:01 1188276                    /usr/lib/x86_64-linux-gnu/libstdc++.so.6.0.25
7f7dca958000-7f7dca95a000 rw-p 00183000 08:01 1188276                    /usr/lib/x86_64-linux-gnu/libstdc++.so.6.0.25
7f7dca95a000-7f7dca95e000 rw-p 00000000 00:00 0 
7f7dca95e000-7f7dca978000 r-xp 00000000 08:01 2233889                    /lib/x86_64-linux-gnu/libpthread-2.27.so
7f7dca978000-7f7dcab77000 ---p 0001a000 08:01 2233889                    /lib/x86_64-linux-gnu/libpthread-2.27.so
7f7dcab77000-7f7dcab78000 r--p 00019000 08:01 2233889                    /lib/x86_64-linux-gnu/libpthread-2.27.so
7f7dcab78000-7f7dcab79000 rw-p 0001a000 08:01 2233889                    /lib/x86_64-linux-gnu/libpthread-2.27.so
7f7dcab79000-7f7dcab7d000 rw-p 00000000 00:00 0 
7f7dcab7d000-7f7dcb865000 r-xp 00000000 08:01 1453049                    /usr/local/java/jre/lib/amd64/server/libjvm.so
7f7dcb865000-7f7dcba64000 ---p 00ce8000 08:01 1453049                    /usr/local/java/jre/lib/amd64/server/libjvm.so
7f7dcba64000-7f7dcbafa000 r--p 00ce7000 08:01 1453049                    /usr/local/java/jre/lib/amd64/server/libjvm.so
7f7dcbafa000-7f7dcbb2b000 rw-p 00d7d000 08:01 1453049                    /usr/local/java/jre/lib/amd64/server/libjvm.so
7f7dcbb2b000-7f7dcbb66000 rw-p 00000000 00:00 0 
7f7dcbb66000-7f7dcbb8d000 r-xp 00000000 08:01 2233728                    /lib/x86_64-linux-gnu/ld-2.27.so
7f7dcbb93000-7f7dcbc3f000 rw-p 00000000 00:00 0 
7f7dcbc3f000-7f7dcbd72000 ---p 00000000 00:00 0 
7f7dcbd72000-7f7dcbd77000 rw-p 00000000 00:00 0 
7f7dcbd81000-7f7dcbd89000 rw-s 00000000 08:01 1327444                    /tmp/hsperfdata_wanhui/15468
7f7dcbd89000-7f7dcbd8a000 rw-p 00000000 00:00 0 
7f7dcbd8a000-7f7dcbd8b000 r--p 00000000 00:00 0 
7f7dcbd8b000-7f7dcbd8d000 rw-p 00000000 00:00 0 
7f7dcbd8d000-7f7dcbd8e000 r--p 00027000 08:01 2233728                    /lib/x86_64-linux-gnu/ld-2.27.so
7f7dcbd8e000-7f7dcbd8f000 rw-p 00028000 08:01 2233728                    /lib/x86_64-linux-gnu/ld-2.27.so
7f7dcbd8f000-7f7dcbd90000 rw-p 00000000 00:00 0 
7ffdbccb4000-7ffdbccb7000 ---p 00000000 00:00 0 
7ffdbccb7000-7ffdbcdb4000 rw-p 00000000 00:00 0                          [stack]
7ffdbcdc7000-7ffdbcdca000 r--p 00000000 00:00 0                          [vvar]
7ffdbcdca000-7ffdbcdcc000 r-xp 00000000 00:00 0                          [vdso]
ffffffffff600000-ffffffffff601000 r-xp 00000000 00:00 0                  [vsyscall]

VM Arguments:
jvm_args: -Djava.compiler=NONE -verbose:jni 
java_command: <unknown>
java_class_path (initial): .:/home/wanhui/CallJvm/callJvmThreadpool/qin_test1.jar
Launcher Type: generic

Environment Variables:
JAVA_HOME=/usr/local/java
CLASSPATH=/home/wanhui/Downloads/clion-2019.2.1/lib/bootstrap.jar:/home/wanhui/Downloads/clion-2019.2.1/lib/extensions.jar:/home/wanhui/Downloads/clion-2019.2.1/lib/util.jar:/home/wanhui/Downloads/clion-2019.2.1/lib/jdom.jar:/home/wanhui/Downloads/clion-2019.2.1/lib/log4j.jar:/home/wanhui/Downloads/clion-2019.2.1/lib/trove4j.jar:/home/wanhui/Downloads/clion-2019.2.1/lib/jna.jar
PATH=/usr/local/sbin:/usr/local/bin:/usr/sbin:/usr/bin:/sbin:/bin:/snap/bin:/usr/local/redis/redis-4.0.9.tar_files/redis-4.0.9/src:/usr/local/mysql/bin
USERNAME=wanhui
SHELL=/bin/bash
DISPLAY=:0

Signal Handlers:
SIGSEGV: [libjvm.so+0xad3d90], sa_mask[0]=11111111011111111101111111111110, sa_flags=SA_RESTART|SA_SIGINFO
SIGBUS: [libjvm.so+0xad3d90], sa_mask[0]=11111111011111111101111111111110, sa_flags=SA_RESTART|SA_SIGINFO
SIGFPE: [libjvm.so+0x90b8b0], sa_mask[0]=11111111011111111101111111111110, sa_flags=SA_RESTART|SA_SIGINFO
SIGPIPE: [libjvm.so+0x90b8b0], sa_mask[0]=11111111011111111101111111111110, sa_flags=SA_RESTART|SA_SIGINFO
SIGXFSZ: [libjvm.so+0x90b8b0], sa_mask[0]=11111111011111111101111111111110, sa_flags=SA_RESTART|SA_SIGINFO
SIGILL: [libjvm.so+0x90b8b0], sa_mask[0]=11111111011111111101111111111110, sa_flags=SA_RESTART|SA_SIGINFO
SIGUSR1: SIG_DFL, sa_mask[0]=00000000000000000000000000000000, sa_flags=none
SIGUSR2: [libjvm.so+0x90b780], sa_mask[0]=00100000000000000000000000000000, sa_flags=SA_RESTART|SA_SIGINFO
SIGHUP: [libjvm.so+0x90bda0], sa_mask[0]=11111111011111111101111111111110, sa_flags=SA_RESTART|SA_SIGINFO
SIGINT: [libjvm.so+0x90bda0], sa_mask[0]=11111111011111111101111111111110, sa_flags=SA_RESTART|SA_SIGINFO
SIGTERM: [libjvm.so+0x90bda0], sa_mask[0]=11111111011111111101111111111110, sa_flags=SA_RESTART|SA_SIGINFO
SIGQUIT: [libjvm.so+0x90bda0], sa_mask[0]=11111111011111111101111111111110, sa_flags=SA_RESTART|SA_SIGINFO


---------------  S Y S T E M  ---------------

OS:DISTRIB_ID=Ubuntu
DISTRIB_RELEASE=18.04
DISTRIB_CODENAME=bionic
DISTRIB_DESCRIPTION="Ubuntu 18.04.3 LTS"

uname:Linux 4.15.0-66-generic #75-Ubuntu SMP Tue Oct 1 05:24:09 UTC 2019 x86_64
libc:glibc 2.27 NPTL 2.27 
rlimit: STACK 8192k, CORE 0k, NPROC 15513, NOFILE 1048576, AS infinity
load average:0.63 0.43 0.28

/proc/meminfo:
MemTotal:        4015688 kB
MemFree:          311548 kB
MemAvailable:     438088 kB
Buffers:           27328 kB
Cached:           261432 kB
SwapCached:       157244 kB
Active:          2292164 kB
Inactive:         605588 kB
Active(anon):    2104260 kB
Inactive(anon):   521544 kB
Active(file):     187904 kB
Inactive(file):    84044 kB
Unevictable:          16 kB
Mlocked:              16 kB
SwapTotal:       2097148 kB
SwapFree:        1430664 kB
Dirty:              1152 kB
Writeback:             0 kB
AnonPages:       2562192 kB
Mapped:           147504 kB
Shmem:             16812 kB
Slab:             187464 kB
SReclaimable:     118964 kB
SUnreclaim:        68500 kB
KernelStack:       13760 kB
PageTables:        47612 kB
NFS_Unstable:          0 kB
Bounce:                0 kB
WritebackTmp:          0 kB
CommitLimit:     4104992 kB
Committed_AS:    6878096 kB
VmallocTotal:   34359738367 kB
VmallocUsed:           0 kB
VmallocChunk:          0 kB
HardwareCorrupted:     0 kB
AnonHugePages:         0 kB
ShmemHugePages:        0 kB
ShmemPmdMapped:        0 kB
CmaTotal:              0 kB
CmaFree:               0 kB
HugePages_Total:       0
HugePages_Free:        0
HugePages_Rsvd:        0
HugePages_Surp:        0
Hugepagesize:       2048 kB
DirectMap4k:      198464 kB
DirectMap2M:     3995648 kB
DirectMap1G:     2097152 kB

container (cgroup) information:
container_type: cgroupv1
cpu_cpuset_cpus: 0-3
cpu_memory_nodes: 0
active_processor_count: 4
cpu_quota: -1
cpu_period: 100000
cpu_shares: -1
memory_limit_in_bytes: -1
memory_and_swap_limit_in_bytes: -2
memory_soft_limit_in_bytes: -1
memory_usage_in_bytes: 2921021440
memory_max_usage_in_bytes: 106520576


CPU:total 4 (initial active 4) (2 cores per cpu, 1 threads per core) family 6 model 158 stepping 13, cmov, cx8, fxsr, mmx, sse, sse2, sse3, ssse3, sse4.1, sse4.2, popcnt, avx, avx2, aes, clmul, erms, rtm, 3dnowpref, lzcnt, tsc, tscinvbit, bmi1, bmi2, adx

/proc/cpuinfo:
processor	: 0
vendor_id	: GenuineIntel
cpu family	: 6
model		: 158
model name	: Intel(R) Core(TM) i7-9700 CPU @ 3.00GHz
stepping	: 13
microcode	: 0xb4
cpu MHz		: 2999.999
cache size	: 12288 KB
physical id	: 0
siblings	: 2
core id		: 0
cpu cores	: 2
apicid		: 0
initial apicid	: 0
fpu		: yes
fpu_exception	: yes
cpuid level	: 22
wp		: yes
flags		: fpu vme de pse tsc msr pae mce cx8 apic sep mtrr pge mca cmov pat pse36 clflush mmx fxsr sse sse2 ss ht syscall nx pdpe1gb rdtscp lm constant_tsc arch_perfmon nopl xtopology tsc_reliable nonstop_tsc cpuid pni pclmulqdq vmx ssse3 fma cx16 pcid sse4_1 sse4_2 x2apic movbe popcnt tsc_deadline_timer aes xsave avx f16c rdrand hypervisor lahf_lm abm 3dnowprefetch cpuid_fault invpcid_single ssbd ibrs ibpb stibp ibrs_enhanced tpr_shadow vnmi ept vpid fsgsbase tsc_adjust bmi1 hle avx2 smep bmi2 invpcid rtm mpx rdseed adx smap clflushopt xsaveopt xsavec xsaves arat md_clear flush_l1d arch_capabilities
bugs		: spectre_v1 spectre_v2 spec_store_bypass swapgs
bogomips	: 5999.99
clflush size	: 64
cache_alignment	: 64
address sizes	: 43 bits physical, 48 bits virtual
power management:

processor	: 1
vendor_id	: GenuineIntel
cpu family	: 6
model		: 158
model name	: Intel(R) Core(TM) i7-9700 CPU @ 3.00GHz
stepping	: 13
microcode	: 0xb4
cpu MHz		: 2999.999
cache size	: 12288 KB
physical id	: 0
siblings	: 2
core id		: 1
cpu cores	: 2
apicid		: 1
initial apicid	: 1
fpu		: yes
fpu_exception	: yes
cpuid level	: 22
wp		: yes
flags		: fpu vme de pse tsc msr pae mce cx8 apic sep mtrr pge mca cmov pat pse36 clflush mmx fxsr sse sse2 ss ht syscall nx pdpe1gb rdtscp lm constant_tsc arch_perfmon nopl xtopology tsc_reliable nonstop_tsc cpuid pni pclmulqdq vmx ssse3 fma cx16 pcid sse4_1 sse4_2 x2apic movbe popcnt tsc_deadline_timer aes xsave avx f16c rdrand hypervisor lahf_lm abm 3dnowprefetch cpuid_fault invpcid_single ssbd ibrs ibpb stibp ibrs_enhanced tpr_shadow vnmi ept vpid fsgsbase tsc_adjust bmi1 hle avx2 smep bmi2 invpcid rtm mpx rdseed adx smap clflushopt xsaveopt xsavec xsaves arat md_clear flush_l1d arch_capabilities
bugs		: spectre_v1 spectre_v2 spec_store_bypass swapgs
bogomips	: 5999.99
clflush size	: 64
cache_alignment	: 64
address sizes	: 43 bits physical, 48 bits virtual
power management:

processor	: 2
vendor_id	: GenuineIntel
cpu family	: 6
model		: 158
model name	: Intel(R) Core(TM) i7-9700 CPU @ 3.00GHz
stepping	: 13
microcode	: 0xb4
cpu MHz		: 2999.999
cache size	: 12288 KB
physical id	: 1
siblings	: 2
core id		: 0
cpu cores	: 2
apicid		: 2
initial apicid	: 2
fpu		: yes
fpu_exception	: yes
cpuid level	: 22
wp		: yes
flags		: fpu vme de pse tsc msr pae mce cx8 apic sep mtrr pge mca cmov pat pse36 clflush mmx fxsr sse sse2 ss ht syscall nx pdpe1gb rdtscp lm constant_tsc arch_perfmon nopl xtopology tsc_reliable nonstop_tsc cpuid pni pclmulqdq vmx ssse3 fma cx16 pcid sse4_1 sse4_2 x2apic movbe popcnt tsc_deadline_timer aes xsave avx f16c rdrand hypervisor lahf_lm abm 3dnowprefetch cpuid_fault invpcid_single ssbd ibrs ibpb stibp ibrs_enhanced tpr_shadow vnmi ept vpid fsgsbase tsc_adjust bmi1 hle avx2 smep bmi2 invpcid rtm mpx rdseed adx smap clflushopt xsaveopt xsavec xsaves arat md_clear flush_l1d arch_capabilities
bugs		: spectre_v1 spectre_v2 spec_store_bypass swapgs
bogomips	: 5999.99
clflush size	: 64
cache_alignment	: 64
address sizes	: 43 bits physical, 48 bits virtual
power management:

processor	: 3
vendor_id	: GenuineIntel
cpu family	: 6
model		: 158
model name	: Intel(R) Core(TM) i7-9700 CPU @ 3.00GHz
stepping	: 13
microcode	: 0xb4
cpu MHz		: 2999.999
cache size	: 12288 KB
physical id	: 1
siblings	: 2
core id		: 1
cpu cores	: 2
apicid		: 3
initial apicid	: 3
fpu		: yes
fpu_exception	: yes
cpuid level	: 22
wp		: yes
flags		: fpu vme de pse tsc msr pae mce cx8 apic sep mtrr pge mca cmov pat pse36 clflush mmx fxsr sse sse2 ss ht syscall nx pdpe1gb rdtscp lm constant_tsc arch_perfmon nopl xtopology tsc_reliable nonstop_tsc cpuid pni pclmulqdq vmx ssse3 fma cx16 pcid sse4_1 sse4_2 x2apic movbe popcnt tsc_deadline_timer aes xsave avx f16c rdrand hypervisor lahf_lm abm 3dnowprefetch cpuid_fault invpcid_single ssbd ibrs ibpb stibp ibrs_enhanced tpr_shadow vnmi ept vpid fsgsbase tsc_adjust bmi1 hle avx2 smep bmi2 invpcid rtm mpx rdseed adx smap clflushopt xsaveopt xsavec xsaves arat md_clear flush_l1d arch_capabilities
bugs		: spectre_v1 spectre_v2 spec_store_bypass swapgs
bogomips	: 5999.99
clflush size	: 64
cache_alignment	: 64
address sizes	: 43 bits physical, 48 bits virtual
power management:



Memory: 4k page, physical 4015688k(311548k free), swap 2097148k(1430664k free)

vm_info: Java HotSpot(TM) 64-Bit Server VM (25.221-b11) for linux-amd64 JRE (1.8.0_221-b11), built on Jul  4 2019 04:27:00 by "java_re" with gcc 7.3.0

time: Mon Nov  4 20:20:09 2019
timezone: CST
elapsed time: 2 seconds (0d 0h 0m 2s)

